[2024-02-26T13:34:43.548+0000] {processor.py:161} INFO - Started process (PID=3664) to work on /usr/local/lib/python3.10/dist-packages/airflow/example_dags/example_sensors.py
[2024-02-26T13:34:43.549+0000] {processor.py:830} INFO - Processing file /usr/local/lib/python3.10/dist-packages/airflow/example_dags/example_sensors.py for tasks to queue
[2024-02-26T13:34:43.550+0000] {logging_mixin.py:188} INFO - [2024-02-26T13:34:43.550+0000] {dagbag.py:540} INFO - Filling up the DagBag from /usr/local/lib/python3.10/dist-packages/airflow/example_dags/example_sensors.py
[2024-02-26T13:34:43.561+0000] {processor.py:840} INFO - DAG(s) 'example_sensors' retrieved from /usr/local/lib/python3.10/dist-packages/airflow/example_dags/example_sensors.py
[2024-02-26T13:34:43.674+0000] {logging_mixin.py:188} INFO - [2024-02-26T13:34:43.674+0000] {override.py:1769} INFO - Created Permission View: can delete on DAG:example_sensors
[2024-02-26T13:34:43.687+0000] {logging_mixin.py:188} INFO - [2024-02-26T13:34:43.686+0000] {override.py:1769} INFO - Created Permission View: can edit on DAG:example_sensors
[2024-02-26T13:34:43.697+0000] {logging_mixin.py:188} INFO - [2024-02-26T13:34:43.696+0000] {override.py:1769} INFO - Created Permission View: can read on DAG:example_sensors
[2024-02-26T13:34:43.697+0000] {logging_mixin.py:188} INFO - [2024-02-26T13:34:43.697+0000] {dag.py:3047} INFO - Sync 1 DAGs
[2024-02-26T13:34:43.709+0000] {logging_mixin.py:188} INFO - [2024-02-26T13:34:43.708+0000] {dag.py:3069} INFO - Creating ORM DAG for example_sensors
[2024-02-26T13:34:43.709+0000] {logging_mixin.py:188} INFO - [2024-02-26T13:34:43.709+0000] {dag.py:3834} INFO - Setting next_dagrun for example_sensors to None, run_after=None
[2024-02-26T13:34:43.852+0000] {processor.py:183} INFO - Processing /usr/local/lib/python3.10/dist-packages/airflow/example_dags/example_sensors.py took 0.307 seconds
[2024-02-26T13:35:34.523+0000] {processor.py:161} INFO - Started process (PID=3712) to work on /usr/local/lib/python3.10/dist-packages/airflow/example_dags/example_sensors.py
[2024-02-26T13:35:34.525+0000] {processor.py:830} INFO - Processing file /usr/local/lib/python3.10/dist-packages/airflow/example_dags/example_sensors.py for tasks to queue
[2024-02-26T13:35:34.526+0000] {logging_mixin.py:188} INFO - [2024-02-26T13:35:34.525+0000] {dagbag.py:540} INFO - Filling up the DagBag from /usr/local/lib/python3.10/dist-packages/airflow/example_dags/example_sensors.py
[2024-02-26T13:35:34.537+0000] {processor.py:840} INFO - DAG(s) 'example_sensors' retrieved from /usr/local/lib/python3.10/dist-packages/airflow/example_dags/example_sensors.py
[2024-02-26T13:35:34.560+0000] {logging_mixin.py:188} INFO - [2024-02-26T13:35:34.559+0000] {dag.py:3047} INFO - Sync 1 DAGs
[2024-02-26T13:35:34.572+0000] {logging_mixin.py:188} INFO - [2024-02-26T13:35:34.572+0000] {dag.py:3834} INFO - Setting next_dagrun for example_sensors to None, run_after=None
[2024-02-26T13:35:34.595+0000] {processor.py:183} INFO - Processing /usr/local/lib/python3.10/dist-packages/airflow/example_dags/example_sensors.py took 0.075 seconds
[2024-02-26T13:36:23.546+0000] {processor.py:161} INFO - Started process (PID=3760) to work on /usr/local/lib/python3.10/dist-packages/airflow/example_dags/example_sensors.py
[2024-02-26T13:36:23.548+0000] {processor.py:830} INFO - Processing file /usr/local/lib/python3.10/dist-packages/airflow/example_dags/example_sensors.py for tasks to queue
[2024-02-26T13:36:23.549+0000] {logging_mixin.py:188} INFO - [2024-02-26T13:36:23.548+0000] {dagbag.py:540} INFO - Filling up the DagBag from /usr/local/lib/python3.10/dist-packages/airflow/example_dags/example_sensors.py
[2024-02-26T13:36:23.560+0000] {processor.py:840} INFO - DAG(s) 'example_sensors' retrieved from /usr/local/lib/python3.10/dist-packages/airflow/example_dags/example_sensors.py
[2024-02-26T13:36:23.583+0000] {logging_mixin.py:188} INFO - [2024-02-26T13:36:23.583+0000] {dag.py:3047} INFO - Sync 1 DAGs
[2024-02-26T13:36:23.596+0000] {logging_mixin.py:188} INFO - [2024-02-26T13:36:23.595+0000] {dag.py:3834} INFO - Setting next_dagrun for example_sensors to None, run_after=None
[2024-02-26T13:36:23.621+0000] {processor.py:183} INFO - Processing /usr/local/lib/python3.10/dist-packages/airflow/example_dags/example_sensors.py took 0.078 seconds
[2024-02-26T13:37:41.950+0000] {processor.py:161} INFO - Started process (PID=3845) to work on /usr/local/lib/python3.10/dist-packages/airflow/example_dags/example_sensors.py
[2024-02-26T13:37:41.952+0000] {processor.py:830} INFO - Processing file /usr/local/lib/python3.10/dist-packages/airflow/example_dags/example_sensors.py for tasks to queue
[2024-02-26T13:37:41.953+0000] {logging_mixin.py:188} INFO - [2024-02-26T13:37:41.952+0000] {dagbag.py:540} INFO - Filling up the DagBag from /usr/local/lib/python3.10/dist-packages/airflow/example_dags/example_sensors.py
[2024-02-26T13:37:41.963+0000] {processor.py:840} INFO - DAG(s) 'example_sensors' retrieved from /usr/local/lib/python3.10/dist-packages/airflow/example_dags/example_sensors.py
[2024-02-26T13:37:41.972+0000] {logging_mixin.py:188} INFO - [2024-02-26T13:37:41.972+0000] {dag.py:3047} INFO - Sync 1 DAGs
[2024-02-26T13:37:41.985+0000] {logging_mixin.py:188} INFO - [2024-02-26T13:37:41.985+0000] {dag.py:3834} INFO - Setting next_dagrun for example_sensors to None, run_after=None
[2024-02-26T13:37:42.008+0000] {processor.py:183} INFO - Processing /usr/local/lib/python3.10/dist-packages/airflow/example_dags/example_sensors.py took 0.061 seconds
[2024-02-26T13:38:38.776+0000] {processor.py:161} INFO - Started process (PID=3896) to work on /usr/local/lib/python3.10/dist-packages/airflow/example_dags/example_sensors.py
[2024-02-26T13:38:38.786+0000] {processor.py:830} INFO - Processing file /usr/local/lib/python3.10/dist-packages/airflow/example_dags/example_sensors.py for tasks to queue
[2024-02-26T13:38:38.787+0000] {logging_mixin.py:188} INFO - [2024-02-26T13:38:38.786+0000] {dagbag.py:540} INFO - Filling up the DagBag from /usr/local/lib/python3.10/dist-packages/airflow/example_dags/example_sensors.py
[2024-02-26T13:38:38.803+0000] {processor.py:840} INFO - DAG(s) 'example_sensors' retrieved from /usr/local/lib/python3.10/dist-packages/airflow/example_dags/example_sensors.py
[2024-02-26T13:38:39.050+0000] {logging_mixin.py:188} INFO - [2024-02-26T13:38:39.050+0000] {dag.py:3047} INFO - Sync 1 DAGs
[2024-02-26T13:38:39.059+0000] {logging_mixin.py:188} INFO - [2024-02-26T13:38:39.059+0000] {dag.py:3834} INFO - Setting next_dagrun for example_sensors to None, run_after=None
[2024-02-26T13:38:39.082+0000] {processor.py:183} INFO - Processing /usr/local/lib/python3.10/dist-packages/airflow/example_dags/example_sensors.py took 0.309 seconds
[2024-02-26T13:39:27.987+0000] {processor.py:161} INFO - Started process (PID=3945) to work on /usr/local/lib/python3.10/dist-packages/airflow/example_dags/example_sensors.py
[2024-02-26T13:39:27.988+0000] {processor.py:830} INFO - Processing file /usr/local/lib/python3.10/dist-packages/airflow/example_dags/example_sensors.py for tasks to queue
[2024-02-26T13:39:27.989+0000] {logging_mixin.py:188} INFO - [2024-02-26T13:39:27.989+0000] {dagbag.py:540} INFO - Filling up the DagBag from /usr/local/lib/python3.10/dist-packages/airflow/example_dags/example_sensors.py
[2024-02-26T13:39:28.000+0000] {processor.py:840} INFO - DAG(s) 'example_sensors' retrieved from /usr/local/lib/python3.10/dist-packages/airflow/example_dags/example_sensors.py
[2024-02-26T13:39:28.023+0000] {logging_mixin.py:188} INFO - [2024-02-26T13:39:28.023+0000] {dag.py:3047} INFO - Sync 1 DAGs
[2024-02-26T13:39:28.037+0000] {logging_mixin.py:188} INFO - [2024-02-26T13:39:28.036+0000] {dag.py:3834} INFO - Setting next_dagrun for example_sensors to None, run_after=None
[2024-02-26T13:39:28.180+0000] {processor.py:183} INFO - Processing /usr/local/lib/python3.10/dist-packages/airflow/example_dags/example_sensors.py took 0.196 seconds
[2024-02-26T13:40:29.875+0000] {processor.py:161} INFO - Started process (PID=4005) to work on /usr/local/lib/python3.10/dist-packages/airflow/example_dags/example_sensors.py
[2024-02-26T13:40:29.877+0000] {processor.py:830} INFO - Processing file /usr/local/lib/python3.10/dist-packages/airflow/example_dags/example_sensors.py for tasks to queue
[2024-02-26T13:40:29.878+0000] {logging_mixin.py:188} INFO - [2024-02-26T13:40:29.877+0000] {dagbag.py:540} INFO - Filling up the DagBag from /usr/local/lib/python3.10/dist-packages/airflow/example_dags/example_sensors.py
[2024-02-26T13:40:29.889+0000] {processor.py:840} INFO - DAG(s) 'example_sensors' retrieved from /usr/local/lib/python3.10/dist-packages/airflow/example_dags/example_sensors.py
[2024-02-26T13:40:29.911+0000] {logging_mixin.py:188} INFO - [2024-02-26T13:40:29.911+0000] {dag.py:3047} INFO - Sync 1 DAGs
[2024-02-26T13:40:29.924+0000] {logging_mixin.py:188} INFO - [2024-02-26T13:40:29.923+0000] {dag.py:3834} INFO - Setting next_dagrun for example_sensors to None, run_after=None
[2024-02-26T13:40:29.946+0000] {processor.py:183} INFO - Processing /usr/local/lib/python3.10/dist-packages/airflow/example_dags/example_sensors.py took 0.075 seconds
[2024-02-26T13:41:21.737+0000] {processor.py:161} INFO - Started process (PID=4059) to work on /usr/local/lib/python3.10/dist-packages/airflow/example_dags/example_sensors.py
[2024-02-26T13:41:21.738+0000] {processor.py:830} INFO - Processing file /usr/local/lib/python3.10/dist-packages/airflow/example_dags/example_sensors.py for tasks to queue
[2024-02-26T13:41:21.739+0000] {logging_mixin.py:188} INFO - [2024-02-26T13:41:21.739+0000] {dagbag.py:540} INFO - Filling up the DagBag from /usr/local/lib/python3.10/dist-packages/airflow/example_dags/example_sensors.py
[2024-02-26T13:41:21.750+0000] {processor.py:840} INFO - DAG(s) 'example_sensors' retrieved from /usr/local/lib/python3.10/dist-packages/airflow/example_dags/example_sensors.py
[2024-02-26T13:41:21.773+0000] {logging_mixin.py:188} INFO - [2024-02-26T13:41:21.772+0000] {dag.py:3047} INFO - Sync 1 DAGs
[2024-02-26T13:41:21.785+0000] {logging_mixin.py:188} INFO - [2024-02-26T13:41:21.785+0000] {dag.py:3834} INFO - Setting next_dagrun for example_sensors to None, run_after=None
[2024-02-26T13:41:21.807+0000] {processor.py:183} INFO - Processing /usr/local/lib/python3.10/dist-packages/airflow/example_dags/example_sensors.py took 0.074 seconds
[2024-02-26T13:42:11.884+0000] {processor.py:161} INFO - Started process (PID=4110) to work on /usr/local/lib/python3.10/dist-packages/airflow/example_dags/example_sensors.py
[2024-02-26T13:42:11.886+0000] {processor.py:830} INFO - Processing file /usr/local/lib/python3.10/dist-packages/airflow/example_dags/example_sensors.py for tasks to queue
[2024-02-26T13:42:11.887+0000] {logging_mixin.py:188} INFO - [2024-02-26T13:42:11.886+0000] {dagbag.py:540} INFO - Filling up the DagBag from /usr/local/lib/python3.10/dist-packages/airflow/example_dags/example_sensors.py
[2024-02-26T13:42:11.898+0000] {processor.py:840} INFO - DAG(s) 'example_sensors' retrieved from /usr/local/lib/python3.10/dist-packages/airflow/example_dags/example_sensors.py
[2024-02-26T13:42:11.920+0000] {logging_mixin.py:188} INFO - [2024-02-26T13:42:11.920+0000] {dag.py:3047} INFO - Sync 1 DAGs
[2024-02-26T13:42:11.934+0000] {logging_mixin.py:188} INFO - [2024-02-26T13:42:11.933+0000] {dag.py:3834} INFO - Setting next_dagrun for example_sensors to None, run_after=None
[2024-02-26T13:42:11.957+0000] {processor.py:183} INFO - Processing /usr/local/lib/python3.10/dist-packages/airflow/example_dags/example_sensors.py took 0.076 seconds
[2024-02-26T13:44:31.677+0000] {processor.py:161} INFO - Started process (PID=4226) to work on /usr/local/lib/python3.10/dist-packages/airflow/example_dags/example_sensors.py
[2024-02-26T13:44:31.679+0000] {processor.py:830} INFO - Processing file /usr/local/lib/python3.10/dist-packages/airflow/example_dags/example_sensors.py for tasks to queue
[2024-02-26T13:44:31.680+0000] {logging_mixin.py:188} INFO - [2024-02-26T13:44:31.679+0000] {dagbag.py:540} INFO - Filling up the DagBag from /usr/local/lib/python3.10/dist-packages/airflow/example_dags/example_sensors.py
[2024-02-26T13:44:31.690+0000] {processor.py:840} INFO - DAG(s) 'example_sensors' retrieved from /usr/local/lib/python3.10/dist-packages/airflow/example_dags/example_sensors.py
[2024-02-26T13:44:31.794+0000] {logging_mixin.py:188} INFO - [2024-02-26T13:44:31.794+0000] {dag.py:3047} INFO - Sync 1 DAGs
[2024-02-26T13:44:31.805+0000] {logging_mixin.py:188} INFO - [2024-02-26T13:44:31.805+0000] {dag.py:3834} INFO - Setting next_dagrun for example_sensors to None, run_after=None
[2024-02-26T13:44:31.937+0000] {processor.py:183} INFO - Processing /usr/local/lib/python3.10/dist-packages/airflow/example_dags/example_sensors.py took 0.264 seconds
[2024-02-26T13:47:40.281+0000] {processor.py:161} INFO - Started process (PID=4292) to work on /usr/local/lib/python3.10/dist-packages/airflow/example_dags/example_sensors.py
[2024-02-26T13:47:40.283+0000] {processor.py:830} INFO - Processing file /usr/local/lib/python3.10/dist-packages/airflow/example_dags/example_sensors.py for tasks to queue
[2024-02-26T13:47:40.284+0000] {logging_mixin.py:188} INFO - [2024-02-26T13:47:40.284+0000] {dagbag.py:540} INFO - Filling up the DagBag from /usr/local/lib/python3.10/dist-packages/airflow/example_dags/example_sensors.py
[2024-02-26T13:47:40.295+0000] {processor.py:840} INFO - DAG(s) 'example_sensors' retrieved from /usr/local/lib/python3.10/dist-packages/airflow/example_dags/example_sensors.py
[2024-02-26T13:47:40.404+0000] {logging_mixin.py:188} INFO - [2024-02-26T13:47:40.403+0000] {dag.py:3047} INFO - Sync 1 DAGs
[2024-02-26T13:47:40.416+0000] {logging_mixin.py:188} INFO - [2024-02-26T13:47:40.416+0000] {dag.py:3834} INFO - Setting next_dagrun for example_sensors to None, run_after=None
[2024-02-26T13:47:40.552+0000] {processor.py:183} INFO - Processing /usr/local/lib/python3.10/dist-packages/airflow/example_dags/example_sensors.py took 0.274 seconds
[2024-02-26T13:53:42.876+0000] {processor.py:161} INFO - Started process (PID=4396) to work on /usr/local/lib/python3.10/dist-packages/airflow/example_dags/example_sensors.py
[2024-02-26T13:53:42.878+0000] {processor.py:830} INFO - Processing file /usr/local/lib/python3.10/dist-packages/airflow/example_dags/example_sensors.py for tasks to queue
[2024-02-26T13:53:42.879+0000] {logging_mixin.py:188} INFO - [2024-02-26T13:53:42.879+0000] {dagbag.py:540} INFO - Filling up the DagBag from /usr/local/lib/python3.10/dist-packages/airflow/example_dags/example_sensors.py
[2024-02-26T13:53:42.890+0000] {processor.py:840} INFO - DAG(s) 'example_sensors' retrieved from /usr/local/lib/python3.10/dist-packages/airflow/example_dags/example_sensors.py
[2024-02-26T13:53:42.996+0000] {logging_mixin.py:188} INFO - [2024-02-26T13:53:42.996+0000] {dag.py:3047} INFO - Sync 1 DAGs
[2024-02-26T13:53:43.008+0000] {logging_mixin.py:188} INFO - [2024-02-26T13:53:43.007+0000] {dag.py:3834} INFO - Setting next_dagrun for example_sensors to None, run_after=None
[2024-02-26T13:53:43.136+0000] {processor.py:183} INFO - Processing /usr/local/lib/python3.10/dist-packages/airflow/example_dags/example_sensors.py took 0.262 seconds
[2024-02-26T13:54:37.940+0000] {processor.py:161} INFO - Started process (PID=4444) to work on /usr/local/lib/python3.10/dist-packages/airflow/example_dags/example_sensors.py
[2024-02-26T13:54:37.941+0000] {processor.py:830} INFO - Processing file /usr/local/lib/python3.10/dist-packages/airflow/example_dags/example_sensors.py for tasks to queue
[2024-02-26T13:54:37.942+0000] {logging_mixin.py:188} INFO - [2024-02-26T13:54:37.942+0000] {dagbag.py:540} INFO - Filling up the DagBag from /usr/local/lib/python3.10/dist-packages/airflow/example_dags/example_sensors.py
[2024-02-26T13:54:37.954+0000] {processor.py:840} INFO - DAG(s) 'example_sensors' retrieved from /usr/local/lib/python3.10/dist-packages/airflow/example_dags/example_sensors.py
[2024-02-26T13:54:37.977+0000] {logging_mixin.py:188} INFO - [2024-02-26T13:54:37.976+0000] {dag.py:3047} INFO - Sync 1 DAGs
[2024-02-26T13:54:37.989+0000] {logging_mixin.py:188} INFO - [2024-02-26T13:54:37.989+0000] {dag.py:3834} INFO - Setting next_dagrun for example_sensors to None, run_after=None
[2024-02-26T13:54:38.012+0000] {processor.py:183} INFO - Processing /usr/local/lib/python3.10/dist-packages/airflow/example_dags/example_sensors.py took 0.075 seconds
[2024-02-26T13:55:27.318+0000] {processor.py:161} INFO - Started process (PID=4492) to work on /usr/local/lib/python3.10/dist-packages/airflow/example_dags/example_sensors.py
[2024-02-26T13:55:27.319+0000] {processor.py:830} INFO - Processing file /usr/local/lib/python3.10/dist-packages/airflow/example_dags/example_sensors.py for tasks to queue
[2024-02-26T13:55:27.320+0000] {logging_mixin.py:188} INFO - [2024-02-26T13:55:27.319+0000] {dagbag.py:540} INFO - Filling up the DagBag from /usr/local/lib/python3.10/dist-packages/airflow/example_dags/example_sensors.py
[2024-02-26T13:55:27.331+0000] {processor.py:840} INFO - DAG(s) 'example_sensors' retrieved from /usr/local/lib/python3.10/dist-packages/airflow/example_dags/example_sensors.py
[2024-02-26T13:55:27.353+0000] {logging_mixin.py:188} INFO - [2024-02-26T13:55:27.353+0000] {dag.py:3047} INFO - Sync 1 DAGs
[2024-02-26T13:55:27.366+0000] {logging_mixin.py:188} INFO - [2024-02-26T13:55:27.366+0000] {dag.py:3834} INFO - Setting next_dagrun for example_sensors to None, run_after=None
[2024-02-26T13:55:27.503+0000] {processor.py:183} INFO - Processing /usr/local/lib/python3.10/dist-packages/airflow/example_dags/example_sensors.py took 0.189 seconds
[2024-02-26T13:56:15.948+0000] {processor.py:161} INFO - Started process (PID=4537) to work on /usr/local/lib/python3.10/dist-packages/airflow/example_dags/example_sensors.py
[2024-02-26T13:56:15.949+0000] {processor.py:830} INFO - Processing file /usr/local/lib/python3.10/dist-packages/airflow/example_dags/example_sensors.py for tasks to queue
[2024-02-26T13:56:15.950+0000] {logging_mixin.py:188} INFO - [2024-02-26T13:56:15.950+0000] {dagbag.py:540} INFO - Filling up the DagBag from /usr/local/lib/python3.10/dist-packages/airflow/example_dags/example_sensors.py
[2024-02-26T13:56:16.076+0000] {processor.py:840} INFO - DAG(s) 'example_sensors' retrieved from /usr/local/lib/python3.10/dist-packages/airflow/example_dags/example_sensors.py
[2024-02-26T13:56:16.092+0000] {logging_mixin.py:188} INFO - [2024-02-26T13:56:16.092+0000] {dag.py:3047} INFO - Sync 1 DAGs
[2024-02-26T13:56:16.103+0000] {logging_mixin.py:188} INFO - [2024-02-26T13:56:16.102+0000] {dag.py:3834} INFO - Setting next_dagrun for example_sensors to None, run_after=None
[2024-02-26T13:56:16.123+0000] {processor.py:183} INFO - Processing /usr/local/lib/python3.10/dist-packages/airflow/example_dags/example_sensors.py took 0.178 seconds
[2024-02-26T13:57:07.547+0000] {processor.py:161} INFO - Started process (PID=4591) to work on /usr/local/lib/python3.10/dist-packages/airflow/example_dags/example_sensors.py
[2024-02-26T13:57:07.548+0000] {processor.py:830} INFO - Processing file /usr/local/lib/python3.10/dist-packages/airflow/example_dags/example_sensors.py for tasks to queue
[2024-02-26T13:57:07.550+0000] {logging_mixin.py:188} INFO - [2024-02-26T13:57:07.549+0000] {dagbag.py:540} INFO - Filling up the DagBag from /usr/local/lib/python3.10/dist-packages/airflow/example_dags/example_sensors.py
[2024-02-26T13:57:07.561+0000] {processor.py:840} INFO - DAG(s) 'example_sensors' retrieved from /usr/local/lib/python3.10/dist-packages/airflow/example_dags/example_sensors.py
[2024-02-26T13:57:07.585+0000] {logging_mixin.py:188} INFO - [2024-02-26T13:57:07.584+0000] {dag.py:3047} INFO - Sync 1 DAGs
[2024-02-26T13:57:07.598+0000] {logging_mixin.py:188} INFO - [2024-02-26T13:57:07.597+0000] {dag.py:3834} INFO - Setting next_dagrun for example_sensors to None, run_after=None
[2024-02-26T13:57:07.622+0000] {processor.py:183} INFO - Processing /usr/local/lib/python3.10/dist-packages/airflow/example_dags/example_sensors.py took 0.078 seconds
[2024-02-26T13:58:13.767+0000] {processor.py:161} INFO - Started process (PID=4675) to work on /usr/local/lib/python3.10/dist-packages/airflow/example_dags/example_sensors.py
[2024-02-26T13:58:13.768+0000] {processor.py:830} INFO - Processing file /usr/local/lib/python3.10/dist-packages/airflow/example_dags/example_sensors.py for tasks to queue
[2024-02-26T13:58:13.769+0000] {logging_mixin.py:188} INFO - [2024-02-26T13:58:13.769+0000] {dagbag.py:540} INFO - Filling up the DagBag from /usr/local/lib/python3.10/dist-packages/airflow/example_dags/example_sensors.py
[2024-02-26T13:58:13.780+0000] {processor.py:840} INFO - DAG(s) 'example_sensors' retrieved from /usr/local/lib/python3.10/dist-packages/airflow/example_dags/example_sensors.py
[2024-02-26T13:58:13.789+0000] {logging_mixin.py:188} INFO - [2024-02-26T13:58:13.789+0000] {dag.py:3047} INFO - Sync 1 DAGs
[2024-02-26T13:58:13.802+0000] {logging_mixin.py:188} INFO - [2024-02-26T13:58:13.802+0000] {dag.py:3834} INFO - Setting next_dagrun for example_sensors to None, run_after=None
[2024-02-26T13:58:13.825+0000] {processor.py:183} INFO - Processing /usr/local/lib/python3.10/dist-packages/airflow/example_dags/example_sensors.py took 0.061 seconds
[2024-02-26T13:59:10.552+0000] {processor.py:161} INFO - Started process (PID=4724) to work on /usr/local/lib/python3.10/dist-packages/airflow/example_dags/example_sensors.py
[2024-02-26T13:59:10.554+0000] {processor.py:830} INFO - Processing file /usr/local/lib/python3.10/dist-packages/airflow/example_dags/example_sensors.py for tasks to queue
[2024-02-26T13:59:10.555+0000] {logging_mixin.py:188} INFO - [2024-02-26T13:59:10.554+0000] {dagbag.py:540} INFO - Filling up the DagBag from /usr/local/lib/python3.10/dist-packages/airflow/example_dags/example_sensors.py
[2024-02-26T13:59:10.566+0000] {processor.py:840} INFO - DAG(s) 'example_sensors' retrieved from /usr/local/lib/python3.10/dist-packages/airflow/example_dags/example_sensors.py
[2024-02-26T13:59:10.777+0000] {logging_mixin.py:188} INFO - [2024-02-26T13:59:10.777+0000] {dag.py:3047} INFO - Sync 1 DAGs
[2024-02-26T13:59:10.786+0000] {logging_mixin.py:188} INFO - [2024-02-26T13:59:10.786+0000] {dag.py:3834} INFO - Setting next_dagrun for example_sensors to None, run_after=None
[2024-02-26T13:59:10.810+0000] {processor.py:183} INFO - Processing /usr/local/lib/python3.10/dist-packages/airflow/example_dags/example_sensors.py took 0.261 seconds
[2024-02-26T14:00:07.549+0000] {processor.py:161} INFO - Started process (PID=4790) to work on /usr/local/lib/python3.10/dist-packages/airflow/example_dags/example_sensors.py
[2024-02-26T14:00:07.550+0000] {processor.py:830} INFO - Processing file /usr/local/lib/python3.10/dist-packages/airflow/example_dags/example_sensors.py for tasks to queue
[2024-02-26T14:00:07.551+0000] {logging_mixin.py:188} INFO - [2024-02-26T14:00:07.551+0000] {dagbag.py:540} INFO - Filling up the DagBag from /usr/local/lib/python3.10/dist-packages/airflow/example_dags/example_sensors.py
[2024-02-26T14:00:07.562+0000] {processor.py:840} INFO - DAG(s) 'example_sensors' retrieved from /usr/local/lib/python3.10/dist-packages/airflow/example_dags/example_sensors.py
[2024-02-26T14:00:07.668+0000] {logging_mixin.py:188} INFO - [2024-02-26T14:00:07.668+0000] {dag.py:3047} INFO - Sync 1 DAGs
[2024-02-26T14:00:07.680+0000] {logging_mixin.py:188} INFO - [2024-02-26T14:00:07.680+0000] {dag.py:3834} INFO - Setting next_dagrun for example_sensors to None, run_after=None
[2024-02-26T14:00:07.818+0000] {processor.py:183} INFO - Processing /usr/local/lib/python3.10/dist-packages/airflow/example_dags/example_sensors.py took 0.273 seconds
