[2024-02-26T13:34:22.338+0000] {processor.py:161} INFO - Started process (PID=3646) to work on /usr/local/lib/python3.10/dist-packages/airflow/example_dags/example_skip_dag.py
[2024-02-26T13:34:22.339+0000] {processor.py:830} INFO - Processing file /usr/local/lib/python3.10/dist-packages/airflow/example_dags/example_skip_dag.py for tasks to queue
[2024-02-26T13:34:22.340+0000] {logging_mixin.py:188} INFO - [2024-02-26T13:34:22.340+0000] {dagbag.py:540} INFO - Filling up the DagBag from /usr/local/lib/python3.10/dist-packages/airflow/example_dags/example_skip_dag.py
[2024-02-26T13:34:22.351+0000] {processor.py:840} INFO - DAG(s) 'example_skip_dag' retrieved from /usr/local/lib/python3.10/dist-packages/airflow/example_dags/example_skip_dag.py
[2024-02-26T13:34:22.469+0000] {logging_mixin.py:188} INFO - [2024-02-26T13:34:22.468+0000] {override.py:1769} INFO - Created Permission View: can delete on DAG:example_skip_dag
[2024-02-26T13:34:22.481+0000] {logging_mixin.py:188} INFO - [2024-02-26T13:34:22.481+0000] {override.py:1769} INFO - Created Permission View: can edit on DAG:example_skip_dag
[2024-02-26T13:34:22.491+0000] {logging_mixin.py:188} INFO - [2024-02-26T13:34:22.490+0000] {override.py:1769} INFO - Created Permission View: can read on DAG:example_skip_dag
[2024-02-26T13:34:22.491+0000] {logging_mixin.py:188} INFO - [2024-02-26T13:34:22.491+0000] {dag.py:3047} INFO - Sync 1 DAGs
[2024-02-26T13:34:22.502+0000] {logging_mixin.py:188} INFO - [2024-02-26T13:34:22.502+0000] {dag.py:3069} INFO - Creating ORM DAG for example_skip_dag
[2024-02-26T13:34:22.511+0000] {logging_mixin.py:188} INFO - [2024-02-26T13:34:22.511+0000] {dag.py:3834} INFO - Setting next_dagrun for example_skip_dag to 2024-02-25 00:00:00+00:00, run_after=2024-02-26 00:00:00+00:00
[2024-02-26T13:34:22.533+0000] {processor.py:183} INFO - Processing /usr/local/lib/python3.10/dist-packages/airflow/example_dags/example_skip_dag.py took 0.198 seconds
[2024-02-26T13:35:17.353+0000] {processor.py:161} INFO - Started process (PID=3694) to work on /usr/local/lib/python3.10/dist-packages/airflow/example_dags/example_skip_dag.py
[2024-02-26T13:35:17.354+0000] {processor.py:830} INFO - Processing file /usr/local/lib/python3.10/dist-packages/airflow/example_dags/example_skip_dag.py for tasks to queue
[2024-02-26T13:35:17.355+0000] {logging_mixin.py:188} INFO - [2024-02-26T13:35:17.355+0000] {dagbag.py:540} INFO - Filling up the DagBag from /usr/local/lib/python3.10/dist-packages/airflow/example_dags/example_skip_dag.py
[2024-02-26T13:35:17.363+0000] {processor.py:840} INFO - DAG(s) 'example_skip_dag' retrieved from /usr/local/lib/python3.10/dist-packages/airflow/example_dags/example_skip_dag.py
[2024-02-26T13:35:17.382+0000] {logging_mixin.py:188} INFO - [2024-02-26T13:35:17.382+0000] {dag.py:3047} INFO - Sync 1 DAGs
[2024-02-26T13:35:17.405+0000] {logging_mixin.py:188} INFO - [2024-02-26T13:35:17.404+0000] {dag.py:3834} INFO - Setting next_dagrun for example_skip_dag to 2024-02-25 00:00:00+00:00, run_after=2024-02-26 00:00:00+00:00
[2024-02-26T13:35:17.427+0000] {processor.py:183} INFO - Processing /usr/local/lib/python3.10/dist-packages/airflow/example_dags/example_skip_dag.py took 0.078 seconds
[2024-02-26T13:35:59.492+0000] {processor.py:161} INFO - Started process (PID=3736) to work on /usr/local/lib/python3.10/dist-packages/airflow/example_dags/example_skip_dag.py
[2024-02-26T13:35:59.493+0000] {processor.py:830} INFO - Processing file /usr/local/lib/python3.10/dist-packages/airflow/example_dags/example_skip_dag.py for tasks to queue
[2024-02-26T13:35:59.494+0000] {logging_mixin.py:188} INFO - [2024-02-26T13:35:59.494+0000] {dagbag.py:540} INFO - Filling up the DagBag from /usr/local/lib/python3.10/dist-packages/airflow/example_dags/example_skip_dag.py
[2024-02-26T13:35:59.502+0000] {processor.py:840} INFO - DAG(s) 'example_skip_dag' retrieved from /usr/local/lib/python3.10/dist-packages/airflow/example_dags/example_skip_dag.py
[2024-02-26T13:35:59.521+0000] {logging_mixin.py:188} INFO - [2024-02-26T13:35:59.521+0000] {dag.py:3047} INFO - Sync 1 DAGs
[2024-02-26T13:35:59.542+0000] {logging_mixin.py:188} INFO - [2024-02-26T13:35:59.542+0000] {dag.py:3834} INFO - Setting next_dagrun for example_skip_dag to 2024-02-25 00:00:00+00:00, run_after=2024-02-26 00:00:00+00:00
[2024-02-26T13:35:59.565+0000] {processor.py:183} INFO - Processing /usr/local/lib/python3.10/dist-packages/airflow/example_dags/example_skip_dag.py took 0.077 seconds
[2024-02-26T13:36:49.527+0000] {processor.py:161} INFO - Started process (PID=3784) to work on /usr/local/lib/python3.10/dist-packages/airflow/example_dags/example_skip_dag.py
[2024-02-26T13:36:49.528+0000] {processor.py:830} INFO - Processing file /usr/local/lib/python3.10/dist-packages/airflow/example_dags/example_skip_dag.py for tasks to queue
[2024-02-26T13:36:49.529+0000] {logging_mixin.py:188} INFO - [2024-02-26T13:36:49.528+0000] {dagbag.py:540} INFO - Filling up the DagBag from /usr/local/lib/python3.10/dist-packages/airflow/example_dags/example_skip_dag.py
[2024-02-26T13:36:49.537+0000] {processor.py:840} INFO - DAG(s) 'example_skip_dag' retrieved from /usr/local/lib/python3.10/dist-packages/airflow/example_dags/example_skip_dag.py
[2024-02-26T13:36:49.555+0000] {logging_mixin.py:188} INFO - [2024-02-26T13:36:49.555+0000] {dag.py:3047} INFO - Sync 1 DAGs
[2024-02-26T13:36:49.690+0000] {logging_mixin.py:188} INFO - [2024-02-26T13:36:49.689+0000] {dag.py:3834} INFO - Setting next_dagrun for example_skip_dag to 2024-02-25 00:00:00+00:00, run_after=2024-02-26 00:00:00+00:00
[2024-02-26T13:36:49.710+0000] {processor.py:183} INFO - Processing /usr/local/lib/python3.10/dist-packages/airflow/example_dags/example_skip_dag.py took 0.187 seconds
[2024-02-26T13:37:26.346+0000] {processor.py:161} INFO - Started process (PID=3826) to work on /usr/local/lib/python3.10/dist-packages/airflow/example_dags/example_skip_dag.py
[2024-02-26T13:37:26.347+0000] {processor.py:830} INFO - Processing file /usr/local/lib/python3.10/dist-packages/airflow/example_dags/example_skip_dag.py for tasks to queue
[2024-02-26T13:37:26.348+0000] {logging_mixin.py:188} INFO - [2024-02-26T13:37:26.348+0000] {dagbag.py:540} INFO - Filling up the DagBag from /usr/local/lib/python3.10/dist-packages/airflow/example_dags/example_skip_dag.py
[2024-02-26T13:37:26.360+0000] {processor.py:840} INFO - DAG(s) 'example_skip_dag' retrieved from /usr/local/lib/python3.10/dist-packages/airflow/example_dags/example_skip_dag.py
[2024-02-26T13:37:26.369+0000] {logging_mixin.py:188} INFO - [2024-02-26T13:37:26.369+0000] {dag.py:3047} INFO - Sync 1 DAGs
[2024-02-26T13:37:26.391+0000] {logging_mixin.py:188} INFO - [2024-02-26T13:37:26.390+0000] {dag.py:3834} INFO - Setting next_dagrun for example_skip_dag to 2024-02-25 00:00:00+00:00, run_after=2024-02-26 00:00:00+00:00
[2024-02-26T13:37:26.412+0000] {processor.py:183} INFO - Processing /usr/local/lib/python3.10/dist-packages/airflow/example_dags/example_skip_dag.py took 0.070 seconds
[2024-02-26T13:38:16.346+0000] {processor.py:161} INFO - Started process (PID=3875) to work on /usr/local/lib/python3.10/dist-packages/airflow/example_dags/example_skip_dag.py
[2024-02-26T13:38:16.347+0000] {processor.py:830} INFO - Processing file /usr/local/lib/python3.10/dist-packages/airflow/example_dags/example_skip_dag.py for tasks to queue
[2024-02-26T13:38:16.348+0000] {logging_mixin.py:188} INFO - [2024-02-26T13:38:16.348+0000] {dagbag.py:540} INFO - Filling up the DagBag from /usr/local/lib/python3.10/dist-packages/airflow/example_dags/example_skip_dag.py
[2024-02-26T13:38:16.357+0000] {processor.py:840} INFO - DAG(s) 'example_skip_dag' retrieved from /usr/local/lib/python3.10/dist-packages/airflow/example_dags/example_skip_dag.py
[2024-02-26T13:38:16.561+0000] {logging_mixin.py:188} INFO - [2024-02-26T13:38:16.560+0000] {dag.py:3047} INFO - Sync 1 DAGs
[2024-02-26T13:38:16.578+0000] {logging_mixin.py:188} INFO - [2024-02-26T13:38:16.578+0000] {dag.py:3834} INFO - Setting next_dagrun for example_skip_dag to 2024-02-25 00:00:00+00:00, run_after=2024-02-26 00:00:00+00:00
[2024-02-26T13:38:16.600+0000] {processor.py:183} INFO - Processing /usr/local/lib/python3.10/dist-packages/airflow/example_dags/example_skip_dag.py took 0.258 seconds
[2024-02-26T13:39:03.857+0000] {processor.py:161} INFO - Started process (PID=3922) to work on /usr/local/lib/python3.10/dist-packages/airflow/example_dags/example_skip_dag.py
[2024-02-26T13:39:03.859+0000] {processor.py:830} INFO - Processing file /usr/local/lib/python3.10/dist-packages/airflow/example_dags/example_skip_dag.py for tasks to queue
[2024-02-26T13:39:03.860+0000] {logging_mixin.py:188} INFO - [2024-02-26T13:39:03.859+0000] {dagbag.py:540} INFO - Filling up the DagBag from /usr/local/lib/python3.10/dist-packages/airflow/example_dags/example_skip_dag.py
[2024-02-26T13:39:03.868+0000] {processor.py:840} INFO - DAG(s) 'example_skip_dag' retrieved from /usr/local/lib/python3.10/dist-packages/airflow/example_dags/example_skip_dag.py
[2024-02-26T13:39:03.888+0000] {logging_mixin.py:188} INFO - [2024-02-26T13:39:03.887+0000] {dag.py:3047} INFO - Sync 1 DAGs
[2024-02-26T13:39:03.910+0000] {logging_mixin.py:188} INFO - [2024-02-26T13:39:03.910+0000] {dag.py:3834} INFO - Setting next_dagrun for example_skip_dag to 2024-02-25 00:00:00+00:00, run_after=2024-02-26 00:00:00+00:00
[2024-02-26T13:39:03.935+0000] {processor.py:183} INFO - Processing /usr/local/lib/python3.10/dist-packages/airflow/example_dags/example_skip_dag.py took 0.081 seconds
[2024-02-26T13:39:46.019+0000] {processor.py:161} INFO - Started process (PID=3962) to work on /usr/local/lib/python3.10/dist-packages/airflow/example_dags/example_skip_dag.py
[2024-02-26T13:39:46.021+0000] {processor.py:830} INFO - Processing file /usr/local/lib/python3.10/dist-packages/airflow/example_dags/example_skip_dag.py for tasks to queue
[2024-02-26T13:39:46.022+0000] {logging_mixin.py:188} INFO - [2024-02-26T13:39:46.021+0000] {dagbag.py:540} INFO - Filling up the DagBag from /usr/local/lib/python3.10/dist-packages/airflow/example_dags/example_skip_dag.py
[2024-02-26T13:39:46.030+0000] {processor.py:840} INFO - DAG(s) 'example_skip_dag' retrieved from /usr/local/lib/python3.10/dist-packages/airflow/example_dags/example_skip_dag.py
[2024-02-26T13:39:46.049+0000] {logging_mixin.py:188} INFO - [2024-02-26T13:39:46.049+0000] {dag.py:3047} INFO - Sync 1 DAGs
[2024-02-26T13:39:46.185+0000] {logging_mixin.py:188} INFO - [2024-02-26T13:39:46.185+0000] {dag.py:3834} INFO - Setting next_dagrun for example_skip_dag to 2024-02-25 00:00:00+00:00, run_after=2024-02-26 00:00:00+00:00
[2024-02-26T13:39:46.206+0000] {processor.py:183} INFO - Processing /usr/local/lib/python3.10/dist-packages/airflow/example_dags/example_skip_dag.py took 0.191 seconds
[2024-02-26T13:40:27.351+0000] {processor.py:161} INFO - Started process (PID=4002) to work on /usr/local/lib/python3.10/dist-packages/airflow/example_dags/example_skip_dag.py
[2024-02-26T13:40:27.352+0000] {processor.py:830} INFO - Processing file /usr/local/lib/python3.10/dist-packages/airflow/example_dags/example_skip_dag.py for tasks to queue
[2024-02-26T13:40:27.353+0000] {logging_mixin.py:188} INFO - [2024-02-26T13:40:27.353+0000] {dagbag.py:540} INFO - Filling up the DagBag from /usr/local/lib/python3.10/dist-packages/airflow/example_dags/example_skip_dag.py
[2024-02-26T13:40:27.362+0000] {processor.py:840} INFO - DAG(s) 'example_skip_dag' retrieved from /usr/local/lib/python3.10/dist-packages/airflow/example_dags/example_skip_dag.py
[2024-02-26T13:40:27.380+0000] {logging_mixin.py:188} INFO - [2024-02-26T13:40:27.380+0000] {dag.py:3047} INFO - Sync 1 DAGs
[2024-02-26T13:40:27.402+0000] {logging_mixin.py:188} INFO - [2024-02-26T13:40:27.401+0000] {dag.py:3834} INFO - Setting next_dagrun for example_skip_dag to 2024-02-25 00:00:00+00:00, run_after=2024-02-26 00:00:00+00:00
[2024-02-26T13:40:27.424+0000] {processor.py:183} INFO - Processing /usr/local/lib/python3.10/dist-packages/airflow/example_dags/example_skip_dag.py took 0.077 seconds
[2024-02-26T13:41:13.877+0000] {processor.py:161} INFO - Started process (PID=4050) to work on /usr/local/lib/python3.10/dist-packages/airflow/example_dags/example_skip_dag.py
[2024-02-26T13:41:13.879+0000] {processor.py:830} INFO - Processing file /usr/local/lib/python3.10/dist-packages/airflow/example_dags/example_skip_dag.py for tasks to queue
[2024-02-26T13:41:13.880+0000] {logging_mixin.py:188} INFO - [2024-02-26T13:41:13.879+0000] {dagbag.py:540} INFO - Filling up the DagBag from /usr/local/lib/python3.10/dist-packages/airflow/example_dags/example_skip_dag.py
[2024-02-26T13:41:13.888+0000] {processor.py:840} INFO - DAG(s) 'example_skip_dag' retrieved from /usr/local/lib/python3.10/dist-packages/airflow/example_dags/example_skip_dag.py
[2024-02-26T13:41:13.907+0000] {logging_mixin.py:188} INFO - [2024-02-26T13:41:13.907+0000] {dag.py:3047} INFO - Sync 1 DAGs
[2024-02-26T13:41:13.928+0000] {logging_mixin.py:188} INFO - [2024-02-26T13:41:13.928+0000] {dag.py:3834} INFO - Setting next_dagrun for example_skip_dag to 2024-02-25 00:00:00+00:00, run_after=2024-02-26 00:00:00+00:00
[2024-02-26T13:41:13.951+0000] {processor.py:183} INFO - Processing /usr/local/lib/python3.10/dist-packages/airflow/example_dags/example_skip_dag.py took 0.077 seconds
[2024-02-26T13:41:50.930+0000] {processor.py:161} INFO - Started process (PID=4089) to work on /usr/local/lib/python3.10/dist-packages/airflow/example_dags/example_skip_dag.py
[2024-02-26T13:41:50.931+0000] {processor.py:830} INFO - Processing file /usr/local/lib/python3.10/dist-packages/airflow/example_dags/example_skip_dag.py for tasks to queue
[2024-02-26T13:41:50.932+0000] {logging_mixin.py:188} INFO - [2024-02-26T13:41:50.932+0000] {dagbag.py:540} INFO - Filling up the DagBag from /usr/local/lib/python3.10/dist-packages/airflow/example_dags/example_skip_dag.py
[2024-02-26T13:41:50.941+0000] {processor.py:840} INFO - DAG(s) 'example_skip_dag' retrieved from /usr/local/lib/python3.10/dist-packages/airflow/example_dags/example_skip_dag.py
[2024-02-26T13:41:50.960+0000] {logging_mixin.py:188} INFO - [2024-02-26T13:41:50.960+0000] {dag.py:3047} INFO - Sync 1 DAGs
[2024-02-26T13:41:50.982+0000] {logging_mixin.py:188} INFO - [2024-02-26T13:41:50.982+0000] {dag.py:3834} INFO - Setting next_dagrun for example_skip_dag to 2024-02-25 00:00:00+00:00, run_after=2024-02-26 00:00:00+00:00
[2024-02-26T13:41:51.006+0000] {processor.py:183} INFO - Processing /usr/local/lib/python3.10/dist-packages/airflow/example_dags/example_skip_dag.py took 0.079 seconds
[2024-02-26T13:42:41.579+0000] {processor.py:161} INFO - Started process (PID=4140) to work on /usr/local/lib/python3.10/dist-packages/airflow/example_dags/example_skip_dag.py
[2024-02-26T13:42:41.581+0000] {processor.py:830} INFO - Processing file /usr/local/lib/python3.10/dist-packages/airflow/example_dags/example_skip_dag.py for tasks to queue
[2024-02-26T13:42:41.582+0000] {logging_mixin.py:188} INFO - [2024-02-26T13:42:41.581+0000] {dagbag.py:540} INFO - Filling up the DagBag from /usr/local/lib/python3.10/dist-packages/airflow/example_dags/example_skip_dag.py
[2024-02-26T13:42:41.591+0000] {processor.py:840} INFO - DAG(s) 'example_skip_dag' retrieved from /usr/local/lib/python3.10/dist-packages/airflow/example_dags/example_skip_dag.py
[2024-02-26T13:42:41.610+0000] {logging_mixin.py:188} INFO - [2024-02-26T13:42:41.610+0000] {dag.py:3047} INFO - Sync 1 DAGs
[2024-02-26T13:42:41.632+0000] {logging_mixin.py:188} INFO - [2024-02-26T13:42:41.632+0000] {dag.py:3834} INFO - Setting next_dagrun for example_skip_dag to 2024-02-25 00:00:00+00:00, run_after=2024-02-26 00:00:00+00:00
[2024-02-26T13:42:41.655+0000] {processor.py:183} INFO - Processing /usr/local/lib/python3.10/dist-packages/airflow/example_dags/example_skip_dag.py took 0.079 seconds
[2024-02-26T13:44:14.929+0000] {processor.py:161} INFO - Started process (PID=4208) to work on /usr/local/lib/python3.10/dist-packages/airflow/example_dags/example_skip_dag.py
[2024-02-26T13:44:14.930+0000] {processor.py:830} INFO - Processing file /usr/local/lib/python3.10/dist-packages/airflow/example_dags/example_skip_dag.py for tasks to queue
[2024-02-26T13:44:14.931+0000] {logging_mixin.py:188} INFO - [2024-02-26T13:44:14.931+0000] {dagbag.py:540} INFO - Filling up the DagBag from /usr/local/lib/python3.10/dist-packages/airflow/example_dags/example_skip_dag.py
[2024-02-26T13:44:14.944+0000] {processor.py:840} INFO - DAG(s) 'example_skip_dag' retrieved from /usr/local/lib/python3.10/dist-packages/airflow/example_dags/example_skip_dag.py
[2024-02-26T13:44:14.953+0000] {logging_mixin.py:188} INFO - [2024-02-26T13:44:14.953+0000] {dag.py:3047} INFO - Sync 1 DAGs
[2024-02-26T13:44:15.002+0000] {logging_mixin.py:188} INFO - [2024-02-26T13:44:15.002+0000] {dag.py:3834} INFO - Setting next_dagrun for example_skip_dag to 2024-02-25 00:00:00+00:00, run_after=2024-02-26 00:00:00+00:00
[2024-02-26T13:44:15.064+0000] {processor.py:183} INFO - Processing /usr/local/lib/python3.10/dist-packages/airflow/example_dags/example_skip_dag.py took 0.138 seconds
[2024-02-26T13:47:23.672+0000] {processor.py:161} INFO - Started process (PID=4274) to work on /usr/local/lib/python3.10/dist-packages/airflow/example_dags/example_skip_dag.py
[2024-02-26T13:47:23.674+0000] {processor.py:830} INFO - Processing file /usr/local/lib/python3.10/dist-packages/airflow/example_dags/example_skip_dag.py for tasks to queue
[2024-02-26T13:47:23.675+0000] {logging_mixin.py:188} INFO - [2024-02-26T13:47:23.675+0000] {dagbag.py:540} INFO - Filling up the DagBag from /usr/local/lib/python3.10/dist-packages/airflow/example_dags/example_skip_dag.py
[2024-02-26T13:47:23.688+0000] {processor.py:840} INFO - DAG(s) 'example_skip_dag' retrieved from /usr/local/lib/python3.10/dist-packages/airflow/example_dags/example_skip_dag.py
[2024-02-26T13:47:23.697+0000] {logging_mixin.py:188} INFO - [2024-02-26T13:47:23.697+0000] {dag.py:3047} INFO - Sync 1 DAGs
[2024-02-26T13:47:23.720+0000] {logging_mixin.py:188} INFO - [2024-02-26T13:47:23.719+0000] {dag.py:3834} INFO - Setting next_dagrun for example_skip_dag to 2024-02-25 00:00:00+00:00, run_after=2024-02-26 00:00:00+00:00
[2024-02-26T13:47:23.743+0000] {processor.py:183} INFO - Processing /usr/local/lib/python3.10/dist-packages/airflow/example_dags/example_skip_dag.py took 0.074 seconds
[2024-02-26T13:53:26.264+0000] {processor.py:161} INFO - Started process (PID=4378) to work on /usr/local/lib/python3.10/dist-packages/airflow/example_dags/example_skip_dag.py
[2024-02-26T13:53:26.265+0000] {processor.py:830} INFO - Processing file /usr/local/lib/python3.10/dist-packages/airflow/example_dags/example_skip_dag.py for tasks to queue
[2024-02-26T13:53:26.266+0000] {logging_mixin.py:188} INFO - [2024-02-26T13:53:26.266+0000] {dagbag.py:540} INFO - Filling up the DagBag from /usr/local/lib/python3.10/dist-packages/airflow/example_dags/example_skip_dag.py
[2024-02-26T13:53:26.279+0000] {processor.py:840} INFO - DAG(s) 'example_skip_dag' retrieved from /usr/local/lib/python3.10/dist-packages/airflow/example_dags/example_skip_dag.py
[2024-02-26T13:53:26.287+0000] {logging_mixin.py:188} INFO - [2024-02-26T13:53:26.287+0000] {dag.py:3047} INFO - Sync 1 DAGs
[2024-02-26T13:53:26.310+0000] {logging_mixin.py:188} INFO - [2024-02-26T13:53:26.309+0000] {dag.py:3834} INFO - Setting next_dagrun for example_skip_dag to 2024-02-25 00:00:00+00:00, run_after=2024-02-26 00:00:00+00:00
[2024-02-26T13:53:26.332+0000] {processor.py:183} INFO - Processing /usr/local/lib/python3.10/dist-packages/airflow/example_dags/example_skip_dag.py took 0.071 seconds
[2024-02-26T13:54:16.784+0000] {processor.py:161} INFO - Started process (PID=4426) to work on /usr/local/lib/python3.10/dist-packages/airflow/example_dags/example_skip_dag.py
[2024-02-26T13:54:16.785+0000] {processor.py:830} INFO - Processing file /usr/local/lib/python3.10/dist-packages/airflow/example_dags/example_skip_dag.py for tasks to queue
[2024-02-26T13:54:16.786+0000] {logging_mixin.py:188} INFO - [2024-02-26T13:54:16.786+0000] {dagbag.py:540} INFO - Filling up the DagBag from /usr/local/lib/python3.10/dist-packages/airflow/example_dags/example_skip_dag.py
[2024-02-26T13:54:16.795+0000] {processor.py:840} INFO - DAG(s) 'example_skip_dag' retrieved from /usr/local/lib/python3.10/dist-packages/airflow/example_dags/example_skip_dag.py
[2024-02-26T13:54:17.003+0000] {logging_mixin.py:188} INFO - [2024-02-26T13:54:17.003+0000] {dag.py:3047} INFO - Sync 1 DAGs
[2024-02-26T13:54:17.021+0000] {logging_mixin.py:188} INFO - [2024-02-26T13:54:17.020+0000] {dag.py:3834} INFO - Setting next_dagrun for example_skip_dag to 2024-02-25 00:00:00+00:00, run_after=2024-02-26 00:00:00+00:00
[2024-02-26T13:54:17.044+0000] {processor.py:183} INFO - Processing /usr/local/lib/python3.10/dist-packages/airflow/example_dags/example_skip_dag.py took 0.263 seconds
[2024-02-26T13:55:04.908+0000] {processor.py:161} INFO - Started process (PID=4471) to work on /usr/local/lib/python3.10/dist-packages/airflow/example_dags/example_skip_dag.py
[2024-02-26T13:55:04.909+0000] {processor.py:830} INFO - Processing file /usr/local/lib/python3.10/dist-packages/airflow/example_dags/example_skip_dag.py for tasks to queue
[2024-02-26T13:55:04.910+0000] {logging_mixin.py:188} INFO - [2024-02-26T13:55:04.910+0000] {dagbag.py:540} INFO - Filling up the DagBag from /usr/local/lib/python3.10/dist-packages/airflow/example_dags/example_skip_dag.py
[2024-02-26T13:55:04.919+0000] {processor.py:840} INFO - DAG(s) 'example_skip_dag' retrieved from /usr/local/lib/python3.10/dist-packages/airflow/example_dags/example_skip_dag.py
[2024-02-26T13:55:04.938+0000] {logging_mixin.py:188} INFO - [2024-02-26T13:55:04.937+0000] {dag.py:3047} INFO - Sync 1 DAGs
[2024-02-26T13:55:04.959+0000] {logging_mixin.py:188} INFO - [2024-02-26T13:55:04.959+0000] {dag.py:3834} INFO - Setting next_dagrun for example_skip_dag to 2024-02-25 00:00:00+00:00, run_after=2024-02-26 00:00:00+00:00
[2024-02-26T13:55:04.983+0000] {processor.py:183} INFO - Processing /usr/local/lib/python3.10/dist-packages/airflow/example_dags/example_skip_dag.py took 0.079 seconds
[2024-02-26T13:55:46.796+0000] {processor.py:161} INFO - Started process (PID=4510) to work on /usr/local/lib/python3.10/dist-packages/airflow/example_dags/example_skip_dag.py
[2024-02-26T13:55:46.798+0000] {processor.py:830} INFO - Processing file /usr/local/lib/python3.10/dist-packages/airflow/example_dags/example_skip_dag.py for tasks to queue
[2024-02-26T13:55:46.799+0000] {logging_mixin.py:188} INFO - [2024-02-26T13:55:46.798+0000] {dagbag.py:540} INFO - Filling up the DagBag from /usr/local/lib/python3.10/dist-packages/airflow/example_dags/example_skip_dag.py
[2024-02-26T13:55:46.807+0000] {processor.py:840} INFO - DAG(s) 'example_skip_dag' retrieved from /usr/local/lib/python3.10/dist-packages/airflow/example_dags/example_skip_dag.py
[2024-02-26T13:55:46.827+0000] {logging_mixin.py:188} INFO - [2024-02-26T13:55:46.826+0000] {dag.py:3047} INFO - Sync 1 DAGs
[2024-02-26T13:55:46.945+0000] {logging_mixin.py:188} INFO - [2024-02-26T13:55:46.945+0000] {dag.py:3834} INFO - Setting next_dagrun for example_skip_dag to 2024-02-25 00:00:00+00:00, run_after=2024-02-26 00:00:00+00:00
[2024-02-26T13:55:46.967+0000] {processor.py:183} INFO - Processing /usr/local/lib/python3.10/dist-packages/airflow/example_dags/example_skip_dag.py took 0.174 seconds
[2024-02-26T13:56:29.006+0000] {processor.py:161} INFO - Started process (PID=4551) to work on /usr/local/lib/python3.10/dist-packages/airflow/example_dags/example_skip_dag.py
[2024-02-26T13:56:29.007+0000] {processor.py:830} INFO - Processing file /usr/local/lib/python3.10/dist-packages/airflow/example_dags/example_skip_dag.py for tasks to queue
[2024-02-26T13:56:29.008+0000] {logging_mixin.py:188} INFO - [2024-02-26T13:56:29.008+0000] {dagbag.py:540} INFO - Filling up the DagBag from /usr/local/lib/python3.10/dist-packages/airflow/example_dags/example_skip_dag.py
[2024-02-26T13:56:29.017+0000] {processor.py:840} INFO - DAG(s) 'example_skip_dag' retrieved from /usr/local/lib/python3.10/dist-packages/airflow/example_dags/example_skip_dag.py
[2024-02-26T13:56:29.036+0000] {logging_mixin.py:188} INFO - [2024-02-26T13:56:29.036+0000] {dag.py:3047} INFO - Sync 1 DAGs
[2024-02-26T13:56:29.059+0000] {logging_mixin.py:188} INFO - [2024-02-26T13:56:29.058+0000] {dag.py:3834} INFO - Setting next_dagrun for example_skip_dag to 2024-02-25 00:00:00+00:00, run_after=2024-02-26 00:00:00+00:00
[2024-02-26T13:56:29.082+0000] {processor.py:183} INFO - Processing /usr/local/lib/python3.10/dist-packages/airflow/example_dags/example_skip_dag.py took 0.080 seconds
[2024-02-26T13:57:14.980+0000] {processor.py:161} INFO - Started process (PID=4599) to work on /usr/local/lib/python3.10/dist-packages/airflow/example_dags/example_skip_dag.py
[2024-02-26T13:57:14.981+0000] {processor.py:830} INFO - Processing file /usr/local/lib/python3.10/dist-packages/airflow/example_dags/example_skip_dag.py for tasks to queue
[2024-02-26T13:57:14.982+0000] {logging_mixin.py:188} INFO - [2024-02-26T13:57:14.982+0000] {dagbag.py:540} INFO - Filling up the DagBag from /usr/local/lib/python3.10/dist-packages/airflow/example_dags/example_skip_dag.py
[2024-02-26T13:57:14.991+0000] {processor.py:840} INFO - DAG(s) 'example_skip_dag' retrieved from /usr/local/lib/python3.10/dist-packages/airflow/example_dags/example_skip_dag.py
[2024-02-26T13:57:15.010+0000] {logging_mixin.py:188} INFO - [2024-02-26T13:57:15.010+0000] {dag.py:3047} INFO - Sync 1 DAGs
[2024-02-26T13:57:15.032+0000] {logging_mixin.py:188} INFO - [2024-02-26T13:57:15.032+0000] {dag.py:3834} INFO - Setting next_dagrun for example_skip_dag to 2024-02-25 00:00:00+00:00, run_after=2024-02-26 00:00:00+00:00
[2024-02-26T13:57:15.054+0000] {processor.py:183} INFO - Processing /usr/local/lib/python3.10/dist-packages/airflow/example_dags/example_skip_dag.py took 0.078 seconds
[2024-02-26T13:57:58.161+0000] {processor.py:161} INFO - Started process (PID=4657) to work on /usr/local/lib/python3.10/dist-packages/airflow/example_dags/example_skip_dag.py
[2024-02-26T13:57:58.162+0000] {processor.py:830} INFO - Processing file /usr/local/lib/python3.10/dist-packages/airflow/example_dags/example_skip_dag.py for tasks to queue
[2024-02-26T13:57:58.163+0000] {logging_mixin.py:188} INFO - [2024-02-26T13:57:58.162+0000] {dagbag.py:540} INFO - Filling up the DagBag from /usr/local/lib/python3.10/dist-packages/airflow/example_dags/example_skip_dag.py
[2024-02-26T13:57:58.175+0000] {processor.py:840} INFO - DAG(s) 'example_skip_dag' retrieved from /usr/local/lib/python3.10/dist-packages/airflow/example_dags/example_skip_dag.py
[2024-02-26T13:57:58.192+0000] {logging_mixin.py:188} INFO - [2024-02-26T13:57:58.192+0000] {dag.py:3047} INFO - Sync 1 DAGs
[2024-02-26T13:57:58.215+0000] {logging_mixin.py:188} INFO - [2024-02-26T13:57:58.215+0000] {dag.py:3834} INFO - Setting next_dagrun for example_skip_dag to 2024-02-25 00:00:00+00:00, run_after=2024-02-26 00:00:00+00:00
[2024-02-26T13:57:58.238+0000] {processor.py:183} INFO - Processing /usr/local/lib/python3.10/dist-packages/airflow/example_dags/example_skip_dag.py took 0.081 seconds
[2024-02-26T13:58:48.161+0000] {processor.py:161} INFO - Started process (PID=4705) to work on /usr/local/lib/python3.10/dist-packages/airflow/example_dags/example_skip_dag.py
[2024-02-26T13:58:48.163+0000] {processor.py:830} INFO - Processing file /usr/local/lib/python3.10/dist-packages/airflow/example_dags/example_skip_dag.py for tasks to queue
[2024-02-26T13:58:48.164+0000] {logging_mixin.py:188} INFO - [2024-02-26T13:58:48.163+0000] {dagbag.py:540} INFO - Filling up the DagBag from /usr/local/lib/python3.10/dist-packages/airflow/example_dags/example_skip_dag.py
[2024-02-26T13:58:48.172+0000] {processor.py:840} INFO - DAG(s) 'example_skip_dag' retrieved from /usr/local/lib/python3.10/dist-packages/airflow/example_dags/example_skip_dag.py
[2024-02-26T13:58:48.377+0000] {logging_mixin.py:188} INFO - [2024-02-26T13:58:48.377+0000] {dag.py:3047} INFO - Sync 1 DAGs
[2024-02-26T13:58:48.394+0000] {logging_mixin.py:188} INFO - [2024-02-26T13:58:48.394+0000] {dag.py:3834} INFO - Setting next_dagrun for example_skip_dag to 2024-02-25 00:00:00+00:00, run_after=2024-02-26 00:00:00+00:00
[2024-02-26T13:58:48.416+0000] {processor.py:183} INFO - Processing /usr/local/lib/python3.10/dist-packages/airflow/example_dags/example_skip_dag.py took 0.258 seconds
[2024-02-26T13:59:50.926+0000] {processor.py:161} INFO - Started process (PID=4772) to work on /usr/local/lib/python3.10/dist-packages/airflow/example_dags/example_skip_dag.py
[2024-02-26T13:59:50.928+0000] {processor.py:830} INFO - Processing file /usr/local/lib/python3.10/dist-packages/airflow/example_dags/example_skip_dag.py for tasks to queue
[2024-02-26T13:59:50.929+0000] {logging_mixin.py:188} INFO - [2024-02-26T13:59:50.928+0000] {dagbag.py:540} INFO - Filling up the DagBag from /usr/local/lib/python3.10/dist-packages/airflow/example_dags/example_skip_dag.py
[2024-02-26T13:59:50.941+0000] {processor.py:840} INFO - DAG(s) 'example_skip_dag' retrieved from /usr/local/lib/python3.10/dist-packages/airflow/example_dags/example_skip_dag.py
[2024-02-26T13:59:50.950+0000] {logging_mixin.py:188} INFO - [2024-02-26T13:59:50.950+0000] {dag.py:3047} INFO - Sync 1 DAGs
[2024-02-26T13:59:50.973+0000] {logging_mixin.py:188} INFO - [2024-02-26T13:59:50.972+0000] {dag.py:3834} INFO - Setting next_dagrun for example_skip_dag to 2024-02-25 00:00:00+00:00, run_after=2024-02-26 00:00:00+00:00
[2024-02-26T13:59:50.996+0000] {processor.py:183} INFO - Processing /usr/local/lib/python3.10/dist-packages/airflow/example_dags/example_skip_dag.py took 0.073 seconds
