[2024-02-26T13:34:23.679+0000] {processor.py:161} INFO - Started process (PID=3647) to work on /usr/local/lib/python3.10/dist-packages/airflow/example_dags/example_xcomargs.py
[2024-02-26T13:34:23.680+0000] {processor.py:830} INFO - Processing file /usr/local/lib/python3.10/dist-packages/airflow/example_dags/example_xcomargs.py for tasks to queue
[2024-02-26T13:34:23.680+0000] {logging_mixin.py:188} INFO - [2024-02-26T13:34:23.680+0000] {dagbag.py:540} INFO - Filling up the DagBag from /usr/local/lib/python3.10/dist-packages/airflow/example_dags/example_xcomargs.py
[2024-02-26T13:34:23.694+0000] {processor.py:840} INFO - DAG(s) 'example_xcom_args_with_operators', 'example_xcom_args' retrieved from /usr/local/lib/python3.10/dist-packages/airflow/example_dags/example_xcomargs.py
[2024-02-26T13:34:23.806+0000] {logging_mixin.py:188} INFO - [2024-02-26T13:34:23.805+0000] {override.py:1769} INFO - Created Permission View: can delete on DAG:example_xcom_args_with_operators
[2024-02-26T13:34:23.818+0000] {logging_mixin.py:188} INFO - [2024-02-26T13:34:23.818+0000] {override.py:1769} INFO - Created Permission View: can edit on DAG:example_xcom_args_with_operators
[2024-02-26T13:34:23.828+0000] {logging_mixin.py:188} INFO - [2024-02-26T13:34:23.827+0000] {override.py:1769} INFO - Created Permission View: can read on DAG:example_xcom_args_with_operators
[2024-02-26T13:34:23.847+0000] {logging_mixin.py:188} INFO - [2024-02-26T13:34:23.846+0000] {override.py:1769} INFO - Created Permission View: can delete on DAG:example_xcom_args
[2024-02-26T13:34:23.856+0000] {logging_mixin.py:188} INFO - [2024-02-26T13:34:23.855+0000] {override.py:1769} INFO - Created Permission View: can edit on DAG:example_xcom_args
[2024-02-26T13:34:23.865+0000] {logging_mixin.py:188} INFO - [2024-02-26T13:34:23.864+0000] {override.py:1769} INFO - Created Permission View: can read on DAG:example_xcom_args
[2024-02-26T13:34:23.865+0000] {logging_mixin.py:188} INFO - [2024-02-26T13:34:23.865+0000] {dag.py:3047} INFO - Sync 2 DAGs
[2024-02-26T13:34:23.876+0000] {logging_mixin.py:188} INFO - [2024-02-26T13:34:23.876+0000] {dag.py:3069} INFO - Creating ORM DAG for example_xcom_args_with_operators
[2024-02-26T13:34:23.877+0000] {logging_mixin.py:188} INFO - [2024-02-26T13:34:23.877+0000] {dag.py:3069} INFO - Creating ORM DAG for example_xcom_args
[2024-02-26T13:34:23.878+0000] {logging_mixin.py:188} INFO - [2024-02-26T13:34:23.877+0000] {dag.py:3834} INFO - Setting next_dagrun for example_xcom_args to None, run_after=None
[2024-02-26T13:34:23.878+0000] {logging_mixin.py:188} INFO - [2024-02-26T13:34:23.878+0000] {dag.py:3834} INFO - Setting next_dagrun for example_xcom_args_with_operators to None, run_after=None
[2024-02-26T13:34:23.902+0000] {processor.py:183} INFO - Processing /usr/local/lib/python3.10/dist-packages/airflow/example_dags/example_xcomargs.py took 0.227 seconds
[2024-02-26T13:35:18.492+0000] {processor.py:161} INFO - Started process (PID=3695) to work on /usr/local/lib/python3.10/dist-packages/airflow/example_dags/example_xcomargs.py
[2024-02-26T13:35:18.494+0000] {processor.py:830} INFO - Processing file /usr/local/lib/python3.10/dist-packages/airflow/example_dags/example_xcomargs.py for tasks to queue
[2024-02-26T13:35:18.495+0000] {logging_mixin.py:188} INFO - [2024-02-26T13:35:18.494+0000] {dagbag.py:540} INFO - Filling up the DagBag from /usr/local/lib/python3.10/dist-packages/airflow/example_dags/example_xcomargs.py
[2024-02-26T13:35:18.505+0000] {processor.py:840} INFO - DAG(s) 'example_xcom_args_with_operators', 'example_xcom_args' retrieved from /usr/local/lib/python3.10/dist-packages/airflow/example_dags/example_xcomargs.py
[2024-02-26T13:35:18.527+0000] {logging_mixin.py:188} INFO - [2024-02-26T13:35:18.527+0000] {dag.py:3047} INFO - Sync 2 DAGs
[2024-02-26T13:35:18.540+0000] {logging_mixin.py:188} INFO - [2024-02-26T13:35:18.539+0000] {dag.py:3834} INFO - Setting next_dagrun for example_xcom_args to None, run_after=None
[2024-02-26T13:35:18.543+0000] {logging_mixin.py:188} INFO - [2024-02-26T13:35:18.543+0000] {dag.py:3834} INFO - Setting next_dagrun for example_xcom_args_with_operators to None, run_after=None
[2024-02-26T13:35:18.564+0000] {processor.py:183} INFO - Processing /usr/local/lib/python3.10/dist-packages/airflow/example_dags/example_xcomargs.py took 0.076 seconds
[2024-02-26T13:36:00.271+0000] {processor.py:161} INFO - Started process (PID=3737) to work on /usr/local/lib/python3.10/dist-packages/airflow/example_dags/example_xcomargs.py
[2024-02-26T13:36:00.272+0000] {processor.py:830} INFO - Processing file /usr/local/lib/python3.10/dist-packages/airflow/example_dags/example_xcomargs.py for tasks to queue
[2024-02-26T13:36:00.273+0000] {logging_mixin.py:188} INFO - [2024-02-26T13:36:00.273+0000] {dagbag.py:540} INFO - Filling up the DagBag from /usr/local/lib/python3.10/dist-packages/airflow/example_dags/example_xcomargs.py
[2024-02-26T13:36:00.283+0000] {processor.py:840} INFO - DAG(s) 'example_xcom_args', 'example_xcom_args_with_operators' retrieved from /usr/local/lib/python3.10/dist-packages/airflow/example_dags/example_xcomargs.py
[2024-02-26T13:36:00.303+0000] {logging_mixin.py:188} INFO - [2024-02-26T13:36:00.303+0000] {dag.py:3047} INFO - Sync 2 DAGs
[2024-02-26T13:36:00.316+0000] {logging_mixin.py:188} INFO - [2024-02-26T13:36:00.316+0000] {dag.py:3834} INFO - Setting next_dagrun for example_xcom_args to None, run_after=None
[2024-02-26T13:36:00.320+0000] {logging_mixin.py:188} INFO - [2024-02-26T13:36:00.320+0000] {dag.py:3834} INFO - Setting next_dagrun for example_xcom_args_with_operators to None, run_after=None
[2024-02-26T13:36:00.341+0000] {processor.py:183} INFO - Processing /usr/local/lib/python3.10/dist-packages/airflow/example_dags/example_xcomargs.py took 0.074 seconds
[2024-02-26T13:36:50.767+0000] {processor.py:161} INFO - Started process (PID=3785) to work on /usr/local/lib/python3.10/dist-packages/airflow/example_dags/example_xcomargs.py
[2024-02-26T13:36:50.768+0000] {processor.py:830} INFO - Processing file /usr/local/lib/python3.10/dist-packages/airflow/example_dags/example_xcomargs.py for tasks to queue
[2024-02-26T13:36:50.769+0000] {logging_mixin.py:188} INFO - [2024-02-26T13:36:50.769+0000] {dagbag.py:540} INFO - Filling up the DagBag from /usr/local/lib/python3.10/dist-packages/airflow/example_dags/example_xcomargs.py
[2024-02-26T13:36:50.778+0000] {processor.py:840} INFO - DAG(s) 'example_xcom_args', 'example_xcom_args_with_operators' retrieved from /usr/local/lib/python3.10/dist-packages/airflow/example_dags/example_xcomargs.py
[2024-02-26T13:36:50.799+0000] {logging_mixin.py:188} INFO - [2024-02-26T13:36:50.798+0000] {dag.py:3047} INFO - Sync 2 DAGs
[2024-02-26T13:36:50.904+0000] {logging_mixin.py:188} INFO - [2024-02-26T13:36:50.904+0000] {dag.py:3834} INFO - Setting next_dagrun for example_xcom_args to None, run_after=None
[2024-02-26T13:36:50.907+0000] {logging_mixin.py:188} INFO - [2024-02-26T13:36:50.907+0000] {dag.py:3834} INFO - Setting next_dagrun for example_xcom_args_with_operators to None, run_after=None
[2024-02-26T13:36:50.927+0000] {processor.py:183} INFO - Processing /usr/local/lib/python3.10/dist-packages/airflow/example_dags/example_xcomargs.py took 0.163 seconds
[2024-02-26T13:37:26.499+0000] {processor.py:161} INFO - Started process (PID=3827) to work on /usr/local/lib/python3.10/dist-packages/airflow/example_dags/example_xcomargs.py
[2024-02-26T13:37:26.500+0000] {processor.py:830} INFO - Processing file /usr/local/lib/python3.10/dist-packages/airflow/example_dags/example_xcomargs.py for tasks to queue
[2024-02-26T13:37:26.502+0000] {logging_mixin.py:188} INFO - [2024-02-26T13:37:26.501+0000] {dagbag.py:540} INFO - Filling up the DagBag from /usr/local/lib/python3.10/dist-packages/airflow/example_dags/example_xcomargs.py
[2024-02-26T13:37:26.515+0000] {processor.py:840} INFO - DAG(s) 'example_xcom_args', 'example_xcom_args_with_operators' retrieved from /usr/local/lib/python3.10/dist-packages/airflow/example_dags/example_xcomargs.py
[2024-02-26T13:37:26.524+0000] {logging_mixin.py:188} INFO - [2024-02-26T13:37:26.524+0000] {dag.py:3047} INFO - Sync 2 DAGs
[2024-02-26T13:37:26.538+0000] {logging_mixin.py:188} INFO - [2024-02-26T13:37:26.537+0000] {dag.py:3834} INFO - Setting next_dagrun for example_xcom_args to None, run_after=None
[2024-02-26T13:37:26.541+0000] {logging_mixin.py:188} INFO - [2024-02-26T13:37:26.541+0000] {dag.py:3834} INFO - Setting next_dagrun for example_xcom_args_with_operators to None, run_after=None
[2024-02-26T13:37:26.561+0000] {processor.py:183} INFO - Processing /usr/local/lib/python3.10/dist-packages/airflow/example_dags/example_xcomargs.py took 0.066 seconds
[2024-02-26T13:38:16.783+0000] {processor.py:161} INFO - Started process (PID=3876) to work on /usr/local/lib/python3.10/dist-packages/airflow/example_dags/example_xcomargs.py
[2024-02-26T13:38:16.785+0000] {processor.py:830} INFO - Processing file /usr/local/lib/python3.10/dist-packages/airflow/example_dags/example_xcomargs.py for tasks to queue
[2024-02-26T13:38:16.786+0000] {logging_mixin.py:188} INFO - [2024-02-26T13:38:16.786+0000] {dagbag.py:540} INFO - Filling up the DagBag from /usr/local/lib/python3.10/dist-packages/airflow/example_dags/example_xcomargs.py
[2024-02-26T13:38:16.796+0000] {processor.py:840} INFO - DAG(s) 'example_xcom_args', 'example_xcom_args_with_operators' retrieved from /usr/local/lib/python3.10/dist-packages/airflow/example_dags/example_xcomargs.py
[2024-02-26T13:38:17.012+0000] {logging_mixin.py:188} INFO - [2024-02-26T13:38:17.012+0000] {dag.py:3047} INFO - Sync 2 DAGs
[2024-02-26T13:38:17.021+0000] {logging_mixin.py:188} INFO - [2024-02-26T13:38:17.021+0000] {dag.py:3834} INFO - Setting next_dagrun for example_xcom_args to None, run_after=None
[2024-02-26T13:38:17.024+0000] {logging_mixin.py:188} INFO - [2024-02-26T13:38:17.024+0000] {dag.py:3834} INFO - Setting next_dagrun for example_xcom_args_with_operators to None, run_after=None
[2024-02-26T13:38:17.043+0000] {processor.py:183} INFO - Processing /usr/local/lib/python3.10/dist-packages/airflow/example_dags/example_xcomargs.py took 0.264 seconds
[2024-02-26T13:39:04.998+0000] {processor.py:161} INFO - Started process (PID=3923) to work on /usr/local/lib/python3.10/dist-packages/airflow/example_dags/example_xcomargs.py
[2024-02-26T13:39:04.999+0000] {processor.py:830} INFO - Processing file /usr/local/lib/python3.10/dist-packages/airflow/example_dags/example_xcomargs.py for tasks to queue
[2024-02-26T13:39:05.000+0000] {logging_mixin.py:188} INFO - [2024-02-26T13:39:05.000+0000] {dagbag.py:540} INFO - Filling up the DagBag from /usr/local/lib/python3.10/dist-packages/airflow/example_dags/example_xcomargs.py
[2024-02-26T13:39:05.011+0000] {processor.py:840} INFO - DAG(s) 'example_xcom_args', 'example_xcom_args_with_operators' retrieved from /usr/local/lib/python3.10/dist-packages/airflow/example_dags/example_xcomargs.py
[2024-02-26T13:39:05.032+0000] {logging_mixin.py:188} INFO - [2024-02-26T13:39:05.032+0000] {dag.py:3047} INFO - Sync 2 DAGs
[2024-02-26T13:39:05.045+0000] {logging_mixin.py:188} INFO - [2024-02-26T13:39:05.045+0000] {dag.py:3834} INFO - Setting next_dagrun for example_xcom_args to None, run_after=None
[2024-02-26T13:39:05.048+0000] {logging_mixin.py:188} INFO - [2024-02-26T13:39:05.048+0000] {dag.py:3834} INFO - Setting next_dagrun for example_xcom_args_with_operators to None, run_after=None
[2024-02-26T13:39:05.069+0000] {processor.py:183} INFO - Processing /usr/local/lib/python3.10/dist-packages/airflow/example_dags/example_xcomargs.py took 0.075 seconds
[2024-02-26T13:39:47.259+0000] {processor.py:161} INFO - Started process (PID=3963) to work on /usr/local/lib/python3.10/dist-packages/airflow/example_dags/example_xcomargs.py
[2024-02-26T13:39:47.261+0000] {processor.py:830} INFO - Processing file /usr/local/lib/python3.10/dist-packages/airflow/example_dags/example_xcomargs.py for tasks to queue
[2024-02-26T13:39:47.262+0000] {logging_mixin.py:188} INFO - [2024-02-26T13:39:47.261+0000] {dagbag.py:540} INFO - Filling up the DagBag from /usr/local/lib/python3.10/dist-packages/airflow/example_dags/example_xcomargs.py
[2024-02-26T13:39:47.271+0000] {processor.py:840} INFO - DAG(s) 'example_xcom_args', 'example_xcom_args_with_operators' retrieved from /usr/local/lib/python3.10/dist-packages/airflow/example_dags/example_xcomargs.py
[2024-02-26T13:39:47.291+0000] {logging_mixin.py:188} INFO - [2024-02-26T13:39:47.291+0000] {dag.py:3047} INFO - Sync 2 DAGs
[2024-02-26T13:39:47.411+0000] {logging_mixin.py:188} INFO - [2024-02-26T13:39:47.411+0000] {dag.py:3834} INFO - Setting next_dagrun for example_xcom_args to None, run_after=None
[2024-02-26T13:39:47.415+0000] {logging_mixin.py:188} INFO - [2024-02-26T13:39:47.415+0000] {dag.py:3834} INFO - Setting next_dagrun for example_xcom_args_with_operators to None, run_after=None
[2024-02-26T13:39:47.434+0000] {processor.py:183} INFO - Processing /usr/local/lib/python3.10/dist-packages/airflow/example_dags/example_xcomargs.py took 0.178 seconds
[2024-02-26T13:40:28.491+0000] {processor.py:161} INFO - Started process (PID=4003) to work on /usr/local/lib/python3.10/dist-packages/airflow/example_dags/example_xcomargs.py
[2024-02-26T13:40:28.492+0000] {processor.py:830} INFO - Processing file /usr/local/lib/python3.10/dist-packages/airflow/example_dags/example_xcomargs.py for tasks to queue
[2024-02-26T13:40:28.493+0000] {logging_mixin.py:188} INFO - [2024-02-26T13:40:28.493+0000] {dagbag.py:540} INFO - Filling up the DagBag from /usr/local/lib/python3.10/dist-packages/airflow/example_dags/example_xcomargs.py
[2024-02-26T13:40:28.503+0000] {processor.py:840} INFO - DAG(s) 'example_xcom_args', 'example_xcom_args_with_operators' retrieved from /usr/local/lib/python3.10/dist-packages/airflow/example_dags/example_xcomargs.py
[2024-02-26T13:40:28.523+0000] {logging_mixin.py:188} INFO - [2024-02-26T13:40:28.523+0000] {dag.py:3047} INFO - Sync 2 DAGs
[2024-02-26T13:40:28.535+0000] {logging_mixin.py:188} INFO - [2024-02-26T13:40:28.535+0000] {dag.py:3834} INFO - Setting next_dagrun for example_xcom_args to None, run_after=None
[2024-02-26T13:40:28.539+0000] {logging_mixin.py:188} INFO - [2024-02-26T13:40:28.539+0000] {dag.py:3834} INFO - Setting next_dagrun for example_xcom_args_with_operators to None, run_after=None
[2024-02-26T13:40:28.560+0000] {processor.py:183} INFO - Processing /usr/local/lib/python3.10/dist-packages/airflow/example_dags/example_xcomargs.py took 0.072 seconds
[2024-02-26T13:41:15.017+0000] {processor.py:161} INFO - Started process (PID=4051) to work on /usr/local/lib/python3.10/dist-packages/airflow/example_dags/example_xcomargs.py
[2024-02-26T13:41:15.018+0000] {processor.py:830} INFO - Processing file /usr/local/lib/python3.10/dist-packages/airflow/example_dags/example_xcomargs.py for tasks to queue
[2024-02-26T13:41:15.019+0000] {logging_mixin.py:188} INFO - [2024-02-26T13:41:15.019+0000] {dagbag.py:540} INFO - Filling up the DagBag from /usr/local/lib/python3.10/dist-packages/airflow/example_dags/example_xcomargs.py
[2024-02-26T13:41:15.029+0000] {processor.py:840} INFO - DAG(s) 'example_xcom_args', 'example_xcom_args_with_operators' retrieved from /usr/local/lib/python3.10/dist-packages/airflow/example_dags/example_xcomargs.py
[2024-02-26T13:41:15.051+0000] {logging_mixin.py:188} INFO - [2024-02-26T13:41:15.050+0000] {dag.py:3047} INFO - Sync 2 DAGs
[2024-02-26T13:41:15.064+0000] {logging_mixin.py:188} INFO - [2024-02-26T13:41:15.063+0000] {dag.py:3834} INFO - Setting next_dagrun for example_xcom_args to None, run_after=None
[2024-02-26T13:41:15.067+0000] {logging_mixin.py:188} INFO - [2024-02-26T13:41:15.067+0000] {dag.py:3834} INFO - Setting next_dagrun for example_xcom_args_with_operators to None, run_after=None
[2024-02-26T13:41:15.088+0000] {processor.py:183} INFO - Processing /usr/local/lib/python3.10/dist-packages/airflow/example_dags/example_xcomargs.py took 0.075 seconds
[2024-02-26T13:41:51.081+0000] {processor.py:161} INFO - Started process (PID=4090) to work on /usr/local/lib/python3.10/dist-packages/airflow/example_dags/example_xcomargs.py
[2024-02-26T13:41:51.082+0000] {processor.py:830} INFO - Processing file /usr/local/lib/python3.10/dist-packages/airflow/example_dags/example_xcomargs.py for tasks to queue
[2024-02-26T13:41:51.083+0000] {logging_mixin.py:188} INFO - [2024-02-26T13:41:51.083+0000] {dagbag.py:540} INFO - Filling up the DagBag from /usr/local/lib/python3.10/dist-packages/airflow/example_dags/example_xcomargs.py
[2024-02-26T13:41:51.093+0000] {processor.py:840} INFO - DAG(s) 'example_xcom_args_with_operators', 'example_xcom_args' retrieved from /usr/local/lib/python3.10/dist-packages/airflow/example_dags/example_xcomargs.py
[2024-02-26T13:41:51.114+0000] {logging_mixin.py:188} INFO - [2024-02-26T13:41:51.114+0000] {dag.py:3047} INFO - Sync 2 DAGs
[2024-02-26T13:41:51.127+0000] {logging_mixin.py:188} INFO - [2024-02-26T13:41:51.127+0000] {dag.py:3834} INFO - Setting next_dagrun for example_xcom_args to None, run_after=None
[2024-02-26T13:41:51.131+0000] {logging_mixin.py:188} INFO - [2024-02-26T13:41:51.130+0000] {dag.py:3834} INFO - Setting next_dagrun for example_xcom_args_with_operators to None, run_after=None
[2024-02-26T13:41:51.151+0000] {processor.py:183} INFO - Processing /usr/local/lib/python3.10/dist-packages/airflow/example_dags/example_xcomargs.py took 0.074 seconds
[2024-02-26T13:42:42.721+0000] {processor.py:161} INFO - Started process (PID=4141) to work on /usr/local/lib/python3.10/dist-packages/airflow/example_dags/example_xcomargs.py
[2024-02-26T13:42:42.723+0000] {processor.py:830} INFO - Processing file /usr/local/lib/python3.10/dist-packages/airflow/example_dags/example_xcomargs.py for tasks to queue
[2024-02-26T13:42:42.724+0000] {logging_mixin.py:188} INFO - [2024-02-26T13:42:42.723+0000] {dagbag.py:540} INFO - Filling up the DagBag from /usr/local/lib/python3.10/dist-packages/airflow/example_dags/example_xcomargs.py
[2024-02-26T13:42:42.734+0000] {processor.py:840} INFO - DAG(s) 'example_xcom_args', 'example_xcom_args_with_operators' retrieved from /usr/local/lib/python3.10/dist-packages/airflow/example_dags/example_xcomargs.py
[2024-02-26T13:42:42.755+0000] {logging_mixin.py:188} INFO - [2024-02-26T13:42:42.755+0000] {dag.py:3047} INFO - Sync 2 DAGs
[2024-02-26T13:42:42.768+0000] {logging_mixin.py:188} INFO - [2024-02-26T13:42:42.768+0000] {dag.py:3834} INFO - Setting next_dagrun for example_xcom_args to None, run_after=None
[2024-02-26T13:42:42.772+0000] {logging_mixin.py:188} INFO - [2024-02-26T13:42:42.772+0000] {dag.py:3834} INFO - Setting next_dagrun for example_xcom_args_with_operators to None, run_after=None
[2024-02-26T13:42:42.793+0000] {processor.py:183} INFO - Processing /usr/local/lib/python3.10/dist-packages/airflow/example_dags/example_xcomargs.py took 0.076 seconds
[2024-02-26T13:44:16.224+0000] {processor.py:161} INFO - Started process (PID=4209) to work on /usr/local/lib/python3.10/dist-packages/airflow/example_dags/example_xcomargs.py
[2024-02-26T13:44:16.225+0000] {processor.py:830} INFO - Processing file /usr/local/lib/python3.10/dist-packages/airflow/example_dags/example_xcomargs.py for tasks to queue
[2024-02-26T13:44:16.226+0000] {logging_mixin.py:188} INFO - [2024-02-26T13:44:16.226+0000] {dagbag.py:540} INFO - Filling up the DagBag from /usr/local/lib/python3.10/dist-packages/airflow/example_dags/example_xcomargs.py
[2024-02-26T13:44:16.240+0000] {processor.py:840} INFO - DAG(s) 'example_xcom_args', 'example_xcom_args_with_operators' retrieved from /usr/local/lib/python3.10/dist-packages/airflow/example_dags/example_xcomargs.py
[2024-02-26T13:44:16.249+0000] {logging_mixin.py:188} INFO - [2024-02-26T13:44:16.249+0000] {dag.py:3047} INFO - Sync 2 DAGs
[2024-02-26T13:44:16.263+0000] {logging_mixin.py:188} INFO - [2024-02-26T13:44:16.262+0000] {dag.py:3834} INFO - Setting next_dagrun for example_xcom_args to None, run_after=None
[2024-02-26T13:44:16.266+0000] {logging_mixin.py:188} INFO - [2024-02-26T13:44:16.266+0000] {dag.py:3834} INFO - Setting next_dagrun for example_xcom_args_with_operators to None, run_after=None
[2024-02-26T13:44:16.286+0000] {processor.py:183} INFO - Processing /usr/local/lib/python3.10/dist-packages/airflow/example_dags/example_xcomargs.py took 0.065 seconds
[2024-02-26T13:47:24.830+0000] {processor.py:161} INFO - Started process (PID=4275) to work on /usr/local/lib/python3.10/dist-packages/airflow/example_dags/example_xcomargs.py
[2024-02-26T13:47:24.832+0000] {processor.py:830} INFO - Processing file /usr/local/lib/python3.10/dist-packages/airflow/example_dags/example_xcomargs.py for tasks to queue
[2024-02-26T13:47:24.833+0000] {logging_mixin.py:188} INFO - [2024-02-26T13:47:24.832+0000] {dagbag.py:540} INFO - Filling up the DagBag from /usr/local/lib/python3.10/dist-packages/airflow/example_dags/example_xcomargs.py
[2024-02-26T13:47:24.847+0000] {processor.py:840} INFO - DAG(s) 'example_xcom_args', 'example_xcom_args_with_operators' retrieved from /usr/local/lib/python3.10/dist-packages/airflow/example_dags/example_xcomargs.py
[2024-02-26T13:47:24.856+0000] {logging_mixin.py:188} INFO - [2024-02-26T13:47:24.855+0000] {dag.py:3047} INFO - Sync 2 DAGs
[2024-02-26T13:47:24.870+0000] {logging_mixin.py:188} INFO - [2024-02-26T13:47:24.869+0000] {dag.py:3834} INFO - Setting next_dagrun for example_xcom_args to None, run_after=None
[2024-02-26T13:47:24.873+0000] {logging_mixin.py:188} INFO - [2024-02-26T13:47:24.873+0000] {dag.py:3834} INFO - Setting next_dagrun for example_xcom_args_with_operators to None, run_after=None
[2024-02-26T13:47:24.896+0000] {processor.py:183} INFO - Processing /usr/local/lib/python3.10/dist-packages/airflow/example_dags/example_xcomargs.py took 0.070 seconds
[2024-02-26T13:53:27.422+0000] {processor.py:161} INFO - Started process (PID=4379) to work on /usr/local/lib/python3.10/dist-packages/airflow/example_dags/example_xcomargs.py
[2024-02-26T13:53:27.423+0000] {processor.py:830} INFO - Processing file /usr/local/lib/python3.10/dist-packages/airflow/example_dags/example_xcomargs.py for tasks to queue
[2024-02-26T13:53:27.424+0000] {logging_mixin.py:188} INFO - [2024-02-26T13:53:27.424+0000] {dagbag.py:540} INFO - Filling up the DagBag from /usr/local/lib/python3.10/dist-packages/airflow/example_dags/example_xcomargs.py
[2024-02-26T13:53:27.438+0000] {processor.py:840} INFO - DAG(s) 'example_xcom_args', 'example_xcom_args_with_operators' retrieved from /usr/local/lib/python3.10/dist-packages/airflow/example_dags/example_xcomargs.py
[2024-02-26T13:53:27.448+0000] {logging_mixin.py:188} INFO - [2024-02-26T13:53:27.447+0000] {dag.py:3047} INFO - Sync 2 DAGs
[2024-02-26T13:53:27.462+0000] {logging_mixin.py:188} INFO - [2024-02-26T13:53:27.461+0000] {dag.py:3834} INFO - Setting next_dagrun for example_xcom_args to None, run_after=None
[2024-02-26T13:53:27.465+0000] {logging_mixin.py:188} INFO - [2024-02-26T13:53:27.465+0000] {dag.py:3834} INFO - Setting next_dagrun for example_xcom_args_with_operators to None, run_after=None
[2024-02-26T13:53:27.486+0000] {processor.py:183} INFO - Processing /usr/local/lib/python3.10/dist-packages/airflow/example_dags/example_xcomargs.py took 0.068 seconds
[2024-02-26T13:54:17.244+0000] {processor.py:161} INFO - Started process (PID=4427) to work on /usr/local/lib/python3.10/dist-packages/airflow/example_dags/example_xcomargs.py
[2024-02-26T13:54:17.245+0000] {processor.py:830} INFO - Processing file /usr/local/lib/python3.10/dist-packages/airflow/example_dags/example_xcomargs.py for tasks to queue
[2024-02-26T13:54:17.246+0000] {logging_mixin.py:188} INFO - [2024-02-26T13:54:17.245+0000] {dagbag.py:540} INFO - Filling up the DagBag from /usr/local/lib/python3.10/dist-packages/airflow/example_dags/example_xcomargs.py
[2024-02-26T13:54:17.256+0000] {processor.py:840} INFO - DAG(s) 'example_xcom_args_with_operators', 'example_xcom_args' retrieved from /usr/local/lib/python3.10/dist-packages/airflow/example_dags/example_xcomargs.py
[2024-02-26T13:54:17.474+0000] {logging_mixin.py:188} INFO - [2024-02-26T13:54:17.473+0000] {dag.py:3047} INFO - Sync 2 DAGs
[2024-02-26T13:54:17.483+0000] {logging_mixin.py:188} INFO - [2024-02-26T13:54:17.483+0000] {dag.py:3834} INFO - Setting next_dagrun for example_xcom_args to None, run_after=None
[2024-02-26T13:54:17.486+0000] {logging_mixin.py:188} INFO - [2024-02-26T13:54:17.486+0000] {dag.py:3834} INFO - Setting next_dagrun for example_xcom_args_with_operators to None, run_after=None
[2024-02-26T13:54:17.506+0000] {processor.py:183} INFO - Processing /usr/local/lib/python3.10/dist-packages/airflow/example_dags/example_xcomargs.py took 0.266 seconds
[2024-02-26T13:55:05.596+0000] {processor.py:161} INFO - Started process (PID=4472) to work on /usr/local/lib/python3.10/dist-packages/airflow/example_dags/example_xcomargs.py
[2024-02-26T13:55:05.597+0000] {processor.py:830} INFO - Processing file /usr/local/lib/python3.10/dist-packages/airflow/example_dags/example_xcomargs.py for tasks to queue
[2024-02-26T13:55:05.598+0000] {logging_mixin.py:188} INFO - [2024-02-26T13:55:05.598+0000] {dagbag.py:540} INFO - Filling up the DagBag from /usr/local/lib/python3.10/dist-packages/airflow/example_dags/example_xcomargs.py
[2024-02-26T13:55:05.608+0000] {processor.py:840} INFO - DAG(s) 'example_xcom_args_with_operators', 'example_xcom_args' retrieved from /usr/local/lib/python3.10/dist-packages/airflow/example_dags/example_xcomargs.py
[2024-02-26T13:55:05.629+0000] {logging_mixin.py:188} INFO - [2024-02-26T13:55:05.628+0000] {dag.py:3047} INFO - Sync 2 DAGs
[2024-02-26T13:55:05.641+0000] {logging_mixin.py:188} INFO - [2024-02-26T13:55:05.641+0000] {dag.py:3834} INFO - Setting next_dagrun for example_xcom_args to None, run_after=None
[2024-02-26T13:55:05.645+0000] {logging_mixin.py:188} INFO - [2024-02-26T13:55:05.644+0000] {dag.py:3834} INFO - Setting next_dagrun for example_xcom_args_with_operators to None, run_after=None
[2024-02-26T13:55:05.666+0000] {processor.py:183} INFO - Processing /usr/local/lib/python3.10/dist-packages/airflow/example_dags/example_xcomargs.py took 0.073 seconds
[2024-02-26T13:55:48.048+0000] {processor.py:161} INFO - Started process (PID=4511) to work on /usr/local/lib/python3.10/dist-packages/airflow/example_dags/example_xcomargs.py
[2024-02-26T13:55:48.050+0000] {processor.py:830} INFO - Processing file /usr/local/lib/python3.10/dist-packages/airflow/example_dags/example_xcomargs.py for tasks to queue
[2024-02-26T13:55:48.051+0000] {logging_mixin.py:188} INFO - [2024-02-26T13:55:48.050+0000] {dagbag.py:540} INFO - Filling up the DagBag from /usr/local/lib/python3.10/dist-packages/airflow/example_dags/example_xcomargs.py
[2024-02-26T13:55:48.061+0000] {processor.py:840} INFO - DAG(s) 'example_xcom_args_with_operators', 'example_xcom_args' retrieved from /usr/local/lib/python3.10/dist-packages/airflow/example_dags/example_xcomargs.py
[2024-02-26T13:55:48.081+0000] {logging_mixin.py:188} INFO - [2024-02-26T13:55:48.081+0000] {dag.py:3047} INFO - Sync 2 DAGs
[2024-02-26T13:55:48.199+0000] {logging_mixin.py:188} INFO - [2024-02-26T13:55:48.199+0000] {dag.py:3834} INFO - Setting next_dagrun for example_xcom_args to None, run_after=None
[2024-02-26T13:55:48.203+0000] {logging_mixin.py:188} INFO - [2024-02-26T13:55:48.202+0000] {dag.py:3834} INFO - Setting next_dagrun for example_xcom_args_with_operators to None, run_after=None
[2024-02-26T13:55:48.222+0000] {processor.py:183} INFO - Processing /usr/local/lib/python3.10/dist-packages/airflow/example_dags/example_xcomargs.py took 0.177 seconds
[2024-02-26T13:56:29.647+0000] {processor.py:161} INFO - Started process (PID=4552) to work on /usr/local/lib/python3.10/dist-packages/airflow/example_dags/example_xcomargs.py
[2024-02-26T13:56:29.648+0000] {processor.py:830} INFO - Processing file /usr/local/lib/python3.10/dist-packages/airflow/example_dags/example_xcomargs.py for tasks to queue
[2024-02-26T13:56:29.649+0000] {logging_mixin.py:188} INFO - [2024-02-26T13:56:29.649+0000] {dagbag.py:540} INFO - Filling up the DagBag from /usr/local/lib/python3.10/dist-packages/airflow/example_dags/example_xcomargs.py
[2024-02-26T13:56:29.660+0000] {processor.py:840} INFO - DAG(s) 'example_xcom_args_with_operators', 'example_xcom_args' retrieved from /usr/local/lib/python3.10/dist-packages/airflow/example_dags/example_xcomargs.py
[2024-02-26T13:56:29.681+0000] {logging_mixin.py:188} INFO - [2024-02-26T13:56:29.681+0000] {dag.py:3047} INFO - Sync 2 DAGs
[2024-02-26T13:56:29.694+0000] {logging_mixin.py:188} INFO - [2024-02-26T13:56:29.694+0000] {dag.py:3834} INFO - Setting next_dagrun for example_xcom_args to None, run_after=None
[2024-02-26T13:56:29.698+0000] {logging_mixin.py:188} INFO - [2024-02-26T13:56:29.698+0000] {dag.py:3834} INFO - Setting next_dagrun for example_xcom_args_with_operators to None, run_after=None
[2024-02-26T13:56:29.719+0000] {processor.py:183} INFO - Processing /usr/local/lib/python3.10/dist-packages/airflow/example_dags/example_xcomargs.py took 0.075 seconds
[2024-02-26T13:57:15.555+0000] {processor.py:161} INFO - Started process (PID=4600) to work on /usr/local/lib/python3.10/dist-packages/airflow/example_dags/example_xcomargs.py
[2024-02-26T13:57:15.557+0000] {processor.py:830} INFO - Processing file /usr/local/lib/python3.10/dist-packages/airflow/example_dags/example_xcomargs.py for tasks to queue
[2024-02-26T13:57:15.558+0000] {logging_mixin.py:188} INFO - [2024-02-26T13:57:15.557+0000] {dagbag.py:540} INFO - Filling up the DagBag from /usr/local/lib/python3.10/dist-packages/airflow/example_dags/example_xcomargs.py
[2024-02-26T13:57:15.568+0000] {processor.py:840} INFO - DAG(s) 'example_xcom_args', 'example_xcom_args_with_operators' retrieved from /usr/local/lib/python3.10/dist-packages/airflow/example_dags/example_xcomargs.py
[2024-02-26T13:57:15.589+0000] {logging_mixin.py:188} INFO - [2024-02-26T13:57:15.589+0000] {dag.py:3047} INFO - Sync 2 DAGs
[2024-02-26T13:57:15.602+0000] {logging_mixin.py:188} INFO - [2024-02-26T13:57:15.602+0000] {dag.py:3834} INFO - Setting next_dagrun for example_xcom_args to None, run_after=None
[2024-02-26T13:57:15.605+0000] {logging_mixin.py:188} INFO - [2024-02-26T13:57:15.605+0000] {dag.py:3834} INFO - Setting next_dagrun for example_xcom_args_with_operators to None, run_after=None
[2024-02-26T13:57:15.626+0000] {processor.py:183} INFO - Processing /usr/local/lib/python3.10/dist-packages/airflow/example_dags/example_xcomargs.py took 0.074 seconds
[2024-02-26T13:57:58.315+0000] {processor.py:161} INFO - Started process (PID=4658) to work on /usr/local/lib/python3.10/dist-packages/airflow/example_dags/example_xcomargs.py
[2024-02-26T13:57:58.316+0000] {processor.py:830} INFO - Processing file /usr/local/lib/python3.10/dist-packages/airflow/example_dags/example_xcomargs.py for tasks to queue
[2024-02-26T13:57:58.317+0000] {logging_mixin.py:188} INFO - [2024-02-26T13:57:58.317+0000] {dagbag.py:540} INFO - Filling up the DagBag from /usr/local/lib/python3.10/dist-packages/airflow/example_dags/example_xcomargs.py
[2024-02-26T13:57:58.331+0000] {processor.py:840} INFO - DAG(s) 'example_xcom_args', 'example_xcom_args_with_operators' retrieved from /usr/local/lib/python3.10/dist-packages/airflow/example_dags/example_xcomargs.py
[2024-02-26T13:57:58.341+0000] {logging_mixin.py:188} INFO - [2024-02-26T13:57:58.340+0000] {dag.py:3047} INFO - Sync 2 DAGs
[2024-02-26T13:57:58.355+0000] {logging_mixin.py:188} INFO - [2024-02-26T13:57:58.355+0000] {dag.py:3834} INFO - Setting next_dagrun for example_xcom_args to None, run_after=None
[2024-02-26T13:57:58.359+0000] {logging_mixin.py:188} INFO - [2024-02-26T13:57:58.358+0000] {dag.py:3834} INFO - Setting next_dagrun for example_xcom_args_with_operators to None, run_after=None
[2024-02-26T13:57:58.381+0000] {processor.py:183} INFO - Processing /usr/local/lib/python3.10/dist-packages/airflow/example_dags/example_xcomargs.py took 0.069 seconds
[2024-02-26T13:58:48.799+0000] {processor.py:161} INFO - Started process (PID=4706) to work on /usr/local/lib/python3.10/dist-packages/airflow/example_dags/example_xcomargs.py
[2024-02-26T13:58:48.800+0000] {processor.py:830} INFO - Processing file /usr/local/lib/python3.10/dist-packages/airflow/example_dags/example_xcomargs.py for tasks to queue
[2024-02-26T13:58:48.801+0000] {logging_mixin.py:188} INFO - [2024-02-26T13:58:48.801+0000] {dagbag.py:540} INFO - Filling up the DagBag from /usr/local/lib/python3.10/dist-packages/airflow/example_dags/example_xcomargs.py
[2024-02-26T13:58:48.811+0000] {processor.py:840} INFO - DAG(s) 'example_xcom_args', 'example_xcom_args_with_operators' retrieved from /usr/local/lib/python3.10/dist-packages/airflow/example_dags/example_xcomargs.py
[2024-02-26T13:58:49.038+0000] {logging_mixin.py:188} INFO - [2024-02-26T13:58:49.037+0000] {dag.py:3047} INFO - Sync 2 DAGs
[2024-02-26T13:58:49.047+0000] {logging_mixin.py:188} INFO - [2024-02-26T13:58:49.047+0000] {dag.py:3834} INFO - Setting next_dagrun for example_xcom_args to None, run_after=None
[2024-02-26T13:58:49.050+0000] {logging_mixin.py:188} INFO - [2024-02-26T13:58:49.050+0000] {dag.py:3834} INFO - Setting next_dagrun for example_xcom_args_with_operators to None, run_after=None
[2024-02-26T13:58:49.070+0000] {processor.py:183} INFO - Processing /usr/local/lib/python3.10/dist-packages/airflow/example_dags/example_xcomargs.py took 0.275 seconds
[2024-02-26T13:59:52.083+0000] {processor.py:161} INFO - Started process (PID=4773) to work on /usr/local/lib/python3.10/dist-packages/airflow/example_dags/example_xcomargs.py
[2024-02-26T13:59:52.084+0000] {processor.py:830} INFO - Processing file /usr/local/lib/python3.10/dist-packages/airflow/example_dags/example_xcomargs.py for tasks to queue
[2024-02-26T13:59:52.085+0000] {logging_mixin.py:188} INFO - [2024-02-26T13:59:52.085+0000] {dagbag.py:540} INFO - Filling up the DagBag from /usr/local/lib/python3.10/dist-packages/airflow/example_dags/example_xcomargs.py
[2024-02-26T13:59:52.099+0000] {processor.py:840} INFO - DAG(s) 'example_xcom_args', 'example_xcom_args_with_operators' retrieved from /usr/local/lib/python3.10/dist-packages/airflow/example_dags/example_xcomargs.py
[2024-02-26T13:59:52.108+0000] {logging_mixin.py:188} INFO - [2024-02-26T13:59:52.108+0000] {dag.py:3047} INFO - Sync 2 DAGs
[2024-02-26T13:59:52.122+0000] {logging_mixin.py:188} INFO - [2024-02-26T13:59:52.122+0000] {dag.py:3834} INFO - Setting next_dagrun for example_xcom_args to None, run_after=None
[2024-02-26T13:59:52.125+0000] {logging_mixin.py:188} INFO - [2024-02-26T13:59:52.125+0000] {dag.py:3834} INFO - Setting next_dagrun for example_xcom_args_with_operators to None, run_after=None
[2024-02-26T13:59:52.145+0000] {processor.py:183} INFO - Processing /usr/local/lib/python3.10/dist-packages/airflow/example_dags/example_xcomargs.py took 0.066 seconds
