[2024-02-26T13:34:57.672+0000] {processor.py:161} INFO - Started process (PID=3675) to work on /usr/local/lib/python3.10/dist-packages/airflow/example_dags/example_nested_branch_dag.py
[2024-02-26T13:34:57.673+0000] {processor.py:830} INFO - Processing file /usr/local/lib/python3.10/dist-packages/airflow/example_dags/example_nested_branch_dag.py for tasks to queue
[2024-02-26T13:34:57.674+0000] {logging_mixin.py:188} INFO - [2024-02-26T13:34:57.674+0000] {dagbag.py:540} INFO - Filling up the DagBag from /usr/local/lib/python3.10/dist-packages/airflow/example_dags/example_nested_branch_dag.py
[2024-02-26T13:34:57.685+0000] {processor.py:840} INFO - DAG(s) 'example_nested_branch_dag' retrieved from /usr/local/lib/python3.10/dist-packages/airflow/example_dags/example_nested_branch_dag.py
[2024-02-26T13:34:57.798+0000] {logging_mixin.py:188} INFO - [2024-02-26T13:34:57.797+0000] {override.py:1769} INFO - Created Permission View: can delete on DAG:example_nested_branch_dag
[2024-02-26T13:34:57.811+0000] {logging_mixin.py:188} INFO - [2024-02-26T13:34:57.811+0000] {override.py:1769} INFO - Created Permission View: can edit on DAG:example_nested_branch_dag
[2024-02-26T13:34:57.821+0000] {logging_mixin.py:188} INFO - [2024-02-26T13:34:57.820+0000] {override.py:1769} INFO - Created Permission View: can read on DAG:example_nested_branch_dag
[2024-02-26T13:34:57.821+0000] {logging_mixin.py:188} INFO - [2024-02-26T13:34:57.821+0000] {dag.py:3047} INFO - Sync 1 DAGs
[2024-02-26T13:34:57.932+0000] {logging_mixin.py:188} INFO - [2024-02-26T13:34:57.932+0000] {dag.py:3069} INFO - Creating ORM DAG for example_nested_branch_dag
[2024-02-26T13:34:57.943+0000] {logging_mixin.py:188} INFO - [2024-02-26T13:34:57.942+0000] {dag.py:3834} INFO - Setting next_dagrun for example_nested_branch_dag to 2024-02-25 00:00:00+00:00, run_after=2024-02-26 00:00:00+00:00
[2024-02-26T13:34:57.964+0000] {processor.py:183} INFO - Processing /usr/local/lib/python3.10/dist-packages/airflow/example_dags/example_nested_branch_dag.py took 0.295 seconds
[2024-02-26T13:35:45.970+0000] {processor.py:161} INFO - Started process (PID=3723) to work on /usr/local/lib/python3.10/dist-packages/airflow/example_dags/example_nested_branch_dag.py
[2024-02-26T13:35:45.971+0000] {processor.py:830} INFO - Processing file /usr/local/lib/python3.10/dist-packages/airflow/example_dags/example_nested_branch_dag.py for tasks to queue
[2024-02-26T13:35:45.972+0000] {logging_mixin.py:188} INFO - [2024-02-26T13:35:45.971+0000] {dagbag.py:540} INFO - Filling up the DagBag from /usr/local/lib/python3.10/dist-packages/airflow/example_dags/example_nested_branch_dag.py
[2024-02-26T13:35:45.983+0000] {processor.py:840} INFO - DAG(s) 'example_nested_branch_dag' retrieved from /usr/local/lib/python3.10/dist-packages/airflow/example_dags/example_nested_branch_dag.py
[2024-02-26T13:35:46.002+0000] {logging_mixin.py:188} INFO - [2024-02-26T13:35:46.002+0000] {dag.py:3047} INFO - Sync 1 DAGs
[2024-02-26T13:35:46.024+0000] {logging_mixin.py:188} INFO - [2024-02-26T13:35:46.024+0000] {dag.py:3834} INFO - Setting next_dagrun for example_nested_branch_dag to 2024-02-25 00:00:00+00:00, run_after=2024-02-26 00:00:00+00:00
[2024-02-26T13:35:46.047+0000] {processor.py:183} INFO - Processing /usr/local/lib/python3.10/dist-packages/airflow/example_dags/example_nested_branch_dag.py took 0.081 seconds
[2024-02-26T13:36:45.128+0000] {processor.py:161} INFO - Started process (PID=3780) to work on /usr/local/lib/python3.10/dist-packages/airflow/example_dags/example_nested_branch_dag.py
[2024-02-26T13:36:45.129+0000] {processor.py:830} INFO - Processing file /usr/local/lib/python3.10/dist-packages/airflow/example_dags/example_nested_branch_dag.py for tasks to queue
[2024-02-26T13:36:45.130+0000] {logging_mixin.py:188} INFO - [2024-02-26T13:36:45.130+0000] {dagbag.py:540} INFO - Filling up the DagBag from /usr/local/lib/python3.10/dist-packages/airflow/example_dags/example_nested_branch_dag.py
[2024-02-26T13:36:45.142+0000] {processor.py:840} INFO - DAG(s) 'example_nested_branch_dag' retrieved from /usr/local/lib/python3.10/dist-packages/airflow/example_dags/example_nested_branch_dag.py
[2024-02-26T13:36:45.162+0000] {logging_mixin.py:188} INFO - [2024-02-26T13:36:45.162+0000] {dag.py:3047} INFO - Sync 1 DAGs
[2024-02-26T13:36:45.290+0000] {logging_mixin.py:188} INFO - [2024-02-26T13:36:45.289+0000] {dag.py:3834} INFO - Setting next_dagrun for example_nested_branch_dag to 2024-02-25 00:00:00+00:00, run_after=2024-02-26 00:00:00+00:00
[2024-02-26T13:36:45.311+0000] {processor.py:183} INFO - Processing /usr/local/lib/python3.10/dist-packages/airflow/example_dags/example_nested_branch_dag.py took 0.187 seconds
[2024-02-26T13:37:53.810+0000] {processor.py:161} INFO - Started process (PID=3856) to work on /usr/local/lib/python3.10/dist-packages/airflow/example_dags/example_nested_branch_dag.py
[2024-02-26T13:37:53.811+0000] {processor.py:830} INFO - Processing file /usr/local/lib/python3.10/dist-packages/airflow/example_dags/example_nested_branch_dag.py for tasks to queue
[2024-02-26T13:37:53.812+0000] {logging_mixin.py:188} INFO - [2024-02-26T13:37:53.812+0000] {dagbag.py:540} INFO - Filling up the DagBag from /usr/local/lib/python3.10/dist-packages/airflow/example_dags/example_nested_branch_dag.py
[2024-02-26T13:37:53.824+0000] {processor.py:840} INFO - DAG(s) 'example_nested_branch_dag' retrieved from /usr/local/lib/python3.10/dist-packages/airflow/example_dags/example_nested_branch_dag.py
[2024-02-26T13:37:53.926+0000] {logging_mixin.py:188} INFO - [2024-02-26T13:37:53.925+0000] {dag.py:3047} INFO - Sync 1 DAGs
[2024-02-26T13:37:54.050+0000] {logging_mixin.py:188} INFO - [2024-02-26T13:37:54.050+0000] {dag.py:3834} INFO - Setting next_dagrun for example_nested_branch_dag to 2024-02-25 00:00:00+00:00, run_after=2024-02-26 00:00:00+00:00
[2024-02-26T13:37:54.073+0000] {processor.py:183} INFO - Processing /usr/local/lib/python3.10/dist-packages/airflow/example_dags/example_nested_branch_dag.py took 0.266 seconds
[2024-02-26T13:38:50.040+0000] {processor.py:161} INFO - Started process (PID=3908) to work on /usr/local/lib/python3.10/dist-packages/airflow/example_dags/example_nested_branch_dag.py
[2024-02-26T13:38:50.041+0000] {processor.py:830} INFO - Processing file /usr/local/lib/python3.10/dist-packages/airflow/example_dags/example_nested_branch_dag.py for tasks to queue
[2024-02-26T13:38:50.042+0000] {logging_mixin.py:188} INFO - [2024-02-26T13:38:50.042+0000] {dagbag.py:540} INFO - Filling up the DagBag from /usr/local/lib/python3.10/dist-packages/airflow/example_dags/example_nested_branch_dag.py
[2024-02-26T13:38:50.054+0000] {processor.py:840} INFO - DAG(s) 'example_nested_branch_dag' retrieved from /usr/local/lib/python3.10/dist-packages/airflow/example_dags/example_nested_branch_dag.py
[2024-02-26T13:38:50.074+0000] {logging_mixin.py:188} INFO - [2024-02-26T13:38:50.073+0000] {dag.py:3047} INFO - Sync 1 DAGs
[2024-02-26T13:38:50.096+0000] {logging_mixin.py:188} INFO - [2024-02-26T13:38:50.096+0000] {dag.py:3834} INFO - Setting next_dagrun for example_nested_branch_dag to 2024-02-25 00:00:00+00:00, run_after=2024-02-26 00:00:00+00:00
[2024-02-26T13:38:50.119+0000] {processor.py:183} INFO - Processing /usr/local/lib/python3.10/dist-packages/airflow/example_dags/example_nested_branch_dag.py took 0.083 seconds
[2024-02-26T13:39:51.503+0000] {processor.py:161} INFO - Started process (PID=3968) to work on /usr/local/lib/python3.10/dist-packages/airflow/example_dags/example_nested_branch_dag.py
[2024-02-26T13:39:51.505+0000] {processor.py:830} INFO - Processing file /usr/local/lib/python3.10/dist-packages/airflow/example_dags/example_nested_branch_dag.py for tasks to queue
[2024-02-26T13:39:51.506+0000] {logging_mixin.py:188} INFO - [2024-02-26T13:39:51.505+0000] {dagbag.py:540} INFO - Filling up the DagBag from /usr/local/lib/python3.10/dist-packages/airflow/example_dags/example_nested_branch_dag.py
[2024-02-26T13:39:51.517+0000] {processor.py:840} INFO - DAG(s) 'example_nested_branch_dag' retrieved from /usr/local/lib/python3.10/dist-packages/airflow/example_dags/example_nested_branch_dag.py
[2024-02-26T13:39:51.536+0000] {logging_mixin.py:188} INFO - [2024-02-26T13:39:51.536+0000] {dag.py:3047} INFO - Sync 1 DAGs
[2024-02-26T13:39:51.665+0000] {logging_mixin.py:188} INFO - [2024-02-26T13:39:51.664+0000] {dag.py:3834} INFO - Setting next_dagrun for example_nested_branch_dag to 2024-02-25 00:00:00+00:00, run_after=2024-02-26 00:00:00+00:00
[2024-02-26T13:39:51.685+0000] {processor.py:183} INFO - Processing /usr/local/lib/python3.10/dist-packages/airflow/example_dags/example_nested_branch_dag.py took 0.186 seconds
[2024-02-26T13:40:51.304+0000] {processor.py:161} INFO - Started process (PID=4027) to work on /usr/local/lib/python3.10/dist-packages/airflow/example_dags/example_nested_branch_dag.py
[2024-02-26T13:40:51.306+0000] {processor.py:830} INFO - Processing file /usr/local/lib/python3.10/dist-packages/airflow/example_dags/example_nested_branch_dag.py for tasks to queue
[2024-02-26T13:40:51.307+0000] {logging_mixin.py:188} INFO - [2024-02-26T13:40:51.306+0000] {dagbag.py:540} INFO - Filling up the DagBag from /usr/local/lib/python3.10/dist-packages/airflow/example_dags/example_nested_branch_dag.py
[2024-02-26T13:40:51.318+0000] {processor.py:840} INFO - DAG(s) 'example_nested_branch_dag' retrieved from /usr/local/lib/python3.10/dist-packages/airflow/example_dags/example_nested_branch_dag.py
[2024-02-26T13:40:51.337+0000] {logging_mixin.py:188} INFO - [2024-02-26T13:40:51.337+0000] {dag.py:3047} INFO - Sync 1 DAGs
[2024-02-26T13:40:51.360+0000] {logging_mixin.py:188} INFO - [2024-02-26T13:40:51.360+0000] {dag.py:3834} INFO - Setting next_dagrun for example_nested_branch_dag to 2024-02-25 00:00:00+00:00, run_after=2024-02-26 00:00:00+00:00
[2024-02-26T13:40:51.384+0000] {processor.py:183} INFO - Processing /usr/local/lib/python3.10/dist-packages/airflow/example_dags/example_nested_branch_dag.py took 0.083 seconds
[2024-02-26T13:41:41.932+0000] {processor.py:161} INFO - Started process (PID=4080) to work on /usr/local/lib/python3.10/dist-packages/airflow/example_dags/example_nested_branch_dag.py
[2024-02-26T13:41:41.934+0000] {processor.py:830} INFO - Processing file /usr/local/lib/python3.10/dist-packages/airflow/example_dags/example_nested_branch_dag.py for tasks to queue
[2024-02-26T13:41:41.935+0000] {logging_mixin.py:188} INFO - [2024-02-26T13:41:41.934+0000] {dagbag.py:540} INFO - Filling up the DagBag from /usr/local/lib/python3.10/dist-packages/airflow/example_dags/example_nested_branch_dag.py
[2024-02-26T13:41:41.946+0000] {processor.py:840} INFO - DAG(s) 'example_nested_branch_dag' retrieved from /usr/local/lib/python3.10/dist-packages/airflow/example_dags/example_nested_branch_dag.py
[2024-02-26T13:41:41.965+0000] {logging_mixin.py:188} INFO - [2024-02-26T13:41:41.965+0000] {dag.py:3047} INFO - Sync 1 DAGs
[2024-02-26T13:41:41.988+0000] {logging_mixin.py:188} INFO - [2024-02-26T13:41:41.988+0000] {dag.py:3834} INFO - Setting next_dagrun for example_nested_branch_dag to 2024-02-25 00:00:00+00:00, run_after=2024-02-26 00:00:00+00:00
[2024-02-26T13:41:42.011+0000] {processor.py:183} INFO - Processing /usr/local/lib/python3.10/dist-packages/airflow/example_dags/example_nested_branch_dag.py took 0.083 seconds
[2024-02-26T13:42:33.633+0000] {processor.py:161} INFO - Started process (PID=4132) to work on /usr/local/lib/python3.10/dist-packages/airflow/example_dags/example_nested_branch_dag.py
[2024-02-26T13:42:33.634+0000] {processor.py:830} INFO - Processing file /usr/local/lib/python3.10/dist-packages/airflow/example_dags/example_nested_branch_dag.py for tasks to queue
[2024-02-26T13:42:33.635+0000] {logging_mixin.py:188} INFO - [2024-02-26T13:42:33.635+0000] {dagbag.py:540} INFO - Filling up the DagBag from /usr/local/lib/python3.10/dist-packages/airflow/example_dags/example_nested_branch_dag.py
[2024-02-26T13:42:33.647+0000] {processor.py:840} INFO - DAG(s) 'example_nested_branch_dag' retrieved from /usr/local/lib/python3.10/dist-packages/airflow/example_dags/example_nested_branch_dag.py
[2024-02-26T13:42:33.665+0000] {logging_mixin.py:188} INFO - [2024-02-26T13:42:33.665+0000] {dag.py:3047} INFO - Sync 1 DAGs
[2024-02-26T13:42:33.687+0000] {logging_mixin.py:188} INFO - [2024-02-26T13:42:33.687+0000] {dag.py:3834} INFO - Setting next_dagrun for example_nested_branch_dag to 2024-02-25 00:00:00+00:00, run_after=2024-02-26 00:00:00+00:00
[2024-02-26T13:42:33.709+0000] {processor.py:183} INFO - Processing /usr/local/lib/python3.10/dist-packages/airflow/example_dags/example_nested_branch_dag.py took 0.080 seconds
[2024-02-26T13:47:53.283+0000] {processor.py:161} INFO - Started process (PID=4303) to work on /usr/local/lib/python3.10/dist-packages/airflow/example_dags/example_nested_branch_dag.py
[2024-02-26T13:47:53.285+0000] {processor.py:830} INFO - Processing file /usr/local/lib/python3.10/dist-packages/airflow/example_dags/example_nested_branch_dag.py for tasks to queue
[2024-02-26T13:47:53.286+0000] {logging_mixin.py:188} INFO - [2024-02-26T13:47:53.285+0000] {dagbag.py:540} INFO - Filling up the DagBag from /usr/local/lib/python3.10/dist-packages/airflow/example_dags/example_nested_branch_dag.py
[2024-02-26T13:47:53.297+0000] {processor.py:840} INFO - DAG(s) 'example_nested_branch_dag' retrieved from /usr/local/lib/python3.10/dist-packages/airflow/example_dags/example_nested_branch_dag.py
[2024-02-26T13:47:53.401+0000] {logging_mixin.py:188} INFO - [2024-02-26T13:47:53.401+0000] {dag.py:3047} INFO - Sync 1 DAGs
[2024-02-26T13:47:53.536+0000] {logging_mixin.py:188} INFO - [2024-02-26T13:47:53.536+0000] {dag.py:3834} INFO - Setting next_dagrun for example_nested_branch_dag to 2024-02-25 00:00:00+00:00, run_after=2024-02-26 00:00:00+00:00
[2024-02-26T13:47:53.559+0000] {processor.py:183} INFO - Processing /usr/local/lib/python3.10/dist-packages/airflow/example_dags/example_nested_branch_dag.py took 0.279 seconds
[2024-02-26T13:53:55.883+0000] {processor.py:161} INFO - Started process (PID=4407) to work on /usr/local/lib/python3.10/dist-packages/airflow/example_dags/example_nested_branch_dag.py
[2024-02-26T13:53:55.884+0000] {processor.py:830} INFO - Processing file /usr/local/lib/python3.10/dist-packages/airflow/example_dags/example_nested_branch_dag.py for tasks to queue
[2024-02-26T13:53:55.885+0000] {logging_mixin.py:188} INFO - [2024-02-26T13:53:55.885+0000] {dagbag.py:540} INFO - Filling up the DagBag from /usr/local/lib/python3.10/dist-packages/airflow/example_dags/example_nested_branch_dag.py
[2024-02-26T13:53:55.897+0000] {processor.py:840} INFO - DAG(s) 'example_nested_branch_dag' retrieved from /usr/local/lib/python3.10/dist-packages/airflow/example_dags/example_nested_branch_dag.py
[2024-02-26T13:53:56.003+0000] {logging_mixin.py:188} INFO - [2024-02-26T13:53:56.002+0000] {dag.py:3047} INFO - Sync 1 DAGs
[2024-02-26T13:53:56.131+0000] {logging_mixin.py:188} INFO - [2024-02-26T13:53:56.130+0000] {dag.py:3834} INFO - Setting next_dagrun for example_nested_branch_dag to 2024-02-25 00:00:00+00:00, run_after=2024-02-26 00:00:00+00:00
[2024-02-26T13:53:56.153+0000] {processor.py:183} INFO - Processing /usr/local/lib/python3.10/dist-packages/airflow/example_dags/example_nested_branch_dag.py took 0.273 seconds
[2024-02-26T13:54:48.083+0000] {processor.py:161} INFO - Started process (PID=4455) to work on /usr/local/lib/python3.10/dist-packages/airflow/example_dags/example_nested_branch_dag.py
[2024-02-26T13:54:48.085+0000] {processor.py:830} INFO - Processing file /usr/local/lib/python3.10/dist-packages/airflow/example_dags/example_nested_branch_dag.py for tasks to queue
[2024-02-26T13:54:48.086+0000] {logging_mixin.py:188} INFO - [2024-02-26T13:54:48.085+0000] {dagbag.py:540} INFO - Filling up the DagBag from /usr/local/lib/python3.10/dist-packages/airflow/example_dags/example_nested_branch_dag.py
[2024-02-26T13:54:48.097+0000] {processor.py:840} INFO - DAG(s) 'example_nested_branch_dag' retrieved from /usr/local/lib/python3.10/dist-packages/airflow/example_dags/example_nested_branch_dag.py
[2024-02-26T13:54:48.116+0000] {logging_mixin.py:188} INFO - [2024-02-26T13:54:48.116+0000] {dag.py:3047} INFO - Sync 1 DAGs
[2024-02-26T13:54:48.138+0000] {logging_mixin.py:188} INFO - [2024-02-26T13:54:48.138+0000] {dag.py:3834} INFO - Setting next_dagrun for example_nested_branch_dag to 2024-02-25 00:00:00+00:00, run_after=2024-02-26 00:00:00+00:00
[2024-02-26T13:54:48.161+0000] {processor.py:183} INFO - Processing /usr/local/lib/python3.10/dist-packages/airflow/example_dags/example_nested_branch_dag.py took 0.081 seconds
[2024-02-26T13:55:52.048+0000] {processor.py:161} INFO - Started process (PID=4515) to work on /usr/local/lib/python3.10/dist-packages/airflow/example_dags/example_nested_branch_dag.py
[2024-02-26T13:55:52.049+0000] {processor.py:830} INFO - Processing file /usr/local/lib/python3.10/dist-packages/airflow/example_dags/example_nested_branch_dag.py for tasks to queue
[2024-02-26T13:55:52.050+0000] {logging_mixin.py:188} INFO - [2024-02-26T13:55:52.050+0000] {dagbag.py:540} INFO - Filling up the DagBag from /usr/local/lib/python3.10/dist-packages/airflow/example_dags/example_nested_branch_dag.py
[2024-02-26T13:55:52.062+0000] {processor.py:840} INFO - DAG(s) 'example_nested_branch_dag' retrieved from /usr/local/lib/python3.10/dist-packages/airflow/example_dags/example_nested_branch_dag.py
[2024-02-26T13:55:52.082+0000] {logging_mixin.py:188} INFO - [2024-02-26T13:55:52.081+0000] {dag.py:3047} INFO - Sync 1 DAGs
[2024-02-26T13:55:52.219+0000] {logging_mixin.py:188} INFO - [2024-02-26T13:55:52.218+0000] {dag.py:3834} INFO - Setting next_dagrun for example_nested_branch_dag to 2024-02-25 00:00:00+00:00, run_after=2024-02-26 00:00:00+00:00
[2024-02-26T13:55:52.240+0000] {processor.py:183} INFO - Processing /usr/local/lib/python3.10/dist-packages/airflow/example_dags/example_nested_branch_dag.py took 0.195 seconds
[2024-02-26T13:56:49.602+0000] {processor.py:161} INFO - Started process (PID=4572) to work on /usr/local/lib/python3.10/dist-packages/airflow/example_dags/example_nested_branch_dag.py
[2024-02-26T13:56:49.603+0000] {processor.py:830} INFO - Processing file /usr/local/lib/python3.10/dist-packages/airflow/example_dags/example_nested_branch_dag.py for tasks to queue
[2024-02-26T13:56:49.604+0000] {logging_mixin.py:188} INFO - [2024-02-26T13:56:49.604+0000] {dagbag.py:540} INFO - Filling up the DagBag from /usr/local/lib/python3.10/dist-packages/airflow/example_dags/example_nested_branch_dag.py
[2024-02-26T13:56:49.616+0000] {processor.py:840} INFO - DAG(s) 'example_nested_branch_dag' retrieved from /usr/local/lib/python3.10/dist-packages/airflow/example_dags/example_nested_branch_dag.py
[2024-02-26T13:56:49.635+0000] {logging_mixin.py:188} INFO - [2024-02-26T13:56:49.634+0000] {dag.py:3047} INFO - Sync 1 DAGs
[2024-02-26T13:56:49.658+0000] {logging_mixin.py:188} INFO - [2024-02-26T13:56:49.658+0000] {dag.py:3834} INFO - Setting next_dagrun for example_nested_branch_dag to 2024-02-25 00:00:00+00:00, run_after=2024-02-26 00:00:00+00:00
[2024-02-26T13:56:49.681+0000] {processor.py:183} INFO - Processing /usr/local/lib/python3.10/dist-packages/airflow/example_dags/example_nested_branch_dag.py took 0.083 seconds
[2024-02-26T13:58:26.760+0000] {processor.py:161} INFO - Started process (PID=4686) to work on /usr/local/lib/python3.10/dist-packages/airflow/example_dags/example_nested_branch_dag.py
[2024-02-26T13:58:26.762+0000] {processor.py:830} INFO - Processing file /usr/local/lib/python3.10/dist-packages/airflow/example_dags/example_nested_branch_dag.py for tasks to queue
[2024-02-26T13:58:26.763+0000] {logging_mixin.py:188} INFO - [2024-02-26T13:58:26.762+0000] {dagbag.py:540} INFO - Filling up the DagBag from /usr/local/lib/python3.10/dist-packages/airflow/example_dags/example_nested_branch_dag.py
[2024-02-26T13:58:26.775+0000] {processor.py:840} INFO - DAG(s) 'example_nested_branch_dag' retrieved from /usr/local/lib/python3.10/dist-packages/airflow/example_dags/example_nested_branch_dag.py
[2024-02-26T13:58:26.880+0000] {logging_mixin.py:188} INFO - [2024-02-26T13:58:26.880+0000] {dag.py:3047} INFO - Sync 1 DAGs
[2024-02-26T13:58:27.015+0000] {logging_mixin.py:188} INFO - [2024-02-26T13:58:27.014+0000] {dag.py:3834} INFO - Setting next_dagrun for example_nested_branch_dag to 2024-02-25 00:00:00+00:00, run_after=2024-02-26 00:00:00+00:00
[2024-02-26T13:58:27.037+0000] {processor.py:183} INFO - Processing /usr/local/lib/python3.10/dist-packages/airflow/example_dags/example_nested_branch_dag.py took 0.281 seconds
[2024-02-26T13:59:21.903+0000] {processor.py:161} INFO - Started process (PID=4735) to work on /usr/local/lib/python3.10/dist-packages/airflow/example_dags/example_nested_branch_dag.py
[2024-02-26T13:59:21.905+0000] {processor.py:830} INFO - Processing file /usr/local/lib/python3.10/dist-packages/airflow/example_dags/example_nested_branch_dag.py for tasks to queue
[2024-02-26T13:59:21.906+0000] {logging_mixin.py:188} INFO - [2024-02-26T13:59:21.905+0000] {dagbag.py:540} INFO - Filling up the DagBag from /usr/local/lib/python3.10/dist-packages/airflow/example_dags/example_nested_branch_dag.py
[2024-02-26T13:59:21.918+0000] {processor.py:840} INFO - DAG(s) 'example_nested_branch_dag' retrieved from /usr/local/lib/python3.10/dist-packages/airflow/example_dags/example_nested_branch_dag.py
[2024-02-26T13:59:21.938+0000] {logging_mixin.py:188} INFO - [2024-02-26T13:59:21.938+0000] {dag.py:3047} INFO - Sync 1 DAGs
[2024-02-26T13:59:21.962+0000] {logging_mixin.py:188} INFO - [2024-02-26T13:59:21.961+0000] {dag.py:3834} INFO - Setting next_dagrun for example_nested_branch_dag to 2024-02-25 00:00:00+00:00, run_after=2024-02-26 00:00:00+00:00
[2024-02-26T13:59:21.986+0000] {processor.py:183} INFO - Processing /usr/local/lib/python3.10/dist-packages/airflow/example_dags/example_nested_branch_dag.py took 0.086 seconds
