[2024-02-26T13:34:51.175+0000] {processor.py:161} INFO - Started process (PID=3670) to work on /usr/local/lib/python3.10/dist-packages/airflow/example_dags/example_params_trigger_ui.py
[2024-02-26T13:34:51.176+0000] {processor.py:830} INFO - Processing file /usr/local/lib/python3.10/dist-packages/airflow/example_dags/example_params_trigger_ui.py for tasks to queue
[2024-02-26T13:34:51.177+0000] {logging_mixin.py:188} INFO - [2024-02-26T13:34:51.177+0000] {dagbag.py:540} INFO - Filling up the DagBag from /usr/local/lib/python3.10/dist-packages/airflow/example_dags/example_params_trigger_ui.py
[2024-02-26T13:34:51.193+0000] {processor.py:840} INFO - DAG(s) 'example_params_trigger_ui' retrieved from /usr/local/lib/python3.10/dist-packages/airflow/example_dags/example_params_trigger_ui.py
[2024-02-26T13:34:51.334+0000] {logging_mixin.py:188} INFO - [2024-02-26T13:34:51.333+0000] {override.py:1769} INFO - Created Permission View: can delete on DAG:example_params_trigger_ui
[2024-02-26T13:34:51.347+0000] {logging_mixin.py:188} INFO - [2024-02-26T13:34:51.346+0000] {override.py:1769} INFO - Created Permission View: can edit on DAG:example_params_trigger_ui
[2024-02-26T13:34:51.356+0000] {logging_mixin.py:188} INFO - [2024-02-26T13:34:51.356+0000] {override.py:1769} INFO - Created Permission View: can read on DAG:example_params_trigger_ui
[2024-02-26T13:34:51.357+0000] {logging_mixin.py:188} INFO - [2024-02-26T13:34:51.357+0000] {dag.py:3047} INFO - Sync 1 DAGs
[2024-02-26T13:34:51.483+0000] {logging_mixin.py:188} INFO - [2024-02-26T13:34:51.482+0000] {dag.py:3069} INFO - Creating ORM DAG for example_params_trigger_ui
[2024-02-26T13:34:51.483+0000] {logging_mixin.py:188} INFO - [2024-02-26T13:34:51.483+0000] {dag.py:3834} INFO - Setting next_dagrun for example_params_trigger_ui to None, run_after=None
[2024-02-26T13:34:51.505+0000] {processor.py:183} INFO - Processing /usr/local/lib/python3.10/dist-packages/airflow/example_dags/example_params_trigger_ui.py took 0.333 seconds
[2024-02-26T13:35:40.822+0000] {processor.py:161} INFO - Started process (PID=3718) to work on /usr/local/lib/python3.10/dist-packages/airflow/example_dags/example_params_trigger_ui.py
[2024-02-26T13:35:40.823+0000] {processor.py:830} INFO - Processing file /usr/local/lib/python3.10/dist-packages/airflow/example_dags/example_params_trigger_ui.py for tasks to queue
[2024-02-26T13:35:40.824+0000] {logging_mixin.py:188} INFO - [2024-02-26T13:35:40.823+0000] {dagbag.py:540} INFO - Filling up the DagBag from /usr/local/lib/python3.10/dist-packages/airflow/example_dags/example_params_trigger_ui.py
[2024-02-26T13:35:40.840+0000] {processor.py:840} INFO - DAG(s) 'example_params_trigger_ui' retrieved from /usr/local/lib/python3.10/dist-packages/airflow/example_dags/example_params_trigger_ui.py
[2024-02-26T13:35:40.889+0000] {logging_mixin.py:188} INFO - [2024-02-26T13:35:40.888+0000] {dag.py:3047} INFO - Sync 1 DAGs
[2024-02-26T13:35:40.901+0000] {logging_mixin.py:188} INFO - [2024-02-26T13:35:40.900+0000] {dag.py:3834} INFO - Setting next_dagrun for example_params_trigger_ui to None, run_after=None
[2024-02-26T13:35:40.923+0000] {processor.py:183} INFO - Processing /usr/local/lib/python3.10/dist-packages/airflow/example_dags/example_params_trigger_ui.py took 0.105 seconds
[2024-02-26T13:36:39.096+0000] {processor.py:161} INFO - Started process (PID=3775) to work on /usr/local/lib/python3.10/dist-packages/airflow/example_dags/example_params_trigger_ui.py
[2024-02-26T13:36:39.097+0000] {processor.py:830} INFO - Processing file /usr/local/lib/python3.10/dist-packages/airflow/example_dags/example_params_trigger_ui.py for tasks to queue
[2024-02-26T13:36:39.098+0000] {logging_mixin.py:188} INFO - [2024-02-26T13:36:39.097+0000] {dagbag.py:540} INFO - Filling up the DagBag from /usr/local/lib/python3.10/dist-packages/airflow/example_dags/example_params_trigger_ui.py
[2024-02-26T13:36:39.114+0000] {processor.py:840} INFO - DAG(s) 'example_params_trigger_ui' retrieved from /usr/local/lib/python3.10/dist-packages/airflow/example_dags/example_params_trigger_ui.py
[2024-02-26T13:36:39.163+0000] {logging_mixin.py:188} INFO - [2024-02-26T13:36:39.163+0000] {dag.py:3047} INFO - Sync 1 DAGs
[2024-02-26T13:36:39.290+0000] {logging_mixin.py:188} INFO - [2024-02-26T13:36:39.289+0000] {dag.py:3834} INFO - Setting next_dagrun for example_params_trigger_ui to None, run_after=None
[2024-02-26T13:36:39.311+0000] {processor.py:183} INFO - Processing /usr/local/lib/python3.10/dist-packages/airflow/example_dags/example_params_trigger_ui.py took 0.219 seconds
[2024-02-26T13:37:47.100+0000] {processor.py:161} INFO - Started process (PID=3851) to work on /usr/local/lib/python3.10/dist-packages/airflow/example_dags/example_params_trigger_ui.py
[2024-02-26T13:37:47.102+0000] {processor.py:830} INFO - Processing file /usr/local/lib/python3.10/dist-packages/airflow/example_dags/example_params_trigger_ui.py for tasks to queue
[2024-02-26T13:37:47.103+0000] {logging_mixin.py:188} INFO - [2024-02-26T13:37:47.102+0000] {dagbag.py:540} INFO - Filling up the DagBag from /usr/local/lib/python3.10/dist-packages/airflow/example_dags/example_params_trigger_ui.py
[2024-02-26T13:37:47.118+0000] {processor.py:840} INFO - DAG(s) 'example_params_trigger_ui' retrieved from /usr/local/lib/python3.10/dist-packages/airflow/example_dags/example_params_trigger_ui.py
[2024-02-26T13:37:47.247+0000] {logging_mixin.py:188} INFO - [2024-02-26T13:37:47.247+0000] {dag.py:3047} INFO - Sync 1 DAGs
[2024-02-26T13:37:47.360+0000] {logging_mixin.py:188} INFO - [2024-02-26T13:37:47.360+0000] {dag.py:3834} INFO - Setting next_dagrun for example_params_trigger_ui to None, run_after=None
[2024-02-26T13:37:47.385+0000] {processor.py:183} INFO - Processing /usr/local/lib/python3.10/dist-packages/airflow/example_dags/example_params_trigger_ui.py took 0.288 seconds
[2024-02-26T13:38:45.313+0000] {processor.py:161} INFO - Started process (PID=3902) to work on /usr/local/lib/python3.10/dist-packages/airflow/example_dags/example_params_trigger_ui.py
[2024-02-26T13:38:45.315+0000] {processor.py:830} INFO - Processing file /usr/local/lib/python3.10/dist-packages/airflow/example_dags/example_params_trigger_ui.py for tasks to queue
[2024-02-26T13:38:45.316+0000] {logging_mixin.py:188} INFO - [2024-02-26T13:38:45.315+0000] {dagbag.py:540} INFO - Filling up the DagBag from /usr/local/lib/python3.10/dist-packages/airflow/example_dags/example_params_trigger_ui.py
[2024-02-26T13:38:45.332+0000] {processor.py:840} INFO - DAG(s) 'example_params_trigger_ui' retrieved from /usr/local/lib/python3.10/dist-packages/airflow/example_dags/example_params_trigger_ui.py
[2024-02-26T13:38:45.379+0000] {logging_mixin.py:188} INFO - [2024-02-26T13:38:45.378+0000] {dag.py:3047} INFO - Sync 1 DAGs
[2024-02-26T13:38:45.390+0000] {logging_mixin.py:188} INFO - [2024-02-26T13:38:45.390+0000] {dag.py:3834} INFO - Setting next_dagrun for example_params_trigger_ui to None, run_after=None
[2024-02-26T13:38:45.413+0000] {processor.py:183} INFO - Processing /usr/local/lib/python3.10/dist-packages/airflow/example_dags/example_params_trigger_ui.py took 0.103 seconds
[2024-02-26T13:39:34.135+0000] {processor.py:161} INFO - Started process (PID=3951) to work on /usr/local/lib/python3.10/dist-packages/airflow/example_dags/example_params_trigger_ui.py
[2024-02-26T13:39:34.137+0000] {processor.py:830} INFO - Processing file /usr/local/lib/python3.10/dist-packages/airflow/example_dags/example_params_trigger_ui.py for tasks to queue
[2024-02-26T13:39:34.138+0000] {logging_mixin.py:188} INFO - [2024-02-26T13:39:34.138+0000] {dagbag.py:540} INFO - Filling up the DagBag from /usr/local/lib/python3.10/dist-packages/airflow/example_dags/example_params_trigger_ui.py
[2024-02-26T13:39:34.155+0000] {processor.py:840} INFO - DAG(s) 'example_params_trigger_ui' retrieved from /usr/local/lib/python3.10/dist-packages/airflow/example_dags/example_params_trigger_ui.py
[2024-02-26T13:39:34.204+0000] {logging_mixin.py:188} INFO - [2024-02-26T13:39:34.203+0000] {dag.py:3047} INFO - Sync 1 DAGs
[2024-02-26T13:39:34.314+0000] {logging_mixin.py:188} INFO - [2024-02-26T13:39:34.314+0000] {dag.py:3834} INFO - Setting next_dagrun for example_params_trigger_ui to None, run_after=None
[2024-02-26T13:39:34.341+0000] {processor.py:183} INFO - Processing /usr/local/lib/python3.10/dist-packages/airflow/example_dags/example_params_trigger_ui.py took 0.209 seconds
[2024-02-26T13:40:35.376+0000] {processor.py:161} INFO - Started process (PID=4011) to work on /usr/local/lib/python3.10/dist-packages/airflow/example_dags/example_params_trigger_ui.py
[2024-02-26T13:40:35.377+0000] {processor.py:830} INFO - Processing file /usr/local/lib/python3.10/dist-packages/airflow/example_dags/example_params_trigger_ui.py for tasks to queue
[2024-02-26T13:40:35.378+0000] {logging_mixin.py:188} INFO - [2024-02-26T13:40:35.378+0000] {dagbag.py:540} INFO - Filling up the DagBag from /usr/local/lib/python3.10/dist-packages/airflow/example_dags/example_params_trigger_ui.py
[2024-02-26T13:40:35.395+0000] {processor.py:840} INFO - DAG(s) 'example_params_trigger_ui' retrieved from /usr/local/lib/python3.10/dist-packages/airflow/example_dags/example_params_trigger_ui.py
[2024-02-26T13:40:35.445+0000] {logging_mixin.py:188} INFO - [2024-02-26T13:40:35.445+0000] {dag.py:3047} INFO - Sync 1 DAGs
[2024-02-26T13:40:35.458+0000] {logging_mixin.py:188} INFO - [2024-02-26T13:40:35.458+0000] {dag.py:3834} INFO - Setting next_dagrun for example_params_trigger_ui to None, run_after=None
[2024-02-26T13:40:35.483+0000] {processor.py:183} INFO - Processing /usr/local/lib/python3.10/dist-packages/airflow/example_dags/example_params_trigger_ui.py took 0.111 seconds
[2024-02-26T13:41:27.771+0000] {processor.py:161} INFO - Started process (PID=4065) to work on /usr/local/lib/python3.10/dist-packages/airflow/example_dags/example_params_trigger_ui.py
[2024-02-26T13:41:27.773+0000] {processor.py:830} INFO - Processing file /usr/local/lib/python3.10/dist-packages/airflow/example_dags/example_params_trigger_ui.py for tasks to queue
[2024-02-26T13:41:27.774+0000] {logging_mixin.py:188} INFO - [2024-02-26T13:41:27.773+0000] {dagbag.py:540} INFO - Filling up the DagBag from /usr/local/lib/python3.10/dist-packages/airflow/example_dags/example_params_trigger_ui.py
[2024-02-26T13:41:27.791+0000] {processor.py:840} INFO - DAG(s) 'example_params_trigger_ui' retrieved from /usr/local/lib/python3.10/dist-packages/airflow/example_dags/example_params_trigger_ui.py
[2024-02-26T13:41:27.840+0000] {logging_mixin.py:188} INFO - [2024-02-26T13:41:27.839+0000] {dag.py:3047} INFO - Sync 1 DAGs
[2024-02-26T13:41:27.852+0000] {logging_mixin.py:188} INFO - [2024-02-26T13:41:27.852+0000] {dag.py:3834} INFO - Setting next_dagrun for example_params_trigger_ui to None, run_after=None
[2024-02-26T13:41:27.876+0000] {processor.py:183} INFO - Processing /usr/local/lib/python3.10/dist-packages/airflow/example_dags/example_params_trigger_ui.py took 0.108 seconds
[2024-02-26T13:42:17.227+0000] {processor.py:161} INFO - Started process (PID=4116) to work on /usr/local/lib/python3.10/dist-packages/airflow/example_dags/example_params_trigger_ui.py
[2024-02-26T13:42:17.228+0000] {processor.py:830} INFO - Processing file /usr/local/lib/python3.10/dist-packages/airflow/example_dags/example_params_trigger_ui.py for tasks to queue
[2024-02-26T13:42:17.229+0000] {logging_mixin.py:188} INFO - [2024-02-26T13:42:17.229+0000] {dagbag.py:540} INFO - Filling up the DagBag from /usr/local/lib/python3.10/dist-packages/airflow/example_dags/example_params_trigger_ui.py
[2024-02-26T13:42:17.245+0000] {processor.py:840} INFO - DAG(s) 'example_params_trigger_ui' retrieved from /usr/local/lib/python3.10/dist-packages/airflow/example_dags/example_params_trigger_ui.py
[2024-02-26T13:42:17.293+0000] {logging_mixin.py:188} INFO - [2024-02-26T13:42:17.293+0000] {dag.py:3047} INFO - Sync 1 DAGs
[2024-02-26T13:42:17.305+0000] {logging_mixin.py:188} INFO - [2024-02-26T13:42:17.305+0000] {dag.py:3834} INFO - Setting next_dagrun for example_params_trigger_ui to None, run_after=None
[2024-02-26T13:42:17.328+0000] {processor.py:183} INFO - Processing /usr/local/lib/python3.10/dist-packages/airflow/example_dags/example_params_trigger_ui.py took 0.104 seconds
[2024-02-26T13:44:37.965+0000] {processor.py:161} INFO - Started process (PID=4232) to work on /usr/local/lib/python3.10/dist-packages/airflow/example_dags/example_params_trigger_ui.py
[2024-02-26T13:44:37.966+0000] {processor.py:830} INFO - Processing file /usr/local/lib/python3.10/dist-packages/airflow/example_dags/example_params_trigger_ui.py for tasks to queue
[2024-02-26T13:44:37.967+0000] {logging_mixin.py:188} INFO - [2024-02-26T13:44:37.967+0000] {dagbag.py:540} INFO - Filling up the DagBag from /usr/local/lib/python3.10/dist-packages/airflow/example_dags/example_params_trigger_ui.py
[2024-02-26T13:44:37.983+0000] {processor.py:840} INFO - DAG(s) 'example_params_trigger_ui' retrieved from /usr/local/lib/python3.10/dist-packages/airflow/example_dags/example_params_trigger_ui.py
[2024-02-26T13:44:38.112+0000] {logging_mixin.py:188} INFO - [2024-02-26T13:44:38.112+0000] {dag.py:3047} INFO - Sync 1 DAGs
[2024-02-26T13:44:38.223+0000] {logging_mixin.py:188} INFO - [2024-02-26T13:44:38.223+0000] {dag.py:3834} INFO - Setting next_dagrun for example_params_trigger_ui to None, run_after=None
[2024-02-26T13:44:38.250+0000] {processor.py:183} INFO - Processing /usr/local/lib/python3.10/dist-packages/airflow/example_dags/example_params_trigger_ui.py took 0.289 seconds
[2024-02-26T13:47:46.569+0000] {processor.py:161} INFO - Started process (PID=4298) to work on /usr/local/lib/python3.10/dist-packages/airflow/example_dags/example_params_trigger_ui.py
[2024-02-26T13:47:46.570+0000] {processor.py:830} INFO - Processing file /usr/local/lib/python3.10/dist-packages/airflow/example_dags/example_params_trigger_ui.py for tasks to queue
[2024-02-26T13:47:46.571+0000] {logging_mixin.py:188} INFO - [2024-02-26T13:47:46.571+0000] {dagbag.py:540} INFO - Filling up the DagBag from /usr/local/lib/python3.10/dist-packages/airflow/example_dags/example_params_trigger_ui.py
[2024-02-26T13:47:46.588+0000] {processor.py:840} INFO - DAG(s) 'example_params_trigger_ui' retrieved from /usr/local/lib/python3.10/dist-packages/airflow/example_dags/example_params_trigger_ui.py
[2024-02-26T13:47:46.721+0000] {logging_mixin.py:188} INFO - [2024-02-26T13:47:46.720+0000] {dag.py:3047} INFO - Sync 1 DAGs
[2024-02-26T13:47:46.828+0000] {logging_mixin.py:188} INFO - [2024-02-26T13:47:46.828+0000] {dag.py:3834} INFO - Setting next_dagrun for example_params_trigger_ui to None, run_after=None
[2024-02-26T13:47:46.850+0000] {processor.py:183} INFO - Processing /usr/local/lib/python3.10/dist-packages/airflow/example_dags/example_params_trigger_ui.py took 0.285 seconds
[2024-02-26T13:53:49.167+0000] {processor.py:161} INFO - Started process (PID=4402) to work on /usr/local/lib/python3.10/dist-packages/airflow/example_dags/example_params_trigger_ui.py
[2024-02-26T13:53:49.168+0000] {processor.py:830} INFO - Processing file /usr/local/lib/python3.10/dist-packages/airflow/example_dags/example_params_trigger_ui.py for tasks to queue
[2024-02-26T13:53:49.169+0000] {logging_mixin.py:188} INFO - [2024-02-26T13:53:49.169+0000] {dagbag.py:540} INFO - Filling up the DagBag from /usr/local/lib/python3.10/dist-packages/airflow/example_dags/example_params_trigger_ui.py
[2024-02-26T13:53:49.186+0000] {processor.py:840} INFO - DAG(s) 'example_params_trigger_ui' retrieved from /usr/local/lib/python3.10/dist-packages/airflow/example_dags/example_params_trigger_ui.py
[2024-02-26T13:53:49.318+0000] {logging_mixin.py:188} INFO - [2024-02-26T13:53:49.317+0000] {dag.py:3047} INFO - Sync 1 DAGs
[2024-02-26T13:53:49.432+0000] {logging_mixin.py:188} INFO - [2024-02-26T13:53:49.432+0000] {dag.py:3834} INFO - Setting next_dagrun for example_params_trigger_ui to None, run_after=None
[2024-02-26T13:53:49.454+0000] {processor.py:183} INFO - Processing /usr/local/lib/python3.10/dist-packages/airflow/example_dags/example_params_trigger_ui.py took 0.291 seconds
[2024-02-26T13:54:44.318+0000] {processor.py:161} INFO - Started process (PID=4450) to work on /usr/local/lib/python3.10/dist-packages/airflow/example_dags/example_params_trigger_ui.py
[2024-02-26T13:54:44.319+0000] {processor.py:830} INFO - Processing file /usr/local/lib/python3.10/dist-packages/airflow/example_dags/example_params_trigger_ui.py for tasks to queue
[2024-02-26T13:54:44.321+0000] {logging_mixin.py:188} INFO - [2024-02-26T13:54:44.320+0000] {dagbag.py:540} INFO - Filling up the DagBag from /usr/local/lib/python3.10/dist-packages/airflow/example_dags/example_params_trigger_ui.py
[2024-02-26T13:54:44.337+0000] {processor.py:840} INFO - DAG(s) 'example_params_trigger_ui' retrieved from /usr/local/lib/python3.10/dist-packages/airflow/example_dags/example_params_trigger_ui.py
[2024-02-26T13:54:44.386+0000] {logging_mixin.py:188} INFO - [2024-02-26T13:54:44.386+0000] {dag.py:3047} INFO - Sync 1 DAGs
[2024-02-26T13:54:44.399+0000] {logging_mixin.py:188} INFO - [2024-02-26T13:54:44.398+0000] {dag.py:3834} INFO - Setting next_dagrun for example_params_trigger_ui to None, run_after=None
[2024-02-26T13:54:44.422+0000] {processor.py:183} INFO - Processing /usr/local/lib/python3.10/dist-packages/airflow/example_dags/example_params_trigger_ui.py took 0.107 seconds
[2024-02-26T13:55:34.150+0000] {processor.py:161} INFO - Started process (PID=4498) to work on /usr/local/lib/python3.10/dist-packages/airflow/example_dags/example_params_trigger_ui.py
[2024-02-26T13:55:34.151+0000] {processor.py:830} INFO - Processing file /usr/local/lib/python3.10/dist-packages/airflow/example_dags/example_params_trigger_ui.py for tasks to queue
[2024-02-26T13:55:34.152+0000] {logging_mixin.py:188} INFO - [2024-02-26T13:55:34.152+0000] {dagbag.py:540} INFO - Filling up the DagBag from /usr/local/lib/python3.10/dist-packages/airflow/example_dags/example_params_trigger_ui.py
[2024-02-26T13:55:34.169+0000] {processor.py:840} INFO - DAG(s) 'example_params_trigger_ui' retrieved from /usr/local/lib/python3.10/dist-packages/airflow/example_dags/example_params_trigger_ui.py
[2024-02-26T13:55:34.216+0000] {logging_mixin.py:188} INFO - [2024-02-26T13:55:34.216+0000] {dag.py:3047} INFO - Sync 1 DAGs
[2024-02-26T13:55:34.327+0000] {logging_mixin.py:188} INFO - [2024-02-26T13:55:34.327+0000] {dag.py:3834} INFO - Setting next_dagrun for example_params_trigger_ui to None, run_after=None
[2024-02-26T13:55:34.349+0000] {processor.py:183} INFO - Processing /usr/local/lib/python3.10/dist-packages/airflow/example_dags/example_params_trigger_ui.py took 0.202 seconds
[2024-02-26T13:56:35.309+0000] {processor.py:161} INFO - Started process (PID=4558) to work on /usr/local/lib/python3.10/dist-packages/airflow/example_dags/example_params_trigger_ui.py
[2024-02-26T13:56:35.310+0000] {processor.py:830} INFO - Processing file /usr/local/lib/python3.10/dist-packages/airflow/example_dags/example_params_trigger_ui.py for tasks to queue
[2024-02-26T13:56:35.311+0000] {logging_mixin.py:188} INFO - [2024-02-26T13:56:35.311+0000] {dagbag.py:540} INFO - Filling up the DagBag from /usr/local/lib/python3.10/dist-packages/airflow/example_dags/example_params_trigger_ui.py
[2024-02-26T13:56:35.328+0000] {processor.py:840} INFO - DAG(s) 'example_params_trigger_ui' retrieved from /usr/local/lib/python3.10/dist-packages/airflow/example_dags/example_params_trigger_ui.py
[2024-02-26T13:56:35.378+0000] {logging_mixin.py:188} INFO - [2024-02-26T13:56:35.378+0000] {dag.py:3047} INFO - Sync 1 DAGs
[2024-02-26T13:56:35.391+0000] {logging_mixin.py:188} INFO - [2024-02-26T13:56:35.391+0000] {dag.py:3834} INFO - Setting next_dagrun for example_params_trigger_ui to None, run_after=None
[2024-02-26T13:56:35.414+0000] {processor.py:183} INFO - Processing /usr/local/lib/python3.10/dist-packages/airflow/example_dags/example_params_trigger_ui.py took 0.109 seconds
[2024-02-26T13:57:25.382+0000] {processor.py:161} INFO - Started process (PID=4610) to work on /usr/local/lib/python3.10/dist-packages/airflow/example_dags/example_params_trigger_ui.py
[2024-02-26T13:57:25.384+0000] {processor.py:830} INFO - Processing file /usr/local/lib/python3.10/dist-packages/airflow/example_dags/example_params_trigger_ui.py for tasks to queue
[2024-02-26T13:57:25.385+0000] {logging_mixin.py:188} INFO - [2024-02-26T13:57:25.384+0000] {dagbag.py:540} INFO - Filling up the DagBag from /usr/local/lib/python3.10/dist-packages/airflow/example_dags/example_params_trigger_ui.py
[2024-02-26T13:57:25.402+0000] {processor.py:840} INFO - DAG(s) 'example_params_trigger_ui' retrieved from /usr/local/lib/python3.10/dist-packages/airflow/example_dags/example_params_trigger_ui.py
[2024-02-26T13:57:25.449+0000] {logging_mixin.py:188} INFO - [2024-02-26T13:57:25.449+0000] {dag.py:3047} INFO - Sync 1 DAGs
[2024-02-26T13:57:25.462+0000] {logging_mixin.py:188} INFO - [2024-02-26T13:57:25.462+0000] {dag.py:3834} INFO - Setting next_dagrun for example_params_trigger_ui to None, run_after=None
[2024-02-26T13:57:25.485+0000] {processor.py:183} INFO - Processing /usr/local/lib/python3.10/dist-packages/airflow/example_dags/example_params_trigger_ui.py took 0.106 seconds
[2024-02-26T13:58:20.068+0000] {processor.py:161} INFO - Started process (PID=4681) to work on /usr/local/lib/python3.10/dist-packages/airflow/example_dags/example_params_trigger_ui.py
[2024-02-26T13:58:20.069+0000] {processor.py:830} INFO - Processing file /usr/local/lib/python3.10/dist-packages/airflow/example_dags/example_params_trigger_ui.py for tasks to queue
[2024-02-26T13:58:20.070+0000] {logging_mixin.py:188} INFO - [2024-02-26T13:58:20.070+0000] {dagbag.py:540} INFO - Filling up the DagBag from /usr/local/lib/python3.10/dist-packages/airflow/example_dags/example_params_trigger_ui.py
[2024-02-26T13:58:20.087+0000] {processor.py:840} INFO - DAG(s) 'example_params_trigger_ui' retrieved from /usr/local/lib/python3.10/dist-packages/airflow/example_dags/example_params_trigger_ui.py
[2024-02-26T13:58:20.220+0000] {logging_mixin.py:188} INFO - [2024-02-26T13:58:20.220+0000] {dag.py:3047} INFO - Sync 1 DAGs
[2024-02-26T13:58:20.339+0000] {logging_mixin.py:188} INFO - [2024-02-26T13:58:20.339+0000] {dag.py:3834} INFO - Setting next_dagrun for example_params_trigger_ui to None, run_after=None
[2024-02-26T13:58:20.361+0000] {processor.py:183} INFO - Processing /usr/local/lib/python3.10/dist-packages/airflow/example_dags/example_params_trigger_ui.py took 0.297 seconds
[2024-02-26T13:59:16.853+0000] {processor.py:161} INFO - Started process (PID=4730) to work on /usr/local/lib/python3.10/dist-packages/airflow/example_dags/example_params_trigger_ui.py
[2024-02-26T13:59:16.854+0000] {processor.py:830} INFO - Processing file /usr/local/lib/python3.10/dist-packages/airflow/example_dags/example_params_trigger_ui.py for tasks to queue
[2024-02-26T13:59:16.855+0000] {logging_mixin.py:188} INFO - [2024-02-26T13:59:16.855+0000] {dagbag.py:540} INFO - Filling up the DagBag from /usr/local/lib/python3.10/dist-packages/airflow/example_dags/example_params_trigger_ui.py
[2024-02-26T13:59:16.871+0000] {processor.py:840} INFO - DAG(s) 'example_params_trigger_ui' retrieved from /usr/local/lib/python3.10/dist-packages/airflow/example_dags/example_params_trigger_ui.py
[2024-02-26T13:59:16.918+0000] {logging_mixin.py:188} INFO - [2024-02-26T13:59:16.918+0000] {dag.py:3047} INFO - Sync 1 DAGs
[2024-02-26T13:59:16.930+0000] {logging_mixin.py:188} INFO - [2024-02-26T13:59:16.930+0000] {dag.py:3834} INFO - Setting next_dagrun for example_params_trigger_ui to None, run_after=None
[2024-02-26T13:59:16.953+0000] {processor.py:183} INFO - Processing /usr/local/lib/python3.10/dist-packages/airflow/example_dags/example_params_trigger_ui.py took 0.104 seconds
[2024-02-26T14:00:13.837+0000] {processor.py:161} INFO - Started process (PID=4796) to work on /usr/local/lib/python3.10/dist-packages/airflow/example_dags/example_params_trigger_ui.py
[2024-02-26T14:00:13.839+0000] {processor.py:830} INFO - Processing file /usr/local/lib/python3.10/dist-packages/airflow/example_dags/example_params_trigger_ui.py for tasks to queue
[2024-02-26T14:00:13.840+0000] {logging_mixin.py:188} INFO - [2024-02-26T14:00:13.839+0000] {dagbag.py:540} INFO - Filling up the DagBag from /usr/local/lib/python3.10/dist-packages/airflow/example_dags/example_params_trigger_ui.py
[2024-02-26T14:00:13.856+0000] {processor.py:840} INFO - DAG(s) 'example_params_trigger_ui' retrieved from /usr/local/lib/python3.10/dist-packages/airflow/example_dags/example_params_trigger_ui.py
[2024-02-26T14:00:13.986+0000] {logging_mixin.py:188} INFO - [2024-02-26T14:00:13.986+0000] {dag.py:3047} INFO - Sync 1 DAGs
[2024-02-26T14:00:14.112+0000] {logging_mixin.py:188} INFO - [2024-02-26T14:00:14.112+0000] {dag.py:3834} INFO - Setting next_dagrun for example_params_trigger_ui to None, run_after=None
[2024-02-26T14:00:14.135+0000] {processor.py:183} INFO - Processing /usr/local/lib/python3.10/dist-packages/airflow/example_dags/example_params_trigger_ui.py took 0.301 seconds
