[2024-02-26T13:34:55.410+0000] {processor.py:161} INFO - Started process (PID=3673) to work on /usr/local/lib/python3.10/dist-packages/airflow/example_dags/example_latest_only_with_trigger.py
[2024-02-26T13:34:55.411+0000] {processor.py:830} INFO - Processing file /usr/local/lib/python3.10/dist-packages/airflow/example_dags/example_latest_only_with_trigger.py for tasks to queue
[2024-02-26T13:34:55.412+0000] {logging_mixin.py:188} INFO - [2024-02-26T13:34:55.411+0000] {dagbag.py:540} INFO - Filling up the DagBag from /usr/local/lib/python3.10/dist-packages/airflow/example_dags/example_latest_only_with_trigger.py
[2024-02-26T13:34:55.419+0000] {processor.py:840} INFO - DAG(s) 'latest_only_with_trigger' retrieved from /usr/local/lib/python3.10/dist-packages/airflow/example_dags/example_latest_only_with_trigger.py
[2024-02-26T13:34:55.533+0000] {logging_mixin.py:188} INFO - [2024-02-26T13:34:55.532+0000] {override.py:1769} INFO - Created Permission View: can delete on DAG:latest_only_with_trigger
[2024-02-26T13:34:55.546+0000] {logging_mixin.py:188} INFO - [2024-02-26T13:34:55.545+0000] {override.py:1769} INFO - Created Permission View: can edit on DAG:latest_only_with_trigger
[2024-02-26T13:34:55.556+0000] {logging_mixin.py:188} INFO - [2024-02-26T13:34:55.556+0000] {override.py:1769} INFO - Created Permission View: can read on DAG:latest_only_with_trigger
[2024-02-26T13:34:55.556+0000] {logging_mixin.py:188} INFO - [2024-02-26T13:34:55.556+0000] {dag.py:3047} INFO - Sync 1 DAGs
[2024-02-26T13:34:55.569+0000] {logging_mixin.py:188} INFO - [2024-02-26T13:34:55.569+0000] {dag.py:3069} INFO - Creating ORM DAG for latest_only_with_trigger
[2024-02-26T13:34:55.674+0000] {logging_mixin.py:188} INFO - [2024-02-26T13:34:55.674+0000] {dag.py:3834} INFO - Setting next_dagrun for latest_only_with_trigger to 2024-02-26 08:00:00+00:00, run_after=2024-02-26 12:00:00+00:00
[2024-02-26T13:34:55.696+0000] {processor.py:183} INFO - Processing /usr/local/lib/python3.10/dist-packages/airflow/example_dags/example_latest_only_with_trigger.py took 0.290 seconds
[2024-02-26T13:35:44.033+0000] {processor.py:161} INFO - Started process (PID=3721) to work on /usr/local/lib/python3.10/dist-packages/airflow/example_dags/example_latest_only_with_trigger.py
[2024-02-26T13:35:44.034+0000] {processor.py:830} INFO - Processing file /usr/local/lib/python3.10/dist-packages/airflow/example_dags/example_latest_only_with_trigger.py for tasks to queue
[2024-02-26T13:35:44.035+0000] {logging_mixin.py:188} INFO - [2024-02-26T13:35:44.035+0000] {dagbag.py:540} INFO - Filling up the DagBag from /usr/local/lib/python3.10/dist-packages/airflow/example_dags/example_latest_only_with_trigger.py
[2024-02-26T13:35:44.042+0000] {processor.py:840} INFO - DAG(s) 'latest_only_with_trigger' retrieved from /usr/local/lib/python3.10/dist-packages/airflow/example_dags/example_latest_only_with_trigger.py
[2024-02-26T13:35:44.060+0000] {logging_mixin.py:188} INFO - [2024-02-26T13:35:44.060+0000] {dag.py:3047} INFO - Sync 1 DAGs
[2024-02-26T13:35:44.082+0000] {logging_mixin.py:188} INFO - [2024-02-26T13:35:44.081+0000] {dag.py:3834} INFO - Setting next_dagrun for latest_only_with_trigger to 2024-02-26 08:00:00+00:00, run_after=2024-02-26 12:00:00+00:00
[2024-02-26T13:35:44.104+0000] {processor.py:183} INFO - Processing /usr/local/lib/python3.10/dist-packages/airflow/example_dags/example_latest_only_with_trigger.py took 0.075 seconds
[2024-02-26T13:36:42.636+0000] {processor.py:161} INFO - Started process (PID=3778) to work on /usr/local/lib/python3.10/dist-packages/airflow/example_dags/example_latest_only_with_trigger.py
[2024-02-26T13:36:42.637+0000] {processor.py:830} INFO - Processing file /usr/local/lib/python3.10/dist-packages/airflow/example_dags/example_latest_only_with_trigger.py for tasks to queue
[2024-02-26T13:36:42.638+0000] {logging_mixin.py:188} INFO - [2024-02-26T13:36:42.638+0000] {dagbag.py:540} INFO - Filling up the DagBag from /usr/local/lib/python3.10/dist-packages/airflow/example_dags/example_latest_only_with_trigger.py
[2024-02-26T13:36:42.645+0000] {processor.py:840} INFO - DAG(s) 'latest_only_with_trigger' retrieved from /usr/local/lib/python3.10/dist-packages/airflow/example_dags/example_latest_only_with_trigger.py
[2024-02-26T13:36:42.663+0000] {logging_mixin.py:188} INFO - [2024-02-26T13:36:42.663+0000] {dag.py:3047} INFO - Sync 1 DAGs
[2024-02-26T13:36:42.793+0000] {logging_mixin.py:188} INFO - [2024-02-26T13:36:42.792+0000] {dag.py:3834} INFO - Setting next_dagrun for latest_only_with_trigger to 2024-02-26 08:00:00+00:00, run_after=2024-02-26 12:00:00+00:00
[2024-02-26T13:36:42.815+0000] {processor.py:183} INFO - Processing /usr/local/lib/python3.10/dist-packages/airflow/example_dags/example_latest_only_with_trigger.py took 0.183 seconds
[2024-02-26T13:37:51.233+0000] {processor.py:161} INFO - Started process (PID=3854) to work on /usr/local/lib/python3.10/dist-packages/airflow/example_dags/example_latest_only_with_trigger.py
[2024-02-26T13:37:51.234+0000] {processor.py:830} INFO - Processing file /usr/local/lib/python3.10/dist-packages/airflow/example_dags/example_latest_only_with_trigger.py for tasks to queue
[2024-02-26T13:37:51.235+0000] {logging_mixin.py:188} INFO - [2024-02-26T13:37:51.235+0000] {dagbag.py:540} INFO - Filling up the DagBag from /usr/local/lib/python3.10/dist-packages/airflow/example_dags/example_latest_only_with_trigger.py
[2024-02-26T13:37:51.242+0000] {processor.py:840} INFO - DAG(s) 'latest_only_with_trigger' retrieved from /usr/local/lib/python3.10/dist-packages/airflow/example_dags/example_latest_only_with_trigger.py
[2024-02-26T13:37:51.346+0000] {logging_mixin.py:188} INFO - [2024-02-26T13:37:51.346+0000] {dag.py:3047} INFO - Sync 1 DAGs
[2024-02-26T13:37:51.472+0000] {logging_mixin.py:188} INFO - [2024-02-26T13:37:51.472+0000] {dag.py:3834} INFO - Setting next_dagrun for latest_only_with_trigger to 2024-02-26 08:00:00+00:00, run_after=2024-02-26 12:00:00+00:00
[2024-02-26T13:37:51.494+0000] {processor.py:183} INFO - Processing /usr/local/lib/python3.10/dist-packages/airflow/example_dags/example_latest_only_with_trigger.py took 0.265 seconds
[2024-02-26T13:38:47.755+0000] {processor.py:161} INFO - Started process (PID=3906) to work on /usr/local/lib/python3.10/dist-packages/airflow/example_dags/example_latest_only_with_trigger.py
[2024-02-26T13:38:47.757+0000] {processor.py:830} INFO - Processing file /usr/local/lib/python3.10/dist-packages/airflow/example_dags/example_latest_only_with_trigger.py for tasks to queue
[2024-02-26T13:38:47.758+0000] {logging_mixin.py:188} INFO - [2024-02-26T13:38:47.757+0000] {dagbag.py:540} INFO - Filling up the DagBag from /usr/local/lib/python3.10/dist-packages/airflow/example_dags/example_latest_only_with_trigger.py
[2024-02-26T13:38:47.765+0000] {processor.py:840} INFO - DAG(s) 'latest_only_with_trigger' retrieved from /usr/local/lib/python3.10/dist-packages/airflow/example_dags/example_latest_only_with_trigger.py
[2024-02-26T13:38:47.782+0000] {logging_mixin.py:188} INFO - [2024-02-26T13:38:47.782+0000] {dag.py:3047} INFO - Sync 1 DAGs
[2024-02-26T13:38:47.803+0000] {logging_mixin.py:188} INFO - [2024-02-26T13:38:47.803+0000] {dag.py:3834} INFO - Setting next_dagrun for latest_only_with_trigger to 2024-02-26 08:00:00+00:00, run_after=2024-02-26 12:00:00+00:00
[2024-02-26T13:38:47.825+0000] {processor.py:183} INFO - Processing /usr/local/lib/python3.10/dist-packages/airflow/example_dags/example_latest_only_with_trigger.py took 0.073 seconds
[2024-02-26T13:39:49.018+0000] {processor.py:161} INFO - Started process (PID=3966) to work on /usr/local/lib/python3.10/dist-packages/airflow/example_dags/example_latest_only_with_trigger.py
[2024-02-26T13:39:49.020+0000] {processor.py:830} INFO - Processing file /usr/local/lib/python3.10/dist-packages/airflow/example_dags/example_latest_only_with_trigger.py for tasks to queue
[2024-02-26T13:39:49.021+0000] {logging_mixin.py:188} INFO - [2024-02-26T13:39:49.020+0000] {dagbag.py:540} INFO - Filling up the DagBag from /usr/local/lib/python3.10/dist-packages/airflow/example_dags/example_latest_only_with_trigger.py
[2024-02-26T13:39:49.028+0000] {processor.py:840} INFO - DAG(s) 'latest_only_with_trigger' retrieved from /usr/local/lib/python3.10/dist-packages/airflow/example_dags/example_latest_only_with_trigger.py
[2024-02-26T13:39:49.046+0000] {logging_mixin.py:188} INFO - [2024-02-26T13:39:49.045+0000] {dag.py:3047} INFO - Sync 1 DAGs
[2024-02-26T13:39:49.162+0000] {logging_mixin.py:188} INFO - [2024-02-26T13:39:49.162+0000] {dag.py:3834} INFO - Setting next_dagrun for latest_only_with_trigger to 2024-02-26 08:00:00+00:00, run_after=2024-02-26 12:00:00+00:00
[2024-02-26T13:39:49.183+0000] {processor.py:183} INFO - Processing /usr/local/lib/python3.10/dist-packages/airflow/example_dags/example_latest_only_with_trigger.py took 0.169 seconds
[2024-02-26T13:40:49.670+0000] {processor.py:161} INFO - Started process (PID=4025) to work on /usr/local/lib/python3.10/dist-packages/airflow/example_dags/example_latest_only_with_trigger.py
[2024-02-26T13:40:49.672+0000] {processor.py:830} INFO - Processing file /usr/local/lib/python3.10/dist-packages/airflow/example_dags/example_latest_only_with_trigger.py for tasks to queue
[2024-02-26T13:40:49.673+0000] {logging_mixin.py:188} INFO - [2024-02-26T13:40:49.672+0000] {dagbag.py:540} INFO - Filling up the DagBag from /usr/local/lib/python3.10/dist-packages/airflow/example_dags/example_latest_only_with_trigger.py
[2024-02-26T13:40:49.679+0000] {processor.py:840} INFO - DAG(s) 'latest_only_with_trigger' retrieved from /usr/local/lib/python3.10/dist-packages/airflow/example_dags/example_latest_only_with_trigger.py
[2024-02-26T13:40:49.697+0000] {logging_mixin.py:188} INFO - [2024-02-26T13:40:49.697+0000] {dag.py:3047} INFO - Sync 1 DAGs
[2024-02-26T13:40:49.719+0000] {logging_mixin.py:188} INFO - [2024-02-26T13:40:49.719+0000] {dag.py:3834} INFO - Setting next_dagrun for latest_only_with_trigger to 2024-02-26 08:00:00+00:00, run_after=2024-02-26 12:00:00+00:00
[2024-02-26T13:40:49.742+0000] {processor.py:183} INFO - Processing /usr/local/lib/python3.10/dist-packages/airflow/example_dags/example_latest_only_with_trigger.py took 0.076 seconds
[2024-02-26T13:41:40.347+0000] {processor.py:161} INFO - Started process (PID=4078) to work on /usr/local/lib/python3.10/dist-packages/airflow/example_dags/example_latest_only_with_trigger.py
[2024-02-26T13:41:40.348+0000] {processor.py:830} INFO - Processing file /usr/local/lib/python3.10/dist-packages/airflow/example_dags/example_latest_only_with_trigger.py for tasks to queue
[2024-02-26T13:41:40.349+0000] {logging_mixin.py:188} INFO - [2024-02-26T13:41:40.349+0000] {dagbag.py:540} INFO - Filling up the DagBag from /usr/local/lib/python3.10/dist-packages/airflow/example_dags/example_latest_only_with_trigger.py
[2024-02-26T13:41:40.357+0000] {processor.py:840} INFO - DAG(s) 'latest_only_with_trigger' retrieved from /usr/local/lib/python3.10/dist-packages/airflow/example_dags/example_latest_only_with_trigger.py
[2024-02-26T13:41:40.375+0000] {logging_mixin.py:188} INFO - [2024-02-26T13:41:40.375+0000] {dag.py:3047} INFO - Sync 1 DAGs
[2024-02-26T13:41:40.397+0000] {logging_mixin.py:188} INFO - [2024-02-26T13:41:40.397+0000] {dag.py:3834} INFO - Setting next_dagrun for latest_only_with_trigger to 2024-02-26 08:00:00+00:00, run_after=2024-02-26 12:00:00+00:00
[2024-02-26T13:41:40.420+0000] {processor.py:183} INFO - Processing /usr/local/lib/python3.10/dist-packages/airflow/example_dags/example_latest_only_with_trigger.py took 0.076 seconds
[2024-02-26T13:42:31.436+0000] {processor.py:161} INFO - Started process (PID=4130) to work on /usr/local/lib/python3.10/dist-packages/airflow/example_dags/example_latest_only_with_trigger.py
[2024-02-26T13:42:31.437+0000] {processor.py:830} INFO - Processing file /usr/local/lib/python3.10/dist-packages/airflow/example_dags/example_latest_only_with_trigger.py for tasks to queue
[2024-02-26T13:42:31.438+0000] {logging_mixin.py:188} INFO - [2024-02-26T13:42:31.437+0000] {dagbag.py:540} INFO - Filling up the DagBag from /usr/local/lib/python3.10/dist-packages/airflow/example_dags/example_latest_only_with_trigger.py
[2024-02-26T13:42:31.446+0000] {processor.py:840} INFO - DAG(s) 'latest_only_with_trigger' retrieved from /usr/local/lib/python3.10/dist-packages/airflow/example_dags/example_latest_only_with_trigger.py
[2024-02-26T13:42:31.465+0000] {logging_mixin.py:188} INFO - [2024-02-26T13:42:31.464+0000] {dag.py:3047} INFO - Sync 1 DAGs
[2024-02-26T13:42:31.487+0000] {logging_mixin.py:188} INFO - [2024-02-26T13:42:31.486+0000] {dag.py:3834} INFO - Setting next_dagrun for latest_only_with_trigger to 2024-02-26 08:00:00+00:00, run_after=2024-02-26 12:00:00+00:00
[2024-02-26T13:42:31.510+0000] {processor.py:183} INFO - Processing /usr/local/lib/python3.10/dist-packages/airflow/example_dags/example_latest_only_with_trigger.py took 0.078 seconds
[2024-02-26T13:47:50.602+0000] {processor.py:161} INFO - Started process (PID=4301) to work on /usr/local/lib/python3.10/dist-packages/airflow/example_dags/example_latest_only_with_trigger.py
[2024-02-26T13:47:50.603+0000] {processor.py:830} INFO - Processing file /usr/local/lib/python3.10/dist-packages/airflow/example_dags/example_latest_only_with_trigger.py for tasks to queue
[2024-02-26T13:47:50.604+0000] {logging_mixin.py:188} INFO - [2024-02-26T13:47:50.604+0000] {dagbag.py:540} INFO - Filling up the DagBag from /usr/local/lib/python3.10/dist-packages/airflow/example_dags/example_latest_only_with_trigger.py
[2024-02-26T13:47:50.611+0000] {processor.py:840} INFO - DAG(s) 'latest_only_with_trigger' retrieved from /usr/local/lib/python3.10/dist-packages/airflow/example_dags/example_latest_only_with_trigger.py
[2024-02-26T13:47:50.711+0000] {logging_mixin.py:188} INFO - [2024-02-26T13:47:50.711+0000] {dag.py:3047} INFO - Sync 1 DAGs
[2024-02-26T13:47:50.826+0000] {logging_mixin.py:188} INFO - [2024-02-26T13:47:50.826+0000] {dag.py:3834} INFO - Setting next_dagrun for latest_only_with_trigger to 2024-02-26 08:00:00+00:00, run_after=2024-02-26 12:00:00+00:00
[2024-02-26T13:47:50.847+0000] {processor.py:183} INFO - Processing /usr/local/lib/python3.10/dist-packages/airflow/example_dags/example_latest_only_with_trigger.py took 0.249 seconds
[2024-02-26T13:53:53.201+0000] {processor.py:161} INFO - Started process (PID=4405) to work on /usr/local/lib/python3.10/dist-packages/airflow/example_dags/example_latest_only_with_trigger.py
[2024-02-26T13:53:53.203+0000] {processor.py:830} INFO - Processing file /usr/local/lib/python3.10/dist-packages/airflow/example_dags/example_latest_only_with_trigger.py for tasks to queue
[2024-02-26T13:53:53.204+0000] {logging_mixin.py:188} INFO - [2024-02-26T13:53:53.203+0000] {dagbag.py:540} INFO - Filling up the DagBag from /usr/local/lib/python3.10/dist-packages/airflow/example_dags/example_latest_only_with_trigger.py
[2024-02-26T13:53:53.211+0000] {processor.py:840} INFO - DAG(s) 'latest_only_with_trigger' retrieved from /usr/local/lib/python3.10/dist-packages/airflow/example_dags/example_latest_only_with_trigger.py
[2024-02-26T13:53:53.316+0000] {logging_mixin.py:188} INFO - [2024-02-26T13:53:53.316+0000] {dag.py:3047} INFO - Sync 1 DAGs
[2024-02-26T13:53:53.455+0000] {logging_mixin.py:188} INFO - [2024-02-26T13:53:53.454+0000] {dag.py:3834} INFO - Setting next_dagrun for latest_only_with_trigger to 2024-02-26 08:00:00+00:00, run_after=2024-02-26 12:00:00+00:00
[2024-02-26T13:53:53.477+0000] {processor.py:183} INFO - Processing /usr/local/lib/python3.10/dist-packages/airflow/example_dags/example_latest_only_with_trigger.py took 0.279 seconds
[2024-02-26T13:54:47.285+0000] {processor.py:161} INFO - Started process (PID=4453) to work on /usr/local/lib/python3.10/dist-packages/airflow/example_dags/example_latest_only_with_trigger.py
[2024-02-26T13:54:47.286+0000] {processor.py:830} INFO - Processing file /usr/local/lib/python3.10/dist-packages/airflow/example_dags/example_latest_only_with_trigger.py for tasks to queue
[2024-02-26T13:54:47.287+0000] {logging_mixin.py:188} INFO - [2024-02-26T13:54:47.287+0000] {dagbag.py:540} INFO - Filling up the DagBag from /usr/local/lib/python3.10/dist-packages/airflow/example_dags/example_latest_only_with_trigger.py
[2024-02-26T13:54:47.294+0000] {processor.py:840} INFO - DAG(s) 'latest_only_with_trigger' retrieved from /usr/local/lib/python3.10/dist-packages/airflow/example_dags/example_latest_only_with_trigger.py
[2024-02-26T13:54:47.312+0000] {logging_mixin.py:188} INFO - [2024-02-26T13:54:47.312+0000] {dag.py:3047} INFO - Sync 1 DAGs
[2024-02-26T13:54:47.333+0000] {logging_mixin.py:188} INFO - [2024-02-26T13:54:47.332+0000] {dag.py:3834} INFO - Setting next_dagrun for latest_only_with_trigger to 2024-02-26 08:00:00+00:00, run_after=2024-02-26 12:00:00+00:00
[2024-02-26T13:54:47.355+0000] {processor.py:183} INFO - Processing /usr/local/lib/python3.10/dist-packages/airflow/example_dags/example_latest_only_with_trigger.py took 0.074 seconds
[2024-02-26T13:55:50.071+0000] {processor.py:161} INFO - Started process (PID=4513) to work on /usr/local/lib/python3.10/dist-packages/airflow/example_dags/example_latest_only_with_trigger.py
[2024-02-26T13:55:50.072+0000] {processor.py:830} INFO - Processing file /usr/local/lib/python3.10/dist-packages/airflow/example_dags/example_latest_only_with_trigger.py for tasks to queue
[2024-02-26T13:55:50.073+0000] {logging_mixin.py:188} INFO - [2024-02-26T13:55:50.073+0000] {dagbag.py:540} INFO - Filling up the DagBag from /usr/local/lib/python3.10/dist-packages/airflow/example_dags/example_latest_only_with_trigger.py
[2024-02-26T13:55:50.081+0000] {processor.py:840} INFO - DAG(s) 'latest_only_with_trigger' retrieved from /usr/local/lib/python3.10/dist-packages/airflow/example_dags/example_latest_only_with_trigger.py
[2024-02-26T13:55:50.099+0000] {logging_mixin.py:188} INFO - [2024-02-26T13:55:50.098+0000] {dag.py:3047} INFO - Sync 1 DAGs
[2024-02-26T13:55:50.222+0000] {logging_mixin.py:188} INFO - [2024-02-26T13:55:50.222+0000] {dag.py:3834} INFO - Setting next_dagrun for latest_only_with_trigger to 2024-02-26 08:00:00+00:00, run_after=2024-02-26 12:00:00+00:00
[2024-02-26T13:55:50.243+0000] {processor.py:183} INFO - Processing /usr/local/lib/python3.10/dist-packages/airflow/example_dags/example_latest_only_with_trigger.py took 0.176 seconds
[2024-02-26T13:56:47.883+0000] {processor.py:161} INFO - Started process (PID=4570) to work on /usr/local/lib/python3.10/dist-packages/airflow/example_dags/example_latest_only_with_trigger.py
[2024-02-26T13:56:47.884+0000] {processor.py:830} INFO - Processing file /usr/local/lib/python3.10/dist-packages/airflow/example_dags/example_latest_only_with_trigger.py for tasks to queue
[2024-02-26T13:56:47.885+0000] {logging_mixin.py:188} INFO - [2024-02-26T13:56:47.884+0000] {dagbag.py:540} INFO - Filling up the DagBag from /usr/local/lib/python3.10/dist-packages/airflow/example_dags/example_latest_only_with_trigger.py
[2024-02-26T13:56:47.892+0000] {processor.py:840} INFO - DAG(s) 'latest_only_with_trigger' retrieved from /usr/local/lib/python3.10/dist-packages/airflow/example_dags/example_latest_only_with_trigger.py
[2024-02-26T13:56:47.911+0000] {logging_mixin.py:188} INFO - [2024-02-26T13:56:47.911+0000] {dag.py:3047} INFO - Sync 1 DAGs
[2024-02-26T13:56:47.934+0000] {logging_mixin.py:188} INFO - [2024-02-26T13:56:47.934+0000] {dag.py:3834} INFO - Setting next_dagrun for latest_only_with_trigger to 2024-02-26 08:00:00+00:00, run_after=2024-02-26 12:00:00+00:00
[2024-02-26T13:56:47.958+0000] {processor.py:183} INFO - Processing /usr/local/lib/python3.10/dist-packages/airflow/example_dags/example_latest_only_with_trigger.py took 0.079 seconds
[2024-02-26T13:57:36.360+0000] {processor.py:161} INFO - Started process (PID=4621) to work on /usr/local/lib/python3.10/dist-packages/airflow/example_dags/example_latest_only_with_trigger.py
[2024-02-26T13:57:36.361+0000] {processor.py:830} INFO - Processing file /usr/local/lib/python3.10/dist-packages/airflow/example_dags/example_latest_only_with_trigger.py for tasks to queue
[2024-02-26T13:57:36.362+0000] {logging_mixin.py:188} INFO - [2024-02-26T13:57:36.362+0000] {dagbag.py:540} INFO - Filling up the DagBag from /usr/local/lib/python3.10/dist-packages/airflow/example_dags/example_latest_only_with_trigger.py
[2024-02-26T13:57:36.369+0000] {processor.py:840} INFO - DAG(s) 'latest_only_with_trigger' retrieved from /usr/local/lib/python3.10/dist-packages/airflow/example_dags/example_latest_only_with_trigger.py
[2024-02-26T13:57:36.387+0000] {logging_mixin.py:188} INFO - [2024-02-26T13:57:36.387+0000] {dag.py:3047} INFO - Sync 1 DAGs
[2024-02-26T13:57:36.408+0000] {logging_mixin.py:188} INFO - [2024-02-26T13:57:36.408+0000] {dag.py:3834} INFO - Setting next_dagrun for latest_only_with_trigger to 2024-02-26 08:00:00+00:00, run_after=2024-02-26 12:00:00+00:00
[2024-02-26T13:57:36.431+0000] {processor.py:183} INFO - Processing /usr/local/lib/python3.10/dist-packages/airflow/example_dags/example_latest_only_with_trigger.py took 0.075 seconds
[2024-02-26T13:58:24.067+0000] {processor.py:161} INFO - Started process (PID=4684) to work on /usr/local/lib/python3.10/dist-packages/airflow/example_dags/example_latest_only_with_trigger.py
[2024-02-26T13:58:24.068+0000] {processor.py:830} INFO - Processing file /usr/local/lib/python3.10/dist-packages/airflow/example_dags/example_latest_only_with_trigger.py for tasks to queue
[2024-02-26T13:58:24.069+0000] {logging_mixin.py:188} INFO - [2024-02-26T13:58:24.069+0000] {dagbag.py:540} INFO - Filling up the DagBag from /usr/local/lib/python3.10/dist-packages/airflow/example_dags/example_latest_only_with_trigger.py
[2024-02-26T13:58:24.076+0000] {processor.py:840} INFO - DAG(s) 'latest_only_with_trigger' retrieved from /usr/local/lib/python3.10/dist-packages/airflow/example_dags/example_latest_only_with_trigger.py
[2024-02-26T13:58:24.181+0000] {logging_mixin.py:188} INFO - [2024-02-26T13:58:24.181+0000] {dag.py:3047} INFO - Sync 1 DAGs
[2024-02-26T13:58:24.304+0000] {logging_mixin.py:188} INFO - [2024-02-26T13:58:24.303+0000] {dag.py:3834} INFO - Setting next_dagrun for latest_only_with_trigger to 2024-02-26 08:00:00+00:00, run_after=2024-02-26 12:00:00+00:00
[2024-02-26T13:58:24.326+0000] {processor.py:183} INFO - Processing /usr/local/lib/python3.10/dist-packages/airflow/example_dags/example_latest_only_with_trigger.py took 0.262 seconds
[2024-02-26T13:59:19.487+0000] {processor.py:161} INFO - Started process (PID=4733) to work on /usr/local/lib/python3.10/dist-packages/airflow/example_dags/example_latest_only_with_trigger.py
[2024-02-26T13:59:19.488+0000] {processor.py:830} INFO - Processing file /usr/local/lib/python3.10/dist-packages/airflow/example_dags/example_latest_only_with_trigger.py for tasks to queue
[2024-02-26T13:59:19.489+0000] {logging_mixin.py:188} INFO - [2024-02-26T13:59:19.489+0000] {dagbag.py:540} INFO - Filling up the DagBag from /usr/local/lib/python3.10/dist-packages/airflow/example_dags/example_latest_only_with_trigger.py
[2024-02-26T13:59:19.496+0000] {processor.py:840} INFO - DAG(s) 'latest_only_with_trigger' retrieved from /usr/local/lib/python3.10/dist-packages/airflow/example_dags/example_latest_only_with_trigger.py
[2024-02-26T13:59:19.514+0000] {logging_mixin.py:188} INFO - [2024-02-26T13:59:19.514+0000] {dag.py:3047} INFO - Sync 1 DAGs
[2024-02-26T13:59:19.535+0000] {logging_mixin.py:188} INFO - [2024-02-26T13:59:19.534+0000] {dag.py:3834} INFO - Setting next_dagrun for latest_only_with_trigger to 2024-02-26 08:00:00+00:00, run_after=2024-02-26 12:00:00+00:00
[2024-02-26T13:59:19.557+0000] {processor.py:183} INFO - Processing /usr/local/lib/python3.10/dist-packages/airflow/example_dags/example_latest_only_with_trigger.py took 0.073 seconds
