[2024-02-26T13:34:25.693+0000] {processor.py:161} INFO - Started process (PID=3649) to work on /usr/local/lib/python3.10/dist-packages/airflow/example_dags/example_trigger_controller_dag.py
[2024-02-26T13:34:25.694+0000] {processor.py:830} INFO - Processing file /usr/local/lib/python3.10/dist-packages/airflow/example_dags/example_trigger_controller_dag.py for tasks to queue
[2024-02-26T13:34:25.695+0000] {logging_mixin.py:188} INFO - [2024-02-26T13:34:25.694+0000] {dagbag.py:540} INFO - Filling up the DagBag from /usr/local/lib/python3.10/dist-packages/airflow/example_dags/example_trigger_controller_dag.py
[2024-02-26T13:34:25.704+0000] {processor.py:840} INFO - DAG(s) 'example_trigger_controller_dag' retrieved from /usr/local/lib/python3.10/dist-packages/airflow/example_dags/example_trigger_controller_dag.py
[2024-02-26T13:34:25.811+0000] {logging_mixin.py:188} INFO - [2024-02-26T13:34:25.810+0000] {override.py:1769} INFO - Created Permission View: can delete on DAG:example_trigger_controller_dag
[2024-02-26T13:34:25.823+0000] {logging_mixin.py:188} INFO - [2024-02-26T13:34:25.823+0000] {override.py:1769} INFO - Created Permission View: can edit on DAG:example_trigger_controller_dag
[2024-02-26T13:34:25.832+0000] {logging_mixin.py:188} INFO - [2024-02-26T13:34:25.831+0000] {override.py:1769} INFO - Created Permission View: can read on DAG:example_trigger_controller_dag
[2024-02-26T13:34:25.832+0000] {logging_mixin.py:188} INFO - [2024-02-26T13:34:25.832+0000] {dag.py:3047} INFO - Sync 1 DAGs
[2024-02-26T13:34:25.843+0000] {logging_mixin.py:188} INFO - [2024-02-26T13:34:25.843+0000] {dag.py:3069} INFO - Creating ORM DAG for example_trigger_controller_dag
[2024-02-26T13:34:25.852+0000] {logging_mixin.py:188} INFO - [2024-02-26T13:34:25.852+0000] {dag.py:3834} INFO - Setting next_dagrun for example_trigger_controller_dag to 2021-01-01 00:00:00+00:00, run_after=2021-01-01 00:00:00+00:00
[2024-02-26T13:34:25.874+0000] {processor.py:183} INFO - Processing /usr/local/lib/python3.10/dist-packages/airflow/example_dags/example_trigger_controller_dag.py took 0.185 seconds
[2024-02-26T13:35:20.224+0000] {processor.py:161} INFO - Started process (PID=3697) to work on /usr/local/lib/python3.10/dist-packages/airflow/example_dags/example_trigger_controller_dag.py
[2024-02-26T13:35:20.225+0000] {processor.py:830} INFO - Processing file /usr/local/lib/python3.10/dist-packages/airflow/example_dags/example_trigger_controller_dag.py for tasks to queue
[2024-02-26T13:35:20.226+0000] {logging_mixin.py:188} INFO - [2024-02-26T13:35:20.226+0000] {dagbag.py:540} INFO - Filling up the DagBag from /usr/local/lib/python3.10/dist-packages/airflow/example_dags/example_trigger_controller_dag.py
[2024-02-26T13:35:20.232+0000] {processor.py:840} INFO - DAG(s) 'example_trigger_controller_dag' retrieved from /usr/local/lib/python3.10/dist-packages/airflow/example_dags/example_trigger_controller_dag.py
[2024-02-26T13:35:20.249+0000] {logging_mixin.py:188} INFO - [2024-02-26T13:35:20.249+0000] {dag.py:3047} INFO - Sync 1 DAGs
[2024-02-26T13:35:20.270+0000] {logging_mixin.py:188} INFO - [2024-02-26T13:35:20.269+0000] {dag.py:3834} INFO - Setting next_dagrun for example_trigger_controller_dag to 2021-01-01 00:00:00+00:00, run_after=2021-01-01 00:00:00+00:00
[2024-02-26T13:35:20.291+0000] {processor.py:183} INFO - Processing /usr/local/lib/python3.10/dist-packages/airflow/example_dags/example_trigger_controller_dag.py took 0.071 seconds
[2024-02-26T13:36:09.052+0000] {processor.py:161} INFO - Started process (PID=3745) to work on /usr/local/lib/python3.10/dist-packages/airflow/example_dags/example_trigger_controller_dag.py
[2024-02-26T13:36:09.053+0000] {processor.py:830} INFO - Processing file /usr/local/lib/python3.10/dist-packages/airflow/example_dags/example_trigger_controller_dag.py for tasks to queue
[2024-02-26T13:36:09.054+0000] {logging_mixin.py:188} INFO - [2024-02-26T13:36:09.054+0000] {dagbag.py:540} INFO - Filling up the DagBag from /usr/local/lib/python3.10/dist-packages/airflow/example_dags/example_trigger_controller_dag.py
[2024-02-26T13:36:09.060+0000] {processor.py:840} INFO - DAG(s) 'example_trigger_controller_dag' retrieved from /usr/local/lib/python3.10/dist-packages/airflow/example_dags/example_trigger_controller_dag.py
[2024-02-26T13:36:09.078+0000] {logging_mixin.py:188} INFO - [2024-02-26T13:36:09.077+0000] {dag.py:3047} INFO - Sync 1 DAGs
[2024-02-26T13:36:09.099+0000] {logging_mixin.py:188} INFO - [2024-02-26T13:36:09.099+0000] {dag.py:3834} INFO - Setting next_dagrun for example_trigger_controller_dag to 2021-01-01 00:00:00+00:00, run_after=2021-01-01 00:00:00+00:00
[2024-02-26T13:36:09.124+0000] {processor.py:183} INFO - Processing /usr/local/lib/python3.10/dist-packages/airflow/example_dags/example_trigger_controller_dag.py took 0.075 seconds
[2024-02-26T13:36:52.281+0000] {processor.py:161} INFO - Started process (PID=3787) to work on /usr/local/lib/python3.10/dist-packages/airflow/example_dags/example_trigger_controller_dag.py
[2024-02-26T13:36:52.288+0000] {processor.py:830} INFO - Processing file /usr/local/lib/python3.10/dist-packages/airflow/example_dags/example_trigger_controller_dag.py for tasks to queue
[2024-02-26T13:36:52.289+0000] {logging_mixin.py:188} INFO - [2024-02-26T13:36:52.289+0000] {dagbag.py:540} INFO - Filling up the DagBag from /usr/local/lib/python3.10/dist-packages/airflow/example_dags/example_trigger_controller_dag.py
[2024-02-26T13:36:52.295+0000] {processor.py:840} INFO - DAG(s) 'example_trigger_controller_dag' retrieved from /usr/local/lib/python3.10/dist-packages/airflow/example_dags/example_trigger_controller_dag.py
[2024-02-26T13:36:52.312+0000] {logging_mixin.py:188} INFO - [2024-02-26T13:36:52.311+0000] {dag.py:3047} INFO - Sync 1 DAGs
[2024-02-26T13:36:52.428+0000] {logging_mixin.py:188} INFO - [2024-02-26T13:36:52.428+0000] {dag.py:3834} INFO - Setting next_dagrun for example_trigger_controller_dag to 2021-01-01 00:00:00+00:00, run_after=2021-01-01 00:00:00+00:00
[2024-02-26T13:36:52.449+0000] {processor.py:183} INFO - Processing /usr/local/lib/python3.10/dist-packages/airflow/example_dags/example_trigger_controller_dag.py took 0.171 seconds
[2024-02-26T13:37:28.796+0000] {processor.py:161} INFO - Started process (PID=3829) to work on /usr/local/lib/python3.10/dist-packages/airflow/example_dags/example_trigger_controller_dag.py
[2024-02-26T13:37:28.797+0000] {processor.py:830} INFO - Processing file /usr/local/lib/python3.10/dist-packages/airflow/example_dags/example_trigger_controller_dag.py for tasks to queue
[2024-02-26T13:37:28.798+0000] {logging_mixin.py:188} INFO - [2024-02-26T13:37:28.798+0000] {dagbag.py:540} INFO - Filling up the DagBag from /usr/local/lib/python3.10/dist-packages/airflow/example_dags/example_trigger_controller_dag.py
[2024-02-26T13:37:28.806+0000] {processor.py:840} INFO - DAG(s) 'example_trigger_controller_dag' retrieved from /usr/local/lib/python3.10/dist-packages/airflow/example_dags/example_trigger_controller_dag.py
[2024-02-26T13:37:28.815+0000] {logging_mixin.py:188} INFO - [2024-02-26T13:37:28.815+0000] {dag.py:3047} INFO - Sync 1 DAGs
[2024-02-26T13:37:28.839+0000] {logging_mixin.py:188} INFO - [2024-02-26T13:37:28.839+0000] {dag.py:3834} INFO - Setting next_dagrun for example_trigger_controller_dag to 2021-01-01 00:00:00+00:00, run_after=2021-01-01 00:00:00+00:00
[2024-02-26T13:37:28.863+0000] {processor.py:183} INFO - Processing /usr/local/lib/python3.10/dist-packages/airflow/example_dags/example_trigger_controller_dag.py took 0.070 seconds
[2024-02-26T13:38:19.227+0000] {processor.py:161} INFO - Started process (PID=3878) to work on /usr/local/lib/python3.10/dist-packages/airflow/example_dags/example_trigger_controller_dag.py
[2024-02-26T13:38:19.228+0000] {processor.py:830} INFO - Processing file /usr/local/lib/python3.10/dist-packages/airflow/example_dags/example_trigger_controller_dag.py for tasks to queue
[2024-02-26T13:38:19.229+0000] {logging_mixin.py:188} INFO - [2024-02-26T13:38:19.229+0000] {dagbag.py:540} INFO - Filling up the DagBag from /usr/local/lib/python3.10/dist-packages/airflow/example_dags/example_trigger_controller_dag.py
[2024-02-26T13:38:19.235+0000] {processor.py:840} INFO - DAG(s) 'example_trigger_controller_dag' retrieved from /usr/local/lib/python3.10/dist-packages/airflow/example_dags/example_trigger_controller_dag.py
[2024-02-26T13:38:19.432+0000] {logging_mixin.py:188} INFO - [2024-02-26T13:38:19.432+0000] {dag.py:3047} INFO - Sync 1 DAGs
[2024-02-26T13:38:19.448+0000] {logging_mixin.py:188} INFO - [2024-02-26T13:38:19.448+0000] {dag.py:3834} INFO - Setting next_dagrun for example_trigger_controller_dag to 2021-01-01 00:00:00+00:00, run_after=2021-01-01 00:00:00+00:00
[2024-02-26T13:38:19.470+0000] {processor.py:183} INFO - Processing /usr/local/lib/python3.10/dist-packages/airflow/example_dags/example_trigger_controller_dag.py took 0.247 seconds
[2024-02-26T13:39:07.164+0000] {processor.py:161} INFO - Started process (PID=3925) to work on /usr/local/lib/python3.10/dist-packages/airflow/example_dags/example_trigger_controller_dag.py
[2024-02-26T13:39:07.165+0000] {processor.py:830} INFO - Processing file /usr/local/lib/python3.10/dist-packages/airflow/example_dags/example_trigger_controller_dag.py for tasks to queue
[2024-02-26T13:39:07.166+0000] {logging_mixin.py:188} INFO - [2024-02-26T13:39:07.166+0000] {dagbag.py:540} INFO - Filling up the DagBag from /usr/local/lib/python3.10/dist-packages/airflow/example_dags/example_trigger_controller_dag.py
[2024-02-26T13:39:07.172+0000] {processor.py:840} INFO - DAG(s) 'example_trigger_controller_dag' retrieved from /usr/local/lib/python3.10/dist-packages/airflow/example_dags/example_trigger_controller_dag.py
[2024-02-26T13:39:07.188+0000] {logging_mixin.py:188} INFO - [2024-02-26T13:39:07.188+0000] {dag.py:3047} INFO - Sync 1 DAGs
[2024-02-26T13:39:07.209+0000] {logging_mixin.py:188} INFO - [2024-02-26T13:39:07.208+0000] {dag.py:3834} INFO - Setting next_dagrun for example_trigger_controller_dag to 2021-01-01 00:00:00+00:00, run_after=2021-01-01 00:00:00+00:00
[2024-02-26T13:39:07.231+0000] {processor.py:183} INFO - Processing /usr/local/lib/python3.10/dist-packages/airflow/example_dags/example_trigger_controller_dag.py took 0.071 seconds
[2024-02-26T13:39:57.715+0000] {processor.py:161} INFO - Started process (PID=3973) to work on /usr/local/lib/python3.10/dist-packages/airflow/example_dags/example_trigger_controller_dag.py
[2024-02-26T13:39:57.716+0000] {processor.py:830} INFO - Processing file /usr/local/lib/python3.10/dist-packages/airflow/example_dags/example_trigger_controller_dag.py for tasks to queue
[2024-02-26T13:39:57.718+0000] {logging_mixin.py:188} INFO - [2024-02-26T13:39:57.717+0000] {dagbag.py:540} INFO - Filling up the DagBag from /usr/local/lib/python3.10/dist-packages/airflow/example_dags/example_trigger_controller_dag.py
[2024-02-26T13:39:57.723+0000] {processor.py:840} INFO - DAG(s) 'example_trigger_controller_dag' retrieved from /usr/local/lib/python3.10/dist-packages/airflow/example_dags/example_trigger_controller_dag.py
[2024-02-26T13:39:57.843+0000] {logging_mixin.py:188} INFO - [2024-02-26T13:39:57.843+0000] {dag.py:3047} INFO - Sync 1 DAGs
[2024-02-26T13:39:57.861+0000] {logging_mixin.py:188} INFO - [2024-02-26T13:39:57.861+0000] {dag.py:3834} INFO - Setting next_dagrun for example_trigger_controller_dag to 2021-01-01 00:00:00+00:00, run_after=2021-01-01 00:00:00+00:00
[2024-02-26T13:39:57.883+0000] {processor.py:183} INFO - Processing /usr/local/lib/python3.10/dist-packages/airflow/example_dags/example_trigger_controller_dag.py took 0.171 seconds
[2024-02-26T13:40:38.997+0000] {processor.py:161} INFO - Started process (PID=4014) to work on /usr/local/lib/python3.10/dist-packages/airflow/example_dags/example_trigger_controller_dag.py
[2024-02-26T13:40:38.999+0000] {processor.py:830} INFO - Processing file /usr/local/lib/python3.10/dist-packages/airflow/example_dags/example_trigger_controller_dag.py for tasks to queue
[2024-02-26T13:40:39.000+0000] {logging_mixin.py:188} INFO - [2024-02-26T13:40:38.999+0000] {dagbag.py:540} INFO - Filling up the DagBag from /usr/local/lib/python3.10/dist-packages/airflow/example_dags/example_trigger_controller_dag.py
[2024-02-26T13:40:39.005+0000] {processor.py:840} INFO - DAG(s) 'example_trigger_controller_dag' retrieved from /usr/local/lib/python3.10/dist-packages/airflow/example_dags/example_trigger_controller_dag.py
[2024-02-26T13:40:39.022+0000] {logging_mixin.py:188} INFO - [2024-02-26T13:40:39.022+0000] {dag.py:3047} INFO - Sync 1 DAGs
[2024-02-26T13:40:39.043+0000] {logging_mixin.py:188} INFO - [2024-02-26T13:40:39.043+0000] {dag.py:3834} INFO - Setting next_dagrun for example_trigger_controller_dag to 2021-01-01 00:00:00+00:00, run_after=2021-01-01 00:00:00+00:00
[2024-02-26T13:40:39.066+0000] {processor.py:183} INFO - Processing /usr/local/lib/python3.10/dist-packages/airflow/example_dags/example_trigger_controller_dag.py took 0.072 seconds
[2024-02-26T13:41:16.379+0000] {processor.py:161} INFO - Started process (PID=4053) to work on /usr/local/lib/python3.10/dist-packages/airflow/example_dags/example_trigger_controller_dag.py
[2024-02-26T13:41:16.381+0000] {processor.py:830} INFO - Processing file /usr/local/lib/python3.10/dist-packages/airflow/example_dags/example_trigger_controller_dag.py for tasks to queue
[2024-02-26T13:41:16.382+0000] {logging_mixin.py:188} INFO - [2024-02-26T13:41:16.381+0000] {dagbag.py:540} INFO - Filling up the DagBag from /usr/local/lib/python3.10/dist-packages/airflow/example_dags/example_trigger_controller_dag.py
[2024-02-26T13:41:16.387+0000] {processor.py:840} INFO - DAG(s) 'example_trigger_controller_dag' retrieved from /usr/local/lib/python3.10/dist-packages/airflow/example_dags/example_trigger_controller_dag.py
[2024-02-26T13:41:16.404+0000] {logging_mixin.py:188} INFO - [2024-02-26T13:41:16.404+0000] {dag.py:3047} INFO - Sync 1 DAGs
[2024-02-26T13:41:16.425+0000] {logging_mixin.py:188} INFO - [2024-02-26T13:41:16.425+0000] {dag.py:3834} INFO - Setting next_dagrun for example_trigger_controller_dag to 2021-01-01 00:00:00+00:00, run_after=2021-01-01 00:00:00+00:00
[2024-02-26T13:41:16.447+0000] {processor.py:183} INFO - Processing /usr/local/lib/python3.10/dist-packages/airflow/example_dags/example_trigger_controller_dag.py took 0.071 seconds
[2024-02-26T13:42:05.659+0000] {processor.py:161} INFO - Started process (PID=4104) to work on /usr/local/lib/python3.10/dist-packages/airflow/example_dags/example_trigger_controller_dag.py
[2024-02-26T13:42:05.660+0000] {processor.py:830} INFO - Processing file /usr/local/lib/python3.10/dist-packages/airflow/example_dags/example_trigger_controller_dag.py for tasks to queue
[2024-02-26T13:42:05.661+0000] {logging_mixin.py:188} INFO - [2024-02-26T13:42:05.660+0000] {dagbag.py:540} INFO - Filling up the DagBag from /usr/local/lib/python3.10/dist-packages/airflow/example_dags/example_trigger_controller_dag.py
[2024-02-26T13:42:05.667+0000] {processor.py:840} INFO - DAG(s) 'example_trigger_controller_dag' retrieved from /usr/local/lib/python3.10/dist-packages/airflow/example_dags/example_trigger_controller_dag.py
[2024-02-26T13:42:05.684+0000] {logging_mixin.py:188} INFO - [2024-02-26T13:42:05.684+0000] {dag.py:3047} INFO - Sync 1 DAGs
[2024-02-26T13:42:05.705+0000] {logging_mixin.py:188} INFO - [2024-02-26T13:42:05.704+0000] {dag.py:3834} INFO - Setting next_dagrun for example_trigger_controller_dag to 2021-01-01 00:00:00+00:00, run_after=2021-01-01 00:00:00+00:00
[2024-02-26T13:42:05.730+0000] {processor.py:183} INFO - Processing /usr/local/lib/python3.10/dist-packages/airflow/example_dags/example_trigger_controller_dag.py took 0.075 seconds
[2024-02-26T13:42:45.012+0000] {processor.py:161} INFO - Started process (PID=4143) to work on /usr/local/lib/python3.10/dist-packages/airflow/example_dags/example_trigger_controller_dag.py
[2024-02-26T13:42:45.014+0000] {processor.py:830} INFO - Processing file /usr/local/lib/python3.10/dist-packages/airflow/example_dags/example_trigger_controller_dag.py for tasks to queue
[2024-02-26T13:42:45.015+0000] {logging_mixin.py:188} INFO - [2024-02-26T13:42:45.014+0000] {dagbag.py:540} INFO - Filling up the DagBag from /usr/local/lib/python3.10/dist-packages/airflow/example_dags/example_trigger_controller_dag.py
[2024-02-26T13:42:45.020+0000] {processor.py:840} INFO - DAG(s) 'example_trigger_controller_dag' retrieved from /usr/local/lib/python3.10/dist-packages/airflow/example_dags/example_trigger_controller_dag.py
[2024-02-26T13:42:45.038+0000] {logging_mixin.py:188} INFO - [2024-02-26T13:42:45.037+0000] {dag.py:3047} INFO - Sync 1 DAGs
[2024-02-26T13:42:45.059+0000] {logging_mixin.py:188} INFO - [2024-02-26T13:42:45.059+0000] {dag.py:3834} INFO - Setting next_dagrun for example_trigger_controller_dag to 2021-01-01 00:00:00+00:00, run_after=2021-01-01 00:00:00+00:00
[2024-02-26T13:42:45.085+0000] {processor.py:183} INFO - Processing /usr/local/lib/python3.10/dist-packages/airflow/example_dags/example_trigger_controller_dag.py took 0.076 seconds
[2024-02-26T13:44:18.510+0000] {processor.py:161} INFO - Started process (PID=4211) to work on /usr/local/lib/python3.10/dist-packages/airflow/example_dags/example_trigger_controller_dag.py
[2024-02-26T13:44:18.512+0000] {processor.py:830} INFO - Processing file /usr/local/lib/python3.10/dist-packages/airflow/example_dags/example_trigger_controller_dag.py for tasks to queue
[2024-02-26T13:44:18.513+0000] {logging_mixin.py:188} INFO - [2024-02-26T13:44:18.512+0000] {dagbag.py:540} INFO - Filling up the DagBag from /usr/local/lib/python3.10/dist-packages/airflow/example_dags/example_trigger_controller_dag.py
[2024-02-26T13:44:18.521+0000] {processor.py:840} INFO - DAG(s) 'example_trigger_controller_dag' retrieved from /usr/local/lib/python3.10/dist-packages/airflow/example_dags/example_trigger_controller_dag.py
[2024-02-26T13:44:18.530+0000] {logging_mixin.py:188} INFO - [2024-02-26T13:44:18.529+0000] {dag.py:3047} INFO - Sync 1 DAGs
[2024-02-26T13:44:18.552+0000] {logging_mixin.py:188} INFO - [2024-02-26T13:44:18.552+0000] {dag.py:3834} INFO - Setting next_dagrun for example_trigger_controller_dag to 2021-01-01 00:00:00+00:00, run_after=2021-01-01 00:00:00+00:00
[2024-02-26T13:44:18.574+0000] {processor.py:183} INFO - Processing /usr/local/lib/python3.10/dist-packages/airflow/example_dags/example_trigger_controller_dag.py took 0.067 seconds
[2024-02-26T13:47:27.118+0000] {processor.py:161} INFO - Started process (PID=4277) to work on /usr/local/lib/python3.10/dist-packages/airflow/example_dags/example_trigger_controller_dag.py
[2024-02-26T13:47:27.119+0000] {processor.py:830} INFO - Processing file /usr/local/lib/python3.10/dist-packages/airflow/example_dags/example_trigger_controller_dag.py for tasks to queue
[2024-02-26T13:47:27.120+0000] {logging_mixin.py:188} INFO - [2024-02-26T13:47:27.120+0000] {dagbag.py:540} INFO - Filling up the DagBag from /usr/local/lib/python3.10/dist-packages/airflow/example_dags/example_trigger_controller_dag.py
[2024-02-26T13:47:27.128+0000] {processor.py:840} INFO - DAG(s) 'example_trigger_controller_dag' retrieved from /usr/local/lib/python3.10/dist-packages/airflow/example_dags/example_trigger_controller_dag.py
[2024-02-26T13:47:27.137+0000] {logging_mixin.py:188} INFO - [2024-02-26T13:47:27.137+0000] {dag.py:3047} INFO - Sync 1 DAGs
[2024-02-26T13:47:27.159+0000] {logging_mixin.py:188} INFO - [2024-02-26T13:47:27.159+0000] {dag.py:3834} INFO - Setting next_dagrun for example_trigger_controller_dag to 2021-01-01 00:00:00+00:00, run_after=2021-01-01 00:00:00+00:00
[2024-02-26T13:47:27.181+0000] {processor.py:183} INFO - Processing /usr/local/lib/python3.10/dist-packages/airflow/example_dags/example_trigger_controller_dag.py took 0.067 seconds
[2024-02-26T13:53:29.708+0000] {processor.py:161} INFO - Started process (PID=4381) to work on /usr/local/lib/python3.10/dist-packages/airflow/example_dags/example_trigger_controller_dag.py
[2024-02-26T13:53:29.710+0000] {processor.py:830} INFO - Processing file /usr/local/lib/python3.10/dist-packages/airflow/example_dags/example_trigger_controller_dag.py for tasks to queue
[2024-02-26T13:53:29.711+0000] {logging_mixin.py:188} INFO - [2024-02-26T13:53:29.710+0000] {dagbag.py:540} INFO - Filling up the DagBag from /usr/local/lib/python3.10/dist-packages/airflow/example_dags/example_trigger_controller_dag.py
[2024-02-26T13:53:29.719+0000] {processor.py:840} INFO - DAG(s) 'example_trigger_controller_dag' retrieved from /usr/local/lib/python3.10/dist-packages/airflow/example_dags/example_trigger_controller_dag.py
[2024-02-26T13:53:29.728+0000] {logging_mixin.py:188} INFO - [2024-02-26T13:53:29.727+0000] {dag.py:3047} INFO - Sync 1 DAGs
[2024-02-26T13:53:29.749+0000] {logging_mixin.py:188} INFO - [2024-02-26T13:53:29.749+0000] {dag.py:3834} INFO - Setting next_dagrun for example_trigger_controller_dag to 2021-01-01 00:00:00+00:00, run_after=2021-01-01 00:00:00+00:00
[2024-02-26T13:53:29.771+0000] {processor.py:183} INFO - Processing /usr/local/lib/python3.10/dist-packages/airflow/example_dags/example_trigger_controller_dag.py took 0.066 seconds
[2024-02-26T13:54:19.688+0000] {processor.py:161} INFO - Started process (PID=4429) to work on /usr/local/lib/python3.10/dist-packages/airflow/example_dags/example_trigger_controller_dag.py
[2024-02-26T13:54:19.690+0000] {processor.py:830} INFO - Processing file /usr/local/lib/python3.10/dist-packages/airflow/example_dags/example_trigger_controller_dag.py for tasks to queue
[2024-02-26T13:54:19.691+0000] {logging_mixin.py:188} INFO - [2024-02-26T13:54:19.691+0000] {dagbag.py:540} INFO - Filling up the DagBag from /usr/local/lib/python3.10/dist-packages/airflow/example_dags/example_trigger_controller_dag.py
[2024-02-26T13:54:19.697+0000] {processor.py:840} INFO - DAG(s) 'example_trigger_controller_dag' retrieved from /usr/local/lib/python3.10/dist-packages/airflow/example_dags/example_trigger_controller_dag.py
[2024-02-26T13:54:19.916+0000] {logging_mixin.py:188} INFO - [2024-02-26T13:54:19.915+0000] {dag.py:3047} INFO - Sync 1 DAGs
[2024-02-26T13:54:19.932+0000] {logging_mixin.py:188} INFO - [2024-02-26T13:54:19.932+0000] {dag.py:3834} INFO - Setting next_dagrun for example_trigger_controller_dag to 2021-01-01 00:00:00+00:00, run_after=2021-01-01 00:00:00+00:00
[2024-02-26T13:54:19.953+0000] {processor.py:183} INFO - Processing /usr/local/lib/python3.10/dist-packages/airflow/example_dags/example_trigger_controller_dag.py took 0.268 seconds
[2024-02-26T13:55:07.887+0000] {processor.py:161} INFO - Started process (PID=4474) to work on /usr/local/lib/python3.10/dist-packages/airflow/example_dags/example_trigger_controller_dag.py
[2024-02-26T13:55:07.888+0000] {processor.py:830} INFO - Processing file /usr/local/lib/python3.10/dist-packages/airflow/example_dags/example_trigger_controller_dag.py for tasks to queue
[2024-02-26T13:55:07.890+0000] {logging_mixin.py:188} INFO - [2024-02-26T13:55:07.889+0000] {dagbag.py:540} INFO - Filling up the DagBag from /usr/local/lib/python3.10/dist-packages/airflow/example_dags/example_trigger_controller_dag.py
[2024-02-26T13:55:07.895+0000] {processor.py:840} INFO - DAG(s) 'example_trigger_controller_dag' retrieved from /usr/local/lib/python3.10/dist-packages/airflow/example_dags/example_trigger_controller_dag.py
[2024-02-26T13:55:07.912+0000] {logging_mixin.py:188} INFO - [2024-02-26T13:55:07.911+0000] {dag.py:3047} INFO - Sync 1 DAGs
[2024-02-26T13:55:07.931+0000] {logging_mixin.py:188} INFO - [2024-02-26T13:55:07.931+0000] {dag.py:3834} INFO - Setting next_dagrun for example_trigger_controller_dag to 2021-01-01 00:00:00+00:00, run_after=2021-01-01 00:00:00+00:00
[2024-02-26T13:55:07.955+0000] {processor.py:183} INFO - Processing /usr/local/lib/python3.10/dist-packages/airflow/example_dags/example_trigger_controller_dag.py took 0.071 seconds
[2024-02-26T13:55:59.070+0000] {processor.py:161} INFO - Started process (PID=4522) to work on /usr/local/lib/python3.10/dist-packages/airflow/example_dags/example_trigger_controller_dag.py
[2024-02-26T13:55:59.071+0000] {processor.py:830} INFO - Processing file /usr/local/lib/python3.10/dist-packages/airflow/example_dags/example_trigger_controller_dag.py for tasks to queue
[2024-02-26T13:55:59.072+0000] {logging_mixin.py:188} INFO - [2024-02-26T13:55:59.072+0000] {dagbag.py:540} INFO - Filling up the DagBag from /usr/local/lib/python3.10/dist-packages/airflow/example_dags/example_trigger_controller_dag.py
[2024-02-26T13:55:59.077+0000] {processor.py:840} INFO - DAG(s) 'example_trigger_controller_dag' retrieved from /usr/local/lib/python3.10/dist-packages/airflow/example_dags/example_trigger_controller_dag.py
[2024-02-26T13:55:59.211+0000] {logging_mixin.py:188} INFO - [2024-02-26T13:55:59.211+0000] {dag.py:3047} INFO - Sync 1 DAGs
[2024-02-26T13:55:59.230+0000] {logging_mixin.py:188} INFO - [2024-02-26T13:55:59.229+0000] {dag.py:3834} INFO - Setting next_dagrun for example_trigger_controller_dag to 2021-01-01 00:00:00+00:00, run_after=2021-01-01 00:00:00+00:00
[2024-02-26T13:55:59.250+0000] {processor.py:183} INFO - Processing /usr/local/lib/python3.10/dist-packages/airflow/example_dags/example_trigger_controller_dag.py took 0.184 seconds
[2024-02-26T13:56:38.931+0000] {processor.py:161} INFO - Started process (PID=4561) to work on /usr/local/lib/python3.10/dist-packages/airflow/example_dags/example_trigger_controller_dag.py
[2024-02-26T13:56:38.932+0000] {processor.py:830} INFO - Processing file /usr/local/lib/python3.10/dist-packages/airflow/example_dags/example_trigger_controller_dag.py for tasks to queue
[2024-02-26T13:56:38.933+0000] {logging_mixin.py:188} INFO - [2024-02-26T13:56:38.933+0000] {dagbag.py:540} INFO - Filling up the DagBag from /usr/local/lib/python3.10/dist-packages/airflow/example_dags/example_trigger_controller_dag.py
[2024-02-26T13:56:38.939+0000] {processor.py:840} INFO - DAG(s) 'example_trigger_controller_dag' retrieved from /usr/local/lib/python3.10/dist-packages/airflow/example_dags/example_trigger_controller_dag.py
[2024-02-26T13:56:38.958+0000] {logging_mixin.py:188} INFO - [2024-02-26T13:56:38.957+0000] {dag.py:3047} INFO - Sync 1 DAGs
[2024-02-26T13:56:38.980+0000] {logging_mixin.py:188} INFO - [2024-02-26T13:56:38.980+0000] {dag.py:3834} INFO - Setting next_dagrun for example_trigger_controller_dag to 2021-01-01 00:00:00+00:00, run_after=2021-01-01 00:00:00+00:00
[2024-02-26T13:56:39.005+0000] {processor.py:183} INFO - Processing /usr/local/lib/python3.10/dist-packages/airflow/example_dags/example_trigger_controller_dag.py took 0.077 seconds
[2024-02-26T13:57:17.094+0000] {processor.py:161} INFO - Started process (PID=4602) to work on /usr/local/lib/python3.10/dist-packages/airflow/example_dags/example_trigger_controller_dag.py
[2024-02-26T13:57:17.095+0000] {processor.py:830} INFO - Processing file /usr/local/lib/python3.10/dist-packages/airflow/example_dags/example_trigger_controller_dag.py for tasks to queue
[2024-02-26T13:57:17.096+0000] {logging_mixin.py:188} INFO - [2024-02-26T13:57:17.096+0000] {dagbag.py:540} INFO - Filling up the DagBag from /usr/local/lib/python3.10/dist-packages/airflow/example_dags/example_trigger_controller_dag.py
[2024-02-26T13:57:17.102+0000] {processor.py:840} INFO - DAG(s) 'example_trigger_controller_dag' retrieved from /usr/local/lib/python3.10/dist-packages/airflow/example_dags/example_trigger_controller_dag.py
[2024-02-26T13:57:17.120+0000] {logging_mixin.py:188} INFO - [2024-02-26T13:57:17.120+0000] {dag.py:3047} INFO - Sync 1 DAGs
[2024-02-26T13:57:17.142+0000] {logging_mixin.py:188} INFO - [2024-02-26T13:57:17.141+0000] {dag.py:3834} INFO - Setting next_dagrun for example_trigger_controller_dag to 2021-01-01 00:00:00+00:00, run_after=2021-01-01 00:00:00+00:00
[2024-02-26T13:57:17.166+0000] {processor.py:183} INFO - Processing /usr/local/lib/python3.10/dist-packages/airflow/example_dags/example_trigger_controller_dag.py took 0.075 seconds
[2024-02-26T13:58:00.612+0000] {processor.py:161} INFO - Started process (PID=4660) to work on /usr/local/lib/python3.10/dist-packages/airflow/example_dags/example_trigger_controller_dag.py
[2024-02-26T13:58:00.613+0000] {processor.py:830} INFO - Processing file /usr/local/lib/python3.10/dist-packages/airflow/example_dags/example_trigger_controller_dag.py for tasks to queue
[2024-02-26T13:58:00.614+0000] {logging_mixin.py:188} INFO - [2024-02-26T13:58:00.614+0000] {dagbag.py:540} INFO - Filling up the DagBag from /usr/local/lib/python3.10/dist-packages/airflow/example_dags/example_trigger_controller_dag.py
[2024-02-26T13:58:00.622+0000] {processor.py:840} INFO - DAG(s) 'example_trigger_controller_dag' retrieved from /usr/local/lib/python3.10/dist-packages/airflow/example_dags/example_trigger_controller_dag.py
[2024-02-26T13:58:00.631+0000] {logging_mixin.py:188} INFO - [2024-02-26T13:58:00.631+0000] {dag.py:3047} INFO - Sync 1 DAGs
[2024-02-26T13:58:00.654+0000] {logging_mixin.py:188} INFO - [2024-02-26T13:58:00.653+0000] {dag.py:3834} INFO - Setting next_dagrun for example_trigger_controller_dag to 2021-01-01 00:00:00+00:00, run_after=2021-01-01 00:00:00+00:00
[2024-02-26T13:58:00.676+0000] {processor.py:183} INFO - Processing /usr/local/lib/python3.10/dist-packages/airflow/example_dags/example_trigger_controller_dag.py took 0.067 seconds
[2024-02-26T13:58:50.820+0000] {processor.py:161} INFO - Started process (PID=4708) to work on /usr/local/lib/python3.10/dist-packages/airflow/example_dags/example_trigger_controller_dag.py
[2024-02-26T13:58:50.821+0000] {processor.py:830} INFO - Processing file /usr/local/lib/python3.10/dist-packages/airflow/example_dags/example_trigger_controller_dag.py for tasks to queue
[2024-02-26T13:58:50.822+0000] {logging_mixin.py:188} INFO - [2024-02-26T13:58:50.822+0000] {dagbag.py:540} INFO - Filling up the DagBag from /usr/local/lib/python3.10/dist-packages/airflow/example_dags/example_trigger_controller_dag.py
[2024-02-26T13:58:50.828+0000] {processor.py:840} INFO - DAG(s) 'example_trigger_controller_dag' retrieved from /usr/local/lib/python3.10/dist-packages/airflow/example_dags/example_trigger_controller_dag.py
[2024-02-26T13:58:51.040+0000] {logging_mixin.py:188} INFO - [2024-02-26T13:58:51.040+0000] {dag.py:3047} INFO - Sync 1 DAGs
[2024-02-26T13:58:51.057+0000] {logging_mixin.py:188} INFO - [2024-02-26T13:58:51.057+0000] {dag.py:3834} INFO - Setting next_dagrun for example_trigger_controller_dag to 2021-01-01 00:00:00+00:00, run_after=2021-01-01 00:00:00+00:00
[2024-02-26T13:58:51.078+0000] {processor.py:183} INFO - Processing /usr/local/lib/python3.10/dist-packages/airflow/example_dags/example_trigger_controller_dag.py took 0.261 seconds
[2024-02-26T13:59:54.369+0000] {processor.py:161} INFO - Started process (PID=4775) to work on /usr/local/lib/python3.10/dist-packages/airflow/example_dags/example_trigger_controller_dag.py
[2024-02-26T13:59:54.370+0000] {processor.py:830} INFO - Processing file /usr/local/lib/python3.10/dist-packages/airflow/example_dags/example_trigger_controller_dag.py for tasks to queue
[2024-02-26T13:59:54.371+0000] {logging_mixin.py:188} INFO - [2024-02-26T13:59:54.371+0000] {dagbag.py:540} INFO - Filling up the DagBag from /usr/local/lib/python3.10/dist-packages/airflow/example_dags/example_trigger_controller_dag.py
[2024-02-26T13:59:54.380+0000] {processor.py:840} INFO - DAG(s) 'example_trigger_controller_dag' retrieved from /usr/local/lib/python3.10/dist-packages/airflow/example_dags/example_trigger_controller_dag.py
[2024-02-26T13:59:54.389+0000] {logging_mixin.py:188} INFO - [2024-02-26T13:59:54.388+0000] {dag.py:3047} INFO - Sync 1 DAGs
[2024-02-26T13:59:54.411+0000] {logging_mixin.py:188} INFO - [2024-02-26T13:59:54.411+0000] {dag.py:3834} INFO - Setting next_dagrun for example_trigger_controller_dag to 2021-01-01 00:00:00+00:00, run_after=2021-01-01 00:00:00+00:00
[2024-02-26T13:59:54.433+0000] {processor.py:183} INFO - Processing /usr/local/lib/python3.10/dist-packages/airflow/example_dags/example_trigger_controller_dag.py took 0.068 seconds
