[2024-02-26T13:35:01.619+0000] {processor.py:161} INFO - Started process (PID=3679) to work on /usr/local/lib/python3.10/dist-packages/airflow/example_dags/example_branch_datetime_operator.py
[2024-02-26T13:35:01.620+0000] {processor.py:830} INFO - Processing file /usr/local/lib/python3.10/dist-packages/airflow/example_dags/example_branch_datetime_operator.py for tasks to queue
[2024-02-26T13:35:01.621+0000] {logging_mixin.py:188} INFO - [2024-02-26T13:35:01.621+0000] {dagbag.py:540} INFO - Filling up the DagBag from /usr/local/lib/python3.10/dist-packages/airflow/example_dags/example_branch_datetime_operator.py
[2024-02-26T13:35:01.633+0000] {processor.py:840} INFO - DAG(s) 'example_branch_datetime_operator_2', 'example_branch_datetime_operator', 'example_branch_datetime_operator_3' retrieved from /usr/local/lib/python3.10/dist-packages/airflow/example_dags/example_branch_datetime_operator.py
[2024-02-26T13:35:01.743+0000] {logging_mixin.py:188} INFO - [2024-02-26T13:35:01.743+0000] {override.py:1769} INFO - Created Permission View: can delete on DAG:example_branch_datetime_operator_2
[2024-02-26T13:35:01.758+0000] {logging_mixin.py:188} INFO - [2024-02-26T13:35:01.758+0000] {override.py:1769} INFO - Created Permission View: can edit on DAG:example_branch_datetime_operator_2
[2024-02-26T13:35:01.769+0000] {logging_mixin.py:188} INFO - [2024-02-26T13:35:01.768+0000] {override.py:1769} INFO - Created Permission View: can read on DAG:example_branch_datetime_operator_2
[2024-02-26T13:35:01.792+0000] {logging_mixin.py:188} INFO - [2024-02-26T13:35:01.792+0000] {override.py:1769} INFO - Created Permission View: can delete on DAG:example_branch_datetime_operator
[2024-02-26T13:35:01.804+0000] {logging_mixin.py:188} INFO - [2024-02-26T13:35:01.804+0000] {override.py:1769} INFO - Created Permission View: can edit on DAG:example_branch_datetime_operator
[2024-02-26T13:35:01.815+0000] {logging_mixin.py:188} INFO - [2024-02-26T13:35:01.814+0000] {override.py:1769} INFO - Created Permission View: can read on DAG:example_branch_datetime_operator
[2024-02-26T13:35:01.842+0000] {logging_mixin.py:188} INFO - [2024-02-26T13:35:01.842+0000] {override.py:1769} INFO - Created Permission View: can delete on DAG:example_branch_datetime_operator_3
[2024-02-26T13:35:01.852+0000] {logging_mixin.py:188} INFO - [2024-02-26T13:35:01.851+0000] {override.py:1769} INFO - Created Permission View: can edit on DAG:example_branch_datetime_operator_3
[2024-02-26T13:35:01.862+0000] {logging_mixin.py:188} INFO - [2024-02-26T13:35:01.861+0000] {override.py:1769} INFO - Created Permission View: can read on DAG:example_branch_datetime_operator_3
[2024-02-26T13:35:01.862+0000] {logging_mixin.py:188} INFO - [2024-02-26T13:35:01.862+0000] {dag.py:3047} INFO - Sync 3 DAGs
[2024-02-26T13:35:01.989+0000] {logging_mixin.py:188} INFO - [2024-02-26T13:35:01.988+0000] {dag.py:3069} INFO - Creating ORM DAG for example_branch_datetime_operator_2
[2024-02-26T13:35:01.989+0000] {logging_mixin.py:188} INFO - [2024-02-26T13:35:01.989+0000] {dag.py:3069} INFO - Creating ORM DAG for example_branch_datetime_operator
[2024-02-26T13:35:01.990+0000] {logging_mixin.py:188} INFO - [2024-02-26T13:35:01.990+0000] {dag.py:3069} INFO - Creating ORM DAG for example_branch_datetime_operator_3
[2024-02-26T13:35:02.000+0000] {logging_mixin.py:188} INFO - [2024-02-26T13:35:02.000+0000] {dag.py:3834} INFO - Setting next_dagrun for example_branch_datetime_operator to 2024-02-25 00:00:00+00:00, run_after=2024-02-26 00:00:00+00:00
[2024-02-26T13:35:02.003+0000] {logging_mixin.py:188} INFO - [2024-02-26T13:35:02.002+0000] {dag.py:3834} INFO - Setting next_dagrun for example_branch_datetime_operator_2 to 2024-02-25 00:00:00+00:00, run_after=2024-02-26 00:00:00+00:00
[2024-02-26T13:35:02.005+0000] {logging_mixin.py:188} INFO - [2024-02-26T13:35:02.005+0000] {dag.py:3834} INFO - Setting next_dagrun for example_branch_datetime_operator_3 to 2024-02-25 00:00:00+00:00, run_after=2024-02-26 00:00:00+00:00
[2024-02-26T13:35:02.029+0000] {processor.py:183} INFO - Processing /usr/local/lib/python3.10/dist-packages/airflow/example_dags/example_branch_datetime_operator.py took 0.413 seconds
[2024-02-26T13:36:03.176+0000] {processor.py:161} INFO - Started process (PID=3740) to work on /usr/local/lib/python3.10/dist-packages/airflow/example_dags/example_branch_datetime_operator.py
[2024-02-26T13:36:03.177+0000] {processor.py:830} INFO - Processing file /usr/local/lib/python3.10/dist-packages/airflow/example_dags/example_branch_datetime_operator.py for tasks to queue
[2024-02-26T13:36:03.179+0000] {logging_mixin.py:188} INFO - [2024-02-26T13:36:03.178+0000] {dagbag.py:540} INFO - Filling up the DagBag from /usr/local/lib/python3.10/dist-packages/airflow/example_dags/example_branch_datetime_operator.py
[2024-02-26T13:36:03.190+0000] {processor.py:840} INFO - DAG(s) 'example_branch_datetime_operator_3', 'example_branch_datetime_operator_2', 'example_branch_datetime_operator' retrieved from /usr/local/lib/python3.10/dist-packages/airflow/example_dags/example_branch_datetime_operator.py
[2024-02-26T13:36:03.216+0000] {logging_mixin.py:188} INFO - [2024-02-26T13:36:03.216+0000] {dag.py:3047} INFO - Sync 3 DAGs
[2024-02-26T13:36:03.241+0000] {logging_mixin.py:188} INFO - [2024-02-26T13:36:03.240+0000] {dag.py:3834} INFO - Setting next_dagrun for example_branch_datetime_operator to 2024-02-25 00:00:00+00:00, run_after=2024-02-26 00:00:00+00:00
[2024-02-26T13:36:03.246+0000] {logging_mixin.py:188} INFO - [2024-02-26T13:36:03.246+0000] {dag.py:3834} INFO - Setting next_dagrun for example_branch_datetime_operator_2 to 2024-02-25 00:00:00+00:00, run_after=2024-02-26 00:00:00+00:00
[2024-02-26T13:36:03.249+0000] {logging_mixin.py:188} INFO - [2024-02-26T13:36:03.249+0000] {dag.py:3834} INFO - Setting next_dagrun for example_branch_datetime_operator_3 to 2024-02-25 00:00:00+00:00, run_after=2024-02-26 00:00:00+00:00
[2024-02-26T13:36:03.271+0000] {processor.py:183} INFO - Processing /usr/local/lib/python3.10/dist-packages/airflow/example_dags/example_branch_datetime_operator.py took 0.099 seconds
[2024-02-26T13:37:59.162+0000] {processor.py:161} INFO - Started process (PID=3860) to work on /usr/local/lib/python3.10/dist-packages/airflow/example_dags/example_branch_datetime_operator.py
[2024-02-26T13:37:59.164+0000] {processor.py:830} INFO - Processing file /usr/local/lib/python3.10/dist-packages/airflow/example_dags/example_branch_datetime_operator.py for tasks to queue
[2024-02-26T13:37:59.165+0000] {logging_mixin.py:188} INFO - [2024-02-26T13:37:59.165+0000] {dagbag.py:540} INFO - Filling up the DagBag from /usr/local/lib/python3.10/dist-packages/airflow/example_dags/example_branch_datetime_operator.py
[2024-02-26T13:37:59.177+0000] {processor.py:840} INFO - DAG(s) 'example_branch_datetime_operator_2', 'example_branch_datetime_operator', 'example_branch_datetime_operator_3' retrieved from /usr/local/lib/python3.10/dist-packages/airflow/example_dags/example_branch_datetime_operator.py
[2024-02-26T13:37:59.409+0000] {logging_mixin.py:188} INFO - [2024-02-26T13:37:59.409+0000] {dag.py:3047} INFO - Sync 3 DAGs
[2024-02-26T13:37:59.428+0000] {logging_mixin.py:188} INFO - [2024-02-26T13:37:59.428+0000] {dag.py:3834} INFO - Setting next_dagrun for example_branch_datetime_operator to 2024-02-25 00:00:00+00:00, run_after=2024-02-26 00:00:00+00:00
[2024-02-26T13:37:59.432+0000] {logging_mixin.py:188} INFO - [2024-02-26T13:37:59.432+0000] {dag.py:3834} INFO - Setting next_dagrun for example_branch_datetime_operator_2 to 2024-02-25 00:00:00+00:00, run_after=2024-02-26 00:00:00+00:00
[2024-02-26T13:37:59.435+0000] {logging_mixin.py:188} INFO - [2024-02-26T13:37:59.435+0000] {dag.py:3834} INFO - Setting next_dagrun for example_branch_datetime_operator_3 to 2024-02-25 00:00:00+00:00, run_after=2024-02-26 00:00:00+00:00
[2024-02-26T13:37:59.456+0000] {processor.py:183} INFO - Processing /usr/local/lib/python3.10/dist-packages/airflow/example_dags/example_branch_datetime_operator.py took 0.297 seconds
[2024-02-26T13:39:11.164+0000] {processor.py:161} INFO - Started process (PID=3929) to work on /usr/local/lib/python3.10/dist-packages/airflow/example_dags/example_branch_datetime_operator.py
[2024-02-26T13:39:11.165+0000] {processor.py:830} INFO - Processing file /usr/local/lib/python3.10/dist-packages/airflow/example_dags/example_branch_datetime_operator.py for tasks to queue
[2024-02-26T13:39:11.166+0000] {logging_mixin.py:188} INFO - [2024-02-26T13:39:11.166+0000] {dagbag.py:540} INFO - Filling up the DagBag from /usr/local/lib/python3.10/dist-packages/airflow/example_dags/example_branch_datetime_operator.py
[2024-02-26T13:39:11.177+0000] {processor.py:840} INFO - DAG(s) 'example_branch_datetime_operator_2', 'example_branch_datetime_operator', 'example_branch_datetime_operator_3' retrieved from /usr/local/lib/python3.10/dist-packages/airflow/example_dags/example_branch_datetime_operator.py
[2024-02-26T13:39:11.201+0000] {logging_mixin.py:188} INFO - [2024-02-26T13:39:11.201+0000] {dag.py:3047} INFO - Sync 3 DAGs
[2024-02-26T13:39:11.224+0000] {logging_mixin.py:188} INFO - [2024-02-26T13:39:11.223+0000] {dag.py:3834} INFO - Setting next_dagrun for example_branch_datetime_operator to 2024-02-25 00:00:00+00:00, run_after=2024-02-26 00:00:00+00:00
[2024-02-26T13:39:11.229+0000] {logging_mixin.py:188} INFO - [2024-02-26T13:39:11.229+0000] {dag.py:3834} INFO - Setting next_dagrun for example_branch_datetime_operator_2 to 2024-02-25 00:00:00+00:00, run_after=2024-02-26 00:00:00+00:00
[2024-02-26T13:39:11.231+0000] {logging_mixin.py:188} INFO - [2024-02-26T13:39:11.231+0000] {dag.py:3834} INFO - Setting next_dagrun for example_branch_datetime_operator_3 to 2024-02-25 00:00:00+00:00, run_after=2024-02-26 00:00:00+00:00
[2024-02-26T13:39:11.369+0000] {processor.py:183} INFO - Processing /usr/local/lib/python3.10/dist-packages/airflow/example_dags/example_branch_datetime_operator.py took 0.209 seconds
[2024-02-26T13:40:12.173+0000] {processor.py:161} INFO - Started process (PID=3987) to work on /usr/local/lib/python3.10/dist-packages/airflow/example_dags/example_branch_datetime_operator.py
[2024-02-26T13:40:12.175+0000] {processor.py:830} INFO - Processing file /usr/local/lib/python3.10/dist-packages/airflow/example_dags/example_branch_datetime_operator.py for tasks to queue
[2024-02-26T13:40:12.176+0000] {logging_mixin.py:188} INFO - [2024-02-26T13:40:12.176+0000] {dagbag.py:540} INFO - Filling up the DagBag from /usr/local/lib/python3.10/dist-packages/airflow/example_dags/example_branch_datetime_operator.py
[2024-02-26T13:40:12.187+0000] {processor.py:840} INFO - DAG(s) 'example_branch_datetime_operator_3', 'example_branch_datetime_operator', 'example_branch_datetime_operator_2' retrieved from /usr/local/lib/python3.10/dist-packages/airflow/example_dags/example_branch_datetime_operator.py
[2024-02-26T13:40:12.323+0000] {logging_mixin.py:188} INFO - [2024-02-26T13:40:12.322+0000] {dag.py:3047} INFO - Sync 3 DAGs
[2024-02-26T13:40:12.343+0000] {logging_mixin.py:188} INFO - [2024-02-26T13:40:12.343+0000] {dag.py:3834} INFO - Setting next_dagrun for example_branch_datetime_operator to 2024-02-25 00:00:00+00:00, run_after=2024-02-26 00:00:00+00:00
[2024-02-26T13:40:12.348+0000] {logging_mixin.py:188} INFO - [2024-02-26T13:40:12.347+0000] {dag.py:3834} INFO - Setting next_dagrun for example_branch_datetime_operator_2 to 2024-02-25 00:00:00+00:00, run_after=2024-02-26 00:00:00+00:00
[2024-02-26T13:40:12.350+0000] {logging_mixin.py:188} INFO - [2024-02-26T13:40:12.350+0000] {dag.py:3834} INFO - Setting next_dagrun for example_branch_datetime_operator_3 to 2024-02-25 00:00:00+00:00, run_after=2024-02-26 00:00:00+00:00
[2024-02-26T13:40:12.370+0000] {processor.py:183} INFO - Processing /usr/local/lib/python3.10/dist-packages/airflow/example_dags/example_branch_datetime_operator.py took 0.200 seconds
[2024-02-26T13:41:08.659+0000] {processor.py:161} INFO - Started process (PID=4044) to work on /usr/local/lib/python3.10/dist-packages/airflow/example_dags/example_branch_datetime_operator.py
[2024-02-26T13:41:08.661+0000] {processor.py:830} INFO - Processing file /usr/local/lib/python3.10/dist-packages/airflow/example_dags/example_branch_datetime_operator.py for tasks to queue
[2024-02-26T13:41:08.662+0000] {logging_mixin.py:188} INFO - [2024-02-26T13:41:08.661+0000] {dagbag.py:540} INFO - Filling up the DagBag from /usr/local/lib/python3.10/dist-packages/airflow/example_dags/example_branch_datetime_operator.py
[2024-02-26T13:41:08.673+0000] {processor.py:840} INFO - DAG(s) 'example_branch_datetime_operator_3', 'example_branch_datetime_operator', 'example_branch_datetime_operator_2' retrieved from /usr/local/lib/python3.10/dist-packages/airflow/example_dags/example_branch_datetime_operator.py
[2024-02-26T13:41:08.697+0000] {logging_mixin.py:188} INFO - [2024-02-26T13:41:08.697+0000] {dag.py:3047} INFO - Sync 3 DAGs
[2024-02-26T13:41:08.720+0000] {logging_mixin.py:188} INFO - [2024-02-26T13:41:08.720+0000] {dag.py:3834} INFO - Setting next_dagrun for example_branch_datetime_operator to 2024-02-25 00:00:00+00:00, run_after=2024-02-26 00:00:00+00:00
[2024-02-26T13:41:08.725+0000] {logging_mixin.py:188} INFO - [2024-02-26T13:41:08.725+0000] {dag.py:3834} INFO - Setting next_dagrun for example_branch_datetime_operator_2 to 2024-02-25 00:00:00+00:00, run_after=2024-02-26 00:00:00+00:00
[2024-02-26T13:41:08.728+0000] {logging_mixin.py:188} INFO - [2024-02-26T13:41:08.727+0000] {dag.py:3834} INFO - Setting next_dagrun for example_branch_datetime_operator_3 to 2024-02-25 00:00:00+00:00, run_after=2024-02-26 00:00:00+00:00
[2024-02-26T13:41:08.752+0000] {processor.py:183} INFO - Processing /usr/local/lib/python3.10/dist-packages/airflow/example_dags/example_branch_datetime_operator.py took 0.096 seconds
[2024-02-26T13:41:57.583+0000] {processor.py:161} INFO - Started process (PID=4096) to work on /usr/local/lib/python3.10/dist-packages/airflow/example_dags/example_branch_datetime_operator.py
[2024-02-26T13:41:57.584+0000] {processor.py:830} INFO - Processing file /usr/local/lib/python3.10/dist-packages/airflow/example_dags/example_branch_datetime_operator.py for tasks to queue
[2024-02-26T13:41:57.585+0000] {logging_mixin.py:188} INFO - [2024-02-26T13:41:57.585+0000] {dagbag.py:540} INFO - Filling up the DagBag from /usr/local/lib/python3.10/dist-packages/airflow/example_dags/example_branch_datetime_operator.py
[2024-02-26T13:41:57.596+0000] {processor.py:840} INFO - DAG(s) 'example_branch_datetime_operator_3', 'example_branch_datetime_operator_2', 'example_branch_datetime_operator' retrieved from /usr/local/lib/python3.10/dist-packages/airflow/example_dags/example_branch_datetime_operator.py
[2024-02-26T13:41:57.620+0000] {logging_mixin.py:188} INFO - [2024-02-26T13:41:57.620+0000] {dag.py:3047} INFO - Sync 3 DAGs
[2024-02-26T13:41:57.644+0000] {logging_mixin.py:188} INFO - [2024-02-26T13:41:57.643+0000] {dag.py:3834} INFO - Setting next_dagrun for example_branch_datetime_operator to 2024-02-25 00:00:00+00:00, run_after=2024-02-26 00:00:00+00:00
[2024-02-26T13:41:57.648+0000] {logging_mixin.py:188} INFO - [2024-02-26T13:41:57.648+0000] {dag.py:3834} INFO - Setting next_dagrun for example_branch_datetime_operator_2 to 2024-02-25 00:00:00+00:00, run_after=2024-02-26 00:00:00+00:00
[2024-02-26T13:41:57.651+0000] {logging_mixin.py:188} INFO - [2024-02-26T13:41:57.651+0000] {dag.py:3834} INFO - Setting next_dagrun for example_branch_datetime_operator_3 to 2024-02-25 00:00:00+00:00, run_after=2024-02-26 00:00:00+00:00
[2024-02-26T13:41:57.672+0000] {processor.py:183} INFO - Processing /usr/local/lib/python3.10/dist-packages/airflow/example_dags/example_branch_datetime_operator.py took 0.093 seconds
[2024-02-26T13:42:51.265+0000] {processor.py:161} INFO - Started process (PID=4149) to work on /usr/local/lib/python3.10/dist-packages/airflow/example_dags/example_branch_datetime_operator.py
[2024-02-26T13:42:51.267+0000] {processor.py:830} INFO - Processing file /usr/local/lib/python3.10/dist-packages/airflow/example_dags/example_branch_datetime_operator.py for tasks to queue
[2024-02-26T13:42:51.268+0000] {logging_mixin.py:188} INFO - [2024-02-26T13:42:51.267+0000] {dagbag.py:540} INFO - Filling up the DagBag from /usr/local/lib/python3.10/dist-packages/airflow/example_dags/example_branch_datetime_operator.py
[2024-02-26T13:42:51.279+0000] {processor.py:840} INFO - DAG(s) 'example_branch_datetime_operator', 'example_branch_datetime_operator_3', 'example_branch_datetime_operator_2' retrieved from /usr/local/lib/python3.10/dist-packages/airflow/example_dags/example_branch_datetime_operator.py
[2024-02-26T13:42:51.303+0000] {logging_mixin.py:188} INFO - [2024-02-26T13:42:51.303+0000] {dag.py:3047} INFO - Sync 3 DAGs
[2024-02-26T13:42:51.326+0000] {logging_mixin.py:188} INFO - [2024-02-26T13:42:51.326+0000] {dag.py:3834} INFO - Setting next_dagrun for example_branch_datetime_operator to 2024-02-25 00:00:00+00:00, run_after=2024-02-26 00:00:00+00:00
[2024-02-26T13:42:51.331+0000] {logging_mixin.py:188} INFO - [2024-02-26T13:42:51.331+0000] {dag.py:3834} INFO - Setting next_dagrun for example_branch_datetime_operator_2 to 2024-02-25 00:00:00+00:00, run_after=2024-02-26 00:00:00+00:00
[2024-02-26T13:42:51.334+0000] {logging_mixin.py:188} INFO - [2024-02-26T13:42:51.334+0000] {dag.py:3834} INFO - Setting next_dagrun for example_branch_datetime_operator_3 to 2024-02-25 00:00:00+00:00, run_after=2024-02-26 00:00:00+00:00
[2024-02-26T13:42:51.355+0000] {processor.py:183} INFO - Processing /usr/local/lib/python3.10/dist-packages/airflow/example_dags/example_branch_datetime_operator.py took 0.093 seconds
[2024-02-26T13:47:57.295+0000] {processor.py:161} INFO - Started process (PID=4307) to work on /usr/local/lib/python3.10/dist-packages/airflow/example_dags/example_branch_datetime_operator.py
[2024-02-26T13:47:57.297+0000] {processor.py:830} INFO - Processing file /usr/local/lib/python3.10/dist-packages/airflow/example_dags/example_branch_datetime_operator.py for tasks to queue
[2024-02-26T13:47:57.298+0000] {logging_mixin.py:188} INFO - [2024-02-26T13:47:57.297+0000] {dagbag.py:540} INFO - Filling up the DagBag from /usr/local/lib/python3.10/dist-packages/airflow/example_dags/example_branch_datetime_operator.py
[2024-02-26T13:47:57.309+0000] {processor.py:840} INFO - DAG(s) 'example_branch_datetime_operator_2', 'example_branch_datetime_operator', 'example_branch_datetime_operator_3' retrieved from /usr/local/lib/python3.10/dist-packages/airflow/example_dags/example_branch_datetime_operator.py
[2024-02-26T13:47:57.534+0000] {logging_mixin.py:188} INFO - [2024-02-26T13:47:57.534+0000] {dag.py:3047} INFO - Sync 3 DAGs
[2024-02-26T13:47:57.553+0000] {logging_mixin.py:188} INFO - [2024-02-26T13:47:57.553+0000] {dag.py:3834} INFO - Setting next_dagrun for example_branch_datetime_operator to 2024-02-25 00:00:00+00:00, run_after=2024-02-26 00:00:00+00:00
[2024-02-26T13:47:57.558+0000] {logging_mixin.py:188} INFO - [2024-02-26T13:47:57.558+0000] {dag.py:3834} INFO - Setting next_dagrun for example_branch_datetime_operator_2 to 2024-02-25 00:00:00+00:00, run_after=2024-02-26 00:00:00+00:00
[2024-02-26T13:47:57.560+0000] {logging_mixin.py:188} INFO - [2024-02-26T13:47:57.560+0000] {dag.py:3834} INFO - Setting next_dagrun for example_branch_datetime_operator_3 to 2024-02-25 00:00:00+00:00, run_after=2024-02-26 00:00:00+00:00
[2024-02-26T13:47:57.584+0000] {processor.py:183} INFO - Processing /usr/local/lib/python3.10/dist-packages/airflow/example_dags/example_branch_datetime_operator.py took 0.292 seconds
[2024-02-26T13:53:59.894+0000] {processor.py:161} INFO - Started process (PID=4411) to work on /usr/local/lib/python3.10/dist-packages/airflow/example_dags/example_branch_datetime_operator.py
[2024-02-26T13:53:59.896+0000] {processor.py:830} INFO - Processing file /usr/local/lib/python3.10/dist-packages/airflow/example_dags/example_branch_datetime_operator.py for tasks to queue
[2024-02-26T13:53:59.897+0000] {logging_mixin.py:188} INFO - [2024-02-26T13:53:59.897+0000] {dagbag.py:540} INFO - Filling up the DagBag from /usr/local/lib/python3.10/dist-packages/airflow/example_dags/example_branch_datetime_operator.py
[2024-02-26T13:53:59.909+0000] {processor.py:840} INFO - DAG(s) 'example_branch_datetime_operator_2', 'example_branch_datetime_operator_3', 'example_branch_datetime_operator' retrieved from /usr/local/lib/python3.10/dist-packages/airflow/example_dags/example_branch_datetime_operator.py
[2024-02-26T13:54:00.152+0000] {logging_mixin.py:188} INFO - [2024-02-26T13:54:00.151+0000] {dag.py:3047} INFO - Sync 3 DAGs
[2024-02-26T13:54:00.190+0000] {logging_mixin.py:188} INFO - [2024-02-26T13:54:00.190+0000] {dag.py:3834} INFO - Setting next_dagrun for example_branch_datetime_operator to 2024-02-25 00:00:00+00:00, run_after=2024-02-26 00:00:00+00:00
[2024-02-26T13:54:00.194+0000] {logging_mixin.py:188} INFO - [2024-02-26T13:54:00.194+0000] {dag.py:3834} INFO - Setting next_dagrun for example_branch_datetime_operator_2 to 2024-02-25 00:00:00+00:00, run_after=2024-02-26 00:00:00+00:00
[2024-02-26T13:54:00.197+0000] {logging_mixin.py:188} INFO - [2024-02-26T13:54:00.197+0000] {dag.py:3834} INFO - Setting next_dagrun for example_branch_datetime_operator_3 to 2024-02-25 00:00:00+00:00, run_after=2024-02-26 00:00:00+00:00
[2024-02-26T13:54:00.219+0000] {processor.py:183} INFO - Processing /usr/local/lib/python3.10/dist-packages/airflow/example_dags/example_branch_datetime_operator.py took 0.328 seconds
[2024-02-26T13:54:52.435+0000] {processor.py:161} INFO - Started process (PID=4459) to work on /usr/local/lib/python3.10/dist-packages/airflow/example_dags/example_branch_datetime_operator.py
[2024-02-26T13:54:52.437+0000] {processor.py:830} INFO - Processing file /usr/local/lib/python3.10/dist-packages/airflow/example_dags/example_branch_datetime_operator.py for tasks to queue
[2024-02-26T13:54:52.438+0000] {logging_mixin.py:188} INFO - [2024-02-26T13:54:52.437+0000] {dagbag.py:540} INFO - Filling up the DagBag from /usr/local/lib/python3.10/dist-packages/airflow/example_dags/example_branch_datetime_operator.py
[2024-02-26T13:54:52.449+0000] {processor.py:840} INFO - DAG(s) 'example_branch_datetime_operator', 'example_branch_datetime_operator_3', 'example_branch_datetime_operator_2' retrieved from /usr/local/lib/python3.10/dist-packages/airflow/example_dags/example_branch_datetime_operator.py
[2024-02-26T13:54:52.474+0000] {logging_mixin.py:188} INFO - [2024-02-26T13:54:52.474+0000] {dag.py:3047} INFO - Sync 3 DAGs
[2024-02-26T13:54:52.497+0000] {logging_mixin.py:188} INFO - [2024-02-26T13:54:52.496+0000] {dag.py:3834} INFO - Setting next_dagrun for example_branch_datetime_operator to 2024-02-25 00:00:00+00:00, run_after=2024-02-26 00:00:00+00:00
[2024-02-26T13:54:52.502+0000] {logging_mixin.py:188} INFO - [2024-02-26T13:54:52.502+0000] {dag.py:3834} INFO - Setting next_dagrun for example_branch_datetime_operator_2 to 2024-02-25 00:00:00+00:00, run_after=2024-02-26 00:00:00+00:00
[2024-02-26T13:54:52.504+0000] {logging_mixin.py:188} INFO - [2024-02-26T13:54:52.504+0000] {dag.py:3834} INFO - Setting next_dagrun for example_branch_datetime_operator_3 to 2024-02-25 00:00:00+00:00, run_after=2024-02-26 00:00:00+00:00
[2024-02-26T13:54:52.525+0000] {processor.py:183} INFO - Processing /usr/local/lib/python3.10/dist-packages/airflow/example_dags/example_branch_datetime_operator.py took 0.093 seconds
[2024-02-26T13:55:57.028+0000] {processor.py:161} INFO - Started process (PID=4519) to work on /usr/local/lib/python3.10/dist-packages/airflow/example_dags/example_branch_datetime_operator.py
[2024-02-26T13:55:57.029+0000] {processor.py:830} INFO - Processing file /usr/local/lib/python3.10/dist-packages/airflow/example_dags/example_branch_datetime_operator.py for tasks to queue
[2024-02-26T13:55:57.030+0000] {logging_mixin.py:188} INFO - [2024-02-26T13:55:57.030+0000] {dagbag.py:540} INFO - Filling up the DagBag from /usr/local/lib/python3.10/dist-packages/airflow/example_dags/example_branch_datetime_operator.py
[2024-02-26T13:55:57.041+0000] {processor.py:840} INFO - DAG(s) 'example_branch_datetime_operator_3', 'example_branch_datetime_operator_2', 'example_branch_datetime_operator' retrieved from /usr/local/lib/python3.10/dist-packages/airflow/example_dags/example_branch_datetime_operator.py
[2024-02-26T13:55:57.173+0000] {logging_mixin.py:188} INFO - [2024-02-26T13:55:57.173+0000] {dag.py:3047} INFO - Sync 3 DAGs
[2024-02-26T13:55:57.193+0000] {logging_mixin.py:188} INFO - [2024-02-26T13:55:57.192+0000] {dag.py:3834} INFO - Setting next_dagrun for example_branch_datetime_operator to 2024-02-25 00:00:00+00:00, run_after=2024-02-26 00:00:00+00:00
[2024-02-26T13:55:57.197+0000] {logging_mixin.py:188} INFO - [2024-02-26T13:55:57.197+0000] {dag.py:3834} INFO - Setting next_dagrun for example_branch_datetime_operator_2 to 2024-02-25 00:00:00+00:00, run_after=2024-02-26 00:00:00+00:00
[2024-02-26T13:55:57.200+0000] {logging_mixin.py:188} INFO - [2024-02-26T13:55:57.200+0000] {dag.py:3834} INFO - Setting next_dagrun for example_branch_datetime_operator_3 to 2024-02-25 00:00:00+00:00, run_after=2024-02-26 00:00:00+00:00
[2024-02-26T13:55:57.219+0000] {processor.py:183} INFO - Processing /usr/local/lib/python3.10/dist-packages/airflow/example_dags/example_branch_datetime_operator.py took 0.195 seconds
[2024-02-26T13:56:53.358+0000] {processor.py:161} INFO - Started process (PID=4576) to work on /usr/local/lib/python3.10/dist-packages/airflow/example_dags/example_branch_datetime_operator.py
[2024-02-26T13:56:53.359+0000] {processor.py:830} INFO - Processing file /usr/local/lib/python3.10/dist-packages/airflow/example_dags/example_branch_datetime_operator.py for tasks to queue
[2024-02-26T13:56:53.360+0000] {logging_mixin.py:188} INFO - [2024-02-26T13:56:53.360+0000] {dagbag.py:540} INFO - Filling up the DagBag from /usr/local/lib/python3.10/dist-packages/airflow/example_dags/example_branch_datetime_operator.py
[2024-02-26T13:56:53.371+0000] {processor.py:840} INFO - DAG(s) 'example_branch_datetime_operator_3', 'example_branch_datetime_operator', 'example_branch_datetime_operator_2' retrieved from /usr/local/lib/python3.10/dist-packages/airflow/example_dags/example_branch_datetime_operator.py
[2024-02-26T13:56:53.396+0000] {logging_mixin.py:188} INFO - [2024-02-26T13:56:53.396+0000] {dag.py:3047} INFO - Sync 3 DAGs
[2024-02-26T13:56:53.420+0000] {logging_mixin.py:188} INFO - [2024-02-26T13:56:53.420+0000] {dag.py:3834} INFO - Setting next_dagrun for example_branch_datetime_operator to 2024-02-25 00:00:00+00:00, run_after=2024-02-26 00:00:00+00:00
[2024-02-26T13:56:53.425+0000] {logging_mixin.py:188} INFO - [2024-02-26T13:56:53.425+0000] {dag.py:3834} INFO - Setting next_dagrun for example_branch_datetime_operator_2 to 2024-02-25 00:00:00+00:00, run_after=2024-02-26 00:00:00+00:00
[2024-02-26T13:56:53.428+0000] {logging_mixin.py:188} INFO - [2024-02-26T13:56:53.427+0000] {dag.py:3834} INFO - Setting next_dagrun for example_branch_datetime_operator_3 to 2024-02-25 00:00:00+00:00, run_after=2024-02-26 00:00:00+00:00
[2024-02-26T13:56:53.448+0000] {processor.py:183} INFO - Processing /usr/local/lib/python3.10/dist-packages/airflow/example_dags/example_branch_datetime_operator.py took 0.094 seconds
[2024-02-26T13:58:30.768+0000] {processor.py:161} INFO - Started process (PID=4690) to work on /usr/local/lib/python3.10/dist-packages/airflow/example_dags/example_branch_datetime_operator.py
[2024-02-26T13:58:30.770+0000] {processor.py:830} INFO - Processing file /usr/local/lib/python3.10/dist-packages/airflow/example_dags/example_branch_datetime_operator.py for tasks to queue
[2024-02-26T13:58:30.771+0000] {logging_mixin.py:188} INFO - [2024-02-26T13:58:30.770+0000] {dagbag.py:540} INFO - Filling up the DagBag from /usr/local/lib/python3.10/dist-packages/airflow/example_dags/example_branch_datetime_operator.py
[2024-02-26T13:58:30.782+0000] {processor.py:840} INFO - DAG(s) 'example_branch_datetime_operator_2', 'example_branch_datetime_operator', 'example_branch_datetime_operator_3' retrieved from /usr/local/lib/python3.10/dist-packages/airflow/example_dags/example_branch_datetime_operator.py
[2024-02-26T13:58:31.025+0000] {logging_mixin.py:188} INFO - [2024-02-26T13:58:31.025+0000] {dag.py:3047} INFO - Sync 3 DAGs
[2024-02-26T13:58:31.045+0000] {logging_mixin.py:188} INFO - [2024-02-26T13:58:31.045+0000] {dag.py:3834} INFO - Setting next_dagrun for example_branch_datetime_operator to 2024-02-25 00:00:00+00:00, run_after=2024-02-26 00:00:00+00:00
[2024-02-26T13:58:31.050+0000] {logging_mixin.py:188} INFO - [2024-02-26T13:58:31.049+0000] {dag.py:3834} INFO - Setting next_dagrun for example_branch_datetime_operator_2 to 2024-02-25 00:00:00+00:00, run_after=2024-02-26 00:00:00+00:00
[2024-02-26T13:58:31.052+0000] {logging_mixin.py:188} INFO - [2024-02-26T13:58:31.052+0000] {dag.py:3834} INFO - Setting next_dagrun for example_branch_datetime_operator_3 to 2024-02-25 00:00:00+00:00, run_after=2024-02-26 00:00:00+00:00
[2024-02-26T13:58:31.073+0000] {processor.py:183} INFO - Processing /usr/local/lib/python3.10/dist-packages/airflow/example_dags/example_branch_datetime_operator.py took 0.308 seconds
