[2024-02-26T13:35:04.673+0000] {processor.py:161} INFO - Started process (PID=3682) to work on /usr/local/lib/python3.10/dist-packages/airflow/example_dags/example_bash_operator.py
[2024-02-26T13:35:04.674+0000] {processor.py:830} INFO - Processing file /usr/local/lib/python3.10/dist-packages/airflow/example_dags/example_bash_operator.py for tasks to queue
[2024-02-26T13:35:04.675+0000] {logging_mixin.py:188} INFO - [2024-02-26T13:35:04.675+0000] {dagbag.py:540} INFO - Filling up the DagBag from /usr/local/lib/python3.10/dist-packages/airflow/example_dags/example_bash_operator.py
[2024-02-26T13:35:04.689+0000] {processor.py:840} INFO - DAG(s) 'example_bash_operator' retrieved from /usr/local/lib/python3.10/dist-packages/airflow/example_dags/example_bash_operator.py
[2024-02-26T13:35:04.811+0000] {logging_mixin.py:188} INFO - [2024-02-26T13:35:04.810+0000] {override.py:1769} INFO - Created Permission View: can delete on DAG:example_bash_operator
[2024-02-26T13:35:04.944+0000] {logging_mixin.py:188} INFO - [2024-02-26T13:35:04.944+0000] {override.py:1769} INFO - Created Permission View: can edit on DAG:example_bash_operator
[2024-02-26T13:35:04.955+0000] {logging_mixin.py:188} INFO - [2024-02-26T13:35:04.954+0000] {override.py:1769} INFO - Created Permission View: can read on DAG:example_bash_operator
[2024-02-26T13:35:04.955+0000] {logging_mixin.py:188} INFO - [2024-02-26T13:35:04.955+0000] {dag.py:3047} INFO - Sync 1 DAGs
[2024-02-26T13:35:04.966+0000] {logging_mixin.py:188} INFO - [2024-02-26T13:35:04.966+0000] {dag.py:3069} INFO - Creating ORM DAG for example_bash_operator
[2024-02-26T13:35:04.977+0000] {logging_mixin.py:188} INFO - [2024-02-26T13:35:04.977+0000] {dag.py:3834} INFO - Setting next_dagrun for example_bash_operator to 2024-02-25 00:00:00+00:00, run_after=2024-02-26 00:00:00+00:00
[2024-02-26T13:35:05.002+0000] {processor.py:183} INFO - Processing /usr/local/lib/python3.10/dist-packages/airflow/example_dags/example_bash_operator.py took 0.332 seconds
[2024-02-26T13:36:06.572+0000] {processor.py:161} INFO - Started process (PID=3743) to work on /usr/local/lib/python3.10/dist-packages/airflow/example_dags/example_bash_operator.py
[2024-02-26T13:36:06.574+0000] {processor.py:830} INFO - Processing file /usr/local/lib/python3.10/dist-packages/airflow/example_dags/example_bash_operator.py for tasks to queue
[2024-02-26T13:36:06.575+0000] {logging_mixin.py:188} INFO - [2024-02-26T13:36:06.574+0000] {dagbag.py:540} INFO - Filling up the DagBag from /usr/local/lib/python3.10/dist-packages/airflow/example_dags/example_bash_operator.py
[2024-02-26T13:36:06.588+0000] {processor.py:840} INFO - DAG(s) 'example_bash_operator' retrieved from /usr/local/lib/python3.10/dist-packages/airflow/example_dags/example_bash_operator.py
[2024-02-26T13:36:06.615+0000] {logging_mixin.py:188} INFO - [2024-02-26T13:36:06.615+0000] {dag.py:3047} INFO - Sync 1 DAGs
[2024-02-26T13:36:06.637+0000] {logging_mixin.py:188} INFO - [2024-02-26T13:36:06.637+0000] {dag.py:3834} INFO - Setting next_dagrun for example_bash_operator to 2024-02-25 00:00:00+00:00, run_after=2024-02-26 00:00:00+00:00
[2024-02-26T13:36:06.772+0000] {processor.py:183} INFO - Processing /usr/local/lib/python3.10/dist-packages/airflow/example_dags/example_bash_operator.py took 0.203 seconds
[2024-02-26T13:38:02.782+0000] {processor.py:161} INFO - Started process (PID=3863) to work on /usr/local/lib/python3.10/dist-packages/airflow/example_dags/example_bash_operator.py
[2024-02-26T13:38:02.784+0000] {processor.py:830} INFO - Processing file /usr/local/lib/python3.10/dist-packages/airflow/example_dags/example_bash_operator.py for tasks to queue
[2024-02-26T13:38:02.785+0000] {logging_mixin.py:188} INFO - [2024-02-26T13:38:02.784+0000] {dagbag.py:540} INFO - Filling up the DagBag from /usr/local/lib/python3.10/dist-packages/airflow/example_dags/example_bash_operator.py
[2024-02-26T13:38:02.798+0000] {processor.py:840} INFO - DAG(s) 'example_bash_operator' retrieved from /usr/local/lib/python3.10/dist-packages/airflow/example_dags/example_bash_operator.py
[2024-02-26T13:38:03.031+0000] {logging_mixin.py:188} INFO - [2024-02-26T13:38:03.031+0000] {dag.py:3047} INFO - Sync 1 DAGs
[2024-02-26T13:38:03.051+0000] {logging_mixin.py:188} INFO - [2024-02-26T13:38:03.051+0000] {dag.py:3834} INFO - Setting next_dagrun for example_bash_operator to 2024-02-25 00:00:00+00:00, run_after=2024-02-26 00:00:00+00:00
[2024-02-26T13:38:03.076+0000] {processor.py:183} INFO - Processing /usr/local/lib/python3.10/dist-packages/airflow/example_dags/example_bash_operator.py took 0.297 seconds
[2024-02-26T13:39:14.795+0000] {processor.py:161} INFO - Started process (PID=3932) to work on /usr/local/lib/python3.10/dist-packages/airflow/example_dags/example_bash_operator.py
[2024-02-26T13:39:14.796+0000] {processor.py:830} INFO - Processing file /usr/local/lib/python3.10/dist-packages/airflow/example_dags/example_bash_operator.py for tasks to queue
[2024-02-26T13:39:14.797+0000] {logging_mixin.py:188} INFO - [2024-02-26T13:39:14.797+0000] {dagbag.py:540} INFO - Filling up the DagBag from /usr/local/lib/python3.10/dist-packages/airflow/example_dags/example_bash_operator.py
[2024-02-26T13:39:14.810+0000] {processor.py:840} INFO - DAG(s) 'example_bash_operator' retrieved from /usr/local/lib/python3.10/dist-packages/airflow/example_dags/example_bash_operator.py
[2024-02-26T13:39:14.837+0000] {logging_mixin.py:188} INFO - [2024-02-26T13:39:14.837+0000] {dag.py:3047} INFO - Sync 1 DAGs
[2024-02-26T13:39:14.861+0000] {logging_mixin.py:188} INFO - [2024-02-26T13:39:14.860+0000] {dag.py:3834} INFO - Setting next_dagrun for example_bash_operator to 2024-02-25 00:00:00+00:00, run_after=2024-02-26 00:00:00+00:00
[2024-02-26T13:39:15.031+0000] {processor.py:183} INFO - Processing /usr/local/lib/python3.10/dist-packages/airflow/example_dags/example_bash_operator.py took 0.239 seconds
[2024-02-26T13:40:16.010+0000] {processor.py:161} INFO - Started process (PID=3990) to work on /usr/local/lib/python3.10/dist-packages/airflow/example_dags/example_bash_operator.py
[2024-02-26T13:40:16.011+0000] {processor.py:830} INFO - Processing file /usr/local/lib/python3.10/dist-packages/airflow/example_dags/example_bash_operator.py for tasks to queue
[2024-02-26T13:40:16.012+0000] {logging_mixin.py:188} INFO - [2024-02-26T13:40:16.012+0000] {dagbag.py:540} INFO - Filling up the DagBag from /usr/local/lib/python3.10/dist-packages/airflow/example_dags/example_bash_operator.py
[2024-02-26T13:40:16.138+0000] {processor.py:840} INFO - DAG(s) 'example_bash_operator' retrieved from /usr/local/lib/python3.10/dist-packages/airflow/example_dags/example_bash_operator.py
[2024-02-26T13:40:16.160+0000] {logging_mixin.py:188} INFO - [2024-02-26T13:40:16.160+0000] {dag.py:3047} INFO - Sync 1 DAGs
[2024-02-26T13:40:16.180+0000] {logging_mixin.py:188} INFO - [2024-02-26T13:40:16.180+0000] {dag.py:3834} INFO - Setting next_dagrun for example_bash_operator to 2024-02-25 00:00:00+00:00, run_after=2024-02-26 00:00:00+00:00
[2024-02-26T13:40:16.201+0000] {processor.py:183} INFO - Processing /usr/local/lib/python3.10/dist-packages/airflow/example_dags/example_bash_operator.py took 0.195 seconds
[2024-02-26T13:41:10.446+0000] {processor.py:161} INFO - Started process (PID=4047) to work on /usr/local/lib/python3.10/dist-packages/airflow/example_dags/example_bash_operator.py
[2024-02-26T13:41:10.448+0000] {processor.py:830} INFO - Processing file /usr/local/lib/python3.10/dist-packages/airflow/example_dags/example_bash_operator.py for tasks to queue
[2024-02-26T13:41:10.449+0000] {logging_mixin.py:188} INFO - [2024-02-26T13:41:10.448+0000] {dagbag.py:540} INFO - Filling up the DagBag from /usr/local/lib/python3.10/dist-packages/airflow/example_dags/example_bash_operator.py
[2024-02-26T13:41:10.463+0000] {processor.py:840} INFO - DAG(s) 'example_bash_operator' retrieved from /usr/local/lib/python3.10/dist-packages/airflow/example_dags/example_bash_operator.py
[2024-02-26T13:41:10.490+0000] {logging_mixin.py:188} INFO - [2024-02-26T13:41:10.490+0000] {dag.py:3047} INFO - Sync 1 DAGs
[2024-02-26T13:41:10.514+0000] {logging_mixin.py:188} INFO - [2024-02-26T13:41:10.514+0000] {dag.py:3834} INFO - Setting next_dagrun for example_bash_operator to 2024-02-25 00:00:00+00:00, run_after=2024-02-26 00:00:00+00:00
[2024-02-26T13:41:10.537+0000] {processor.py:183} INFO - Processing /usr/local/lib/python3.10/dist-packages/airflow/example_dags/example_bash_operator.py took 0.094 seconds
[2024-02-26T13:42:01.003+0000] {processor.py:161} INFO - Started process (PID=4099) to work on /usr/local/lib/python3.10/dist-packages/airflow/example_dags/example_bash_operator.py
[2024-02-26T13:42:01.004+0000] {processor.py:830} INFO - Processing file /usr/local/lib/python3.10/dist-packages/airflow/example_dags/example_bash_operator.py for tasks to queue
[2024-02-26T13:42:01.005+0000] {logging_mixin.py:188} INFO - [2024-02-26T13:42:01.005+0000] {dagbag.py:540} INFO - Filling up the DagBag from /usr/local/lib/python3.10/dist-packages/airflow/example_dags/example_bash_operator.py
[2024-02-26T13:42:01.019+0000] {processor.py:840} INFO - DAG(s) 'example_bash_operator' retrieved from /usr/local/lib/python3.10/dist-packages/airflow/example_dags/example_bash_operator.py
[2024-02-26T13:42:01.046+0000] {logging_mixin.py:188} INFO - [2024-02-26T13:42:01.046+0000] {dag.py:3047} INFO - Sync 1 DAGs
[2024-02-26T13:42:01.070+0000] {logging_mixin.py:188} INFO - [2024-02-26T13:42:01.070+0000] {dag.py:3834} INFO - Setting next_dagrun for example_bash_operator to 2024-02-25 00:00:00+00:00, run_after=2024-02-26 00:00:00+00:00
[2024-02-26T13:42:01.096+0000] {processor.py:183} INFO - Processing /usr/local/lib/python3.10/dist-packages/airflow/example_dags/example_bash_operator.py took 0.096 seconds
[2024-02-26T13:42:53.021+0000] {processor.py:161} INFO - Started process (PID=4152) to work on /usr/local/lib/python3.10/dist-packages/airflow/example_dags/example_bash_operator.py
[2024-02-26T13:42:53.022+0000] {processor.py:830} INFO - Processing file /usr/local/lib/python3.10/dist-packages/airflow/example_dags/example_bash_operator.py for tasks to queue
[2024-02-26T13:42:53.023+0000] {logging_mixin.py:188} INFO - [2024-02-26T13:42:53.023+0000] {dagbag.py:540} INFO - Filling up the DagBag from /usr/local/lib/python3.10/dist-packages/airflow/example_dags/example_bash_operator.py
[2024-02-26T13:42:53.037+0000] {processor.py:840} INFO - DAG(s) 'example_bash_operator' retrieved from /usr/local/lib/python3.10/dist-packages/airflow/example_dags/example_bash_operator.py
[2024-02-26T13:42:53.064+0000] {logging_mixin.py:188} INFO - [2024-02-26T13:42:53.063+0000] {dag.py:3047} INFO - Sync 1 DAGs
[2024-02-26T13:42:53.086+0000] {logging_mixin.py:188} INFO - [2024-02-26T13:42:53.086+0000] {dag.py:3834} INFO - Setting next_dagrun for example_bash_operator to 2024-02-25 00:00:00+00:00, run_after=2024-02-26 00:00:00+00:00
[2024-02-26T13:42:53.108+0000] {processor.py:183} INFO - Processing /usr/local/lib/python3.10/dist-packages/airflow/example_dags/example_bash_operator.py took 0.090 seconds
[2024-02-26T13:54:04.006+0000] {processor.py:161} INFO - Started process (PID=4414) to work on /usr/local/lib/python3.10/dist-packages/airflow/example_dags/example_bash_operator.py
[2024-02-26T13:54:04.008+0000] {processor.py:830} INFO - Processing file /usr/local/lib/python3.10/dist-packages/airflow/example_dags/example_bash_operator.py for tasks to queue
[2024-02-26T13:54:04.009+0000] {logging_mixin.py:188} INFO - [2024-02-26T13:54:04.008+0000] {dagbag.py:540} INFO - Filling up the DagBag from /usr/local/lib/python3.10/dist-packages/airflow/example_dags/example_bash_operator.py
[2024-02-26T13:54:04.023+0000] {processor.py:840} INFO - DAG(s) 'example_bash_operator' retrieved from /usr/local/lib/python3.10/dist-packages/airflow/example_dags/example_bash_operator.py
[2024-02-26T13:54:04.256+0000] {logging_mixin.py:188} INFO - [2024-02-26T13:54:04.255+0000] {dag.py:3047} INFO - Sync 1 DAGs
[2024-02-26T13:54:04.275+0000] {logging_mixin.py:188} INFO - [2024-02-26T13:54:04.275+0000] {dag.py:3834} INFO - Setting next_dagrun for example_bash_operator to 2024-02-25 00:00:00+00:00, run_after=2024-02-26 00:00:00+00:00
[2024-02-26T13:54:04.297+0000] {processor.py:183} INFO - Processing /usr/local/lib/python3.10/dist-packages/airflow/example_dags/example_bash_operator.py took 0.294 seconds
[2024-02-26T13:55:13.342+0000] {processor.py:161} INFO - Started process (PID=4479) to work on /usr/local/lib/python3.10/dist-packages/airflow/example_dags/example_bash_operator.py
[2024-02-26T13:55:13.343+0000] {processor.py:830} INFO - Processing file /usr/local/lib/python3.10/dist-packages/airflow/example_dags/example_bash_operator.py for tasks to queue
[2024-02-26T13:55:13.344+0000] {logging_mixin.py:188} INFO - [2024-02-26T13:55:13.344+0000] {dagbag.py:540} INFO - Filling up the DagBag from /usr/local/lib/python3.10/dist-packages/airflow/example_dags/example_bash_operator.py
[2024-02-26T13:55:13.357+0000] {processor.py:840} INFO - DAG(s) 'example_bash_operator' retrieved from /usr/local/lib/python3.10/dist-packages/airflow/example_dags/example_bash_operator.py
[2024-02-26T13:55:13.384+0000] {logging_mixin.py:188} INFO - [2024-02-26T13:55:13.384+0000] {dag.py:3047} INFO - Sync 1 DAGs
[2024-02-26T13:55:13.407+0000] {logging_mixin.py:188} INFO - [2024-02-26T13:55:13.407+0000] {dag.py:3834} INFO - Setting next_dagrun for example_bash_operator to 2024-02-25 00:00:00+00:00, run_after=2024-02-26 00:00:00+00:00
[2024-02-26T13:55:13.533+0000] {processor.py:183} INFO - Processing /usr/local/lib/python3.10/dist-packages/airflow/example_dags/example_bash_operator.py took 0.195 seconds
[2024-02-26T13:56:18.099+0000] {processor.py:161} INFO - Started process (PID=4539) to work on /usr/local/lib/python3.10/dist-packages/airflow/example_dags/example_bash_operator.py
[2024-02-26T13:56:18.100+0000] {processor.py:830} INFO - Processing file /usr/local/lib/python3.10/dist-packages/airflow/example_dags/example_bash_operator.py for tasks to queue
[2024-02-26T13:56:18.101+0000] {logging_mixin.py:188} INFO - [2024-02-26T13:56:18.101+0000] {dagbag.py:540} INFO - Filling up the DagBag from /usr/local/lib/python3.10/dist-packages/airflow/example_dags/example_bash_operator.py
[2024-02-26T13:56:18.114+0000] {processor.py:840} INFO - DAG(s) 'example_bash_operator' retrieved from /usr/local/lib/python3.10/dist-packages/airflow/example_dags/example_bash_operator.py
[2024-02-26T13:56:18.141+0000] {logging_mixin.py:188} INFO - [2024-02-26T13:56:18.141+0000] {dag.py:3047} INFO - Sync 1 DAGs
[2024-02-26T13:56:18.163+0000] {logging_mixin.py:188} INFO - [2024-02-26T13:56:18.163+0000] {dag.py:3834} INFO - Setting next_dagrun for example_bash_operator to 2024-02-25 00:00:00+00:00, run_after=2024-02-26 00:00:00+00:00
[2024-02-26T13:56:18.185+0000] {processor.py:183} INFO - Processing /usr/local/lib/python3.10/dist-packages/airflow/example_dags/example_bash_operator.py took 0.090 seconds
[2024-02-26T13:57:09.928+0000] {processor.py:161} INFO - Started process (PID=4593) to work on /usr/local/lib/python3.10/dist-packages/airflow/example_dags/example_bash_operator.py
[2024-02-26T13:57:09.930+0000] {processor.py:830} INFO - Processing file /usr/local/lib/python3.10/dist-packages/airflow/example_dags/example_bash_operator.py for tasks to queue
[2024-02-26T13:57:09.931+0000] {logging_mixin.py:188} INFO - [2024-02-26T13:57:09.930+0000] {dagbag.py:540} INFO - Filling up the DagBag from /usr/local/lib/python3.10/dist-packages/airflow/example_dags/example_bash_operator.py
[2024-02-26T13:57:09.944+0000] {processor.py:840} INFO - DAG(s) 'example_bash_operator' retrieved from /usr/local/lib/python3.10/dist-packages/airflow/example_dags/example_bash_operator.py
[2024-02-26T13:57:09.971+0000] {logging_mixin.py:188} INFO - [2024-02-26T13:57:09.971+0000] {dag.py:3047} INFO - Sync 1 DAGs
[2024-02-26T13:57:09.994+0000] {logging_mixin.py:188} INFO - [2024-02-26T13:57:09.994+0000] {dag.py:3834} INFO - Setting next_dagrun for example_bash_operator to 2024-02-25 00:00:00+00:00, run_after=2024-02-26 00:00:00+00:00
[2024-02-26T13:57:10.018+0000] {processor.py:183} INFO - Processing /usr/local/lib/python3.10/dist-packages/airflow/example_dags/example_bash_operator.py took 0.093 seconds
[2024-02-26T13:58:34.767+0000] {processor.py:161} INFO - Started process (PID=4693) to work on /usr/local/lib/python3.10/dist-packages/airflow/example_dags/example_bash_operator.py
[2024-02-26T13:58:34.769+0000] {processor.py:830} INFO - Processing file /usr/local/lib/python3.10/dist-packages/airflow/example_dags/example_bash_operator.py for tasks to queue
[2024-02-26T13:58:34.770+0000] {logging_mixin.py:188} INFO - [2024-02-26T13:58:34.769+0000] {dagbag.py:540} INFO - Filling up the DagBag from /usr/local/lib/python3.10/dist-packages/airflow/example_dags/example_bash_operator.py
[2024-02-26T13:58:34.783+0000] {processor.py:840} INFO - DAG(s) 'example_bash_operator' retrieved from /usr/local/lib/python3.10/dist-packages/airflow/example_dags/example_bash_operator.py
[2024-02-26T13:58:35.007+0000] {logging_mixin.py:188} INFO - [2024-02-26T13:58:35.006+0000] {dag.py:3047} INFO - Sync 1 DAGs
[2024-02-26T13:58:35.026+0000] {logging_mixin.py:188} INFO - [2024-02-26T13:58:35.026+0000] {dag.py:3834} INFO - Setting next_dagrun for example_bash_operator to 2024-02-25 00:00:00+00:00, run_after=2024-02-26 00:00:00+00:00
[2024-02-26T13:58:35.049+0000] {processor.py:183} INFO - Processing /usr/local/lib/python3.10/dist-packages/airflow/example_dags/example_bash_operator.py took 0.285 seconds
