[2024-02-26T13:34:34.281+0000] {processor.py:161} INFO - Started process (PID=3657) to work on /usr/local/lib/python3.10/dist-packages/airflow/example_dags/example_time_delta_sensor_async.py
[2024-02-26T13:34:34.282+0000] {processor.py:830} INFO - Processing file /usr/local/lib/python3.10/dist-packages/airflow/example_dags/example_time_delta_sensor_async.py for tasks to queue
[2024-02-26T13:34:34.283+0000] {logging_mixin.py:188} INFO - [2024-02-26T13:34:34.283+0000] {dagbag.py:540} INFO - Filling up the DagBag from /usr/local/lib/python3.10/dist-packages/airflow/example_dags/example_time_delta_sensor_async.py
[2024-02-26T13:34:34.289+0000] {processor.py:840} INFO - DAG(s) 'example_time_delta_sensor_async' retrieved from /usr/local/lib/python3.10/dist-packages/airflow/example_dags/example_time_delta_sensor_async.py
[2024-02-26T13:34:34.401+0000] {logging_mixin.py:188} INFO - [2024-02-26T13:34:34.400+0000] {override.py:1769} INFO - Created Permission View: can delete on DAG:example_time_delta_sensor_async
[2024-02-26T13:34:34.414+0000] {logging_mixin.py:188} INFO - [2024-02-26T13:34:34.413+0000] {override.py:1769} INFO - Created Permission View: can edit on DAG:example_time_delta_sensor_async
[2024-02-26T13:34:34.423+0000] {logging_mixin.py:188} INFO - [2024-02-26T13:34:34.423+0000] {override.py:1769} INFO - Created Permission View: can read on DAG:example_time_delta_sensor_async
[2024-02-26T13:34:34.424+0000] {logging_mixin.py:188} INFO - [2024-02-26T13:34:34.423+0000] {dag.py:3047} INFO - Sync 1 DAGs
[2024-02-26T13:34:34.434+0000] {logging_mixin.py:188} INFO - [2024-02-26T13:34:34.434+0000] {dag.py:3069} INFO - Creating ORM DAG for example_time_delta_sensor_async
[2024-02-26T13:34:34.435+0000] {logging_mixin.py:188} INFO - [2024-02-26T13:34:34.435+0000] {dag.py:3834} INFO - Setting next_dagrun for example_time_delta_sensor_async to None, run_after=None
[2024-02-26T13:34:34.457+0000] {processor.py:183} INFO - Processing /usr/local/lib/python3.10/dist-packages/airflow/example_dags/example_time_delta_sensor_async.py took 0.180 seconds
[2024-02-26T13:35:27.965+0000] {processor.py:161} INFO - Started process (PID=3705) to work on /usr/local/lib/python3.10/dist-packages/airflow/example_dags/example_time_delta_sensor_async.py
[2024-02-26T13:35:27.966+0000] {processor.py:830} INFO - Processing file /usr/local/lib/python3.10/dist-packages/airflow/example_dags/example_time_delta_sensor_async.py for tasks to queue
[2024-02-26T13:35:27.967+0000] {logging_mixin.py:188} INFO - [2024-02-26T13:35:27.967+0000] {dagbag.py:540} INFO - Filling up the DagBag from /usr/local/lib/python3.10/dist-packages/airflow/example_dags/example_time_delta_sensor_async.py
[2024-02-26T13:35:27.972+0000] {processor.py:840} INFO - DAG(s) 'example_time_delta_sensor_async' retrieved from /usr/local/lib/python3.10/dist-packages/airflow/example_dags/example_time_delta_sensor_async.py
[2024-02-26T13:35:27.991+0000] {logging_mixin.py:188} INFO - [2024-02-26T13:35:27.991+0000] {dag.py:3047} INFO - Sync 1 DAGs
[2024-02-26T13:35:28.004+0000] {logging_mixin.py:188} INFO - [2024-02-26T13:35:28.004+0000] {dag.py:3834} INFO - Setting next_dagrun for example_time_delta_sensor_async to None, run_after=None
[2024-02-26T13:35:28.027+0000] {processor.py:183} INFO - Processing /usr/local/lib/python3.10/dist-packages/airflow/example_dags/example_time_delta_sensor_async.py took 0.066 seconds
[2024-02-26T13:36:15.807+0000] {processor.py:161} INFO - Started process (PID=3753) to work on /usr/local/lib/python3.10/dist-packages/airflow/example_dags/example_time_delta_sensor_async.py
[2024-02-26T13:36:15.808+0000] {processor.py:830} INFO - Processing file /usr/local/lib/python3.10/dist-packages/airflow/example_dags/example_time_delta_sensor_async.py for tasks to queue
[2024-02-26T13:36:15.809+0000] {logging_mixin.py:188} INFO - [2024-02-26T13:36:15.809+0000] {dagbag.py:540} INFO - Filling up the DagBag from /usr/local/lib/python3.10/dist-packages/airflow/example_dags/example_time_delta_sensor_async.py
[2024-02-26T13:36:15.815+0000] {processor.py:840} INFO - DAG(s) 'example_time_delta_sensor_async' retrieved from /usr/local/lib/python3.10/dist-packages/airflow/example_dags/example_time_delta_sensor_async.py
[2024-02-26T13:36:15.832+0000] {logging_mixin.py:188} INFO - [2024-02-26T13:36:15.832+0000] {dag.py:3047} INFO - Sync 1 DAGs
[2024-02-26T13:36:15.845+0000] {logging_mixin.py:188} INFO - [2024-02-26T13:36:15.844+0000] {dag.py:3834} INFO - Setting next_dagrun for example_time_delta_sensor_async to None, run_after=None
[2024-02-26T13:36:15.867+0000] {processor.py:183} INFO - Processing /usr/local/lib/python3.10/dist-packages/airflow/example_dags/example_time_delta_sensor_async.py took 0.063 seconds
[2024-02-26T13:37:36.216+0000] {processor.py:161} INFO - Started process (PID=3837) to work on /usr/local/lib/python3.10/dist-packages/airflow/example_dags/example_time_delta_sensor_async.py
[2024-02-26T13:37:36.217+0000] {processor.py:830} INFO - Processing file /usr/local/lib/python3.10/dist-packages/airflow/example_dags/example_time_delta_sensor_async.py for tasks to queue
[2024-02-26T13:37:36.218+0000] {logging_mixin.py:188} INFO - [2024-02-26T13:37:36.218+0000] {dagbag.py:540} INFO - Filling up the DagBag from /usr/local/lib/python3.10/dist-packages/airflow/example_dags/example_time_delta_sensor_async.py
[2024-02-26T13:37:36.224+0000] {processor.py:840} INFO - DAG(s) 'example_time_delta_sensor_async' retrieved from /usr/local/lib/python3.10/dist-packages/airflow/example_dags/example_time_delta_sensor_async.py
[2024-02-26T13:37:36.233+0000] {logging_mixin.py:188} INFO - [2024-02-26T13:37:36.233+0000] {dag.py:3047} INFO - Sync 1 DAGs
[2024-02-26T13:37:36.247+0000] {logging_mixin.py:188} INFO - [2024-02-26T13:37:36.247+0000] {dag.py:3834} INFO - Setting next_dagrun for example_time_delta_sensor_async to None, run_after=None
[2024-02-26T13:37:36.271+0000] {processor.py:183} INFO - Processing /usr/local/lib/python3.10/dist-packages/airflow/example_dags/example_time_delta_sensor_async.py took 0.059 seconds
[2024-02-26T13:38:29.754+0000] {processor.py:161} INFO - Started process (PID=3886) to work on /usr/local/lib/python3.10/dist-packages/airflow/example_dags/example_time_delta_sensor_async.py
[2024-02-26T13:38:29.756+0000] {processor.py:830} INFO - Processing file /usr/local/lib/python3.10/dist-packages/airflow/example_dags/example_time_delta_sensor_async.py for tasks to queue
[2024-02-26T13:38:29.757+0000] {logging_mixin.py:188} INFO - [2024-02-26T13:38:29.756+0000] {dagbag.py:540} INFO - Filling up the DagBag from /usr/local/lib/python3.10/dist-packages/airflow/example_dags/example_time_delta_sensor_async.py
[2024-02-26T13:38:29.762+0000] {processor.py:840} INFO - DAG(s) 'example_time_delta_sensor_async' retrieved from /usr/local/lib/python3.10/dist-packages/airflow/example_dags/example_time_delta_sensor_async.py
[2024-02-26T13:38:29.975+0000] {logging_mixin.py:188} INFO - [2024-02-26T13:38:29.974+0000] {dag.py:3047} INFO - Sync 1 DAGs
[2024-02-26T13:38:29.983+0000] {logging_mixin.py:188} INFO - [2024-02-26T13:38:29.983+0000] {dag.py:3834} INFO - Setting next_dagrun for example_time_delta_sensor_async to None, run_after=None
[2024-02-26T13:38:30.006+0000] {processor.py:183} INFO - Processing /usr/local/lib/python3.10/dist-packages/airflow/example_dags/example_time_delta_sensor_async.py took 0.255 seconds
[2024-02-26T13:39:19.533+0000] {processor.py:161} INFO - Started process (PID=3938) to work on /usr/local/lib/python3.10/dist-packages/airflow/example_dags/example_time_delta_sensor_async.py
[2024-02-26T13:39:19.534+0000] {processor.py:830} INFO - Processing file /usr/local/lib/python3.10/dist-packages/airflow/example_dags/example_time_delta_sensor_async.py for tasks to queue
[2024-02-26T13:39:19.535+0000] {logging_mixin.py:188} INFO - [2024-02-26T13:39:19.535+0000] {dagbag.py:540} INFO - Filling up the DagBag from /usr/local/lib/python3.10/dist-packages/airflow/example_dags/example_time_delta_sensor_async.py
[2024-02-26T13:39:19.540+0000] {processor.py:840} INFO - DAG(s) 'example_time_delta_sensor_async' retrieved from /usr/local/lib/python3.10/dist-packages/airflow/example_dags/example_time_delta_sensor_async.py
[2024-02-26T13:39:19.558+0000] {logging_mixin.py:188} INFO - [2024-02-26T13:39:19.558+0000] {dag.py:3047} INFO - Sync 1 DAGs
[2024-02-26T13:39:19.570+0000] {logging_mixin.py:188} INFO - [2024-02-26T13:39:19.570+0000] {dag.py:3834} INFO - Setting next_dagrun for example_time_delta_sensor_async to None, run_after=None
[2024-02-26T13:39:19.593+0000] {processor.py:183} INFO - Processing /usr/local/lib/python3.10/dist-packages/airflow/example_dags/example_time_delta_sensor_async.py took 0.063 seconds
[2024-02-26T13:40:05.742+0000] {processor.py:161} INFO - Started process (PID=3981) to work on /usr/local/lib/python3.10/dist-packages/airflow/example_dags/example_time_delta_sensor_async.py
[2024-02-26T13:40:05.744+0000] {processor.py:830} INFO - Processing file /usr/local/lib/python3.10/dist-packages/airflow/example_dags/example_time_delta_sensor_async.py for tasks to queue
[2024-02-26T13:40:05.745+0000] {logging_mixin.py:188} INFO - [2024-02-26T13:40:05.744+0000] {dagbag.py:540} INFO - Filling up the DagBag from /usr/local/lib/python3.10/dist-packages/airflow/example_dags/example_time_delta_sensor_async.py
[2024-02-26T13:40:05.751+0000] {processor.py:840} INFO - DAG(s) 'example_time_delta_sensor_async' retrieved from /usr/local/lib/python3.10/dist-packages/airflow/example_dags/example_time_delta_sensor_async.py
[2024-02-26T13:40:05.875+0000] {logging_mixin.py:188} INFO - [2024-02-26T13:40:05.875+0000] {dag.py:3047} INFO - Sync 1 DAGs
[2024-02-26T13:40:05.886+0000] {logging_mixin.py:188} INFO - [2024-02-26T13:40:05.886+0000] {dag.py:3834} INFO - Setting next_dagrun for example_time_delta_sensor_async to None, run_after=None
[2024-02-26T13:40:05.909+0000] {processor.py:183} INFO - Processing /usr/local/lib/python3.10/dist-packages/airflow/example_dags/example_time_delta_sensor_async.py took 0.170 seconds
[2024-02-26T13:40:46.810+0000] {processor.py:161} INFO - Started process (PID=4022) to work on /usr/local/lib/python3.10/dist-packages/airflow/example_dags/example_time_delta_sensor_async.py
[2024-02-26T13:40:46.812+0000] {processor.py:830} INFO - Processing file /usr/local/lib/python3.10/dist-packages/airflow/example_dags/example_time_delta_sensor_async.py for tasks to queue
[2024-02-26T13:40:46.813+0000] {logging_mixin.py:188} INFO - [2024-02-26T13:40:46.812+0000] {dagbag.py:540} INFO - Filling up the DagBag from /usr/local/lib/python3.10/dist-packages/airflow/example_dags/example_time_delta_sensor_async.py
[2024-02-26T13:40:46.819+0000] {processor.py:840} INFO - DAG(s) 'example_time_delta_sensor_async' retrieved from /usr/local/lib/python3.10/dist-packages/airflow/example_dags/example_time_delta_sensor_async.py
[2024-02-26T13:40:46.837+0000] {logging_mixin.py:188} INFO - [2024-02-26T13:40:46.836+0000] {dag.py:3047} INFO - Sync 1 DAGs
[2024-02-26T13:40:46.849+0000] {logging_mixin.py:188} INFO - [2024-02-26T13:40:46.849+0000] {dag.py:3834} INFO - Setting next_dagrun for example_time_delta_sensor_async to None, run_after=None
[2024-02-26T13:40:46.872+0000] {processor.py:183} INFO - Processing /usr/local/lib/python3.10/dist-packages/airflow/example_dags/example_time_delta_sensor_async.py took 0.065 seconds
[2024-02-26T13:41:36.926+0000] {processor.py:161} INFO - Started process (PID=4075) to work on /usr/local/lib/python3.10/dist-packages/airflow/example_dags/example_time_delta_sensor_async.py
[2024-02-26T13:41:36.928+0000] {processor.py:830} INFO - Processing file /usr/local/lib/python3.10/dist-packages/airflow/example_dags/example_time_delta_sensor_async.py for tasks to queue
[2024-02-26T13:41:36.929+0000] {logging_mixin.py:188} INFO - [2024-02-26T13:41:36.928+0000] {dagbag.py:540} INFO - Filling up the DagBag from /usr/local/lib/python3.10/dist-packages/airflow/example_dags/example_time_delta_sensor_async.py
[2024-02-26T13:41:36.934+0000] {processor.py:840} INFO - DAG(s) 'example_time_delta_sensor_async' retrieved from /usr/local/lib/python3.10/dist-packages/airflow/example_dags/example_time_delta_sensor_async.py
[2024-02-26T13:41:36.952+0000] {logging_mixin.py:188} INFO - [2024-02-26T13:41:36.952+0000] {dag.py:3047} INFO - Sync 1 DAGs
[2024-02-26T13:41:36.965+0000] {logging_mixin.py:188} INFO - [2024-02-26T13:41:36.964+0000] {dag.py:3834} INFO - Setting next_dagrun for example_time_delta_sensor_async to None, run_after=None
[2024-02-26T13:41:36.988+0000] {processor.py:183} INFO - Processing /usr/local/lib/python3.10/dist-packages/airflow/example_dags/example_time_delta_sensor_async.py took 0.066 seconds
[2024-02-26T13:42:28.483+0000] {processor.py:161} INFO - Started process (PID=4127) to work on /usr/local/lib/python3.10/dist-packages/airflow/example_dags/example_time_delta_sensor_async.py
[2024-02-26T13:42:28.484+0000] {processor.py:830} INFO - Processing file /usr/local/lib/python3.10/dist-packages/airflow/example_dags/example_time_delta_sensor_async.py for tasks to queue
[2024-02-26T13:42:28.485+0000] {logging_mixin.py:188} INFO - [2024-02-26T13:42:28.485+0000] {dagbag.py:540} INFO - Filling up the DagBag from /usr/local/lib/python3.10/dist-packages/airflow/example_dags/example_time_delta_sensor_async.py
[2024-02-26T13:42:28.491+0000] {processor.py:840} INFO - DAG(s) 'example_time_delta_sensor_async' retrieved from /usr/local/lib/python3.10/dist-packages/airflow/example_dags/example_time_delta_sensor_async.py
[2024-02-26T13:42:28.508+0000] {logging_mixin.py:188} INFO - [2024-02-26T13:42:28.508+0000] {dag.py:3047} INFO - Sync 1 DAGs
[2024-02-26T13:42:28.520+0000] {logging_mixin.py:188} INFO - [2024-02-26T13:42:28.520+0000] {dag.py:3834} INFO - Setting next_dagrun for example_time_delta_sensor_async to None, run_after=None
[2024-02-26T13:42:28.543+0000] {processor.py:183} INFO - Processing /usr/local/lib/python3.10/dist-packages/airflow/example_dags/example_time_delta_sensor_async.py took 0.064 seconds
[2024-02-26T13:44:25.216+0000] {processor.py:161} INFO - Started process (PID=4219) to work on /usr/local/lib/python3.10/dist-packages/airflow/example_dags/example_time_delta_sensor_async.py
[2024-02-26T13:44:25.218+0000] {processor.py:830} INFO - Processing file /usr/local/lib/python3.10/dist-packages/airflow/example_dags/example_time_delta_sensor_async.py for tasks to queue
[2024-02-26T13:44:25.219+0000] {logging_mixin.py:188} INFO - [2024-02-26T13:44:25.218+0000] {dagbag.py:540} INFO - Filling up the DagBag from /usr/local/lib/python3.10/dist-packages/airflow/example_dags/example_time_delta_sensor_async.py
[2024-02-26T13:44:25.225+0000] {processor.py:840} INFO - DAG(s) 'example_time_delta_sensor_async' retrieved from /usr/local/lib/python3.10/dist-packages/airflow/example_dags/example_time_delta_sensor_async.py
[2024-02-26T13:44:25.235+0000] {logging_mixin.py:188} INFO - [2024-02-26T13:44:25.235+0000] {dag.py:3047} INFO - Sync 1 DAGs
[2024-02-26T13:44:25.249+0000] {logging_mixin.py:188} INFO - [2024-02-26T13:44:25.249+0000] {dag.py:3834} INFO - Setting next_dagrun for example_time_delta_sensor_async to None, run_after=None
[2024-02-26T13:44:25.272+0000] {processor.py:183} INFO - Processing /usr/local/lib/python3.10/dist-packages/airflow/example_dags/example_time_delta_sensor_async.py took 0.059 seconds
[2024-02-26T13:47:33.828+0000] {processor.py:161} INFO - Started process (PID=4285) to work on /usr/local/lib/python3.10/dist-packages/airflow/example_dags/example_time_delta_sensor_async.py
[2024-02-26T13:47:33.829+0000] {processor.py:830} INFO - Processing file /usr/local/lib/python3.10/dist-packages/airflow/example_dags/example_time_delta_sensor_async.py for tasks to queue
[2024-02-26T13:47:33.830+0000] {logging_mixin.py:188} INFO - [2024-02-26T13:47:33.830+0000] {dagbag.py:540} INFO - Filling up the DagBag from /usr/local/lib/python3.10/dist-packages/airflow/example_dags/example_time_delta_sensor_async.py
[2024-02-26T13:47:33.836+0000] {processor.py:840} INFO - DAG(s) 'example_time_delta_sensor_async' retrieved from /usr/local/lib/python3.10/dist-packages/airflow/example_dags/example_time_delta_sensor_async.py
[2024-02-26T13:47:33.845+0000] {logging_mixin.py:188} INFO - [2024-02-26T13:47:33.844+0000] {dag.py:3047} INFO - Sync 1 DAGs
[2024-02-26T13:47:33.859+0000] {logging_mixin.py:188} INFO - [2024-02-26T13:47:33.858+0000] {dag.py:3834} INFO - Setting next_dagrun for example_time_delta_sensor_async to None, run_after=None
[2024-02-26T13:47:33.883+0000] {processor.py:183} INFO - Processing /usr/local/lib/python3.10/dist-packages/airflow/example_dags/example_time_delta_sensor_async.py took 0.059 seconds
[2024-02-26T13:53:36.419+0000] {processor.py:161} INFO - Started process (PID=4389) to work on /usr/local/lib/python3.10/dist-packages/airflow/example_dags/example_time_delta_sensor_async.py
[2024-02-26T13:53:36.421+0000] {processor.py:830} INFO - Processing file /usr/local/lib/python3.10/dist-packages/airflow/example_dags/example_time_delta_sensor_async.py for tasks to queue
[2024-02-26T13:53:36.422+0000] {logging_mixin.py:188} INFO - [2024-02-26T13:53:36.422+0000] {dagbag.py:540} INFO - Filling up the DagBag from /usr/local/lib/python3.10/dist-packages/airflow/example_dags/example_time_delta_sensor_async.py
[2024-02-26T13:53:36.428+0000] {processor.py:840} INFO - DAG(s) 'example_time_delta_sensor_async' retrieved from /usr/local/lib/python3.10/dist-packages/airflow/example_dags/example_time_delta_sensor_async.py
[2024-02-26T13:53:36.437+0000] {logging_mixin.py:188} INFO - [2024-02-26T13:53:36.437+0000] {dag.py:3047} INFO - Sync 1 DAGs
[2024-02-26T13:53:36.451+0000] {logging_mixin.py:188} INFO - [2024-02-26T13:53:36.451+0000] {dag.py:3834} INFO - Setting next_dagrun for example_time_delta_sensor_async to None, run_after=None
[2024-02-26T13:53:36.474+0000] {processor.py:183} INFO - Processing /usr/local/lib/python3.10/dist-packages/airflow/example_dags/example_time_delta_sensor_async.py took 0.058 seconds
[2024-02-26T13:54:30.290+0000] {processor.py:161} INFO - Started process (PID=4437) to work on /usr/local/lib/python3.10/dist-packages/airflow/example_dags/example_time_delta_sensor_async.py
[2024-02-26T13:54:30.291+0000] {processor.py:830} INFO - Processing file /usr/local/lib/python3.10/dist-packages/airflow/example_dags/example_time_delta_sensor_async.py for tasks to queue
[2024-02-26T13:54:30.292+0000] {logging_mixin.py:188} INFO - [2024-02-26T13:54:30.291+0000] {dagbag.py:540} INFO - Filling up the DagBag from /usr/local/lib/python3.10/dist-packages/airflow/example_dags/example_time_delta_sensor_async.py
[2024-02-26T13:54:30.297+0000] {processor.py:840} INFO - DAG(s) 'example_time_delta_sensor_async' retrieved from /usr/local/lib/python3.10/dist-packages/airflow/example_dags/example_time_delta_sensor_async.py
[2024-02-26T13:54:30.500+0000] {logging_mixin.py:188} INFO - [2024-02-26T13:54:30.499+0000] {dag.py:3047} INFO - Sync 1 DAGs
[2024-02-26T13:54:30.509+0000] {logging_mixin.py:188} INFO - [2024-02-26T13:54:30.509+0000] {dag.py:3834} INFO - Setting next_dagrun for example_time_delta_sensor_async to None, run_after=None
[2024-02-26T13:54:30.529+0000] {processor.py:183} INFO - Processing /usr/local/lib/python3.10/dist-packages/airflow/example_dags/example_time_delta_sensor_async.py took 0.243 seconds
[2024-02-26T13:55:18.509+0000] {processor.py:161} INFO - Started process (PID=4485) to work on /usr/local/lib/python3.10/dist-packages/airflow/example_dags/example_time_delta_sensor_async.py
[2024-02-26T13:55:18.511+0000] {processor.py:830} INFO - Processing file /usr/local/lib/python3.10/dist-packages/airflow/example_dags/example_time_delta_sensor_async.py for tasks to queue
[2024-02-26T13:55:18.512+0000] {logging_mixin.py:188} INFO - [2024-02-26T13:55:18.511+0000] {dagbag.py:540} INFO - Filling up the DagBag from /usr/local/lib/python3.10/dist-packages/airflow/example_dags/example_time_delta_sensor_async.py
[2024-02-26T13:55:18.517+0000] {processor.py:840} INFO - DAG(s) 'example_time_delta_sensor_async' retrieved from /usr/local/lib/python3.10/dist-packages/airflow/example_dags/example_time_delta_sensor_async.py
[2024-02-26T13:55:18.536+0000] {logging_mixin.py:188} INFO - [2024-02-26T13:55:18.536+0000] {dag.py:3047} INFO - Sync 1 DAGs
[2024-02-26T13:55:18.549+0000] {logging_mixin.py:188} INFO - [2024-02-26T13:55:18.548+0000] {dag.py:3834} INFO - Setting next_dagrun for example_time_delta_sensor_async to None, run_after=None
[2024-02-26T13:55:18.572+0000] {processor.py:183} INFO - Processing /usr/local/lib/python3.10/dist-packages/airflow/example_dags/example_time_delta_sensor_async.py took 0.066 seconds
[2024-02-26T13:56:08.006+0000] {processor.py:161} INFO - Started process (PID=4530) to work on /usr/local/lib/python3.10/dist-packages/airflow/example_dags/example_time_delta_sensor_async.py
[2024-02-26T13:56:08.007+0000] {processor.py:830} INFO - Processing file /usr/local/lib/python3.10/dist-packages/airflow/example_dags/example_time_delta_sensor_async.py for tasks to queue
[2024-02-26T13:56:08.008+0000] {logging_mixin.py:188} INFO - [2024-02-26T13:56:08.008+0000] {dagbag.py:540} INFO - Filling up the DagBag from /usr/local/lib/python3.10/dist-packages/airflow/example_dags/example_time_delta_sensor_async.py
[2024-02-26T13:56:08.013+0000] {processor.py:840} INFO - DAG(s) 'example_time_delta_sensor_async' retrieved from /usr/local/lib/python3.10/dist-packages/airflow/example_dags/example_time_delta_sensor_async.py
[2024-02-26T13:56:08.147+0000] {logging_mixin.py:188} INFO - [2024-02-26T13:56:08.147+0000] {dag.py:3047} INFO - Sync 1 DAGs
[2024-02-26T13:56:08.158+0000] {logging_mixin.py:188} INFO - [2024-02-26T13:56:08.158+0000] {dag.py:3834} INFO - Setting next_dagrun for example_time_delta_sensor_async to None, run_after=None
[2024-02-26T13:56:08.179+0000] {processor.py:183} INFO - Processing /usr/local/lib/python3.10/dist-packages/airflow/example_dags/example_time_delta_sensor_async.py took 0.177 seconds
[2024-02-26T13:57:00.077+0000] {processor.py:161} INFO - Started process (PID=4584) to work on /usr/local/lib/python3.10/dist-packages/airflow/example_dags/example_time_delta_sensor_async.py
[2024-02-26T13:57:00.078+0000] {processor.py:830} INFO - Processing file /usr/local/lib/python3.10/dist-packages/airflow/example_dags/example_time_delta_sensor_async.py for tasks to queue
[2024-02-26T13:57:00.079+0000] {logging_mixin.py:188} INFO - [2024-02-26T13:57:00.079+0000] {dagbag.py:540} INFO - Filling up the DagBag from /usr/local/lib/python3.10/dist-packages/airflow/example_dags/example_time_delta_sensor_async.py
[2024-02-26T13:57:00.085+0000] {processor.py:840} INFO - DAG(s) 'example_time_delta_sensor_async' retrieved from /usr/local/lib/python3.10/dist-packages/airflow/example_dags/example_time_delta_sensor_async.py
[2024-02-26T13:57:00.103+0000] {logging_mixin.py:188} INFO - [2024-02-26T13:57:00.103+0000] {dag.py:3047} INFO - Sync 1 DAGs
[2024-02-26T13:57:00.117+0000] {logging_mixin.py:188} INFO - [2024-02-26T13:57:00.117+0000] {dag.py:3834} INFO - Setting next_dagrun for example_time_delta_sensor_async to None, run_after=None
[2024-02-26T13:57:00.140+0000] {processor.py:183} INFO - Processing /usr/local/lib/python3.10/dist-packages/airflow/example_dags/example_time_delta_sensor_async.py took 0.066 seconds
[2024-02-26T13:58:08.038+0000] {processor.py:161} INFO - Started process (PID=4668) to work on /usr/local/lib/python3.10/dist-packages/airflow/example_dags/example_time_delta_sensor_async.py
[2024-02-26T13:58:08.040+0000] {processor.py:830} INFO - Processing file /usr/local/lib/python3.10/dist-packages/airflow/example_dags/example_time_delta_sensor_async.py for tasks to queue
[2024-02-26T13:58:08.041+0000] {logging_mixin.py:188} INFO - [2024-02-26T13:58:08.040+0000] {dagbag.py:540} INFO - Filling up the DagBag from /usr/local/lib/python3.10/dist-packages/airflow/example_dags/example_time_delta_sensor_async.py
[2024-02-26T13:58:08.046+0000] {processor.py:840} INFO - DAG(s) 'example_time_delta_sensor_async' retrieved from /usr/local/lib/python3.10/dist-packages/airflow/example_dags/example_time_delta_sensor_async.py
[2024-02-26T13:58:08.056+0000] {logging_mixin.py:188} INFO - [2024-02-26T13:58:08.056+0000] {dag.py:3047} INFO - Sync 1 DAGs
[2024-02-26T13:58:08.070+0000] {logging_mixin.py:188} INFO - [2024-02-26T13:58:08.069+0000] {dag.py:3834} INFO - Setting next_dagrun for example_time_delta_sensor_async to None, run_after=None
[2024-02-26T13:58:08.092+0000] {processor.py:183} INFO - Processing /usr/local/lib/python3.10/dist-packages/airflow/example_dags/example_time_delta_sensor_async.py took 0.057 seconds
[2024-02-26T13:59:01.525+0000] {processor.py:161} INFO - Started process (PID=4716) to work on /usr/local/lib/python3.10/dist-packages/airflow/example_dags/example_time_delta_sensor_async.py
[2024-02-26T13:59:01.526+0000] {processor.py:830} INFO - Processing file /usr/local/lib/python3.10/dist-packages/airflow/example_dags/example_time_delta_sensor_async.py for tasks to queue
[2024-02-26T13:59:01.527+0000] {logging_mixin.py:188} INFO - [2024-02-26T13:59:01.527+0000] {dagbag.py:540} INFO - Filling up the DagBag from /usr/local/lib/python3.10/dist-packages/airflow/example_dags/example_time_delta_sensor_async.py
[2024-02-26T13:59:01.533+0000] {processor.py:840} INFO - DAG(s) 'example_time_delta_sensor_async' retrieved from /usr/local/lib/python3.10/dist-packages/airflow/example_dags/example_time_delta_sensor_async.py
[2024-02-26T13:59:01.753+0000] {logging_mixin.py:188} INFO - [2024-02-26T13:59:01.753+0000] {dag.py:3047} INFO - Sync 1 DAGs
[2024-02-26T13:59:01.763+0000] {logging_mixin.py:188} INFO - [2024-02-26T13:59:01.763+0000] {dag.py:3834} INFO - Setting next_dagrun for example_time_delta_sensor_async to None, run_after=None
[2024-02-26T13:59:01.786+0000] {processor.py:183} INFO - Processing /usr/local/lib/python3.10/dist-packages/airflow/example_dags/example_time_delta_sensor_async.py took 0.264 seconds
[2024-02-26T14:00:01.081+0000] {processor.py:161} INFO - Started process (PID=4783) to work on /usr/local/lib/python3.10/dist-packages/airflow/example_dags/example_time_delta_sensor_async.py
[2024-02-26T14:00:01.083+0000] {processor.py:830} INFO - Processing file /usr/local/lib/python3.10/dist-packages/airflow/example_dags/example_time_delta_sensor_async.py for tasks to queue
[2024-02-26T14:00:01.084+0000] {logging_mixin.py:188} INFO - [2024-02-26T14:00:01.084+0000] {dagbag.py:540} INFO - Filling up the DagBag from /usr/local/lib/python3.10/dist-packages/airflow/example_dags/example_time_delta_sensor_async.py
[2024-02-26T14:00:01.090+0000] {processor.py:840} INFO - DAG(s) 'example_time_delta_sensor_async' retrieved from /usr/local/lib/python3.10/dist-packages/airflow/example_dags/example_time_delta_sensor_async.py
[2024-02-26T14:00:01.100+0000] {logging_mixin.py:188} INFO - [2024-02-26T14:00:01.099+0000] {dag.py:3047} INFO - Sync 1 DAGs
[2024-02-26T14:00:01.114+0000] {logging_mixin.py:188} INFO - [2024-02-26T14:00:01.114+0000] {dag.py:3834} INFO - Setting next_dagrun for example_time_delta_sensor_async to None, run_after=None
[2024-02-26T14:00:01.140+0000] {processor.py:183} INFO - Processing /usr/local/lib/python3.10/dist-packages/airflow/example_dags/example_time_delta_sensor_async.py took 0.062 seconds
