[2024-02-26T13:34:19.571+0000] {processor.py:161} INFO - Started process (PID=3643) to work on /usr/local/lib/python3.10/dist-packages/airflow/example_dags/example_short_circuit_operator.py
[2024-02-26T13:34:19.572+0000] {processor.py:830} INFO - Processing file /usr/local/lib/python3.10/dist-packages/airflow/example_dags/example_short_circuit_operator.py for tasks to queue
[2024-02-26T13:34:19.573+0000] {logging_mixin.py:188} INFO - [2024-02-26T13:34:19.573+0000] {dagbag.py:540} INFO - Filling up the DagBag from /usr/local/lib/python3.10/dist-packages/airflow/example_dags/example_short_circuit_operator.py
[2024-02-26T13:34:19.585+0000] {processor.py:840} INFO - DAG(s) 'example_short_circuit_operator' retrieved from /usr/local/lib/python3.10/dist-packages/airflow/example_dags/example_short_circuit_operator.py
[2024-02-26T13:34:19.704+0000] {logging_mixin.py:188} INFO - [2024-02-26T13:34:19.703+0000] {override.py:1769} INFO - Created Permission View: can delete on DAG:example_short_circuit_operator
[2024-02-26T13:34:19.717+0000] {logging_mixin.py:188} INFO - [2024-02-26T13:34:19.717+0000] {override.py:1769} INFO - Created Permission View: can edit on DAG:example_short_circuit_operator
[2024-02-26T13:34:19.727+0000] {logging_mixin.py:188} INFO - [2024-02-26T13:34:19.726+0000] {override.py:1769} INFO - Created Permission View: can read on DAG:example_short_circuit_operator
[2024-02-26T13:34:19.727+0000] {logging_mixin.py:188} INFO - [2024-02-26T13:34:19.727+0000] {dag.py:3047} INFO - Sync 1 DAGs
[2024-02-26T13:34:19.738+0000] {logging_mixin.py:188} INFO - [2024-02-26T13:34:19.738+0000] {dag.py:3069} INFO - Creating ORM DAG for example_short_circuit_operator
[2024-02-26T13:34:19.747+0000] {logging_mixin.py:188} INFO - [2024-02-26T13:34:19.747+0000] {dag.py:3834} INFO - Setting next_dagrun for example_short_circuit_operator to 2024-02-25 00:00:00+00:00, run_after=2024-02-26 00:00:00+00:00
[2024-02-26T13:34:19.773+0000] {processor.py:183} INFO - Processing /usr/local/lib/python3.10/dist-packages/airflow/example_dags/example_short_circuit_operator.py took 0.206 seconds
[2024-02-26T13:35:13.824+0000] {processor.py:161} INFO - Started process (PID=3691) to work on /usr/local/lib/python3.10/dist-packages/airflow/example_dags/example_short_circuit_operator.py
[2024-02-26T13:35:13.825+0000] {processor.py:830} INFO - Processing file /usr/local/lib/python3.10/dist-packages/airflow/example_dags/example_short_circuit_operator.py for tasks to queue
[2024-02-26T13:35:13.826+0000] {logging_mixin.py:188} INFO - [2024-02-26T13:35:13.826+0000] {dagbag.py:540} INFO - Filling up the DagBag from /usr/local/lib/python3.10/dist-packages/airflow/example_dags/example_short_circuit_operator.py
[2024-02-26T13:35:13.836+0000] {processor.py:840} INFO - DAG(s) 'example_short_circuit_operator' retrieved from /usr/local/lib/python3.10/dist-packages/airflow/example_dags/example_short_circuit_operator.py
[2024-02-26T13:35:13.857+0000] {logging_mixin.py:188} INFO - [2024-02-26T13:35:13.856+0000] {dag.py:3047} INFO - Sync 1 DAGs
[2024-02-26T13:35:13.879+0000] {logging_mixin.py:188} INFO - [2024-02-26T13:35:13.879+0000] {dag.py:3834} INFO - Setting next_dagrun for example_short_circuit_operator to 2024-02-25 00:00:00+00:00, run_after=2024-02-26 00:00:00+00:00
[2024-02-26T13:35:13.902+0000] {processor.py:183} INFO - Processing /usr/local/lib/python3.10/dist-packages/airflow/example_dags/example_short_circuit_operator.py took 0.082 seconds
[2024-02-26T13:35:56.271+0000] {processor.py:161} INFO - Started process (PID=3733) to work on /usr/local/lib/python3.10/dist-packages/airflow/example_dags/example_short_circuit_operator.py
[2024-02-26T13:35:56.273+0000] {processor.py:830} INFO - Processing file /usr/local/lib/python3.10/dist-packages/airflow/example_dags/example_short_circuit_operator.py for tasks to queue
[2024-02-26T13:35:56.273+0000] {logging_mixin.py:188} INFO - [2024-02-26T13:35:56.273+0000] {dagbag.py:540} INFO - Filling up the DagBag from /usr/local/lib/python3.10/dist-packages/airflow/example_dags/example_short_circuit_operator.py
[2024-02-26T13:35:56.283+0000] {processor.py:840} INFO - DAG(s) 'example_short_circuit_operator' retrieved from /usr/local/lib/python3.10/dist-packages/airflow/example_dags/example_short_circuit_operator.py
[2024-02-26T13:35:56.303+0000] {logging_mixin.py:188} INFO - [2024-02-26T13:35:56.302+0000] {dag.py:3047} INFO - Sync 1 DAGs
[2024-02-26T13:35:56.324+0000] {logging_mixin.py:188} INFO - [2024-02-26T13:35:56.324+0000] {dag.py:3834} INFO - Setting next_dagrun for example_short_circuit_operator to 2024-02-25 00:00:00+00:00, run_after=2024-02-26 00:00:00+00:00
[2024-02-26T13:35:56.346+0000] {processor.py:183} INFO - Processing /usr/local/lib/python3.10/dist-packages/airflow/example_dags/example_short_circuit_operator.py took 0.079 seconds
[2024-02-26T13:36:34.932+0000] {processor.py:161} INFO - Started process (PID=3771) to work on /usr/local/lib/python3.10/dist-packages/airflow/example_dags/example_short_circuit_operator.py
[2024-02-26T13:36:34.933+0000] {processor.py:830} INFO - Processing file /usr/local/lib/python3.10/dist-packages/airflow/example_dags/example_short_circuit_operator.py for tasks to queue
[2024-02-26T13:36:34.934+0000] {logging_mixin.py:188} INFO - [2024-02-26T13:36:34.934+0000] {dagbag.py:540} INFO - Filling up the DagBag from /usr/local/lib/python3.10/dist-packages/airflow/example_dags/example_short_circuit_operator.py
[2024-02-26T13:36:34.943+0000] {processor.py:840} INFO - DAG(s) 'example_short_circuit_operator' retrieved from /usr/local/lib/python3.10/dist-packages/airflow/example_dags/example_short_circuit_operator.py
[2024-02-26T13:36:34.964+0000] {logging_mixin.py:188} INFO - [2024-02-26T13:36:34.964+0000] {dag.py:3047} INFO - Sync 1 DAGs
[2024-02-26T13:36:34.986+0000] {logging_mixin.py:188} INFO - [2024-02-26T13:36:34.986+0000] {dag.py:3834} INFO - Setting next_dagrun for example_short_circuit_operator to 2024-02-25 00:00:00+00:00, run_after=2024-02-26 00:00:00+00:00
[2024-02-26T13:36:35.116+0000] {processor.py:183} INFO - Processing /usr/local/lib/python3.10/dist-packages/airflow/example_dags/example_short_circuit_operator.py took 0.188 seconds
[2024-02-26T13:37:23.642+0000] {processor.py:161} INFO - Started process (PID=3823) to work on /usr/local/lib/python3.10/dist-packages/airflow/example_dags/example_short_circuit_operator.py
[2024-02-26T13:37:23.643+0000] {processor.py:830} INFO - Processing file /usr/local/lib/python3.10/dist-packages/airflow/example_dags/example_short_circuit_operator.py for tasks to queue
[2024-02-26T13:37:23.644+0000] {logging_mixin.py:188} INFO - [2024-02-26T13:37:23.644+0000] {dagbag.py:540} INFO - Filling up the DagBag from /usr/local/lib/python3.10/dist-packages/airflow/example_dags/example_short_circuit_operator.py
[2024-02-26T13:37:23.658+0000] {processor.py:840} INFO - DAG(s) 'example_short_circuit_operator' retrieved from /usr/local/lib/python3.10/dist-packages/airflow/example_dags/example_short_circuit_operator.py
[2024-02-26T13:37:23.666+0000] {logging_mixin.py:188} INFO - [2024-02-26T13:37:23.666+0000] {dag.py:3047} INFO - Sync 1 DAGs
[2024-02-26T13:37:23.688+0000] {logging_mixin.py:188} INFO - [2024-02-26T13:37:23.688+0000] {dag.py:3834} INFO - Setting next_dagrun for example_short_circuit_operator to 2024-02-25 00:00:00+00:00, run_after=2024-02-26 00:00:00+00:00
[2024-02-26T13:37:23.711+0000] {processor.py:183} INFO - Processing /usr/local/lib/python3.10/dist-packages/airflow/example_dags/example_short_circuit_operator.py took 0.072 seconds
[2024-02-26T13:38:12.554+0000] {processor.py:161} INFO - Started process (PID=3872) to work on /usr/local/lib/python3.10/dist-packages/airflow/example_dags/example_short_circuit_operator.py
[2024-02-26T13:38:12.556+0000] {processor.py:830} INFO - Processing file /usr/local/lib/python3.10/dist-packages/airflow/example_dags/example_short_circuit_operator.py for tasks to queue
[2024-02-26T13:38:12.557+0000] {logging_mixin.py:188} INFO - [2024-02-26T13:38:12.556+0000] {dagbag.py:540} INFO - Filling up the DagBag from /usr/local/lib/python3.10/dist-packages/airflow/example_dags/example_short_circuit_operator.py
[2024-02-26T13:38:12.566+0000] {processor.py:840} INFO - DAG(s) 'example_short_circuit_operator' retrieved from /usr/local/lib/python3.10/dist-packages/airflow/example_dags/example_short_circuit_operator.py
[2024-02-26T13:38:12.770+0000] {logging_mixin.py:188} INFO - [2024-02-26T13:38:12.769+0000] {dag.py:3047} INFO - Sync 1 DAGs
[2024-02-26T13:38:12.787+0000] {logging_mixin.py:188} INFO - [2024-02-26T13:38:12.786+0000] {dag.py:3834} INFO - Setting next_dagrun for example_short_circuit_operator to 2024-02-25 00:00:00+00:00, run_after=2024-02-26 00:00:00+00:00
[2024-02-26T13:38:12.810+0000] {processor.py:183} INFO - Processing /usr/local/lib/python3.10/dist-packages/airflow/example_dags/example_short_circuit_operator.py took 0.259 seconds
[2024-02-26T13:39:00.861+0000] {processor.py:161} INFO - Started process (PID=3919) to work on /usr/local/lib/python3.10/dist-packages/airflow/example_dags/example_short_circuit_operator.py
[2024-02-26T13:39:00.863+0000] {processor.py:830} INFO - Processing file /usr/local/lib/python3.10/dist-packages/airflow/example_dags/example_short_circuit_operator.py for tasks to queue
[2024-02-26T13:39:00.864+0000] {logging_mixin.py:188} INFO - [2024-02-26T13:39:00.863+0000] {dagbag.py:540} INFO - Filling up the DagBag from /usr/local/lib/python3.10/dist-packages/airflow/example_dags/example_short_circuit_operator.py
[2024-02-26T13:39:00.873+0000] {processor.py:840} INFO - DAG(s) 'example_short_circuit_operator' retrieved from /usr/local/lib/python3.10/dist-packages/airflow/example_dags/example_short_circuit_operator.py
[2024-02-26T13:39:00.892+0000] {logging_mixin.py:188} INFO - [2024-02-26T13:39:00.892+0000] {dag.py:3047} INFO - Sync 1 DAGs
[2024-02-26T13:39:00.914+0000] {logging_mixin.py:188} INFO - [2024-02-26T13:39:00.914+0000] {dag.py:3834} INFO - Setting next_dagrun for example_short_circuit_operator to 2024-02-25 00:00:00+00:00, run_after=2024-02-26 00:00:00+00:00
[2024-02-26T13:39:00.937+0000] {processor.py:183} INFO - Processing /usr/local/lib/python3.10/dist-packages/airflow/example_dags/example_short_circuit_operator.py took 0.079 seconds
[2024-02-26T13:39:42.286+0000] {processor.py:161} INFO - Started process (PID=3959) to work on /usr/local/lib/python3.10/dist-packages/airflow/example_dags/example_short_circuit_operator.py
[2024-02-26T13:39:42.288+0000] {processor.py:830} INFO - Processing file /usr/local/lib/python3.10/dist-packages/airflow/example_dags/example_short_circuit_operator.py for tasks to queue
[2024-02-26T13:39:42.289+0000] {logging_mixin.py:188} INFO - [2024-02-26T13:39:42.288+0000] {dagbag.py:540} INFO - Filling up the DagBag from /usr/local/lib/python3.10/dist-packages/airflow/example_dags/example_short_circuit_operator.py
[2024-02-26T13:39:42.298+0000] {processor.py:840} INFO - DAG(s) 'example_short_circuit_operator' retrieved from /usr/local/lib/python3.10/dist-packages/airflow/example_dags/example_short_circuit_operator.py
[2024-02-26T13:39:42.318+0000] {logging_mixin.py:188} INFO - [2024-02-26T13:39:42.318+0000] {dag.py:3047} INFO - Sync 1 DAGs
[2024-02-26T13:39:42.440+0000] {logging_mixin.py:188} INFO - [2024-02-26T13:39:42.440+0000] {dag.py:3834} INFO - Setting next_dagrun for example_short_circuit_operator to 2024-02-25 00:00:00+00:00, run_after=2024-02-26 00:00:00+00:00
[2024-02-26T13:39:42.461+0000] {processor.py:183} INFO - Processing /usr/local/lib/python3.10/dist-packages/airflow/example_dags/example_short_circuit_operator.py took 0.178 seconds
[2024-02-26T13:40:23.921+0000] {processor.py:161} INFO - Started process (PID=3999) to work on /usr/local/lib/python3.10/dist-packages/airflow/example_dags/example_short_circuit_operator.py
[2024-02-26T13:40:23.922+0000] {processor.py:830} INFO - Processing file /usr/local/lib/python3.10/dist-packages/airflow/example_dags/example_short_circuit_operator.py for tasks to queue
[2024-02-26T13:40:23.923+0000] {logging_mixin.py:188} INFO - [2024-02-26T13:40:23.923+0000] {dagbag.py:540} INFO - Filling up the DagBag from /usr/local/lib/python3.10/dist-packages/airflow/example_dags/example_short_circuit_operator.py
[2024-02-26T13:40:23.932+0000] {processor.py:840} INFO - DAG(s) 'example_short_circuit_operator' retrieved from /usr/local/lib/python3.10/dist-packages/airflow/example_dags/example_short_circuit_operator.py
[2024-02-26T13:40:23.952+0000] {logging_mixin.py:188} INFO - [2024-02-26T13:40:23.952+0000] {dag.py:3047} INFO - Sync 1 DAGs
[2024-02-26T13:40:23.973+0000] {logging_mixin.py:188} INFO - [2024-02-26T13:40:23.973+0000] {dag.py:3834} INFO - Setting next_dagrun for example_short_circuit_operator to 2024-02-25 00:00:00+00:00, run_after=2024-02-26 00:00:00+00:00
[2024-02-26T13:40:23.996+0000] {processor.py:183} INFO - Processing /usr/local/lib/python3.10/dist-packages/airflow/example_dags/example_short_circuit_operator.py took 0.078 seconds
[2024-02-26T13:41:02.588+0000] {processor.py:161} INFO - Started process (PID=4038) to work on /usr/local/lib/python3.10/dist-packages/airflow/example_dags/example_short_circuit_operator.py
[2024-02-26T13:41:02.589+0000] {processor.py:830} INFO - Processing file /usr/local/lib/python3.10/dist-packages/airflow/example_dags/example_short_circuit_operator.py for tasks to queue
[2024-02-26T13:41:02.590+0000] {logging_mixin.py:188} INFO - [2024-02-26T13:41:02.590+0000] {dagbag.py:540} INFO - Filling up the DagBag from /usr/local/lib/python3.10/dist-packages/airflow/example_dags/example_short_circuit_operator.py
[2024-02-26T13:41:02.600+0000] {processor.py:840} INFO - DAG(s) 'example_short_circuit_operator' retrieved from /usr/local/lib/python3.10/dist-packages/airflow/example_dags/example_short_circuit_operator.py
[2024-02-26T13:41:02.621+0000] {logging_mixin.py:188} INFO - [2024-02-26T13:41:02.620+0000] {dag.py:3047} INFO - Sync 1 DAGs
[2024-02-26T13:41:02.644+0000] {logging_mixin.py:188} INFO - [2024-02-26T13:41:02.643+0000] {dag.py:3834} INFO - Setting next_dagrun for example_short_circuit_operator to 2024-02-25 00:00:00+00:00, run_after=2024-02-26 00:00:00+00:00
[2024-02-26T13:41:02.667+0000] {processor.py:183} INFO - Processing /usr/local/lib/python3.10/dist-packages/airflow/example_dags/example_short_circuit_operator.py took 0.084 seconds
[2024-02-26T13:41:48.222+0000] {processor.py:161} INFO - Started process (PID=4086) to work on /usr/local/lib/python3.10/dist-packages/airflow/example_dags/example_short_circuit_operator.py
[2024-02-26T13:41:48.223+0000] {processor.py:830} INFO - Processing file /usr/local/lib/python3.10/dist-packages/airflow/example_dags/example_short_circuit_operator.py for tasks to queue
[2024-02-26T13:41:48.224+0000] {logging_mixin.py:188} INFO - [2024-02-26T13:41:48.224+0000] {dagbag.py:540} INFO - Filling up the DagBag from /usr/local/lib/python3.10/dist-packages/airflow/example_dags/example_short_circuit_operator.py
[2024-02-26T13:41:48.234+0000] {processor.py:840} INFO - DAG(s) 'example_short_circuit_operator' retrieved from /usr/local/lib/python3.10/dist-packages/airflow/example_dags/example_short_circuit_operator.py
[2024-02-26T13:41:48.254+0000] {logging_mixin.py:188} INFO - [2024-02-26T13:41:48.254+0000] {dag.py:3047} INFO - Sync 1 DAGs
[2024-02-26T13:41:48.277+0000] {logging_mixin.py:188} INFO - [2024-02-26T13:41:48.277+0000] {dag.py:3834} INFO - Setting next_dagrun for example_short_circuit_operator to 2024-02-25 00:00:00+00:00, run_after=2024-02-26 00:00:00+00:00
[2024-02-26T13:41:48.300+0000] {processor.py:183} INFO - Processing /usr/local/lib/python3.10/dist-packages/airflow/example_dags/example_short_circuit_operator.py took 0.082 seconds
[2024-02-26T13:42:23.335+0000] {processor.py:161} INFO - Started process (PID=4122) to work on /usr/local/lib/python3.10/dist-packages/airflow/example_dags/example_short_circuit_operator.py
[2024-02-26T13:42:23.336+0000] {processor.py:830} INFO - Processing file /usr/local/lib/python3.10/dist-packages/airflow/example_dags/example_short_circuit_operator.py for tasks to queue
[2024-02-26T13:42:23.337+0000] {logging_mixin.py:188} INFO - [2024-02-26T13:42:23.337+0000] {dagbag.py:540} INFO - Filling up the DagBag from /usr/local/lib/python3.10/dist-packages/airflow/example_dags/example_short_circuit_operator.py
[2024-02-26T13:42:23.347+0000] {processor.py:840} INFO - DAG(s) 'example_short_circuit_operator' retrieved from /usr/local/lib/python3.10/dist-packages/airflow/example_dags/example_short_circuit_operator.py
[2024-02-26T13:42:23.368+0000] {logging_mixin.py:188} INFO - [2024-02-26T13:42:23.367+0000] {dag.py:3047} INFO - Sync 1 DAGs
[2024-02-26T13:42:23.390+0000] {logging_mixin.py:188} INFO - [2024-02-26T13:42:23.390+0000] {dag.py:3834} INFO - Setting next_dagrun for example_short_circuit_operator to 2024-02-25 00:00:00+00:00, run_after=2024-02-26 00:00:00+00:00
[2024-02-26T13:42:23.414+0000] {processor.py:183} INFO - Processing /usr/local/lib/python3.10/dist-packages/airflow/example_dags/example_short_circuit_operator.py took 0.082 seconds
[2024-02-26T13:44:12.222+0000] {processor.py:161} INFO - Started process (PID=4205) to work on /usr/local/lib/python3.10/dist-packages/airflow/example_dags/example_short_circuit_operator.py
[2024-02-26T13:44:12.224+0000] {processor.py:830} INFO - Processing file /usr/local/lib/python3.10/dist-packages/airflow/example_dags/example_short_circuit_operator.py for tasks to queue
[2024-02-26T13:44:12.225+0000] {logging_mixin.py:188} INFO - [2024-02-26T13:44:12.224+0000] {dagbag.py:540} INFO - Filling up the DagBag from /usr/local/lib/python3.10/dist-packages/airflow/example_dags/example_short_circuit_operator.py
[2024-02-26T13:44:12.238+0000] {processor.py:840} INFO - DAG(s) 'example_short_circuit_operator' retrieved from /usr/local/lib/python3.10/dist-packages/airflow/example_dags/example_short_circuit_operator.py
[2024-02-26T13:44:12.247+0000] {logging_mixin.py:188} INFO - [2024-02-26T13:44:12.247+0000] {dag.py:3047} INFO - Sync 1 DAGs
[2024-02-26T13:44:12.269+0000] {logging_mixin.py:188} INFO - [2024-02-26T13:44:12.269+0000] {dag.py:3834} INFO - Setting next_dagrun for example_short_circuit_operator to 2024-02-25 00:00:00+00:00, run_after=2024-02-26 00:00:00+00:00
[2024-02-26T13:44:12.291+0000] {processor.py:183} INFO - Processing /usr/local/lib/python3.10/dist-packages/airflow/example_dags/example_short_circuit_operator.py took 0.073 seconds
[2024-02-26T13:47:20.956+0000] {processor.py:161} INFO - Started process (PID=4271) to work on /usr/local/lib/python3.10/dist-packages/airflow/example_dags/example_short_circuit_operator.py
[2024-02-26T13:47:20.958+0000] {processor.py:830} INFO - Processing file /usr/local/lib/python3.10/dist-packages/airflow/example_dags/example_short_circuit_operator.py for tasks to queue
[2024-02-26T13:47:20.959+0000] {logging_mixin.py:188} INFO - [2024-02-26T13:47:20.958+0000] {dagbag.py:540} INFO - Filling up the DagBag from /usr/local/lib/python3.10/dist-packages/airflow/example_dags/example_short_circuit_operator.py
[2024-02-26T13:47:20.973+0000] {processor.py:840} INFO - DAG(s) 'example_short_circuit_operator' retrieved from /usr/local/lib/python3.10/dist-packages/airflow/example_dags/example_short_circuit_operator.py
[2024-02-26T13:47:20.981+0000] {logging_mixin.py:188} INFO - [2024-02-26T13:47:20.981+0000] {dag.py:3047} INFO - Sync 1 DAGs
[2024-02-26T13:47:21.004+0000] {logging_mixin.py:188} INFO - [2024-02-26T13:47:21.004+0000] {dag.py:3834} INFO - Setting next_dagrun for example_short_circuit_operator to 2024-02-25 00:00:00+00:00, run_after=2024-02-26 00:00:00+00:00
[2024-02-26T13:47:21.028+0000] {processor.py:183} INFO - Processing /usr/local/lib/python3.10/dist-packages/airflow/example_dags/example_short_circuit_operator.py took 0.075 seconds
[2024-02-26T13:53:23.550+0000] {processor.py:161} INFO - Started process (PID=4375) to work on /usr/local/lib/python3.10/dist-packages/airflow/example_dags/example_short_circuit_operator.py
[2024-02-26T13:53:23.551+0000] {processor.py:830} INFO - Processing file /usr/local/lib/python3.10/dist-packages/airflow/example_dags/example_short_circuit_operator.py for tasks to queue
[2024-02-26T13:53:23.552+0000] {logging_mixin.py:188} INFO - [2024-02-26T13:53:23.552+0000] {dagbag.py:540} INFO - Filling up the DagBag from /usr/local/lib/python3.10/dist-packages/airflow/example_dags/example_short_circuit_operator.py
[2024-02-26T13:53:23.565+0000] {processor.py:840} INFO - DAG(s) 'example_short_circuit_operator' retrieved from /usr/local/lib/python3.10/dist-packages/airflow/example_dags/example_short_circuit_operator.py
[2024-02-26T13:53:23.574+0000] {logging_mixin.py:188} INFO - [2024-02-26T13:53:23.574+0000] {dag.py:3047} INFO - Sync 1 DAGs
[2024-02-26T13:53:23.596+0000] {logging_mixin.py:188} INFO - [2024-02-26T13:53:23.596+0000] {dag.py:3834} INFO - Setting next_dagrun for example_short_circuit_operator to 2024-02-25 00:00:00+00:00, run_after=2024-02-26 00:00:00+00:00
[2024-02-26T13:53:23.618+0000] {processor.py:183} INFO - Processing /usr/local/lib/python3.10/dist-packages/airflow/example_dags/example_short_circuit_operator.py took 0.071 seconds
[2024-02-26T13:54:14.337+0000] {processor.py:161} INFO - Started process (PID=4423) to work on /usr/local/lib/python3.10/dist-packages/airflow/example_dags/example_short_circuit_operator.py
[2024-02-26T13:54:14.339+0000] {processor.py:830} INFO - Processing file /usr/local/lib/python3.10/dist-packages/airflow/example_dags/example_short_circuit_operator.py for tasks to queue
[2024-02-26T13:54:14.340+0000] {logging_mixin.py:188} INFO - [2024-02-26T13:54:14.339+0000] {dagbag.py:540} INFO - Filling up the DagBag from /usr/local/lib/python3.10/dist-packages/airflow/example_dags/example_short_circuit_operator.py
[2024-02-26T13:54:14.349+0000] {processor.py:840} INFO - DAG(s) 'example_short_circuit_operator' retrieved from /usr/local/lib/python3.10/dist-packages/airflow/example_dags/example_short_circuit_operator.py
[2024-02-26T13:54:14.557+0000] {logging_mixin.py:188} INFO - [2024-02-26T13:54:14.557+0000] {dag.py:3047} INFO - Sync 1 DAGs
[2024-02-26T13:54:14.574+0000] {logging_mixin.py:188} INFO - [2024-02-26T13:54:14.574+0000] {dag.py:3834} INFO - Setting next_dagrun for example_short_circuit_operator to 2024-02-25 00:00:00+00:00, run_after=2024-02-26 00:00:00+00:00
[2024-02-26T13:54:14.596+0000] {processor.py:183} INFO - Processing /usr/local/lib/python3.10/dist-packages/airflow/example_dags/example_short_circuit_operator.py took 0.262 seconds
[2024-02-26T13:55:01.597+0000] {processor.py:161} INFO - Started process (PID=4468) to work on /usr/local/lib/python3.10/dist-packages/airflow/example_dags/example_short_circuit_operator.py
[2024-02-26T13:55:01.599+0000] {processor.py:830} INFO - Processing file /usr/local/lib/python3.10/dist-packages/airflow/example_dags/example_short_circuit_operator.py for tasks to queue
[2024-02-26T13:55:01.600+0000] {logging_mixin.py:188} INFO - [2024-02-26T13:55:01.599+0000] {dagbag.py:540} INFO - Filling up the DagBag from /usr/local/lib/python3.10/dist-packages/airflow/example_dags/example_short_circuit_operator.py
[2024-02-26T13:55:01.610+0000] {processor.py:840} INFO - DAG(s) 'example_short_circuit_operator' retrieved from /usr/local/lib/python3.10/dist-packages/airflow/example_dags/example_short_circuit_operator.py
[2024-02-26T13:55:01.632+0000] {logging_mixin.py:188} INFO - [2024-02-26T13:55:01.632+0000] {dag.py:3047} INFO - Sync 1 DAGs
[2024-02-26T13:55:01.655+0000] {logging_mixin.py:188} INFO - [2024-02-26T13:55:01.654+0000] {dag.py:3834} INFO - Setting next_dagrun for example_short_circuit_operator to 2024-02-25 00:00:00+00:00, run_after=2024-02-26 00:00:00+00:00
[2024-02-26T13:55:01.680+0000] {processor.py:183} INFO - Processing /usr/local/lib/python3.10/dist-packages/airflow/example_dags/example_short_circuit_operator.py took 0.086 seconds
[2024-02-26T13:55:44.038+0000] {processor.py:161} INFO - Started process (PID=4507) to work on /usr/local/lib/python3.10/dist-packages/airflow/example_dags/example_short_circuit_operator.py
[2024-02-26T13:55:44.039+0000] {processor.py:830} INFO - Processing file /usr/local/lib/python3.10/dist-packages/airflow/example_dags/example_short_circuit_operator.py for tasks to queue
[2024-02-26T13:55:44.040+0000] {logging_mixin.py:188} INFO - [2024-02-26T13:55:44.040+0000] {dagbag.py:540} INFO - Filling up the DagBag from /usr/local/lib/python3.10/dist-packages/airflow/example_dags/example_short_circuit_operator.py
[2024-02-26T13:55:44.049+0000] {processor.py:840} INFO - DAG(s) 'example_short_circuit_operator' retrieved from /usr/local/lib/python3.10/dist-packages/airflow/example_dags/example_short_circuit_operator.py
[2024-02-26T13:55:44.070+0000] {logging_mixin.py:188} INFO - [2024-02-26T13:55:44.070+0000] {dag.py:3047} INFO - Sync 1 DAGs
[2024-02-26T13:55:44.192+0000] {logging_mixin.py:188} INFO - [2024-02-26T13:55:44.191+0000] {dag.py:3834} INFO - Setting next_dagrun for example_short_circuit_operator to 2024-02-25 00:00:00+00:00, run_after=2024-02-26 00:00:00+00:00
[2024-02-26T13:55:44.212+0000] {processor.py:183} INFO - Processing /usr/local/lib/python3.10/dist-packages/airflow/example_dags/example_short_circuit_operator.py took 0.177 seconds
[2024-02-26T13:56:26.147+0000] {processor.py:161} INFO - Started process (PID=4548) to work on /usr/local/lib/python3.10/dist-packages/airflow/example_dags/example_short_circuit_operator.py
[2024-02-26T13:56:26.148+0000] {processor.py:830} INFO - Processing file /usr/local/lib/python3.10/dist-packages/airflow/example_dags/example_short_circuit_operator.py for tasks to queue
[2024-02-26T13:56:26.149+0000] {logging_mixin.py:188} INFO - [2024-02-26T13:56:26.149+0000] {dagbag.py:540} INFO - Filling up the DagBag from /usr/local/lib/python3.10/dist-packages/airflow/example_dags/example_short_circuit_operator.py
[2024-02-26T13:56:26.159+0000] {processor.py:840} INFO - DAG(s) 'example_short_circuit_operator' retrieved from /usr/local/lib/python3.10/dist-packages/airflow/example_dags/example_short_circuit_operator.py
[2024-02-26T13:56:26.179+0000] {logging_mixin.py:188} INFO - [2024-02-26T13:56:26.179+0000] {dag.py:3047} INFO - Sync 1 DAGs
[2024-02-26T13:56:26.200+0000] {logging_mixin.py:188} INFO - [2024-02-26T13:56:26.200+0000] {dag.py:3834} INFO - Setting next_dagrun for example_short_circuit_operator to 2024-02-25 00:00:00+00:00, run_after=2024-02-26 00:00:00+00:00
[2024-02-26T13:56:26.222+0000] {processor.py:183} INFO - Processing /usr/local/lib/python3.10/dist-packages/airflow/example_dags/example_short_circuit_operator.py took 0.079 seconds
[2024-02-26T13:57:11.557+0000] {processor.py:161} INFO - Started process (PID=4596) to work on /usr/local/lib/python3.10/dist-packages/airflow/example_dags/example_short_circuit_operator.py
[2024-02-26T13:57:11.558+0000] {processor.py:830} INFO - Processing file /usr/local/lib/python3.10/dist-packages/airflow/example_dags/example_short_circuit_operator.py for tasks to queue
[2024-02-26T13:57:11.559+0000] {logging_mixin.py:188} INFO - [2024-02-26T13:57:11.559+0000] {dagbag.py:540} INFO - Filling up the DagBag from /usr/local/lib/python3.10/dist-packages/airflow/example_dags/example_short_circuit_operator.py
[2024-02-26T13:57:11.569+0000] {processor.py:840} INFO - DAG(s) 'example_short_circuit_operator' retrieved from /usr/local/lib/python3.10/dist-packages/airflow/example_dags/example_short_circuit_operator.py
[2024-02-26T13:57:11.590+0000] {logging_mixin.py:188} INFO - [2024-02-26T13:57:11.590+0000] {dag.py:3047} INFO - Sync 1 DAGs
[2024-02-26T13:57:11.613+0000] {logging_mixin.py:188} INFO - [2024-02-26T13:57:11.613+0000] {dag.py:3834} INFO - Setting next_dagrun for example_short_circuit_operator to 2024-02-25 00:00:00+00:00, run_after=2024-02-26 00:00:00+00:00
[2024-02-26T13:57:11.637+0000] {processor.py:183} INFO - Processing /usr/local/lib/python3.10/dist-packages/airflow/example_dags/example_short_circuit_operator.py took 0.083 seconds
[2024-02-26T13:57:55.459+0000] {processor.py:161} INFO - Started process (PID=4654) to work on /usr/local/lib/python3.10/dist-packages/airflow/example_dags/example_short_circuit_operator.py
[2024-02-26T13:57:55.461+0000] {processor.py:830} INFO - Processing file /usr/local/lib/python3.10/dist-packages/airflow/example_dags/example_short_circuit_operator.py for tasks to queue
[2024-02-26T13:57:55.462+0000] {logging_mixin.py:188} INFO - [2024-02-26T13:57:55.461+0000] {dagbag.py:540} INFO - Filling up the DagBag from /usr/local/lib/python3.10/dist-packages/airflow/example_dags/example_short_circuit_operator.py
[2024-02-26T13:57:55.475+0000] {processor.py:840} INFO - DAG(s) 'example_short_circuit_operator' retrieved from /usr/local/lib/python3.10/dist-packages/airflow/example_dags/example_short_circuit_operator.py
[2024-02-26T13:57:55.484+0000] {logging_mixin.py:188} INFO - [2024-02-26T13:57:55.483+0000] {dag.py:3047} INFO - Sync 1 DAGs
[2024-02-26T13:57:55.505+0000] {logging_mixin.py:188} INFO - [2024-02-26T13:57:55.505+0000] {dag.py:3834} INFO - Setting next_dagrun for example_short_circuit_operator to 2024-02-25 00:00:00+00:00, run_after=2024-02-26 00:00:00+00:00
[2024-02-26T13:57:55.528+0000] {processor.py:183} INFO - Processing /usr/local/lib/python3.10/dist-packages/airflow/example_dags/example_short_circuit_operator.py took 0.072 seconds
[2024-02-26T13:58:44.153+0000] {processor.py:161} INFO - Started process (PID=4702) to work on /usr/local/lib/python3.10/dist-packages/airflow/example_dags/example_short_circuit_operator.py
[2024-02-26T13:58:44.154+0000] {processor.py:830} INFO - Processing file /usr/local/lib/python3.10/dist-packages/airflow/example_dags/example_short_circuit_operator.py for tasks to queue
[2024-02-26T13:58:44.155+0000] {logging_mixin.py:188} INFO - [2024-02-26T13:58:44.155+0000] {dagbag.py:540} INFO - Filling up the DagBag from /usr/local/lib/python3.10/dist-packages/airflow/example_dags/example_short_circuit_operator.py
[2024-02-26T13:58:44.164+0000] {processor.py:840} INFO - DAG(s) 'example_short_circuit_operator' retrieved from /usr/local/lib/python3.10/dist-packages/airflow/example_dags/example_short_circuit_operator.py
[2024-02-26T13:58:44.375+0000] {logging_mixin.py:188} INFO - [2024-02-26T13:58:44.375+0000] {dag.py:3047} INFO - Sync 1 DAGs
[2024-02-26T13:58:44.392+0000] {logging_mixin.py:188} INFO - [2024-02-26T13:58:44.392+0000] {dag.py:3834} INFO - Setting next_dagrun for example_short_circuit_operator to 2024-02-25 00:00:00+00:00, run_after=2024-02-26 00:00:00+00:00
[2024-02-26T13:58:44.414+0000] {processor.py:183} INFO - Processing /usr/local/lib/python3.10/dist-packages/airflow/example_dags/example_short_circuit_operator.py took 0.265 seconds
[2024-02-26T13:59:48.340+0000] {processor.py:161} INFO - Started process (PID=4769) to work on /usr/local/lib/python3.10/dist-packages/airflow/example_dags/example_short_circuit_operator.py
[2024-02-26T13:59:48.341+0000] {processor.py:830} INFO - Processing file /usr/local/lib/python3.10/dist-packages/airflow/example_dags/example_short_circuit_operator.py for tasks to queue
[2024-02-26T13:59:48.342+0000] {logging_mixin.py:188} INFO - [2024-02-26T13:59:48.342+0000] {dagbag.py:540} INFO - Filling up the DagBag from /usr/local/lib/python3.10/dist-packages/airflow/example_dags/example_short_circuit_operator.py
[2024-02-26T13:59:48.355+0000] {processor.py:840} INFO - DAG(s) 'example_short_circuit_operator' retrieved from /usr/local/lib/python3.10/dist-packages/airflow/example_dags/example_short_circuit_operator.py
[2024-02-26T13:59:48.364+0000] {logging_mixin.py:188} INFO - [2024-02-26T13:59:48.364+0000] {dag.py:3047} INFO - Sync 1 DAGs
[2024-02-26T13:59:48.387+0000] {logging_mixin.py:188} INFO - [2024-02-26T13:59:48.386+0000] {dag.py:3834} INFO - Setting next_dagrun for example_short_circuit_operator to 2024-02-25 00:00:00+00:00, run_after=2024-02-26 00:00:00+00:00
[2024-02-26T13:59:48.409+0000] {processor.py:183} INFO - Processing /usr/local/lib/python3.10/dist-packages/airflow/example_dags/example_short_circuit_operator.py took 0.073 seconds
