[2024-02-26T13:34:40.874+0000] {processor.py:161} INFO - Started process (PID=3662) to work on /usr/local/lib/python3.10/dist-packages/airflow/example_dags/example_dag_decorator.py
[2024-02-26T13:34:40.875+0000] {processor.py:830} INFO - Processing file /usr/local/lib/python3.10/dist-packages/airflow/example_dags/example_dag_decorator.py for tasks to queue
[2024-02-26T13:34:40.876+0000] {logging_mixin.py:188} INFO - [2024-02-26T13:34:40.876+0000] {dagbag.py:540} INFO - Filling up the DagBag from /usr/local/lib/python3.10/dist-packages/airflow/example_dags/example_dag_decorator.py
[2024-02-26T13:34:40.962+0000] {processor.py:840} INFO - DAG(s) 'example_dag_decorator' retrieved from /usr/local/lib/python3.10/dist-packages/airflow/example_dags/example_dag_decorator.py
[2024-02-26T13:34:41.190+0000] {logging_mixin.py:188} INFO - [2024-02-26T13:34:41.190+0000] {override.py:1769} INFO - Created Permission View: can delete on DAG:example_dag_decorator
[2024-02-26T13:34:41.204+0000] {logging_mixin.py:188} INFO - [2024-02-26T13:34:41.203+0000] {override.py:1769} INFO - Created Permission View: can edit on DAG:example_dag_decorator
[2024-02-26T13:34:41.213+0000] {logging_mixin.py:188} INFO - [2024-02-26T13:34:41.213+0000] {override.py:1769} INFO - Created Permission View: can read on DAG:example_dag_decorator
[2024-02-26T13:34:41.214+0000] {logging_mixin.py:188} INFO - [2024-02-26T13:34:41.213+0000] {dag.py:3047} INFO - Sync 1 DAGs
[2024-02-26T13:34:41.224+0000] {logging_mixin.py:188} INFO - [2024-02-26T13:34:41.224+0000] {dag.py:3069} INFO - Creating ORM DAG for example_dag_decorator
[2024-02-26T13:34:41.225+0000] {logging_mixin.py:188} INFO - [2024-02-26T13:34:41.225+0000] {dag.py:3834} INFO - Setting next_dagrun for example_dag_decorator to None, run_after=None
[2024-02-26T13:34:41.245+0000] {processor.py:183} INFO - Processing /usr/local/lib/python3.10/dist-packages/airflow/example_dags/example_dag_decorator.py took 0.374 seconds
[2024-02-26T13:35:32.449+0000] {processor.py:161} INFO - Started process (PID=3710) to work on /usr/local/lib/python3.10/dist-packages/airflow/example_dags/example_dag_decorator.py
[2024-02-26T13:35:32.450+0000] {processor.py:830} INFO - Processing file /usr/local/lib/python3.10/dist-packages/airflow/example_dags/example_dag_decorator.py for tasks to queue
[2024-02-26T13:35:32.451+0000] {logging_mixin.py:188} INFO - [2024-02-26T13:35:32.451+0000] {dagbag.py:540} INFO - Filling up the DagBag from /usr/local/lib/python3.10/dist-packages/airflow/example_dags/example_dag_decorator.py
[2024-02-26T13:35:32.642+0000] {processor.py:840} INFO - DAG(s) 'example_dag_decorator' retrieved from /usr/local/lib/python3.10/dist-packages/airflow/example_dags/example_dag_decorator.py
[2024-02-26T13:35:32.732+0000] {logging_mixin.py:188} INFO - [2024-02-26T13:35:32.732+0000] {dag.py:3047} INFO - Sync 1 DAGs
[2024-02-26T13:35:32.741+0000] {logging_mixin.py:188} INFO - [2024-02-26T13:35:32.741+0000] {dag.py:3834} INFO - Setting next_dagrun for example_dag_decorator to None, run_after=None
[2024-02-26T13:35:32.763+0000] {processor.py:183} INFO - Processing /usr/local/lib/python3.10/dist-packages/airflow/example_dags/example_dag_decorator.py took 0.318 seconds
[2024-02-26T13:36:20.956+0000] {processor.py:161} INFO - Started process (PID=3758) to work on /usr/local/lib/python3.10/dist-packages/airflow/example_dags/example_dag_decorator.py
[2024-02-26T13:36:20.957+0000] {processor.py:830} INFO - Processing file /usr/local/lib/python3.10/dist-packages/airflow/example_dags/example_dag_decorator.py for tasks to queue
[2024-02-26T13:36:20.958+0000] {logging_mixin.py:188} INFO - [2024-02-26T13:36:20.958+0000] {dagbag.py:540} INFO - Filling up the DagBag from /usr/local/lib/python3.10/dist-packages/airflow/example_dags/example_dag_decorator.py
[2024-02-26T13:36:21.150+0000] {processor.py:840} INFO - DAG(s) 'example_dag_decorator' retrieved from /usr/local/lib/python3.10/dist-packages/airflow/example_dags/example_dag_decorator.py
[2024-02-26T13:36:21.244+0000] {logging_mixin.py:188} INFO - [2024-02-26T13:36:21.243+0000] {dag.py:3047} INFO - Sync 1 DAGs
[2024-02-26T13:36:21.253+0000] {logging_mixin.py:188} INFO - [2024-02-26T13:36:21.253+0000] {dag.py:3834} INFO - Setting next_dagrun for example_dag_decorator to None, run_after=None
[2024-02-26T13:36:21.275+0000] {processor.py:183} INFO - Processing /usr/local/lib/python3.10/dist-packages/airflow/example_dags/example_dag_decorator.py took 0.323 seconds
[2024-02-26T13:37:40.241+0000] {processor.py:161} INFO - Started process (PID=3843) to work on /usr/local/lib/python3.10/dist-packages/airflow/example_dags/example_dag_decorator.py
[2024-02-26T13:37:40.242+0000] {processor.py:830} INFO - Processing file /usr/local/lib/python3.10/dist-packages/airflow/example_dags/example_dag_decorator.py for tasks to queue
[2024-02-26T13:37:40.243+0000] {logging_mixin.py:188} INFO - [2024-02-26T13:37:40.243+0000] {dagbag.py:540} INFO - Filling up the DagBag from /usr/local/lib/python3.10/dist-packages/airflow/example_dags/example_dag_decorator.py
[2024-02-26T13:37:40.329+0000] {processor.py:840} INFO - DAG(s) 'example_dag_decorator' retrieved from /usr/local/lib/python3.10/dist-packages/airflow/example_dags/example_dag_decorator.py
[2024-02-26T13:37:40.337+0000] {logging_mixin.py:188} INFO - [2024-02-26T13:37:40.337+0000] {dag.py:3047} INFO - Sync 1 DAGs
[2024-02-26T13:37:40.454+0000] {logging_mixin.py:188} INFO - [2024-02-26T13:37:40.454+0000] {dag.py:3834} INFO - Setting next_dagrun for example_dag_decorator to None, run_after=None
[2024-02-26T13:37:40.476+0000] {processor.py:183} INFO - Processing /usr/local/lib/python3.10/dist-packages/airflow/example_dags/example_dag_decorator.py took 0.239 seconds
[2024-02-26T13:38:36.164+0000] {processor.py:161} INFO - Started process (PID=3894) to work on /usr/local/lib/python3.10/dist-packages/airflow/example_dags/example_dag_decorator.py
[2024-02-26T13:38:36.166+0000] {processor.py:830} INFO - Processing file /usr/local/lib/python3.10/dist-packages/airflow/example_dags/example_dag_decorator.py for tasks to queue
[2024-02-26T13:38:36.167+0000] {logging_mixin.py:188} INFO - [2024-02-26T13:38:36.166+0000] {dagbag.py:540} INFO - Filling up the DagBag from /usr/local/lib/python3.10/dist-packages/airflow/example_dags/example_dag_decorator.py
[2024-02-26T13:38:36.378+0000] {processor.py:840} INFO - DAG(s) 'example_dag_decorator' retrieved from /usr/local/lib/python3.10/dist-packages/airflow/example_dags/example_dag_decorator.py
[2024-02-26T13:38:36.469+0000] {logging_mixin.py:188} INFO - [2024-02-26T13:38:36.469+0000] {dag.py:3047} INFO - Sync 1 DAGs
[2024-02-26T13:38:36.479+0000] {logging_mixin.py:188} INFO - [2024-02-26T13:38:36.479+0000] {dag.py:3834} INFO - Setting next_dagrun for example_dag_decorator to None, run_after=None
[2024-02-26T13:38:36.510+0000] {processor.py:183} INFO - Processing /usr/local/lib/python3.10/dist-packages/airflow/example_dags/example_dag_decorator.py took 0.349 seconds
[2024-02-26T13:39:25.395+0000] {processor.py:161} INFO - Started process (PID=3943) to work on /usr/local/lib/python3.10/dist-packages/airflow/example_dags/example_dag_decorator.py
[2024-02-26T13:39:25.397+0000] {processor.py:830} INFO - Processing file /usr/local/lib/python3.10/dist-packages/airflow/example_dags/example_dag_decorator.py for tasks to queue
[2024-02-26T13:39:25.398+0000] {logging_mixin.py:188} INFO - [2024-02-26T13:39:25.397+0000] {dagbag.py:540} INFO - Filling up the DagBag from /usr/local/lib/python3.10/dist-packages/airflow/example_dags/example_dag_decorator.py
[2024-02-26T13:39:25.591+0000] {processor.py:840} INFO - DAG(s) 'example_dag_decorator' retrieved from /usr/local/lib/python3.10/dist-packages/airflow/example_dags/example_dag_decorator.py
[2024-02-26T13:39:25.683+0000] {logging_mixin.py:188} INFO - [2024-02-26T13:39:25.683+0000] {dag.py:3047} INFO - Sync 1 DAGs
[2024-02-26T13:39:25.692+0000] {logging_mixin.py:188} INFO - [2024-02-26T13:39:25.692+0000] {dag.py:3834} INFO - Setting next_dagrun for example_dag_decorator to None, run_after=None
[2024-02-26T13:39:25.713+0000] {processor.py:183} INFO - Processing /usr/local/lib/python3.10/dist-packages/airflow/example_dags/example_dag_decorator.py took 0.322 seconds
[2024-02-26T13:40:10.733+0000] {processor.py:161} INFO - Started process (PID=3986) to work on /usr/local/lib/python3.10/dist-packages/airflow/example_dags/example_dag_decorator.py
[2024-02-26T13:40:10.734+0000] {processor.py:830} INFO - Processing file /usr/local/lib/python3.10/dist-packages/airflow/example_dags/example_dag_decorator.py for tasks to queue
[2024-02-26T13:40:10.735+0000] {logging_mixin.py:188} INFO - [2024-02-26T13:40:10.734+0000] {dagbag.py:540} INFO - Filling up the DagBag from /usr/local/lib/python3.10/dist-packages/airflow/example_dags/example_dag_decorator.py
[2024-02-26T13:40:10.924+0000] {processor.py:840} INFO - DAG(s) 'example_dag_decorator' retrieved from /usr/local/lib/python3.10/dist-packages/airflow/example_dags/example_dag_decorator.py
[2024-02-26T13:40:11.015+0000] {logging_mixin.py:188} INFO - [2024-02-26T13:40:11.015+0000] {dag.py:3047} INFO - Sync 1 DAGs
[2024-02-26T13:40:11.026+0000] {logging_mixin.py:188} INFO - [2024-02-26T13:40:11.025+0000] {dag.py:3834} INFO - Setting next_dagrun for example_dag_decorator to None, run_after=None
[2024-02-26T13:40:11.047+0000] {processor.py:183} INFO - Processing /usr/local/lib/python3.10/dist-packages/airflow/example_dags/example_dag_decorator.py took 0.318 seconds
[2024-02-26T13:41:07.318+0000] {processor.py:161} INFO - Started process (PID=4043) to work on /usr/local/lib/python3.10/dist-packages/airflow/example_dags/example_dag_decorator.py
[2024-02-26T13:41:07.319+0000] {processor.py:830} INFO - Processing file /usr/local/lib/python3.10/dist-packages/airflow/example_dags/example_dag_decorator.py for tasks to queue
[2024-02-26T13:41:07.320+0000] {logging_mixin.py:188} INFO - [2024-02-26T13:41:07.320+0000] {dagbag.py:540} INFO - Filling up the DagBag from /usr/local/lib/python3.10/dist-packages/airflow/example_dags/example_dag_decorator.py
[2024-02-26T13:41:07.406+0000] {processor.py:840} INFO - DAG(s) 'example_dag_decorator' retrieved from /usr/local/lib/python3.10/dist-packages/airflow/example_dags/example_dag_decorator.py
[2024-02-26T13:41:07.505+0000] {logging_mixin.py:188} INFO - [2024-02-26T13:41:07.504+0000] {dag.py:3047} INFO - Sync 1 DAGs
[2024-02-26T13:41:07.515+0000] {logging_mixin.py:188} INFO - [2024-02-26T13:41:07.514+0000] {dag.py:3834} INFO - Setting next_dagrun for example_dag_decorator to None, run_after=None
[2024-02-26T13:41:07.538+0000] {processor.py:183} INFO - Processing /usr/local/lib/python3.10/dist-packages/airflow/example_dags/example_dag_decorator.py took 0.224 seconds
[2024-02-26T13:41:56.231+0000] {processor.py:161} INFO - Started process (PID=4095) to work on /usr/local/lib/python3.10/dist-packages/airflow/example_dags/example_dag_decorator.py
[2024-02-26T13:41:56.234+0000] {processor.py:830} INFO - Processing file /usr/local/lib/python3.10/dist-packages/airflow/example_dags/example_dag_decorator.py for tasks to queue
[2024-02-26T13:41:56.235+0000] {logging_mixin.py:188} INFO - [2024-02-26T13:41:56.235+0000] {dagbag.py:540} INFO - Filling up the DagBag from /usr/local/lib/python3.10/dist-packages/airflow/example_dags/example_dag_decorator.py
[2024-02-26T13:41:56.325+0000] {processor.py:840} INFO - DAG(s) 'example_dag_decorator' retrieved from /usr/local/lib/python3.10/dist-packages/airflow/example_dags/example_dag_decorator.py
[2024-02-26T13:41:56.429+0000] {logging_mixin.py:188} INFO - [2024-02-26T13:41:56.428+0000] {dag.py:3047} INFO - Sync 1 DAGs
[2024-02-26T13:41:56.439+0000] {logging_mixin.py:188} INFO - [2024-02-26T13:41:56.439+0000] {dag.py:3834} INFO - Setting next_dagrun for example_dag_decorator to None, run_after=None
[2024-02-26T13:41:56.462+0000] {processor.py:183} INFO - Processing /usr/local/lib/python3.10/dist-packages/airflow/example_dags/example_dag_decorator.py took 0.235 seconds
[2024-02-26T13:42:49.918+0000] {processor.py:161} INFO - Started process (PID=4148) to work on /usr/local/lib/python3.10/dist-packages/airflow/example_dags/example_dag_decorator.py
[2024-02-26T13:42:49.919+0000] {processor.py:830} INFO - Processing file /usr/local/lib/python3.10/dist-packages/airflow/example_dags/example_dag_decorator.py for tasks to queue
[2024-02-26T13:42:49.920+0000] {logging_mixin.py:188} INFO - [2024-02-26T13:42:49.919+0000] {dagbag.py:540} INFO - Filling up the DagBag from /usr/local/lib/python3.10/dist-packages/airflow/example_dags/example_dag_decorator.py
[2024-02-26T13:42:50.006+0000] {processor.py:840} INFO - DAG(s) 'example_dag_decorator' retrieved from /usr/local/lib/python3.10/dist-packages/airflow/example_dags/example_dag_decorator.py
[2024-02-26T13:42:50.108+0000] {logging_mixin.py:188} INFO - [2024-02-26T13:42:50.108+0000] {dag.py:3047} INFO - Sync 1 DAGs
[2024-02-26T13:42:50.118+0000] {logging_mixin.py:188} INFO - [2024-02-26T13:42:50.118+0000] {dag.py:3834} INFO - Setting next_dagrun for example_dag_decorator to None, run_after=None
[2024-02-26T13:42:50.141+0000] {processor.py:183} INFO - Processing /usr/local/lib/python3.10/dist-packages/airflow/example_dags/example_dag_decorator.py took 0.227 seconds
[2024-02-26T13:44:29.946+0000] {processor.py:161} INFO - Started process (PID=4224) to work on /usr/local/lib/python3.10/dist-packages/airflow/example_dags/example_dag_decorator.py
[2024-02-26T13:44:29.948+0000] {processor.py:830} INFO - Processing file /usr/local/lib/python3.10/dist-packages/airflow/example_dags/example_dag_decorator.py for tasks to queue
[2024-02-26T13:44:29.949+0000] {logging_mixin.py:188} INFO - [2024-02-26T13:44:29.949+0000] {dagbag.py:540} INFO - Filling up the DagBag from /usr/local/lib/python3.10/dist-packages/airflow/example_dags/example_dag_decorator.py
[2024-02-26T13:44:30.034+0000] {processor.py:840} INFO - DAG(s) 'example_dag_decorator' retrieved from /usr/local/lib/python3.10/dist-packages/airflow/example_dags/example_dag_decorator.py
[2024-02-26T13:44:30.043+0000] {logging_mixin.py:188} INFO - [2024-02-26T13:44:30.042+0000] {dag.py:3047} INFO - Sync 1 DAGs
[2024-02-26T13:44:30.168+0000] {logging_mixin.py:188} INFO - [2024-02-26T13:44:30.167+0000] {dag.py:3834} INFO - Setting next_dagrun for example_dag_decorator to None, run_after=None
[2024-02-26T13:44:30.190+0000] {processor.py:183} INFO - Processing /usr/local/lib/python3.10/dist-packages/airflow/example_dags/example_dag_decorator.py took 0.247 seconds
[2024-02-26T13:47:38.551+0000] {processor.py:161} INFO - Started process (PID=4290) to work on /usr/local/lib/python3.10/dist-packages/airflow/example_dags/example_dag_decorator.py
[2024-02-26T13:47:38.552+0000] {processor.py:830} INFO - Processing file /usr/local/lib/python3.10/dist-packages/airflow/example_dags/example_dag_decorator.py for tasks to queue
[2024-02-26T13:47:38.553+0000] {logging_mixin.py:188} INFO - [2024-02-26T13:47:38.553+0000] {dagbag.py:540} INFO - Filling up the DagBag from /usr/local/lib/python3.10/dist-packages/airflow/example_dags/example_dag_decorator.py
[2024-02-26T13:47:38.638+0000] {processor.py:840} INFO - DAG(s) 'example_dag_decorator' retrieved from /usr/local/lib/python3.10/dist-packages/airflow/example_dags/example_dag_decorator.py
[2024-02-26T13:47:38.646+0000] {logging_mixin.py:188} INFO - [2024-02-26T13:47:38.646+0000] {dag.py:3047} INFO - Sync 1 DAGs
[2024-02-26T13:47:38.774+0000] {logging_mixin.py:188} INFO - [2024-02-26T13:47:38.774+0000] {dag.py:3834} INFO - Setting next_dagrun for example_dag_decorator to None, run_after=None
[2024-02-26T13:47:38.796+0000] {processor.py:183} INFO - Processing /usr/local/lib/python3.10/dist-packages/airflow/example_dags/example_dag_decorator.py took 0.248 seconds
[2024-02-26T13:53:41.142+0000] {processor.py:161} INFO - Started process (PID=4394) to work on /usr/local/lib/python3.10/dist-packages/airflow/example_dags/example_dag_decorator.py
[2024-02-26T13:53:41.144+0000] {processor.py:830} INFO - Processing file /usr/local/lib/python3.10/dist-packages/airflow/example_dags/example_dag_decorator.py for tasks to queue
[2024-02-26T13:53:41.145+0000] {logging_mixin.py:188} INFO - [2024-02-26T13:53:41.144+0000] {dagbag.py:540} INFO - Filling up the DagBag from /usr/local/lib/python3.10/dist-packages/airflow/example_dags/example_dag_decorator.py
[2024-02-26T13:53:41.230+0000] {processor.py:840} INFO - DAG(s) 'example_dag_decorator' retrieved from /usr/local/lib/python3.10/dist-packages/airflow/example_dags/example_dag_decorator.py
[2024-02-26T13:53:41.238+0000] {logging_mixin.py:188} INFO - [2024-02-26T13:53:41.238+0000] {dag.py:3047} INFO - Sync 1 DAGs
[2024-02-26T13:53:41.360+0000] {logging_mixin.py:188} INFO - [2024-02-26T13:53:41.360+0000] {dag.py:3834} INFO - Setting next_dagrun for example_dag_decorator to None, run_after=None
[2024-02-26T13:53:41.381+0000] {processor.py:183} INFO - Processing /usr/local/lib/python3.10/dist-packages/airflow/example_dags/example_dag_decorator.py took 0.242 seconds
[2024-02-26T13:54:35.642+0000] {processor.py:161} INFO - Started process (PID=4442) to work on /usr/local/lib/python3.10/dist-packages/airflow/example_dags/example_dag_decorator.py
[2024-02-26T13:54:35.644+0000] {processor.py:830} INFO - Processing file /usr/local/lib/python3.10/dist-packages/airflow/example_dags/example_dag_decorator.py for tasks to queue
[2024-02-26T13:54:35.645+0000] {logging_mixin.py:188} INFO - [2024-02-26T13:54:35.644+0000] {dagbag.py:540} INFO - Filling up the DagBag from /usr/local/lib/python3.10/dist-packages/airflow/example_dags/example_dag_decorator.py
[2024-02-26T13:54:35.838+0000] {processor.py:840} INFO - DAG(s) 'example_dag_decorator' retrieved from /usr/local/lib/python3.10/dist-packages/airflow/example_dags/example_dag_decorator.py
[2024-02-26T13:54:35.929+0000] {logging_mixin.py:188} INFO - [2024-02-26T13:54:35.929+0000] {dag.py:3047} INFO - Sync 1 DAGs
[2024-02-26T13:54:35.940+0000] {logging_mixin.py:188} INFO - [2024-02-26T13:54:35.939+0000] {dag.py:3834} INFO - Setting next_dagrun for example_dag_decorator to None, run_after=None
[2024-02-26T13:54:35.961+0000] {processor.py:183} INFO - Processing /usr/local/lib/python3.10/dist-packages/airflow/example_dags/example_dag_decorator.py took 0.322 seconds
[2024-02-26T13:55:24.727+0000] {processor.py:161} INFO - Started process (PID=4490) to work on /usr/local/lib/python3.10/dist-packages/airflow/example_dags/example_dag_decorator.py
[2024-02-26T13:55:24.729+0000] {processor.py:830} INFO - Processing file /usr/local/lib/python3.10/dist-packages/airflow/example_dags/example_dag_decorator.py for tasks to queue
[2024-02-26T13:55:24.730+0000] {logging_mixin.py:188} INFO - [2024-02-26T13:55:24.729+0000] {dagbag.py:540} INFO - Filling up the DagBag from /usr/local/lib/python3.10/dist-packages/airflow/example_dags/example_dag_decorator.py
[2024-02-26T13:55:24.920+0000] {processor.py:840} INFO - DAG(s) 'example_dag_decorator' retrieved from /usr/local/lib/python3.10/dist-packages/airflow/example_dags/example_dag_decorator.py
[2024-02-26T13:55:25.016+0000] {logging_mixin.py:188} INFO - [2024-02-26T13:55:25.015+0000] {dag.py:3047} INFO - Sync 1 DAGs
[2024-02-26T13:55:25.025+0000] {logging_mixin.py:188} INFO - [2024-02-26T13:55:25.025+0000] {dag.py:3834} INFO - Setting next_dagrun for example_dag_decorator to None, run_after=None
[2024-02-26T13:55:25.047+0000] {processor.py:183} INFO - Processing /usr/local/lib/python3.10/dist-packages/airflow/example_dags/example_dag_decorator.py took 0.323 seconds
[2024-02-26T13:56:13.256+0000] {processor.py:161} INFO - Started process (PID=4535) to work on /usr/local/lib/python3.10/dist-packages/airflow/example_dags/example_dag_decorator.py
[2024-02-26T13:56:13.257+0000] {processor.py:830} INFO - Processing file /usr/local/lib/python3.10/dist-packages/airflow/example_dags/example_dag_decorator.py for tasks to queue
[2024-02-26T13:56:13.258+0000] {logging_mixin.py:188} INFO - [2024-02-26T13:56:13.258+0000] {dagbag.py:540} INFO - Filling up the DagBag from /usr/local/lib/python3.10/dist-packages/airflow/example_dags/example_dag_decorator.py
[2024-02-26T13:56:13.455+0000] {processor.py:840} INFO - DAG(s) 'example_dag_decorator' retrieved from /usr/local/lib/python3.10/dist-packages/airflow/example_dags/example_dag_decorator.py
[2024-02-26T13:56:13.551+0000] {logging_mixin.py:188} INFO - [2024-02-26T13:56:13.550+0000] {dag.py:3047} INFO - Sync 1 DAGs
[2024-02-26T13:56:13.562+0000] {logging_mixin.py:188} INFO - [2024-02-26T13:56:13.561+0000] {dag.py:3834} INFO - Setting next_dagrun for example_dag_decorator to None, run_after=None
[2024-02-26T13:56:13.583+0000] {processor.py:183} INFO - Processing /usr/local/lib/python3.10/dist-packages/airflow/example_dags/example_dag_decorator.py took 0.331 seconds
[2024-02-26T13:57:05.053+0000] {processor.py:161} INFO - Started process (PID=4589) to work on /usr/local/lib/python3.10/dist-packages/airflow/example_dags/example_dag_decorator.py
[2024-02-26T13:57:05.055+0000] {processor.py:830} INFO - Processing file /usr/local/lib/python3.10/dist-packages/airflow/example_dags/example_dag_decorator.py for tasks to queue
[2024-02-26T13:57:05.056+0000] {logging_mixin.py:188} INFO - [2024-02-26T13:57:05.056+0000] {dagbag.py:540} INFO - Filling up the DagBag from /usr/local/lib/python3.10/dist-packages/airflow/example_dags/example_dag_decorator.py
[2024-02-26T13:57:05.146+0000] {processor.py:840} INFO - DAG(s) 'example_dag_decorator' retrieved from /usr/local/lib/python3.10/dist-packages/airflow/example_dags/example_dag_decorator.py
[2024-02-26T13:57:05.249+0000] {logging_mixin.py:188} INFO - [2024-02-26T13:57:05.249+0000] {dag.py:3047} INFO - Sync 1 DAGs
[2024-02-26T13:57:05.260+0000] {logging_mixin.py:188} INFO - [2024-02-26T13:57:05.260+0000] {dag.py:3834} INFO - Setting next_dagrun for example_dag_decorator to None, run_after=None
[2024-02-26T13:57:05.287+0000] {processor.py:183} INFO - Processing /usr/local/lib/python3.10/dist-packages/airflow/example_dags/example_dag_decorator.py took 0.237 seconds
[2024-02-26T13:58:12.048+0000] {processor.py:161} INFO - Started process (PID=4673) to work on /usr/local/lib/python3.10/dist-packages/airflow/example_dags/example_dag_decorator.py
[2024-02-26T13:58:12.049+0000] {processor.py:830} INFO - Processing file /usr/local/lib/python3.10/dist-packages/airflow/example_dags/example_dag_decorator.py for tasks to queue
[2024-02-26T13:58:12.050+0000] {logging_mixin.py:188} INFO - [2024-02-26T13:58:12.050+0000] {dagbag.py:540} INFO - Filling up the DagBag from /usr/local/lib/python3.10/dist-packages/airflow/example_dags/example_dag_decorator.py
[2024-02-26T13:58:12.138+0000] {processor.py:840} INFO - DAG(s) 'example_dag_decorator' retrieved from /usr/local/lib/python3.10/dist-packages/airflow/example_dags/example_dag_decorator.py
[2024-02-26T13:58:12.147+0000] {logging_mixin.py:188} INFO - [2024-02-26T13:58:12.147+0000] {dag.py:3047} INFO - Sync 1 DAGs
[2024-02-26T13:58:12.265+0000] {logging_mixin.py:188} INFO - [2024-02-26T13:58:12.265+0000] {dag.py:3834} INFO - Setting next_dagrun for example_dag_decorator to None, run_after=None
[2024-02-26T13:58:12.286+0000] {processor.py:183} INFO - Processing /usr/local/lib/python3.10/dist-packages/airflow/example_dags/example_dag_decorator.py took 0.242 seconds
[2024-02-26T13:59:08.182+0000] {processor.py:161} INFO - Started process (PID=4722) to work on /usr/local/lib/python3.10/dist-packages/airflow/example_dags/example_dag_decorator.py
[2024-02-26T13:59:08.185+0000] {processor.py:830} INFO - Processing file /usr/local/lib/python3.10/dist-packages/airflow/example_dags/example_dag_decorator.py for tasks to queue
[2024-02-26T13:59:08.186+0000] {logging_mixin.py:188} INFO - [2024-02-26T13:59:08.185+0000] {dagbag.py:540} INFO - Filling up the DagBag from /usr/local/lib/python3.10/dist-packages/airflow/example_dags/example_dag_decorator.py
[2024-02-26T13:59:08.387+0000] {processor.py:840} INFO - DAG(s) 'example_dag_decorator' retrieved from /usr/local/lib/python3.10/dist-packages/airflow/example_dags/example_dag_decorator.py
[2024-02-26T13:59:08.480+0000] {logging_mixin.py:188} INFO - [2024-02-26T13:59:08.479+0000] {dag.py:3047} INFO - Sync 1 DAGs
[2024-02-26T13:59:08.491+0000] {logging_mixin.py:188} INFO - [2024-02-26T13:59:08.490+0000] {dag.py:3834} INFO - Setting next_dagrun for example_dag_decorator to None, run_after=None
[2024-02-26T13:59:08.513+0000] {processor.py:183} INFO - Processing /usr/local/lib/python3.10/dist-packages/airflow/example_dags/example_dag_decorator.py took 0.335 seconds
[2024-02-26T14:00:05.808+0000] {processor.py:161} INFO - Started process (PID=4788) to work on /usr/local/lib/python3.10/dist-packages/airflow/example_dags/example_dag_decorator.py
[2024-02-26T14:00:05.810+0000] {processor.py:830} INFO - Processing file /usr/local/lib/python3.10/dist-packages/airflow/example_dags/example_dag_decorator.py for tasks to queue
[2024-02-26T14:00:05.811+0000] {logging_mixin.py:188} INFO - [2024-02-26T14:00:05.810+0000] {dagbag.py:540} INFO - Filling up the DagBag from /usr/local/lib/python3.10/dist-packages/airflow/example_dags/example_dag_decorator.py
[2024-02-26T14:00:05.901+0000] {processor.py:840} INFO - DAG(s) 'example_dag_decorator' retrieved from /usr/local/lib/python3.10/dist-packages/airflow/example_dags/example_dag_decorator.py
[2024-02-26T14:00:05.910+0000] {logging_mixin.py:188} INFO - [2024-02-26T14:00:05.910+0000] {dag.py:3047} INFO - Sync 1 DAGs
[2024-02-26T14:00:06.040+0000] {logging_mixin.py:188} INFO - [2024-02-26T14:00:06.040+0000] {dag.py:3834} INFO - Setting next_dagrun for example_dag_decorator to None, run_after=None
[2024-02-26T14:00:06.062+0000] {processor.py:183} INFO - Processing /usr/local/lib/python3.10/dist-packages/airflow/example_dags/example_dag_decorator.py took 0.257 seconds
