[2024-02-26T13:34:58.071+0000] {processor.py:161} INFO - Started process (PID=3676) to work on /usr/local/lib/python3.10/dist-packages/airflow/example_dags/example_complex.py
[2024-02-26T13:34:58.072+0000] {processor.py:830} INFO - Processing file /usr/local/lib/python3.10/dist-packages/airflow/example_dags/example_complex.py for tasks to queue
[2024-02-26T13:34:58.073+0000] {logging_mixin.py:188} INFO - [2024-02-26T13:34:58.072+0000] {dagbag.py:540} INFO - Filling up the DagBag from /usr/local/lib/python3.10/dist-packages/airflow/example_dags/example_complex.py
[2024-02-26T13:34:58.085+0000] {processor.py:840} INFO - DAG(s) 'example_complex' retrieved from /usr/local/lib/python3.10/dist-packages/airflow/example_dags/example_complex.py
[2024-02-26T13:34:58.206+0000] {logging_mixin.py:188} INFO - [2024-02-26T13:34:58.205+0000] {override.py:1769} INFO - Created Permission View: can delete on DAG:example_complex
[2024-02-26T13:34:58.219+0000] {logging_mixin.py:188} INFO - [2024-02-26T13:34:58.218+0000] {override.py:1769} INFO - Created Permission View: can edit on DAG:example_complex
[2024-02-26T13:34:58.231+0000] {logging_mixin.py:188} INFO - [2024-02-26T13:34:58.230+0000] {override.py:1769} INFO - Created Permission View: can read on DAG:example_complex
[2024-02-26T13:34:58.231+0000] {logging_mixin.py:188} INFO - [2024-02-26T13:34:58.231+0000] {dag.py:3047} INFO - Sync 1 DAGs
[2024-02-26T13:34:58.343+0000] {logging_mixin.py:188} INFO - [2024-02-26T13:34:58.343+0000] {dag.py:3069} INFO - Creating ORM DAG for example_complex
[2024-02-26T13:34:58.344+0000] {logging_mixin.py:188} INFO - [2024-02-26T13:34:58.344+0000] {dag.py:3834} INFO - Setting next_dagrun for example_complex to None, run_after=None
[2024-02-26T13:34:58.365+0000] {processor.py:183} INFO - Processing /usr/local/lib/python3.10/dist-packages/airflow/example_dags/example_complex.py took 0.298 seconds
[2024-02-26T13:35:47.110+0000] {processor.py:161} INFO - Started process (PID=3724) to work on /usr/local/lib/python3.10/dist-packages/airflow/example_dags/example_complex.py
[2024-02-26T13:35:47.111+0000] {processor.py:830} INFO - Processing file /usr/local/lib/python3.10/dist-packages/airflow/example_dags/example_complex.py for tasks to queue
[2024-02-26T13:35:47.112+0000] {logging_mixin.py:188} INFO - [2024-02-26T13:35:47.112+0000] {dagbag.py:540} INFO - Filling up the DagBag from /usr/local/lib/python3.10/dist-packages/airflow/example_dags/example_complex.py
[2024-02-26T13:35:47.125+0000] {processor.py:840} INFO - DAG(s) 'example_complex' retrieved from /usr/local/lib/python3.10/dist-packages/airflow/example_dags/example_complex.py
[2024-02-26T13:35:47.154+0000] {logging_mixin.py:188} INFO - [2024-02-26T13:35:47.153+0000] {dag.py:3047} INFO - Sync 1 DAGs
[2024-02-26T13:35:47.166+0000] {logging_mixin.py:188} INFO - [2024-02-26T13:35:47.166+0000] {dag.py:3834} INFO - Setting next_dagrun for example_complex to None, run_after=None
[2024-02-26T13:35:47.188+0000] {processor.py:183} INFO - Processing /usr/local/lib/python3.10/dist-packages/airflow/example_dags/example_complex.py took 0.082 seconds
[2024-02-26T13:36:46.368+0000] {processor.py:161} INFO - Started process (PID=3781) to work on /usr/local/lib/python3.10/dist-packages/airflow/example_dags/example_complex.py
[2024-02-26T13:36:46.370+0000] {processor.py:830} INFO - Processing file /usr/local/lib/python3.10/dist-packages/airflow/example_dags/example_complex.py for tasks to queue
[2024-02-26T13:36:46.371+0000] {logging_mixin.py:188} INFO - [2024-02-26T13:36:46.370+0000] {dagbag.py:540} INFO - Filling up the DagBag from /usr/local/lib/python3.10/dist-packages/airflow/example_dags/example_complex.py
[2024-02-26T13:36:46.383+0000] {processor.py:840} INFO - DAG(s) 'example_complex' retrieved from /usr/local/lib/python3.10/dist-packages/airflow/example_dags/example_complex.py
[2024-02-26T13:36:46.412+0000] {logging_mixin.py:188} INFO - [2024-02-26T13:36:46.412+0000] {dag.py:3047} INFO - Sync 1 DAGs
[2024-02-26T13:36:46.536+0000] {logging_mixin.py:188} INFO - [2024-02-26T13:36:46.536+0000] {dag.py:3834} INFO - Setting next_dagrun for example_complex to None, run_after=None
[2024-02-26T13:36:46.557+0000] {processor.py:183} INFO - Processing /usr/local/lib/python3.10/dist-packages/airflow/example_dags/example_complex.py took 0.192 seconds
[2024-02-26T13:37:55.150+0000] {processor.py:161} INFO - Started process (PID=3857) to work on /usr/local/lib/python3.10/dist-packages/airflow/example_dags/example_complex.py
[2024-02-26T13:37:55.152+0000] {processor.py:830} INFO - Processing file /usr/local/lib/python3.10/dist-packages/airflow/example_dags/example_complex.py for tasks to queue
[2024-02-26T13:37:55.153+0000] {logging_mixin.py:188} INFO - [2024-02-26T13:37:55.152+0000] {dagbag.py:540} INFO - Filling up the DagBag from /usr/local/lib/python3.10/dist-packages/airflow/example_dags/example_complex.py
[2024-02-26T13:37:55.165+0000] {processor.py:840} INFO - DAG(s) 'example_complex' retrieved from /usr/local/lib/python3.10/dist-packages/airflow/example_dags/example_complex.py
[2024-02-26T13:37:55.382+0000] {logging_mixin.py:188} INFO - [2024-02-26T13:37:55.382+0000] {dag.py:3047} INFO - Sync 1 DAGs
[2024-02-26T13:37:55.392+0000] {logging_mixin.py:188} INFO - [2024-02-26T13:37:55.391+0000] {dag.py:3834} INFO - Setting next_dagrun for example_complex to None, run_after=None
[2024-02-26T13:37:55.416+0000] {processor.py:183} INFO - Processing /usr/local/lib/python3.10/dist-packages/airflow/example_dags/example_complex.py took 0.269 seconds
[2024-02-26T13:38:50.563+0000] {processor.py:161} INFO - Started process (PID=3909) to work on /usr/local/lib/python3.10/dist-packages/airflow/example_dags/example_complex.py
[2024-02-26T13:38:50.565+0000] {processor.py:830} INFO - Processing file /usr/local/lib/python3.10/dist-packages/airflow/example_dags/example_complex.py for tasks to queue
[2024-02-26T13:38:50.566+0000] {logging_mixin.py:188} INFO - [2024-02-26T13:38:50.565+0000] {dagbag.py:540} INFO - Filling up the DagBag from /usr/local/lib/python3.10/dist-packages/airflow/example_dags/example_complex.py
[2024-02-26T13:38:50.578+0000] {processor.py:840} INFO - DAG(s) 'example_complex' retrieved from /usr/local/lib/python3.10/dist-packages/airflow/example_dags/example_complex.py
[2024-02-26T13:38:50.606+0000] {logging_mixin.py:188} INFO - [2024-02-26T13:38:50.606+0000] {dag.py:3047} INFO - Sync 1 DAGs
[2024-02-26T13:38:50.618+0000] {logging_mixin.py:188} INFO - [2024-02-26T13:38:50.618+0000] {dag.py:3834} INFO - Setting next_dagrun for example_complex to None, run_after=None
[2024-02-26T13:38:50.641+0000] {processor.py:183} INFO - Processing /usr/local/lib/python3.10/dist-packages/airflow/example_dags/example_complex.py took 0.081 seconds
[2024-02-26T13:39:52.744+0000] {processor.py:161} INFO - Started process (PID=3969) to work on /usr/local/lib/python3.10/dist-packages/airflow/example_dags/example_complex.py
[2024-02-26T13:39:52.746+0000] {processor.py:830} INFO - Processing file /usr/local/lib/python3.10/dist-packages/airflow/example_dags/example_complex.py for tasks to queue
[2024-02-26T13:39:52.747+0000] {logging_mixin.py:188} INFO - [2024-02-26T13:39:52.746+0000] {dagbag.py:540} INFO - Filling up the DagBag from /usr/local/lib/python3.10/dist-packages/airflow/example_dags/example_complex.py
[2024-02-26T13:39:52.759+0000] {processor.py:840} INFO - DAG(s) 'example_complex' retrieved from /usr/local/lib/python3.10/dist-packages/airflow/example_dags/example_complex.py
[2024-02-26T13:39:52.888+0000] {logging_mixin.py:188} INFO - [2024-02-26T13:39:52.888+0000] {dag.py:3047} INFO - Sync 1 DAGs
[2024-02-26T13:39:52.898+0000] {logging_mixin.py:188} INFO - [2024-02-26T13:39:52.898+0000] {dag.py:3834} INFO - Setting next_dagrun for example_complex to None, run_after=None
[2024-02-26T13:39:52.918+0000] {processor.py:183} INFO - Processing /usr/local/lib/python3.10/dist-packages/airflow/example_dags/example_complex.py took 0.178 seconds
[2024-02-26T13:40:52.445+0000] {processor.py:161} INFO - Started process (PID=4028) to work on /usr/local/lib/python3.10/dist-packages/airflow/example_dags/example_complex.py
[2024-02-26T13:40:52.447+0000] {processor.py:830} INFO - Processing file /usr/local/lib/python3.10/dist-packages/airflow/example_dags/example_complex.py for tasks to queue
[2024-02-26T13:40:52.448+0000] {logging_mixin.py:188} INFO - [2024-02-26T13:40:52.447+0000] {dagbag.py:540} INFO - Filling up the DagBag from /usr/local/lib/python3.10/dist-packages/airflow/example_dags/example_complex.py
[2024-02-26T13:40:52.460+0000] {processor.py:840} INFO - DAG(s) 'example_complex' retrieved from /usr/local/lib/python3.10/dist-packages/airflow/example_dags/example_complex.py
[2024-02-26T13:40:52.490+0000] {logging_mixin.py:188} INFO - [2024-02-26T13:40:52.489+0000] {dag.py:3047} INFO - Sync 1 DAGs
[2024-02-26T13:40:52.503+0000] {logging_mixin.py:188} INFO - [2024-02-26T13:40:52.503+0000] {dag.py:3834} INFO - Setting next_dagrun for example_complex to None, run_after=None
[2024-02-26T13:40:52.527+0000] {processor.py:183} INFO - Processing /usr/local/lib/python3.10/dist-packages/airflow/example_dags/example_complex.py took 0.085 seconds
[2024-02-26T13:41:43.074+0000] {processor.py:161} INFO - Started process (PID=4081) to work on /usr/local/lib/python3.10/dist-packages/airflow/example_dags/example_complex.py
[2024-02-26T13:41:43.075+0000] {processor.py:830} INFO - Processing file /usr/local/lib/python3.10/dist-packages/airflow/example_dags/example_complex.py for tasks to queue
[2024-02-26T13:41:43.076+0000] {logging_mixin.py:188} INFO - [2024-02-26T13:41:43.076+0000] {dagbag.py:540} INFO - Filling up the DagBag from /usr/local/lib/python3.10/dist-packages/airflow/example_dags/example_complex.py
[2024-02-26T13:41:43.089+0000] {processor.py:840} INFO - DAG(s) 'example_complex' retrieved from /usr/local/lib/python3.10/dist-packages/airflow/example_dags/example_complex.py
[2024-02-26T13:41:43.117+0000] {logging_mixin.py:188} INFO - [2024-02-26T13:41:43.117+0000] {dag.py:3047} INFO - Sync 1 DAGs
[2024-02-26T13:41:43.130+0000] {logging_mixin.py:188} INFO - [2024-02-26T13:41:43.130+0000] {dag.py:3834} INFO - Setting next_dagrun for example_complex to None, run_after=None
[2024-02-26T13:41:43.154+0000] {processor.py:183} INFO - Processing /usr/local/lib/python3.10/dist-packages/airflow/example_dags/example_complex.py took 0.083 seconds
[2024-02-26T13:42:34.776+0000] {processor.py:161} INFO - Started process (PID=4133) to work on /usr/local/lib/python3.10/dist-packages/airflow/example_dags/example_complex.py
[2024-02-26T13:42:34.778+0000] {processor.py:830} INFO - Processing file /usr/local/lib/python3.10/dist-packages/airflow/example_dags/example_complex.py for tasks to queue
[2024-02-26T13:42:34.779+0000] {logging_mixin.py:188} INFO - [2024-02-26T13:42:34.778+0000] {dagbag.py:540} INFO - Filling up the DagBag from /usr/local/lib/python3.10/dist-packages/airflow/example_dags/example_complex.py
[2024-02-26T13:42:34.792+0000] {processor.py:840} INFO - DAG(s) 'example_complex' retrieved from /usr/local/lib/python3.10/dist-packages/airflow/example_dags/example_complex.py
[2024-02-26T13:42:34.821+0000] {logging_mixin.py:188} INFO - [2024-02-26T13:42:34.821+0000] {dag.py:3047} INFO - Sync 1 DAGs
[2024-02-26T13:42:34.833+0000] {logging_mixin.py:188} INFO - [2024-02-26T13:42:34.833+0000] {dag.py:3834} INFO - Setting next_dagrun for example_complex to None, run_after=None
[2024-02-26T13:42:34.858+0000] {processor.py:183} INFO - Processing /usr/local/lib/python3.10/dist-packages/airflow/example_dags/example_complex.py took 0.085 seconds
[2024-02-26T13:47:54.166+0000] {processor.py:161} INFO - Started process (PID=4304) to work on /usr/local/lib/python3.10/dist-packages/airflow/example_dags/example_complex.py
[2024-02-26T13:47:54.167+0000] {processor.py:830} INFO - Processing file /usr/local/lib/python3.10/dist-packages/airflow/example_dags/example_complex.py for tasks to queue
[2024-02-26T13:47:54.168+0000] {logging_mixin.py:188} INFO - [2024-02-26T13:47:54.168+0000] {dagbag.py:540} INFO - Filling up the DagBag from /usr/local/lib/python3.10/dist-packages/airflow/example_dags/example_complex.py
[2024-02-26T13:47:54.180+0000] {processor.py:840} INFO - DAG(s) 'example_complex' retrieved from /usr/local/lib/python3.10/dist-packages/airflow/example_dags/example_complex.py
[2024-02-26T13:47:54.388+0000] {logging_mixin.py:188} INFO - [2024-02-26T13:47:54.388+0000] {dag.py:3047} INFO - Sync 1 DAGs
[2024-02-26T13:47:54.397+0000] {logging_mixin.py:188} INFO - [2024-02-26T13:47:54.397+0000] {dag.py:3834} INFO - Setting next_dagrun for example_complex to None, run_after=None
[2024-02-26T13:47:54.429+0000] {processor.py:183} INFO - Processing /usr/local/lib/python3.10/dist-packages/airflow/example_dags/example_complex.py took 0.266 seconds
[2024-02-26T13:53:56.757+0000] {processor.py:161} INFO - Started process (PID=4408) to work on /usr/local/lib/python3.10/dist-packages/airflow/example_dags/example_complex.py
[2024-02-26T13:53:56.759+0000] {processor.py:830} INFO - Processing file /usr/local/lib/python3.10/dist-packages/airflow/example_dags/example_complex.py for tasks to queue
[2024-02-26T13:53:56.760+0000] {logging_mixin.py:188} INFO - [2024-02-26T13:53:56.760+0000] {dagbag.py:540} INFO - Filling up the DagBag from /usr/local/lib/python3.10/dist-packages/airflow/example_dags/example_complex.py
[2024-02-26T13:53:56.772+0000] {processor.py:840} INFO - DAG(s) 'example_complex' retrieved from /usr/local/lib/python3.10/dist-packages/airflow/example_dags/example_complex.py
[2024-02-26T13:53:56.989+0000] {logging_mixin.py:188} INFO - [2024-02-26T13:53:56.989+0000] {dag.py:3047} INFO - Sync 1 DAGs
[2024-02-26T13:53:56.999+0000] {logging_mixin.py:188} INFO - [2024-02-26T13:53:56.999+0000] {dag.py:3834} INFO - Setting next_dagrun for example_complex to None, run_after=None
[2024-02-26T13:53:57.023+0000] {processor.py:183} INFO - Processing /usr/local/lib/python3.10/dist-packages/airflow/example_dags/example_complex.py took 0.269 seconds
[2024-02-26T13:54:49.227+0000] {processor.py:161} INFO - Started process (PID=4456) to work on /usr/local/lib/python3.10/dist-packages/airflow/example_dags/example_complex.py
[2024-02-26T13:54:49.229+0000] {processor.py:830} INFO - Processing file /usr/local/lib/python3.10/dist-packages/airflow/example_dags/example_complex.py for tasks to queue
[2024-02-26T13:54:49.230+0000] {logging_mixin.py:188} INFO - [2024-02-26T13:54:49.229+0000] {dagbag.py:540} INFO - Filling up the DagBag from /usr/local/lib/python3.10/dist-packages/airflow/example_dags/example_complex.py
[2024-02-26T13:54:49.242+0000] {processor.py:840} INFO - DAG(s) 'example_complex' retrieved from /usr/local/lib/python3.10/dist-packages/airflow/example_dags/example_complex.py
[2024-02-26T13:54:49.270+0000] {logging_mixin.py:188} INFO - [2024-02-26T13:54:49.270+0000] {dag.py:3047} INFO - Sync 1 DAGs
[2024-02-26T13:54:49.283+0000] {logging_mixin.py:188} INFO - [2024-02-26T13:54:49.283+0000] {dag.py:3834} INFO - Setting next_dagrun for example_complex to None, run_after=None
[2024-02-26T13:54:49.306+0000] {processor.py:183} INFO - Processing /usr/local/lib/python3.10/dist-packages/airflow/example_dags/example_complex.py took 0.083 seconds
[2024-02-26T13:55:53.304+0000] {processor.py:161} INFO - Started process (PID=4516) to work on /usr/local/lib/python3.10/dist-packages/airflow/example_dags/example_complex.py
[2024-02-26T13:55:53.305+0000] {processor.py:830} INFO - Processing file /usr/local/lib/python3.10/dist-packages/airflow/example_dags/example_complex.py for tasks to queue
[2024-02-26T13:55:53.306+0000] {logging_mixin.py:188} INFO - [2024-02-26T13:55:53.306+0000] {dagbag.py:540} INFO - Filling up the DagBag from /usr/local/lib/python3.10/dist-packages/airflow/example_dags/example_complex.py
[2024-02-26T13:55:53.319+0000] {processor.py:840} INFO - DAG(s) 'example_complex' retrieved from /usr/local/lib/python3.10/dist-packages/airflow/example_dags/example_complex.py
[2024-02-26T13:55:53.462+0000] {logging_mixin.py:188} INFO - [2024-02-26T13:55:53.461+0000] {dag.py:3047} INFO - Sync 1 DAGs
[2024-02-26T13:55:53.472+0000] {logging_mixin.py:188} INFO - [2024-02-26T13:55:53.472+0000] {dag.py:3834} INFO - Setting next_dagrun for example_complex to None, run_after=None
[2024-02-26T13:55:53.494+0000] {processor.py:183} INFO - Processing /usr/local/lib/python3.10/dist-packages/airflow/example_dags/example_complex.py took 0.194 seconds
[2024-02-26T13:56:49.934+0000] {processor.py:161} INFO - Started process (PID=4573) to work on /usr/local/lib/python3.10/dist-packages/airflow/example_dags/example_complex.py
[2024-02-26T13:56:49.935+0000] {processor.py:830} INFO - Processing file /usr/local/lib/python3.10/dist-packages/airflow/example_dags/example_complex.py for tasks to queue
[2024-02-26T13:56:49.936+0000] {logging_mixin.py:188} INFO - [2024-02-26T13:56:49.936+0000] {dagbag.py:540} INFO - Filling up the DagBag from /usr/local/lib/python3.10/dist-packages/airflow/example_dags/example_complex.py
[2024-02-26T13:56:49.948+0000] {processor.py:840} INFO - DAG(s) 'example_complex' retrieved from /usr/local/lib/python3.10/dist-packages/airflow/example_dags/example_complex.py
[2024-02-26T13:56:49.978+0000] {logging_mixin.py:188} INFO - [2024-02-26T13:56:49.977+0000] {dag.py:3047} INFO - Sync 1 DAGs
[2024-02-26T13:56:49.992+0000] {logging_mixin.py:188} INFO - [2024-02-26T13:56:49.992+0000] {dag.py:3834} INFO - Setting next_dagrun for example_complex to None, run_after=None
[2024-02-26T13:56:50.016+0000] {processor.py:183} INFO - Processing /usr/local/lib/python3.10/dist-packages/airflow/example_dags/example_complex.py took 0.086 seconds
[2024-02-26T13:58:28.102+0000] {processor.py:161} INFO - Started process (PID=4687) to work on /usr/local/lib/python3.10/dist-packages/airflow/example_dags/example_complex.py
[2024-02-26T13:58:28.104+0000] {processor.py:830} INFO - Processing file /usr/local/lib/python3.10/dist-packages/airflow/example_dags/example_complex.py for tasks to queue
[2024-02-26T13:58:28.105+0000] {logging_mixin.py:188} INFO - [2024-02-26T13:58:28.104+0000] {dagbag.py:540} INFO - Filling up the DagBag from /usr/local/lib/python3.10/dist-packages/airflow/example_dags/example_complex.py
[2024-02-26T13:58:28.117+0000] {processor.py:840} INFO - DAG(s) 'example_complex' retrieved from /usr/local/lib/python3.10/dist-packages/airflow/example_dags/example_complex.py
[2024-02-26T13:58:28.341+0000] {logging_mixin.py:188} INFO - [2024-02-26T13:58:28.340+0000] {dag.py:3047} INFO - Sync 1 DAGs
[2024-02-26T13:58:28.350+0000] {logging_mixin.py:188} INFO - [2024-02-26T13:58:28.350+0000] {dag.py:3834} INFO - Setting next_dagrun for example_complex to None, run_after=None
[2024-02-26T13:58:28.372+0000] {processor.py:183} INFO - Processing /usr/local/lib/python3.10/dist-packages/airflow/example_dags/example_complex.py took 0.273 seconds
[2024-02-26T13:59:22.682+0000] {processor.py:161} INFO - Started process (PID=4736) to work on /usr/local/lib/python3.10/dist-packages/airflow/example_dags/example_complex.py
[2024-02-26T13:59:22.683+0000] {processor.py:830} INFO - Processing file /usr/local/lib/python3.10/dist-packages/airflow/example_dags/example_complex.py for tasks to queue
[2024-02-26T13:59:22.684+0000] {logging_mixin.py:188} INFO - [2024-02-26T13:59:22.684+0000] {dagbag.py:540} INFO - Filling up the DagBag from /usr/local/lib/python3.10/dist-packages/airflow/example_dags/example_complex.py
[2024-02-26T13:59:22.697+0000] {processor.py:840} INFO - DAG(s) 'example_complex' retrieved from /usr/local/lib/python3.10/dist-packages/airflow/example_dags/example_complex.py
[2024-02-26T13:59:22.725+0000] {logging_mixin.py:188} INFO - [2024-02-26T13:59:22.725+0000] {dag.py:3047} INFO - Sync 1 DAGs
[2024-02-26T13:59:22.738+0000] {logging_mixin.py:188} INFO - [2024-02-26T13:59:22.738+0000] {dag.py:3834} INFO - Setting next_dagrun for example_complex to None, run_after=None
[2024-02-26T13:59:22.762+0000] {processor.py:183} INFO - Processing /usr/local/lib/python3.10/dist-packages/airflow/example_dags/example_complex.py took 0.083 seconds
