[2024-02-26T13:34:46.431+0000] {processor.py:161} INFO - Started process (PID=3666) to work on /usr/local/lib/python3.10/dist-packages/airflow/example_dags/example_datasets.py
[2024-02-26T13:34:46.432+0000] {processor.py:830} INFO - Processing file /usr/local/lib/python3.10/dist-packages/airflow/example_dags/example_datasets.py for tasks to queue
[2024-02-26T13:34:46.433+0000] {logging_mixin.py:188} INFO - [2024-02-26T13:34:46.432+0000] {dagbag.py:540} INFO - Filling up the DagBag from /usr/local/lib/python3.10/dist-packages/airflow/example_dags/example_datasets.py
[2024-02-26T13:34:46.444+0000] {processor.py:840} INFO - DAG(s) 'dataset_produces_2', 'dataset_consumes_unknown_never_scheduled', 'dataset_consumes_1_never_scheduled', 'dataset_consumes_1_and_2', 'dataset_produces_1', 'dataset_consumes_1' retrieved from /usr/local/lib/python3.10/dist-packages/airflow/example_dags/example_datasets.py
[2024-02-26T13:34:46.557+0000] {logging_mixin.py:188} INFO - [2024-02-26T13:34:46.556+0000] {override.py:1769} INFO - Created Permission View: can delete on DAG:dataset_produces_2
[2024-02-26T13:34:46.571+0000] {logging_mixin.py:188} INFO - [2024-02-26T13:34:46.571+0000] {override.py:1769} INFO - Created Permission View: can edit on DAG:dataset_produces_2
[2024-02-26T13:34:46.581+0000] {logging_mixin.py:188} INFO - [2024-02-26T13:34:46.581+0000] {override.py:1769} INFO - Created Permission View: can read on DAG:dataset_produces_2
[2024-02-26T13:34:46.602+0000] {logging_mixin.py:188} INFO - [2024-02-26T13:34:46.602+0000] {override.py:1769} INFO - Created Permission View: can delete on DAG:dataset_consumes_unknown_never_scheduled
[2024-02-26T13:34:46.613+0000] {logging_mixin.py:188} INFO - [2024-02-26T13:34:46.612+0000] {override.py:1769} INFO - Created Permission View: can edit on DAG:dataset_consumes_unknown_never_scheduled
[2024-02-26T13:34:46.622+0000] {logging_mixin.py:188} INFO - [2024-02-26T13:34:46.622+0000] {override.py:1769} INFO - Created Permission View: can read on DAG:dataset_consumes_unknown_never_scheduled
[2024-02-26T13:34:46.642+0000] {logging_mixin.py:188} INFO - [2024-02-26T13:34:46.642+0000] {override.py:1769} INFO - Created Permission View: can delete on DAG:dataset_consumes_1_never_scheduled
[2024-02-26T13:34:46.652+0000] {logging_mixin.py:188} INFO - [2024-02-26T13:34:46.652+0000] {override.py:1769} INFO - Created Permission View: can edit on DAG:dataset_consumes_1_never_scheduled
[2024-02-26T13:34:46.662+0000] {logging_mixin.py:188} INFO - [2024-02-26T13:34:46.661+0000] {override.py:1769} INFO - Created Permission View: can read on DAG:dataset_consumes_1_never_scheduled
[2024-02-26T13:34:46.683+0000] {logging_mixin.py:188} INFO - [2024-02-26T13:34:46.682+0000] {override.py:1769} INFO - Created Permission View: can delete on DAG:dataset_consumes_1_and_2
[2024-02-26T13:34:46.692+0000] {logging_mixin.py:188} INFO - [2024-02-26T13:34:46.692+0000] {override.py:1769} INFO - Created Permission View: can edit on DAG:dataset_consumes_1_and_2
[2024-02-26T13:34:46.702+0000] {logging_mixin.py:188} INFO - [2024-02-26T13:34:46.701+0000] {override.py:1769} INFO - Created Permission View: can read on DAG:dataset_consumes_1_and_2
[2024-02-26T13:34:46.720+0000] {logging_mixin.py:188} INFO - [2024-02-26T13:34:46.719+0000] {override.py:1769} INFO - Created Permission View: can delete on DAG:dataset_produces_1
[2024-02-26T13:34:46.730+0000] {logging_mixin.py:188} INFO - [2024-02-26T13:34:46.729+0000] {override.py:1769} INFO - Created Permission View: can edit on DAG:dataset_produces_1
[2024-02-26T13:34:46.739+0000] {logging_mixin.py:188} INFO - [2024-02-26T13:34:46.739+0000] {override.py:1769} INFO - Created Permission View: can read on DAG:dataset_produces_1
[2024-02-26T13:34:46.761+0000] {logging_mixin.py:188} INFO - [2024-02-26T13:34:46.760+0000] {override.py:1769} INFO - Created Permission View: can delete on DAG:dataset_consumes_1
[2024-02-26T13:34:46.771+0000] {logging_mixin.py:188} INFO - [2024-02-26T13:34:46.771+0000] {override.py:1769} INFO - Created Permission View: can edit on DAG:dataset_consumes_1
[2024-02-26T13:34:46.780+0000] {logging_mixin.py:188} INFO - [2024-02-26T13:34:46.780+0000] {override.py:1769} INFO - Created Permission View: can read on DAG:dataset_consumes_1
[2024-02-26T13:34:46.781+0000] {logging_mixin.py:188} INFO - [2024-02-26T13:34:46.781+0000] {dag.py:3047} INFO - Sync 6 DAGs
[2024-02-26T13:34:46.793+0000] {logging_mixin.py:188} INFO - [2024-02-26T13:34:46.793+0000] {dag.py:3069} INFO - Creating ORM DAG for dataset_consumes_unknown_never_scheduled
[2024-02-26T13:34:46.794+0000] {logging_mixin.py:188} INFO - [2024-02-26T13:34:46.794+0000] {dag.py:3069} INFO - Creating ORM DAG for dataset_produces_2
[2024-02-26T13:34:46.795+0000] {logging_mixin.py:188} INFO - [2024-02-26T13:34:46.794+0000] {dag.py:3069} INFO - Creating ORM DAG for dataset_consumes_1_and_2
[2024-02-26T13:34:46.795+0000] {logging_mixin.py:188} INFO - [2024-02-26T13:34:46.795+0000] {dag.py:3069} INFO - Creating ORM DAG for dataset_consumes_1_never_scheduled
[2024-02-26T13:34:46.796+0000] {logging_mixin.py:188} INFO - [2024-02-26T13:34:46.796+0000] {dag.py:3069} INFO - Creating ORM DAG for dataset_produces_1
[2024-02-26T13:34:46.796+0000] {logging_mixin.py:188} INFO - [2024-02-26T13:34:46.796+0000] {dag.py:3069} INFO - Creating ORM DAG for dataset_consumes_1
[2024-02-26T13:34:46.903+0000] {logging_mixin.py:188} INFO - [2024-02-26T13:34:46.903+0000] {dag.py:3834} INFO - Setting next_dagrun for dataset_consumes_1 to None, run_after=None
[2024-02-26T13:34:46.904+0000] {logging_mixin.py:188} INFO - [2024-02-26T13:34:46.904+0000] {dag.py:3834} INFO - Setting next_dagrun for dataset_consumes_1_and_2 to None, run_after=None
[2024-02-26T13:34:46.905+0000] {logging_mixin.py:188} INFO - [2024-02-26T13:34:46.905+0000] {dag.py:3834} INFO - Setting next_dagrun for dataset_consumes_1_never_scheduled to None, run_after=None
[2024-02-26T13:34:46.905+0000] {logging_mixin.py:188} INFO - [2024-02-26T13:34:46.905+0000] {dag.py:3834} INFO - Setting next_dagrun for dataset_consumes_unknown_never_scheduled to None, run_after=None
[2024-02-26T13:34:46.908+0000] {logging_mixin.py:188} INFO - [2024-02-26T13:34:46.907+0000] {dag.py:3834} INFO - Setting next_dagrun for dataset_produces_1 to 2024-02-25 00:00:00+00:00, run_after=2024-02-26 00:00:00+00:00
[2024-02-26T13:34:46.908+0000] {logging_mixin.py:188} INFO - [2024-02-26T13:34:46.908+0000] {dag.py:3834} INFO - Setting next_dagrun for dataset_produces_2 to None, run_after=None
[2024-02-26T13:34:46.944+0000] {processor.py:183} INFO - Processing /usr/local/lib/python3.10/dist-packages/airflow/example_dags/example_datasets.py took 0.516 seconds
[2024-02-26T13:35:36.812+0000] {processor.py:161} INFO - Started process (PID=3714) to work on /usr/local/lib/python3.10/dist-packages/airflow/example_dags/example_datasets.py
[2024-02-26T13:35:36.814+0000] {processor.py:830} INFO - Processing file /usr/local/lib/python3.10/dist-packages/airflow/example_dags/example_datasets.py for tasks to queue
[2024-02-26T13:35:36.815+0000] {logging_mixin.py:188} INFO - [2024-02-26T13:35:36.814+0000] {dagbag.py:540} INFO - Filling up the DagBag from /usr/local/lib/python3.10/dist-packages/airflow/example_dags/example_datasets.py
[2024-02-26T13:35:36.826+0000] {processor.py:840} INFO - DAG(s) 'dataset_consumes_1', 'dataset_consumes_1_and_2', 'dataset_consumes_1_never_scheduled', 'dataset_consumes_unknown_never_scheduled', 'dataset_produces_1', 'dataset_produces_2' retrieved from /usr/local/lib/python3.10/dist-packages/airflow/example_dags/example_datasets.py
[2024-02-26T13:35:36.857+0000] {logging_mixin.py:188} INFO - [2024-02-26T13:35:36.856+0000] {dag.py:3047} INFO - Sync 6 DAGs
[2024-02-26T13:35:36.879+0000] {logging_mixin.py:188} INFO - [2024-02-26T13:35:36.879+0000] {dag.py:3834} INFO - Setting next_dagrun for dataset_consumes_1 to None, run_after=None
[2024-02-26T13:35:36.883+0000] {logging_mixin.py:188} INFO - [2024-02-26T13:35:36.882+0000] {dag.py:3834} INFO - Setting next_dagrun for dataset_consumes_1_and_2 to None, run_after=None
[2024-02-26T13:35:36.884+0000] {logging_mixin.py:188} INFO - [2024-02-26T13:35:36.884+0000] {dag.py:3834} INFO - Setting next_dagrun for dataset_consumes_1_never_scheduled to None, run_after=None
[2024-02-26T13:35:36.885+0000] {logging_mixin.py:188} INFO - [2024-02-26T13:35:36.885+0000] {dag.py:3834} INFO - Setting next_dagrun for dataset_consumes_unknown_never_scheduled to None, run_after=None
[2024-02-26T13:35:36.888+0000] {logging_mixin.py:188} INFO - [2024-02-26T13:35:36.887+0000] {dag.py:3834} INFO - Setting next_dagrun for dataset_produces_1 to 2024-02-25 00:00:00+00:00, run_after=2024-02-26 00:00:00+00:00
[2024-02-26T13:35:36.889+0000] {logging_mixin.py:188} INFO - [2024-02-26T13:35:36.888+0000] {dag.py:3834} INFO - Setting next_dagrun for dataset_produces_2 to None, run_after=None
[2024-02-26T13:35:36.920+0000] {processor.py:183} INFO - Processing /usr/local/lib/python3.10/dist-packages/airflow/example_dags/example_datasets.py took 0.111 seconds
[2024-02-26T13:36:25.929+0000] {processor.py:161} INFO - Started process (PID=3762) to work on /usr/local/lib/python3.10/dist-packages/airflow/example_dags/example_datasets.py
[2024-02-26T13:36:25.930+0000] {processor.py:830} INFO - Processing file /usr/local/lib/python3.10/dist-packages/airflow/example_dags/example_datasets.py for tasks to queue
[2024-02-26T13:36:25.931+0000] {logging_mixin.py:188} INFO - [2024-02-26T13:36:25.930+0000] {dagbag.py:540} INFO - Filling up the DagBag from /usr/local/lib/python3.10/dist-packages/airflow/example_dags/example_datasets.py
[2024-02-26T13:36:25.942+0000] {processor.py:840} INFO - DAG(s) 'dataset_produces_1', 'dataset_consumes_1', 'dataset_consumes_1_never_scheduled', 'dataset_consumes_unknown_never_scheduled', 'dataset_produces_2', 'dataset_consumes_1_and_2' retrieved from /usr/local/lib/python3.10/dist-packages/airflow/example_dags/example_datasets.py
[2024-02-26T13:36:25.971+0000] {logging_mixin.py:188} INFO - [2024-02-26T13:36:25.971+0000] {dag.py:3047} INFO - Sync 6 DAGs
[2024-02-26T13:36:25.994+0000] {logging_mixin.py:188} INFO - [2024-02-26T13:36:25.993+0000] {dag.py:3834} INFO - Setting next_dagrun for dataset_consumes_1 to None, run_after=None
[2024-02-26T13:36:26.111+0000] {logging_mixin.py:188} INFO - [2024-02-26T13:36:26.111+0000] {dag.py:3834} INFO - Setting next_dagrun for dataset_consumes_1_and_2 to None, run_after=None
[2024-02-26T13:36:26.112+0000] {logging_mixin.py:188} INFO - [2024-02-26T13:36:26.112+0000] {dag.py:3834} INFO - Setting next_dagrun for dataset_consumes_1_never_scheduled to None, run_after=None
[2024-02-26T13:36:26.113+0000] {logging_mixin.py:188} INFO - [2024-02-26T13:36:26.113+0000] {dag.py:3834} INFO - Setting next_dagrun for dataset_consumes_unknown_never_scheduled to None, run_after=None
[2024-02-26T13:36:26.116+0000] {logging_mixin.py:188} INFO - [2024-02-26T13:36:26.116+0000] {dag.py:3834} INFO - Setting next_dagrun for dataset_produces_1 to 2024-02-25 00:00:00+00:00, run_after=2024-02-26 00:00:00+00:00
[2024-02-26T13:36:26.117+0000] {logging_mixin.py:188} INFO - [2024-02-26T13:36:26.117+0000] {dag.py:3834} INFO - Setting next_dagrun for dataset_produces_2 to None, run_after=None
[2024-02-26T13:36:26.148+0000] {processor.py:183} INFO - Processing /usr/local/lib/python3.10/dist-packages/airflow/example_dags/example_datasets.py took 0.223 seconds
[2024-02-26T13:37:44.441+0000] {processor.py:161} INFO - Started process (PID=3847) to work on /usr/local/lib/python3.10/dist-packages/airflow/example_dags/example_datasets.py
[2024-02-26T13:37:44.443+0000] {processor.py:830} INFO - Processing file /usr/local/lib/python3.10/dist-packages/airflow/example_dags/example_datasets.py for tasks to queue
[2024-02-26T13:37:44.444+0000] {logging_mixin.py:188} INFO - [2024-02-26T13:37:44.443+0000] {dagbag.py:540} INFO - Filling up the DagBag from /usr/local/lib/python3.10/dist-packages/airflow/example_dags/example_datasets.py
[2024-02-26T13:37:44.455+0000] {processor.py:840} INFO - DAG(s) 'dataset_consumes_unknown_never_scheduled', 'dataset_consumes_1_never_scheduled', 'dataset_consumes_1', 'dataset_consumes_1_and_2', 'dataset_produces_1', 'dataset_produces_2' retrieved from /usr/local/lib/python3.10/dist-packages/airflow/example_dags/example_datasets.py
[2024-02-26T13:37:44.596+0000] {logging_mixin.py:188} INFO - [2024-02-26T13:37:44.596+0000] {dag.py:3047} INFO - Sync 6 DAGs
[2024-02-26T13:37:44.719+0000] {logging_mixin.py:188} INFO - [2024-02-26T13:37:44.719+0000] {dag.py:3834} INFO - Setting next_dagrun for dataset_consumes_1 to None, run_after=None
[2024-02-26T13:37:44.722+0000] {logging_mixin.py:188} INFO - [2024-02-26T13:37:44.721+0000] {dag.py:3834} INFO - Setting next_dagrun for dataset_consumes_1_and_2 to None, run_after=None
[2024-02-26T13:37:44.723+0000] {logging_mixin.py:188} INFO - [2024-02-26T13:37:44.722+0000] {dag.py:3834} INFO - Setting next_dagrun for dataset_consumes_1_never_scheduled to None, run_after=None
[2024-02-26T13:37:44.724+0000] {logging_mixin.py:188} INFO - [2024-02-26T13:37:44.724+0000] {dag.py:3834} INFO - Setting next_dagrun for dataset_consumes_unknown_never_scheduled to None, run_after=None
[2024-02-26T13:37:44.726+0000] {logging_mixin.py:188} INFO - [2024-02-26T13:37:44.726+0000] {dag.py:3834} INFO - Setting next_dagrun for dataset_produces_1 to 2024-02-25 00:00:00+00:00, run_after=2024-02-26 00:00:00+00:00
[2024-02-26T13:37:44.727+0000] {logging_mixin.py:188} INFO - [2024-02-26T13:37:44.727+0000] {dag.py:3834} INFO - Setting next_dagrun for dataset_produces_2 to None, run_after=None
[2024-02-26T13:37:44.759+0000] {processor.py:183} INFO - Processing /usr/local/lib/python3.10/dist-packages/airflow/example_dags/example_datasets.py took 0.321 seconds
[2024-02-26T13:38:41.314+0000] {processor.py:161} INFO - Started process (PID=3898) to work on /usr/local/lib/python3.10/dist-packages/airflow/example_dags/example_datasets.py
[2024-02-26T13:38:41.316+0000] {processor.py:830} INFO - Processing file /usr/local/lib/python3.10/dist-packages/airflow/example_dags/example_datasets.py for tasks to queue
[2024-02-26T13:38:41.317+0000] {logging_mixin.py:188} INFO - [2024-02-26T13:38:41.316+0000] {dagbag.py:540} INFO - Filling up the DagBag from /usr/local/lib/python3.10/dist-packages/airflow/example_dags/example_datasets.py
[2024-02-26T13:38:41.329+0000] {processor.py:840} INFO - DAG(s) 'dataset_produces_1', 'dataset_produces_2', 'dataset_consumes_1', 'dataset_consumes_1_never_scheduled', 'dataset_consumes_unknown_never_scheduled', 'dataset_consumes_1_and_2' retrieved from /usr/local/lib/python3.10/dist-packages/airflow/example_dags/example_datasets.py
[2024-02-26T13:38:41.359+0000] {logging_mixin.py:188} INFO - [2024-02-26T13:38:41.359+0000] {dag.py:3047} INFO - Sync 6 DAGs
[2024-02-26T13:38:41.382+0000] {logging_mixin.py:188} INFO - [2024-02-26T13:38:41.382+0000] {dag.py:3834} INFO - Setting next_dagrun for dataset_consumes_1 to None, run_after=None
[2024-02-26T13:38:41.386+0000] {logging_mixin.py:188} INFO - [2024-02-26T13:38:41.386+0000] {dag.py:3834} INFO - Setting next_dagrun for dataset_consumes_1_and_2 to None, run_after=None
[2024-02-26T13:38:41.387+0000] {logging_mixin.py:188} INFO - [2024-02-26T13:38:41.387+0000] {dag.py:3834} INFO - Setting next_dagrun for dataset_consumes_1_never_scheduled to None, run_after=None
[2024-02-26T13:38:41.388+0000] {logging_mixin.py:188} INFO - [2024-02-26T13:38:41.388+0000] {dag.py:3834} INFO - Setting next_dagrun for dataset_consumes_unknown_never_scheduled to None, run_after=None
[2024-02-26T13:38:41.391+0000] {logging_mixin.py:188} INFO - [2024-02-26T13:38:41.391+0000] {dag.py:3834} INFO - Setting next_dagrun for dataset_produces_1 to 2024-02-25 00:00:00+00:00, run_after=2024-02-26 00:00:00+00:00
[2024-02-26T13:38:41.392+0000] {logging_mixin.py:188} INFO - [2024-02-26T13:38:41.392+0000] {dag.py:3834} INFO - Setting next_dagrun for dataset_produces_2 to None, run_after=None
[2024-02-26T13:38:41.424+0000] {processor.py:183} INFO - Processing /usr/local/lib/python3.10/dist-packages/airflow/example_dags/example_datasets.py took 0.114 seconds
[2024-02-26T13:39:29.777+0000] {processor.py:161} INFO - Started process (PID=3947) to work on /usr/local/lib/python3.10/dist-packages/airflow/example_dags/example_datasets.py
[2024-02-26T13:39:29.778+0000] {processor.py:830} INFO - Processing file /usr/local/lib/python3.10/dist-packages/airflow/example_dags/example_datasets.py for tasks to queue
[2024-02-26T13:39:29.779+0000] {logging_mixin.py:188} INFO - [2024-02-26T13:39:29.779+0000] {dagbag.py:540} INFO - Filling up the DagBag from /usr/local/lib/python3.10/dist-packages/airflow/example_dags/example_datasets.py
[2024-02-26T13:39:29.790+0000] {processor.py:840} INFO - DAG(s) 'dataset_consumes_unknown_never_scheduled', 'dataset_produces_1', 'dataset_consumes_1_and_2', 'dataset_consumes_1', 'dataset_produces_2', 'dataset_consumes_1_never_scheduled' retrieved from /usr/local/lib/python3.10/dist-packages/airflow/example_dags/example_datasets.py
[2024-02-26T13:39:29.820+0000] {logging_mixin.py:188} INFO - [2024-02-26T13:39:29.819+0000] {dag.py:3047} INFO - Sync 6 DAGs
[2024-02-26T13:39:29.942+0000] {logging_mixin.py:188} INFO - [2024-02-26T13:39:29.942+0000] {dag.py:3834} INFO - Setting next_dagrun for dataset_consumes_1 to None, run_after=None
[2024-02-26T13:39:29.945+0000] {logging_mixin.py:188} INFO - [2024-02-26T13:39:29.945+0000] {dag.py:3834} INFO - Setting next_dagrun for dataset_consumes_1_and_2 to None, run_after=None
[2024-02-26T13:39:29.946+0000] {logging_mixin.py:188} INFO - [2024-02-26T13:39:29.946+0000] {dag.py:3834} INFO - Setting next_dagrun for dataset_consumes_1_never_scheduled to None, run_after=None
[2024-02-26T13:39:29.947+0000] {logging_mixin.py:188} INFO - [2024-02-26T13:39:29.947+0000] {dag.py:3834} INFO - Setting next_dagrun for dataset_consumes_unknown_never_scheduled to None, run_after=None
[2024-02-26T13:39:29.950+0000] {logging_mixin.py:188} INFO - [2024-02-26T13:39:29.950+0000] {dag.py:3834} INFO - Setting next_dagrun for dataset_produces_1 to 2024-02-25 00:00:00+00:00, run_after=2024-02-26 00:00:00+00:00
[2024-02-26T13:39:29.951+0000] {logging_mixin.py:188} INFO - [2024-02-26T13:39:29.951+0000] {dag.py:3834} INFO - Setting next_dagrun for dataset_produces_2 to None, run_after=None
[2024-02-26T13:39:29.980+0000] {processor.py:183} INFO - Processing /usr/local/lib/python3.10/dist-packages/airflow/example_dags/example_datasets.py took 0.207 seconds
[2024-02-26T13:40:32.158+0000] {processor.py:161} INFO - Started process (PID=4007) to work on /usr/local/lib/python3.10/dist-packages/airflow/example_dags/example_datasets.py
[2024-02-26T13:40:32.160+0000] {processor.py:830} INFO - Processing file /usr/local/lib/python3.10/dist-packages/airflow/example_dags/example_datasets.py for tasks to queue
[2024-02-26T13:40:32.161+0000] {logging_mixin.py:188} INFO - [2024-02-26T13:40:32.160+0000] {dagbag.py:540} INFO - Filling up the DagBag from /usr/local/lib/python3.10/dist-packages/airflow/example_dags/example_datasets.py
[2024-02-26T13:40:32.172+0000] {processor.py:840} INFO - DAG(s) 'dataset_consumes_1_never_scheduled', 'dataset_produces_1', 'dataset_consumes_1_and_2', 'dataset_consumes_1', 'dataset_produces_2', 'dataset_consumes_unknown_never_scheduled' retrieved from /usr/local/lib/python3.10/dist-packages/airflow/example_dags/example_datasets.py
[2024-02-26T13:40:32.202+0000] {logging_mixin.py:188} INFO - [2024-02-26T13:40:32.202+0000] {dag.py:3047} INFO - Sync 6 DAGs
[2024-02-26T13:40:32.224+0000] {logging_mixin.py:188} INFO - [2024-02-26T13:40:32.224+0000] {dag.py:3834} INFO - Setting next_dagrun for dataset_consumes_1 to None, run_after=None
[2024-02-26T13:40:32.228+0000] {logging_mixin.py:188} INFO - [2024-02-26T13:40:32.228+0000] {dag.py:3834} INFO - Setting next_dagrun for dataset_consumes_1_and_2 to None, run_after=None
[2024-02-26T13:40:32.229+0000] {logging_mixin.py:188} INFO - [2024-02-26T13:40:32.229+0000] {dag.py:3834} INFO - Setting next_dagrun for dataset_consumes_1_never_scheduled to None, run_after=None
[2024-02-26T13:40:32.230+0000] {logging_mixin.py:188} INFO - [2024-02-26T13:40:32.230+0000] {dag.py:3834} INFO - Setting next_dagrun for dataset_consumes_unknown_never_scheduled to None, run_after=None
[2024-02-26T13:40:32.233+0000] {logging_mixin.py:188} INFO - [2024-02-26T13:40:32.233+0000] {dag.py:3834} INFO - Setting next_dagrun for dataset_produces_1 to 2024-02-25 00:00:00+00:00, run_after=2024-02-26 00:00:00+00:00
[2024-02-26T13:40:32.234+0000] {logging_mixin.py:188} INFO - [2024-02-26T13:40:32.234+0000] {dag.py:3834} INFO - Setting next_dagrun for dataset_produces_2 to None, run_after=None
[2024-02-26T13:40:32.267+0000] {processor.py:183} INFO - Processing /usr/local/lib/python3.10/dist-packages/airflow/example_dags/example_datasets.py took 0.112 seconds
[2024-02-26T13:41:24.018+0000] {processor.py:161} INFO - Started process (PID=4061) to work on /usr/local/lib/python3.10/dist-packages/airflow/example_dags/example_datasets.py
[2024-02-26T13:41:24.020+0000] {processor.py:830} INFO - Processing file /usr/local/lib/python3.10/dist-packages/airflow/example_dags/example_datasets.py for tasks to queue
[2024-02-26T13:41:24.021+0000] {logging_mixin.py:188} INFO - [2024-02-26T13:41:24.020+0000] {dagbag.py:540} INFO - Filling up the DagBag from /usr/local/lib/python3.10/dist-packages/airflow/example_dags/example_datasets.py
[2024-02-26T13:41:24.032+0000] {processor.py:840} INFO - DAG(s) 'dataset_consumes_unknown_never_scheduled', 'dataset_produces_2', 'dataset_consumes_1', 'dataset_produces_1', 'dataset_consumes_1_and_2', 'dataset_consumes_1_never_scheduled' retrieved from /usr/local/lib/python3.10/dist-packages/airflow/example_dags/example_datasets.py
[2024-02-26T13:41:24.062+0000] {logging_mixin.py:188} INFO - [2024-02-26T13:41:24.062+0000] {dag.py:3047} INFO - Sync 6 DAGs
[2024-02-26T13:41:24.085+0000] {logging_mixin.py:188} INFO - [2024-02-26T13:41:24.084+0000] {dag.py:3834} INFO - Setting next_dagrun for dataset_consumes_1 to None, run_after=None
[2024-02-26T13:41:24.088+0000] {logging_mixin.py:188} INFO - [2024-02-26T13:41:24.088+0000] {dag.py:3834} INFO - Setting next_dagrun for dataset_consumes_1_and_2 to None, run_after=None
[2024-02-26T13:41:24.089+0000] {logging_mixin.py:188} INFO - [2024-02-26T13:41:24.089+0000] {dag.py:3834} INFO - Setting next_dagrun for dataset_consumes_1_never_scheduled to None, run_after=None
[2024-02-26T13:41:24.090+0000] {logging_mixin.py:188} INFO - [2024-02-26T13:41:24.090+0000] {dag.py:3834} INFO - Setting next_dagrun for dataset_consumes_unknown_never_scheduled to None, run_after=None
[2024-02-26T13:41:24.093+0000] {logging_mixin.py:188} INFO - [2024-02-26T13:41:24.093+0000] {dag.py:3834} INFO - Setting next_dagrun for dataset_produces_1 to 2024-02-25 00:00:00+00:00, run_after=2024-02-26 00:00:00+00:00
[2024-02-26T13:41:24.094+0000] {logging_mixin.py:188} INFO - [2024-02-26T13:41:24.094+0000] {dag.py:3834} INFO - Setting next_dagrun for dataset_produces_2 to None, run_after=None
[2024-02-26T13:41:24.127+0000] {processor.py:183} INFO - Processing /usr/local/lib/python3.10/dist-packages/airflow/example_dags/example_datasets.py took 0.112 seconds
[2024-02-26T13:42:14.177+0000] {processor.py:161} INFO - Started process (PID=4112) to work on /usr/local/lib/python3.10/dist-packages/airflow/example_dags/example_datasets.py
[2024-02-26T13:42:14.178+0000] {processor.py:830} INFO - Processing file /usr/local/lib/python3.10/dist-packages/airflow/example_dags/example_datasets.py for tasks to queue
[2024-02-26T13:42:14.179+0000] {logging_mixin.py:188} INFO - [2024-02-26T13:42:14.179+0000] {dagbag.py:540} INFO - Filling up the DagBag from /usr/local/lib/python3.10/dist-packages/airflow/example_dags/example_datasets.py
[2024-02-26T13:42:14.190+0000] {processor.py:840} INFO - DAG(s) 'dataset_consumes_1_never_scheduled', 'dataset_consumes_unknown_never_scheduled', 'dataset_consumes_1_and_2', 'dataset_produces_2', 'dataset_consumes_1', 'dataset_produces_1' retrieved from /usr/local/lib/python3.10/dist-packages/airflow/example_dags/example_datasets.py
[2024-02-26T13:42:14.219+0000] {logging_mixin.py:188} INFO - [2024-02-26T13:42:14.219+0000] {dag.py:3047} INFO - Sync 6 DAGs
[2024-02-26T13:42:14.243+0000] {logging_mixin.py:188} INFO - [2024-02-26T13:42:14.242+0000] {dag.py:3834} INFO - Setting next_dagrun for dataset_consumes_1 to None, run_after=None
[2024-02-26T13:42:14.246+0000] {logging_mixin.py:188} INFO - [2024-02-26T13:42:14.246+0000] {dag.py:3834} INFO - Setting next_dagrun for dataset_consumes_1_and_2 to None, run_after=None
[2024-02-26T13:42:14.247+0000] {logging_mixin.py:188} INFO - [2024-02-26T13:42:14.247+0000] {dag.py:3834} INFO - Setting next_dagrun for dataset_consumes_1_never_scheduled to None, run_after=None
[2024-02-26T13:42:14.248+0000] {logging_mixin.py:188} INFO - [2024-02-26T13:42:14.248+0000] {dag.py:3834} INFO - Setting next_dagrun for dataset_consumes_unknown_never_scheduled to None, run_after=None
[2024-02-26T13:42:14.251+0000] {logging_mixin.py:188} INFO - [2024-02-26T13:42:14.251+0000] {dag.py:3834} INFO - Setting next_dagrun for dataset_produces_1 to 2024-02-25 00:00:00+00:00, run_after=2024-02-26 00:00:00+00:00
[2024-02-26T13:42:14.252+0000] {logging_mixin.py:188} INFO - [2024-02-26T13:42:14.252+0000] {dag.py:3834} INFO - Setting next_dagrun for dataset_produces_2 to None, run_after=None
[2024-02-26T13:42:14.283+0000] {processor.py:183} INFO - Processing /usr/local/lib/python3.10/dist-packages/airflow/example_dags/example_datasets.py took 0.110 seconds
[2024-02-26T13:44:34.359+0000] {processor.py:161} INFO - Started process (PID=4228) to work on /usr/local/lib/python3.10/dist-packages/airflow/example_dags/example_datasets.py
[2024-02-26T13:44:34.361+0000] {processor.py:830} INFO - Processing file /usr/local/lib/python3.10/dist-packages/airflow/example_dags/example_datasets.py for tasks to queue
[2024-02-26T13:44:34.362+0000] {logging_mixin.py:188} INFO - [2024-02-26T13:44:34.361+0000] {dagbag.py:540} INFO - Filling up the DagBag from /usr/local/lib/python3.10/dist-packages/airflow/example_dags/example_datasets.py
[2024-02-26T13:44:34.373+0000] {processor.py:840} INFO - DAG(s) 'dataset_consumes_1_never_scheduled', 'dataset_produces_2', 'dataset_consumes_1_and_2', 'dataset_consumes_1', 'dataset_consumes_unknown_never_scheduled', 'dataset_produces_1' retrieved from /usr/local/lib/python3.10/dist-packages/airflow/example_dags/example_datasets.py
[2024-02-26T13:44:34.516+0000] {logging_mixin.py:188} INFO - [2024-02-26T13:44:34.516+0000] {dag.py:3047} INFO - Sync 6 DAGs
[2024-02-26T13:44:34.643+0000] {logging_mixin.py:188} INFO - [2024-02-26T13:44:34.643+0000] {dag.py:3834} INFO - Setting next_dagrun for dataset_consumes_1 to None, run_after=None
[2024-02-26T13:44:34.646+0000] {logging_mixin.py:188} INFO - [2024-02-26T13:44:34.646+0000] {dag.py:3834} INFO - Setting next_dagrun for dataset_consumes_1_and_2 to None, run_after=None
[2024-02-26T13:44:34.647+0000] {logging_mixin.py:188} INFO - [2024-02-26T13:44:34.647+0000] {dag.py:3834} INFO - Setting next_dagrun for dataset_consumes_1_never_scheduled to None, run_after=None
[2024-02-26T13:44:34.648+0000] {logging_mixin.py:188} INFO - [2024-02-26T13:44:34.648+0000] {dag.py:3834} INFO - Setting next_dagrun for dataset_consumes_unknown_never_scheduled to None, run_after=None
[2024-02-26T13:44:34.651+0000] {logging_mixin.py:188} INFO - [2024-02-26T13:44:34.650+0000] {dag.py:3834} INFO - Setting next_dagrun for dataset_produces_1 to 2024-02-25 00:00:00+00:00, run_after=2024-02-26 00:00:00+00:00
[2024-02-26T13:44:34.651+0000] {logging_mixin.py:188} INFO - [2024-02-26T13:44:34.651+0000] {dag.py:3834} INFO - Setting next_dagrun for dataset_produces_2 to None, run_after=None
[2024-02-26T13:44:34.683+0000] {processor.py:183} INFO - Processing /usr/local/lib/python3.10/dist-packages/airflow/example_dags/example_datasets.py took 0.327 seconds
[2024-02-26T13:47:42.964+0000] {processor.py:161} INFO - Started process (PID=4294) to work on /usr/local/lib/python3.10/dist-packages/airflow/example_dags/example_datasets.py
[2024-02-26T13:47:42.966+0000] {processor.py:830} INFO - Processing file /usr/local/lib/python3.10/dist-packages/airflow/example_dags/example_datasets.py for tasks to queue
[2024-02-26T13:47:42.967+0000] {logging_mixin.py:188} INFO - [2024-02-26T13:47:42.966+0000] {dagbag.py:540} INFO - Filling up the DagBag from /usr/local/lib/python3.10/dist-packages/airflow/example_dags/example_datasets.py
[2024-02-26T13:47:42.977+0000] {processor.py:840} INFO - DAG(s) 'dataset_produces_1', 'dataset_consumes_1', 'dataset_consumes_1_and_2', 'dataset_produces_2', 'dataset_consumes_1_never_scheduled', 'dataset_consumes_unknown_never_scheduled' retrieved from /usr/local/lib/python3.10/dist-packages/airflow/example_dags/example_datasets.py
[2024-02-26T13:47:43.120+0000] {logging_mixin.py:188} INFO - [2024-02-26T13:47:43.120+0000] {dag.py:3047} INFO - Sync 6 DAGs
[2024-02-26T13:47:43.251+0000] {logging_mixin.py:188} INFO - [2024-02-26T13:47:43.250+0000] {dag.py:3834} INFO - Setting next_dagrun for dataset_consumes_1 to None, run_after=None
[2024-02-26T13:47:43.253+0000] {logging_mixin.py:188} INFO - [2024-02-26T13:47:43.253+0000] {dag.py:3834} INFO - Setting next_dagrun for dataset_consumes_1_and_2 to None, run_after=None
[2024-02-26T13:47:43.254+0000] {logging_mixin.py:188} INFO - [2024-02-26T13:47:43.254+0000] {dag.py:3834} INFO - Setting next_dagrun for dataset_consumes_1_never_scheduled to None, run_after=None
[2024-02-26T13:47:43.255+0000] {logging_mixin.py:188} INFO - [2024-02-26T13:47:43.255+0000] {dag.py:3834} INFO - Setting next_dagrun for dataset_consumes_unknown_never_scheduled to None, run_after=None
[2024-02-26T13:47:43.258+0000] {logging_mixin.py:188} INFO - [2024-02-26T13:47:43.258+0000] {dag.py:3834} INFO - Setting next_dagrun for dataset_produces_1 to 2024-02-25 00:00:00+00:00, run_after=2024-02-26 00:00:00+00:00
[2024-02-26T13:47:43.259+0000] {logging_mixin.py:188} INFO - [2024-02-26T13:47:43.259+0000] {dag.py:3834} INFO - Setting next_dagrun for dataset_produces_2 to None, run_after=None
[2024-02-26T13:47:43.290+0000] {processor.py:183} INFO - Processing /usr/local/lib/python3.10/dist-packages/airflow/example_dags/example_datasets.py took 0.329 seconds
[2024-02-26T13:53:45.558+0000] {processor.py:161} INFO - Started process (PID=4398) to work on /usr/local/lib/python3.10/dist-packages/airflow/example_dags/example_datasets.py
[2024-02-26T13:53:45.560+0000] {processor.py:830} INFO - Processing file /usr/local/lib/python3.10/dist-packages/airflow/example_dags/example_datasets.py for tasks to queue
[2024-02-26T13:53:45.561+0000] {logging_mixin.py:188} INFO - [2024-02-26T13:53:45.560+0000] {dagbag.py:540} INFO - Filling up the DagBag from /usr/local/lib/python3.10/dist-packages/airflow/example_dags/example_datasets.py
[2024-02-26T13:53:45.572+0000] {processor.py:840} INFO - DAG(s) 'dataset_produces_2', 'dataset_produces_1', 'dataset_consumes_1_never_scheduled', 'dataset_consumes_1_and_2', 'dataset_consumes_unknown_never_scheduled', 'dataset_consumes_1' retrieved from /usr/local/lib/python3.10/dist-packages/airflow/example_dags/example_datasets.py
[2024-02-26T13:53:45.722+0000] {logging_mixin.py:188} INFO - [2024-02-26T13:53:45.722+0000] {dag.py:3047} INFO - Sync 6 DAGs
[2024-02-26T13:53:45.865+0000] {logging_mixin.py:188} INFO - [2024-02-26T13:53:45.865+0000] {dag.py:3834} INFO - Setting next_dagrun for dataset_consumes_1 to None, run_after=None
[2024-02-26T13:53:45.868+0000] {logging_mixin.py:188} INFO - [2024-02-26T13:53:45.868+0000] {dag.py:3834} INFO - Setting next_dagrun for dataset_consumes_1_and_2 to None, run_after=None
[2024-02-26T13:53:45.869+0000] {logging_mixin.py:188} INFO - [2024-02-26T13:53:45.869+0000] {dag.py:3834} INFO - Setting next_dagrun for dataset_consumes_1_never_scheduled to None, run_after=None
[2024-02-26T13:53:45.870+0000] {logging_mixin.py:188} INFO - [2024-02-26T13:53:45.870+0000] {dag.py:3834} INFO - Setting next_dagrun for dataset_consumes_unknown_never_scheduled to None, run_after=None
[2024-02-26T13:53:45.873+0000] {logging_mixin.py:188} INFO - [2024-02-26T13:53:45.873+0000] {dag.py:3834} INFO - Setting next_dagrun for dataset_produces_1 to 2024-02-25 00:00:00+00:00, run_after=2024-02-26 00:00:00+00:00
[2024-02-26T13:53:45.874+0000] {logging_mixin.py:188} INFO - [2024-02-26T13:53:45.874+0000] {dag.py:3834} INFO - Setting next_dagrun for dataset_produces_2 to None, run_after=None
[2024-02-26T13:53:45.907+0000] {processor.py:183} INFO - Processing /usr/local/lib/python3.10/dist-packages/airflow/example_dags/example_datasets.py took 0.353 seconds
[2024-02-26T13:54:39.642+0000] {processor.py:161} INFO - Started process (PID=4446) to work on /usr/local/lib/python3.10/dist-packages/airflow/example_dags/example_datasets.py
[2024-02-26T13:54:39.643+0000] {processor.py:830} INFO - Processing file /usr/local/lib/python3.10/dist-packages/airflow/example_dags/example_datasets.py for tasks to queue
[2024-02-26T13:54:39.644+0000] {logging_mixin.py:188} INFO - [2024-02-26T13:54:39.644+0000] {dagbag.py:540} INFO - Filling up the DagBag from /usr/local/lib/python3.10/dist-packages/airflow/example_dags/example_datasets.py
[2024-02-26T13:54:39.656+0000] {processor.py:840} INFO - DAG(s) 'dataset_produces_2', 'dataset_consumes_1_and_2', 'dataset_consumes_1', 'dataset_consumes_unknown_never_scheduled', 'dataset_consumes_1_never_scheduled', 'dataset_produces_1' retrieved from /usr/local/lib/python3.10/dist-packages/airflow/example_dags/example_datasets.py
[2024-02-26T13:54:39.687+0000] {logging_mixin.py:188} INFO - [2024-02-26T13:54:39.686+0000] {dag.py:3047} INFO - Sync 6 DAGs
[2024-02-26T13:54:39.709+0000] {logging_mixin.py:188} INFO - [2024-02-26T13:54:39.709+0000] {dag.py:3834} INFO - Setting next_dagrun for dataset_consumes_1 to None, run_after=None
[2024-02-26T13:54:39.713+0000] {logging_mixin.py:188} INFO - [2024-02-26T13:54:39.713+0000] {dag.py:3834} INFO - Setting next_dagrun for dataset_consumes_1_and_2 to None, run_after=None
[2024-02-26T13:54:39.714+0000] {logging_mixin.py:188} INFO - [2024-02-26T13:54:39.714+0000] {dag.py:3834} INFO - Setting next_dagrun for dataset_consumes_1_never_scheduled to None, run_after=None
[2024-02-26T13:54:39.715+0000] {logging_mixin.py:188} INFO - [2024-02-26T13:54:39.715+0000] {dag.py:3834} INFO - Setting next_dagrun for dataset_consumes_unknown_never_scheduled to None, run_after=None
[2024-02-26T13:54:39.718+0000] {logging_mixin.py:188} INFO - [2024-02-26T13:54:39.718+0000] {dag.py:3834} INFO - Setting next_dagrun for dataset_produces_1 to 2024-02-25 00:00:00+00:00, run_after=2024-02-26 00:00:00+00:00
[2024-02-26T13:54:39.719+0000] {logging_mixin.py:188} INFO - [2024-02-26T13:54:39.719+0000] {dag.py:3834} INFO - Setting next_dagrun for dataset_produces_2 to None, run_after=None
[2024-02-26T13:54:39.752+0000] {processor.py:183} INFO - Processing /usr/local/lib/python3.10/dist-packages/airflow/example_dags/example_datasets.py took 0.113 seconds
[2024-02-26T13:55:29.801+0000] {processor.py:161} INFO - Started process (PID=4494) to work on /usr/local/lib/python3.10/dist-packages/airflow/example_dags/example_datasets.py
[2024-02-26T13:55:29.802+0000] {processor.py:830} INFO - Processing file /usr/local/lib/python3.10/dist-packages/airflow/example_dags/example_datasets.py for tasks to queue
[2024-02-26T13:55:29.803+0000] {logging_mixin.py:188} INFO - [2024-02-26T13:55:29.803+0000] {dagbag.py:540} INFO - Filling up the DagBag from /usr/local/lib/python3.10/dist-packages/airflow/example_dags/example_datasets.py
[2024-02-26T13:55:29.814+0000] {processor.py:840} INFO - DAG(s) 'dataset_consumes_1', 'dataset_consumes_1_never_scheduled', 'dataset_consumes_1_and_2', 'dataset_produces_2', 'dataset_produces_1', 'dataset_consumes_unknown_never_scheduled' retrieved from /usr/local/lib/python3.10/dist-packages/airflow/example_dags/example_datasets.py
[2024-02-26T13:55:29.844+0000] {logging_mixin.py:188} INFO - [2024-02-26T13:55:29.844+0000] {dag.py:3047} INFO - Sync 6 DAGs
[2024-02-26T13:55:29.965+0000] {logging_mixin.py:188} INFO - [2024-02-26T13:55:29.965+0000] {dag.py:3834} INFO - Setting next_dagrun for dataset_consumes_1 to None, run_after=None
[2024-02-26T13:55:29.969+0000] {logging_mixin.py:188} INFO - [2024-02-26T13:55:29.968+0000] {dag.py:3834} INFO - Setting next_dagrun for dataset_consumes_1_and_2 to None, run_after=None
[2024-02-26T13:55:29.970+0000] {logging_mixin.py:188} INFO - [2024-02-26T13:55:29.970+0000] {dag.py:3834} INFO - Setting next_dagrun for dataset_consumes_1_never_scheduled to None, run_after=None
[2024-02-26T13:55:29.971+0000] {logging_mixin.py:188} INFO - [2024-02-26T13:55:29.971+0000] {dag.py:3834} INFO - Setting next_dagrun for dataset_consumes_unknown_never_scheduled to None, run_after=None
[2024-02-26T13:55:29.973+0000] {logging_mixin.py:188} INFO - [2024-02-26T13:55:29.973+0000] {dag.py:3834} INFO - Setting next_dagrun for dataset_produces_1 to 2024-02-25 00:00:00+00:00, run_after=2024-02-26 00:00:00+00:00
[2024-02-26T13:55:29.975+0000] {logging_mixin.py:188} INFO - [2024-02-26T13:55:29.974+0000] {dag.py:3834} INFO - Setting next_dagrun for dataset_produces_2 to None, run_after=None
[2024-02-26T13:55:30.005+0000] {processor.py:183} INFO - Processing /usr/local/lib/python3.10/dist-packages/airflow/example_dags/example_datasets.py took 0.208 seconds
[2024-02-26T13:56:31.932+0000] {processor.py:161} INFO - Started process (PID=4554) to work on /usr/local/lib/python3.10/dist-packages/airflow/example_dags/example_datasets.py
[2024-02-26T13:56:31.934+0000] {processor.py:830} INFO - Processing file /usr/local/lib/python3.10/dist-packages/airflow/example_dags/example_datasets.py for tasks to queue
[2024-02-26T13:56:31.935+0000] {logging_mixin.py:188} INFO - [2024-02-26T13:56:31.934+0000] {dagbag.py:540} INFO - Filling up the DagBag from /usr/local/lib/python3.10/dist-packages/airflow/example_dags/example_datasets.py
[2024-02-26T13:56:31.946+0000] {processor.py:840} INFO - DAG(s) 'dataset_produces_1', 'dataset_consumes_unknown_never_scheduled', 'dataset_consumes_1_and_2', 'dataset_produces_2', 'dataset_consumes_1', 'dataset_consumes_1_never_scheduled' retrieved from /usr/local/lib/python3.10/dist-packages/airflow/example_dags/example_datasets.py
[2024-02-26T13:56:31.976+0000] {logging_mixin.py:188} INFO - [2024-02-26T13:56:31.976+0000] {dag.py:3047} INFO - Sync 6 DAGs
[2024-02-26T13:56:31.999+0000] {logging_mixin.py:188} INFO - [2024-02-26T13:56:31.999+0000] {dag.py:3834} INFO - Setting next_dagrun for dataset_consumes_1 to None, run_after=None
[2024-02-26T13:56:32.003+0000] {logging_mixin.py:188} INFO - [2024-02-26T13:56:32.002+0000] {dag.py:3834} INFO - Setting next_dagrun for dataset_consumes_1_and_2 to None, run_after=None
[2024-02-26T13:56:32.004+0000] {logging_mixin.py:188} INFO - [2024-02-26T13:56:32.003+0000] {dag.py:3834} INFO - Setting next_dagrun for dataset_consumes_1_never_scheduled to None, run_after=None
[2024-02-26T13:56:32.005+0000] {logging_mixin.py:188} INFO - [2024-02-26T13:56:32.005+0000] {dag.py:3834} INFO - Setting next_dagrun for dataset_consumes_unknown_never_scheduled to None, run_after=None
[2024-02-26T13:56:32.008+0000] {logging_mixin.py:188} INFO - [2024-02-26T13:56:32.007+0000] {dag.py:3834} INFO - Setting next_dagrun for dataset_produces_1 to 2024-02-25 00:00:00+00:00, run_after=2024-02-26 00:00:00+00:00
[2024-02-26T13:56:32.009+0000] {logging_mixin.py:188} INFO - [2024-02-26T13:56:32.009+0000] {dag.py:3834} INFO - Setting next_dagrun for dataset_produces_2 to None, run_after=None
[2024-02-26T13:56:32.043+0000] {processor.py:183} INFO - Processing /usr/local/lib/python3.10/dist-packages/airflow/example_dags/example_datasets.py took 0.114 seconds
[2024-02-26T13:57:20.706+0000] {processor.py:161} INFO - Started process (PID=4606) to work on /usr/local/lib/python3.10/dist-packages/airflow/example_dags/example_datasets.py
[2024-02-26T13:57:20.707+0000] {processor.py:830} INFO - Processing file /usr/local/lib/python3.10/dist-packages/airflow/example_dags/example_datasets.py for tasks to queue
[2024-02-26T13:57:20.708+0000] {logging_mixin.py:188} INFO - [2024-02-26T13:57:20.707+0000] {dagbag.py:540} INFO - Filling up the DagBag from /usr/local/lib/python3.10/dist-packages/airflow/example_dags/example_datasets.py
[2024-02-26T13:57:20.718+0000] {processor.py:840} INFO - DAG(s) 'dataset_consumes_1', 'dataset_produces_1', 'dataset_produces_2', 'dataset_consumes_1_and_2', 'dataset_consumes_unknown_never_scheduled', 'dataset_consumes_1_never_scheduled' retrieved from /usr/local/lib/python3.10/dist-packages/airflow/example_dags/example_datasets.py
[2024-02-26T13:57:20.749+0000] {logging_mixin.py:188} INFO - [2024-02-26T13:57:20.748+0000] {dag.py:3047} INFO - Sync 6 DAGs
[2024-02-26T13:57:20.772+0000] {logging_mixin.py:188} INFO - [2024-02-26T13:57:20.772+0000] {dag.py:3834} INFO - Setting next_dagrun for dataset_consumes_1 to None, run_after=None
[2024-02-26T13:57:20.776+0000] {logging_mixin.py:188} INFO - [2024-02-26T13:57:20.776+0000] {dag.py:3834} INFO - Setting next_dagrun for dataset_consumes_1_and_2 to None, run_after=None
[2024-02-26T13:57:20.777+0000] {logging_mixin.py:188} INFO - [2024-02-26T13:57:20.777+0000] {dag.py:3834} INFO - Setting next_dagrun for dataset_consumes_1_never_scheduled to None, run_after=None
[2024-02-26T13:57:20.778+0000] {logging_mixin.py:188} INFO - [2024-02-26T13:57:20.778+0000] {dag.py:3834} INFO - Setting next_dagrun for dataset_consumes_unknown_never_scheduled to None, run_after=None
[2024-02-26T13:57:20.781+0000] {logging_mixin.py:188} INFO - [2024-02-26T13:57:20.780+0000] {dag.py:3834} INFO - Setting next_dagrun for dataset_produces_1 to 2024-02-25 00:00:00+00:00, run_after=2024-02-26 00:00:00+00:00
[2024-02-26T13:57:20.782+0000] {logging_mixin.py:188} INFO - [2024-02-26T13:57:20.782+0000] {dag.py:3834} INFO - Setting next_dagrun for dataset_produces_2 to None, run_after=None
[2024-02-26T13:57:20.815+0000] {processor.py:183} INFO - Processing /usr/local/lib/python3.10/dist-packages/airflow/example_dags/example_datasets.py took 0.113 seconds
[2024-02-26T13:58:16.257+0000] {processor.py:161} INFO - Started process (PID=4677) to work on /usr/local/lib/python3.10/dist-packages/airflow/example_dags/example_datasets.py
[2024-02-26T13:58:16.259+0000] {processor.py:830} INFO - Processing file /usr/local/lib/python3.10/dist-packages/airflow/example_dags/example_datasets.py for tasks to queue
[2024-02-26T13:58:16.260+0000] {logging_mixin.py:188} INFO - [2024-02-26T13:58:16.259+0000] {dagbag.py:540} INFO - Filling up the DagBag from /usr/local/lib/python3.10/dist-packages/airflow/example_dags/example_datasets.py
[2024-02-26T13:58:16.271+0000] {processor.py:840} INFO - DAG(s) 'dataset_produces_2', 'dataset_consumes_1', 'dataset_consumes_1_and_2', 'dataset_produces_1', 'dataset_consumes_1_never_scheduled', 'dataset_consumes_unknown_never_scheduled' retrieved from /usr/local/lib/python3.10/dist-packages/airflow/example_dags/example_datasets.py
[2024-02-26T13:58:16.415+0000] {logging_mixin.py:188} INFO - [2024-02-26T13:58:16.414+0000] {dag.py:3047} INFO - Sync 6 DAGs
[2024-02-26T13:58:16.548+0000] {logging_mixin.py:188} INFO - [2024-02-26T13:58:16.548+0000] {dag.py:3834} INFO - Setting next_dagrun for dataset_consumes_1 to None, run_after=None
[2024-02-26T13:58:16.551+0000] {logging_mixin.py:188} INFO - [2024-02-26T13:58:16.551+0000] {dag.py:3834} INFO - Setting next_dagrun for dataset_consumes_1_and_2 to None, run_after=None
[2024-02-26T13:58:16.552+0000] {logging_mixin.py:188} INFO - [2024-02-26T13:58:16.552+0000] {dag.py:3834} INFO - Setting next_dagrun for dataset_consumes_1_never_scheduled to None, run_after=None
[2024-02-26T13:58:16.553+0000] {logging_mixin.py:188} INFO - [2024-02-26T13:58:16.553+0000] {dag.py:3834} INFO - Setting next_dagrun for dataset_consumes_unknown_never_scheduled to None, run_after=None
[2024-02-26T13:58:16.556+0000] {logging_mixin.py:188} INFO - [2024-02-26T13:58:16.556+0000] {dag.py:3834} INFO - Setting next_dagrun for dataset_produces_1 to 2024-02-25 00:00:00+00:00, run_after=2024-02-26 00:00:00+00:00
[2024-02-26T13:58:16.557+0000] {logging_mixin.py:188} INFO - [2024-02-26T13:58:16.557+0000] {dag.py:3834} INFO - Setting next_dagrun for dataset_produces_2 to None, run_after=None
[2024-02-26T13:58:16.589+0000] {processor.py:183} INFO - Processing /usr/local/lib/python3.10/dist-packages/airflow/example_dags/example_datasets.py took 0.335 seconds
[2024-02-26T13:59:12.181+0000] {processor.py:161} INFO - Started process (PID=4726) to work on /usr/local/lib/python3.10/dist-packages/airflow/example_dags/example_datasets.py
[2024-02-26T13:59:12.182+0000] {processor.py:830} INFO - Processing file /usr/local/lib/python3.10/dist-packages/airflow/example_dags/example_datasets.py for tasks to queue
[2024-02-26T13:59:12.183+0000] {logging_mixin.py:188} INFO - [2024-02-26T13:59:12.183+0000] {dagbag.py:540} INFO - Filling up the DagBag from /usr/local/lib/python3.10/dist-packages/airflow/example_dags/example_datasets.py
[2024-02-26T13:59:12.195+0000] {processor.py:840} INFO - DAG(s) 'dataset_consumes_1_never_scheduled', 'dataset_produces_1', 'dataset_consumes_1', 'dataset_produces_2', 'dataset_consumes_1_and_2', 'dataset_consumes_unknown_never_scheduled' retrieved from /usr/local/lib/python3.10/dist-packages/airflow/example_dags/example_datasets.py
[2024-02-26T13:59:12.224+0000] {logging_mixin.py:188} INFO - [2024-02-26T13:59:12.224+0000] {dag.py:3047} INFO - Sync 6 DAGs
[2024-02-26T13:59:12.245+0000] {logging_mixin.py:188} INFO - [2024-02-26T13:59:12.245+0000] {dag.py:3834} INFO - Setting next_dagrun for dataset_consumes_1 to None, run_after=None
[2024-02-26T13:59:12.249+0000] {logging_mixin.py:188} INFO - [2024-02-26T13:59:12.249+0000] {dag.py:3834} INFO - Setting next_dagrun for dataset_consumes_1_and_2 to None, run_after=None
[2024-02-26T13:59:12.250+0000] {logging_mixin.py:188} INFO - [2024-02-26T13:59:12.250+0000] {dag.py:3834} INFO - Setting next_dagrun for dataset_consumes_1_never_scheduled to None, run_after=None
[2024-02-26T13:59:12.251+0000] {logging_mixin.py:188} INFO - [2024-02-26T13:59:12.251+0000] {dag.py:3834} INFO - Setting next_dagrun for dataset_consumes_unknown_never_scheduled to None, run_after=None
[2024-02-26T13:59:12.254+0000] {logging_mixin.py:188} INFO - [2024-02-26T13:59:12.253+0000] {dag.py:3834} INFO - Setting next_dagrun for dataset_produces_1 to 2024-02-25 00:00:00+00:00, run_after=2024-02-26 00:00:00+00:00
[2024-02-26T13:59:12.255+0000] {logging_mixin.py:188} INFO - [2024-02-26T13:59:12.254+0000] {dag.py:3834} INFO - Setting next_dagrun for dataset_produces_2 to None, run_after=None
[2024-02-26T13:59:12.286+0000] {processor.py:183} INFO - Processing /usr/local/lib/python3.10/dist-packages/airflow/example_dags/example_datasets.py took 0.108 seconds
[2024-02-26T14:00:10.231+0000] {processor.py:161} INFO - Started process (PID=4792) to work on /usr/local/lib/python3.10/dist-packages/airflow/example_dags/example_datasets.py
[2024-02-26T14:00:10.233+0000] {processor.py:830} INFO - Processing file /usr/local/lib/python3.10/dist-packages/airflow/example_dags/example_datasets.py for tasks to queue
[2024-02-26T14:00:10.234+0000] {logging_mixin.py:188} INFO - [2024-02-26T14:00:10.233+0000] {dagbag.py:540} INFO - Filling up the DagBag from /usr/local/lib/python3.10/dist-packages/airflow/example_dags/example_datasets.py
[2024-02-26T14:00:10.245+0000] {processor.py:840} INFO - DAG(s) 'dataset_consumes_1_and_2', 'dataset_consumes_unknown_never_scheduled', 'dataset_consumes_1', 'dataset_produces_2', 'dataset_produces_1', 'dataset_consumes_1_never_scheduled' retrieved from /usr/local/lib/python3.10/dist-packages/airflow/example_dags/example_datasets.py
[2024-02-26T14:00:10.391+0000] {logging_mixin.py:188} INFO - [2024-02-26T14:00:10.390+0000] {dag.py:3047} INFO - Sync 6 DAGs
[2024-02-26T14:00:10.523+0000] {logging_mixin.py:188} INFO - [2024-02-26T14:00:10.523+0000] {dag.py:3834} INFO - Setting next_dagrun for dataset_consumes_1 to None, run_after=None
[2024-02-26T14:00:10.526+0000] {logging_mixin.py:188} INFO - [2024-02-26T14:00:10.525+0000] {dag.py:3834} INFO - Setting next_dagrun for dataset_consumes_1_and_2 to None, run_after=None
[2024-02-26T14:00:10.527+0000] {logging_mixin.py:188} INFO - [2024-02-26T14:00:10.526+0000] {dag.py:3834} INFO - Setting next_dagrun for dataset_consumes_1_never_scheduled to None, run_after=None
[2024-02-26T14:00:10.528+0000] {logging_mixin.py:188} INFO - [2024-02-26T14:00:10.527+0000] {dag.py:3834} INFO - Setting next_dagrun for dataset_consumes_unknown_never_scheduled to None, run_after=None
[2024-02-26T14:00:10.530+0000] {logging_mixin.py:188} INFO - [2024-02-26T14:00:10.530+0000] {dag.py:3834} INFO - Setting next_dagrun for dataset_produces_1 to 2024-02-25 00:00:00+00:00, run_after=2024-02-26 00:00:00+00:00
[2024-02-26T14:00:10.531+0000] {logging_mixin.py:188} INFO - [2024-02-26T14:00:10.531+0000] {dag.py:3834} INFO - Setting next_dagrun for dataset_produces_2 to None, run_after=None
[2024-02-26T14:00:10.564+0000] {processor.py:183} INFO - Processing /usr/local/lib/python3.10/dist-packages/airflow/example_dags/example_datasets.py took 0.336 seconds
