[2024-02-26T13:34:56.330+0000] {processor.py:161} INFO - Started process (PID=3674) to work on /usr/local/lib/python3.10/dist-packages/airflow/example_dags/example_python_operator.py
[2024-02-26T13:34:56.331+0000] {processor.py:830} INFO - Processing file /usr/local/lib/python3.10/dist-packages/airflow/example_dags/example_python_operator.py for tasks to queue
[2024-02-26T13:34:56.332+0000] {logging_mixin.py:188} INFO - [2024-02-26T13:34:56.332+0000] {dagbag.py:540} INFO - Filling up the DagBag from /usr/local/lib/python3.10/dist-packages/airflow/example_dags/example_python_operator.py
[2024-02-26T13:34:56.340+0000] {logging_mixin.py:188} INFO - [2024-02-26T13:34:56.340+0000] {example_python_operator.py:88} WARNING - The virtalenv_python example task requires virtualenv, please install it.
[2024-02-26T13:34:56.341+0000] {processor.py:840} INFO - DAG(s) 'example_python_operator' retrieved from /usr/local/lib/python3.10/dist-packages/airflow/example_dags/example_python_operator.py
[2024-02-26T13:34:56.454+0000] {logging_mixin.py:188} INFO - [2024-02-26T13:34:56.454+0000] {override.py:1769} INFO - Created Permission View: can delete on DAG:example_python_operator
[2024-02-26T13:34:56.467+0000] {logging_mixin.py:188} INFO - [2024-02-26T13:34:56.467+0000] {override.py:1769} INFO - Created Permission View: can edit on DAG:example_python_operator
[2024-02-26T13:34:56.477+0000] {logging_mixin.py:188} INFO - [2024-02-26T13:34:56.477+0000] {override.py:1769} INFO - Created Permission View: can read on DAG:example_python_operator
[2024-02-26T13:34:56.477+0000] {logging_mixin.py:188} INFO - [2024-02-26T13:34:56.477+0000] {dag.py:3047} INFO - Sync 1 DAGs
[2024-02-26T13:34:56.490+0000] {logging_mixin.py:188} INFO - [2024-02-26T13:34:56.489+0000] {dag.py:3069} INFO - Creating ORM DAG for example_python_operator
[2024-02-26T13:34:56.490+0000] {logging_mixin.py:188} INFO - [2024-02-26T13:34:56.490+0000] {dag.py:3834} INFO - Setting next_dagrun for example_python_operator to None, run_after=None
[2024-02-26T13:34:56.614+0000] {processor.py:183} INFO - Processing /usr/local/lib/python3.10/dist-packages/airflow/example_dags/example_python_operator.py took 0.287 seconds
[2024-02-26T13:35:44.821+0000] {processor.py:161} INFO - Started process (PID=3722) to work on /usr/local/lib/python3.10/dist-packages/airflow/example_dags/example_python_operator.py
[2024-02-26T13:35:44.822+0000] {processor.py:830} INFO - Processing file /usr/local/lib/python3.10/dist-packages/airflow/example_dags/example_python_operator.py for tasks to queue
[2024-02-26T13:35:44.823+0000] {logging_mixin.py:188} INFO - [2024-02-26T13:35:44.823+0000] {dagbag.py:540} INFO - Filling up the DagBag from /usr/local/lib/python3.10/dist-packages/airflow/example_dags/example_python_operator.py
[2024-02-26T13:35:44.831+0000] {logging_mixin.py:188} INFO - [2024-02-26T13:35:44.831+0000] {example_python_operator.py:88} WARNING - The virtalenv_python example task requires virtualenv, please install it.
[2024-02-26T13:35:44.831+0000] {processor.py:840} INFO - DAG(s) 'example_python_operator' retrieved from /usr/local/lib/python3.10/dist-packages/airflow/example_dags/example_python_operator.py
[2024-02-26T13:35:44.850+0000] {logging_mixin.py:188} INFO - [2024-02-26T13:35:44.849+0000] {dag.py:3047} INFO - Sync 1 DAGs
[2024-02-26T13:35:44.862+0000] {logging_mixin.py:188} INFO - [2024-02-26T13:35:44.862+0000] {dag.py:3834} INFO - Setting next_dagrun for example_python_operator to None, run_after=None
[2024-02-26T13:35:44.884+0000] {processor.py:183} INFO - Processing /usr/local/lib/python3.10/dist-packages/airflow/example_dags/example_python_operator.py took 0.066 seconds
[2024-02-26T13:36:43.884+0000] {processor.py:161} INFO - Started process (PID=3779) to work on /usr/local/lib/python3.10/dist-packages/airflow/example_dags/example_python_operator.py
[2024-02-26T13:36:43.886+0000] {processor.py:830} INFO - Processing file /usr/local/lib/python3.10/dist-packages/airflow/example_dags/example_python_operator.py for tasks to queue
[2024-02-26T13:36:43.887+0000] {logging_mixin.py:188} INFO - [2024-02-26T13:36:43.886+0000] {dagbag.py:540} INFO - Filling up the DagBag from /usr/local/lib/python3.10/dist-packages/airflow/example_dags/example_python_operator.py
[2024-02-26T13:36:43.894+0000] {logging_mixin.py:188} INFO - [2024-02-26T13:36:43.894+0000] {example_python_operator.py:88} WARNING - The virtalenv_python example task requires virtualenv, please install it.
[2024-02-26T13:36:43.895+0000] {processor.py:840} INFO - DAG(s) 'example_python_operator' retrieved from /usr/local/lib/python3.10/dist-packages/airflow/example_dags/example_python_operator.py
[2024-02-26T13:36:43.914+0000] {logging_mixin.py:188} INFO - [2024-02-26T13:36:43.914+0000] {dag.py:3047} INFO - Sync 1 DAGs
[2024-02-26T13:36:44.040+0000] {logging_mixin.py:188} INFO - [2024-02-26T13:36:44.040+0000] {dag.py:3834} INFO - Setting next_dagrun for example_python_operator to None, run_after=None
[2024-02-26T13:36:44.061+0000] {processor.py:183} INFO - Processing /usr/local/lib/python3.10/dist-packages/airflow/example_dags/example_python_operator.py took 0.181 seconds
[2024-02-26T13:37:52.450+0000] {processor.py:161} INFO - Started process (PID=3855) to work on /usr/local/lib/python3.10/dist-packages/airflow/example_dags/example_python_operator.py
[2024-02-26T13:37:52.451+0000] {processor.py:830} INFO - Processing file /usr/local/lib/python3.10/dist-packages/airflow/example_dags/example_python_operator.py for tasks to queue
[2024-02-26T13:37:52.452+0000] {logging_mixin.py:188} INFO - [2024-02-26T13:37:52.452+0000] {dagbag.py:540} INFO - Filling up the DagBag from /usr/local/lib/python3.10/dist-packages/airflow/example_dags/example_python_operator.py
[2024-02-26T13:37:52.460+0000] {logging_mixin.py:188} INFO - [2024-02-26T13:37:52.460+0000] {example_python_operator.py:88} WARNING - The virtalenv_python example task requires virtualenv, please install it.
[2024-02-26T13:37:52.461+0000] {processor.py:840} INFO - DAG(s) 'example_python_operator' retrieved from /usr/local/lib/python3.10/dist-packages/airflow/example_dags/example_python_operator.py
[2024-02-26T13:37:52.562+0000] {logging_mixin.py:188} INFO - [2024-02-26T13:37:52.561+0000] {dag.py:3047} INFO - Sync 1 DAGs
[2024-02-26T13:37:52.687+0000] {logging_mixin.py:188} INFO - [2024-02-26T13:37:52.686+0000] {dag.py:3834} INFO - Setting next_dagrun for example_python_operator to None, run_after=None
[2024-02-26T13:37:52.709+0000] {processor.py:183} INFO - Processing /usr/local/lib/python3.10/dist-packages/airflow/example_dags/example_python_operator.py took 0.263 seconds
[2024-02-26T13:38:48.898+0000] {processor.py:161} INFO - Started process (PID=3907) to work on /usr/local/lib/python3.10/dist-packages/airflow/example_dags/example_python_operator.py
[2024-02-26T13:38:48.899+0000] {processor.py:830} INFO - Processing file /usr/local/lib/python3.10/dist-packages/airflow/example_dags/example_python_operator.py for tasks to queue
[2024-02-26T13:38:48.900+0000] {logging_mixin.py:188} INFO - [2024-02-26T13:38:48.900+0000] {dagbag.py:540} INFO - Filling up the DagBag from /usr/local/lib/python3.10/dist-packages/airflow/example_dags/example_python_operator.py
[2024-02-26T13:38:48.908+0000] {logging_mixin.py:188} INFO - [2024-02-26T13:38:48.908+0000] {example_python_operator.py:88} WARNING - The virtalenv_python example task requires virtualenv, please install it.
[2024-02-26T13:38:48.909+0000] {processor.py:840} INFO - DAG(s) 'example_python_operator' retrieved from /usr/local/lib/python3.10/dist-packages/airflow/example_dags/example_python_operator.py
[2024-02-26T13:38:48.927+0000] {logging_mixin.py:188} INFO - [2024-02-26T13:38:48.927+0000] {dag.py:3047} INFO - Sync 1 DAGs
[2024-02-26T13:38:48.939+0000] {logging_mixin.py:188} INFO - [2024-02-26T13:38:48.939+0000] {dag.py:3834} INFO - Setting next_dagrun for example_python_operator to None, run_after=None
[2024-02-26T13:38:48.962+0000] {processor.py:183} INFO - Processing /usr/local/lib/python3.10/dist-packages/airflow/example_dags/example_python_operator.py took 0.067 seconds
[2024-02-26T13:39:50.262+0000] {processor.py:161} INFO - Started process (PID=3967) to work on /usr/local/lib/python3.10/dist-packages/airflow/example_dags/example_python_operator.py
[2024-02-26T13:39:50.263+0000] {processor.py:830} INFO - Processing file /usr/local/lib/python3.10/dist-packages/airflow/example_dags/example_python_operator.py for tasks to queue
[2024-02-26T13:39:50.264+0000] {logging_mixin.py:188} INFO - [2024-02-26T13:39:50.264+0000] {dagbag.py:540} INFO - Filling up the DagBag from /usr/local/lib/python3.10/dist-packages/airflow/example_dags/example_python_operator.py
[2024-02-26T13:39:50.272+0000] {logging_mixin.py:188} INFO - [2024-02-26T13:39:50.272+0000] {example_python_operator.py:88} WARNING - The virtalenv_python example task requires virtualenv, please install it.
[2024-02-26T13:39:50.273+0000] {processor.py:840} INFO - DAG(s) 'example_python_operator' retrieved from /usr/local/lib/python3.10/dist-packages/airflow/example_dags/example_python_operator.py
[2024-02-26T13:39:50.292+0000] {logging_mixin.py:188} INFO - [2024-02-26T13:39:50.292+0000] {dag.py:3047} INFO - Sync 1 DAGs
[2024-02-26T13:39:50.415+0000] {logging_mixin.py:188} INFO - [2024-02-26T13:39:50.415+0000] {dag.py:3834} INFO - Setting next_dagrun for example_python_operator to None, run_after=None
[2024-02-26T13:39:50.437+0000] {processor.py:183} INFO - Processing /usr/local/lib/python3.10/dist-packages/airflow/example_dags/example_python_operator.py took 0.178 seconds
[2024-02-26T13:40:50.160+0000] {processor.py:161} INFO - Started process (PID=4026) to work on /usr/local/lib/python3.10/dist-packages/airflow/example_dags/example_python_operator.py
[2024-02-26T13:40:50.162+0000] {processor.py:830} INFO - Processing file /usr/local/lib/python3.10/dist-packages/airflow/example_dags/example_python_operator.py for tasks to queue
[2024-02-26T13:40:50.163+0000] {logging_mixin.py:188} INFO - [2024-02-26T13:40:50.162+0000] {dagbag.py:540} INFO - Filling up the DagBag from /usr/local/lib/python3.10/dist-packages/airflow/example_dags/example_python_operator.py
[2024-02-26T13:40:50.170+0000] {logging_mixin.py:188} INFO - [2024-02-26T13:40:50.170+0000] {example_python_operator.py:88} WARNING - The virtalenv_python example task requires virtualenv, please install it.
[2024-02-26T13:40:50.171+0000] {processor.py:840} INFO - DAG(s) 'example_python_operator' retrieved from /usr/local/lib/python3.10/dist-packages/airflow/example_dags/example_python_operator.py
[2024-02-26T13:40:50.190+0000] {logging_mixin.py:188} INFO - [2024-02-26T13:40:50.190+0000] {dag.py:3047} INFO - Sync 1 DAGs
[2024-02-26T13:40:50.203+0000] {logging_mixin.py:188} INFO - [2024-02-26T13:40:50.203+0000] {dag.py:3834} INFO - Setting next_dagrun for example_python_operator to None, run_after=None
[2024-02-26T13:40:50.227+0000] {processor.py:183} INFO - Processing /usr/local/lib/python3.10/dist-packages/airflow/example_dags/example_python_operator.py took 0.070 seconds
[2024-02-26T13:41:40.781+0000] {processor.py:161} INFO - Started process (PID=4079) to work on /usr/local/lib/python3.10/dist-packages/airflow/example_dags/example_python_operator.py
[2024-02-26T13:41:40.782+0000] {processor.py:830} INFO - Processing file /usr/local/lib/python3.10/dist-packages/airflow/example_dags/example_python_operator.py for tasks to queue
[2024-02-26T13:41:40.783+0000] {logging_mixin.py:188} INFO - [2024-02-26T13:41:40.783+0000] {dagbag.py:540} INFO - Filling up the DagBag from /usr/local/lib/python3.10/dist-packages/airflow/example_dags/example_python_operator.py
[2024-02-26T13:41:40.791+0000] {logging_mixin.py:188} INFO - [2024-02-26T13:41:40.791+0000] {example_python_operator.py:88} WARNING - The virtalenv_python example task requires virtualenv, please install it.
[2024-02-26T13:41:40.791+0000] {processor.py:840} INFO - DAG(s) 'example_python_operator' retrieved from /usr/local/lib/python3.10/dist-packages/airflow/example_dags/example_python_operator.py
[2024-02-26T13:41:40.810+0000] {logging_mixin.py:188} INFO - [2024-02-26T13:41:40.810+0000] {dag.py:3047} INFO - Sync 1 DAGs
[2024-02-26T13:41:40.822+0000] {logging_mixin.py:188} INFO - [2024-02-26T13:41:40.822+0000] {dag.py:3834} INFO - Setting next_dagrun for example_python_operator to None, run_after=None
[2024-02-26T13:41:40.845+0000] {processor.py:183} INFO - Processing /usr/local/lib/python3.10/dist-packages/airflow/example_dags/example_python_operator.py took 0.067 seconds
[2024-02-26T13:42:32.484+0000] {processor.py:161} INFO - Started process (PID=4131) to work on /usr/local/lib/python3.10/dist-packages/airflow/example_dags/example_python_operator.py
[2024-02-26T13:42:32.486+0000] {processor.py:830} INFO - Processing file /usr/local/lib/python3.10/dist-packages/airflow/example_dags/example_python_operator.py for tasks to queue
[2024-02-26T13:42:32.487+0000] {logging_mixin.py:188} INFO - [2024-02-26T13:42:32.486+0000] {dagbag.py:540} INFO - Filling up the DagBag from /usr/local/lib/python3.10/dist-packages/airflow/example_dags/example_python_operator.py
[2024-02-26T13:42:32.494+0000] {logging_mixin.py:188} INFO - [2024-02-26T13:42:32.494+0000] {example_python_operator.py:88} WARNING - The virtalenv_python example task requires virtualenv, please install it.
[2024-02-26T13:42:32.495+0000] {processor.py:840} INFO - DAG(s) 'example_python_operator' retrieved from /usr/local/lib/python3.10/dist-packages/airflow/example_dags/example_python_operator.py
[2024-02-26T13:42:32.514+0000] {logging_mixin.py:188} INFO - [2024-02-26T13:42:32.514+0000] {dag.py:3047} INFO - Sync 1 DAGs
[2024-02-26T13:42:32.527+0000] {logging_mixin.py:188} INFO - [2024-02-26T13:42:32.526+0000] {dag.py:3834} INFO - Setting next_dagrun for example_python_operator to None, run_after=None
[2024-02-26T13:42:32.550+0000] {processor.py:183} INFO - Processing /usr/local/lib/python3.10/dist-packages/airflow/example_dags/example_python_operator.py took 0.070 seconds
[2024-02-26T13:47:51.942+0000] {processor.py:161} INFO - Started process (PID=4302) to work on /usr/local/lib/python3.10/dist-packages/airflow/example_dags/example_python_operator.py
[2024-02-26T13:47:51.944+0000] {processor.py:830} INFO - Processing file /usr/local/lib/python3.10/dist-packages/airflow/example_dags/example_python_operator.py for tasks to queue
[2024-02-26T13:47:51.945+0000] {logging_mixin.py:188} INFO - [2024-02-26T13:47:51.945+0000] {dagbag.py:540} INFO - Filling up the DagBag from /usr/local/lib/python3.10/dist-packages/airflow/example_dags/example_python_operator.py
[2024-02-26T13:47:51.957+0000] {processor.py:840} INFO - DAG(s) 'example_python_operator' retrieved from /usr/local/lib/python3.10/dist-packages/airflow/example_dags/example_python_operator.py
[2024-02-26T13:47:52.062+0000] {logging_mixin.py:188} INFO - [2024-02-26T13:47:52.062+0000] {dag.py:3047} INFO - Sync 1 DAGs
[2024-02-26T13:47:52.177+0000] {logging_mixin.py:188} INFO - [2024-02-26T13:47:52.176+0000] {dag.py:3834} INFO - Setting next_dagrun for example_python_operator to None, run_after=None
[2024-02-26T13:47:52.198+0000] {processor.py:183} INFO - Processing /usr/local/lib/python3.10/dist-packages/airflow/example_dags/example_python_operator.py took 0.260 seconds
[2024-02-26T13:53:54.543+0000] {processor.py:161} INFO - Started process (PID=4406) to work on /usr/local/lib/python3.10/dist-packages/airflow/example_dags/example_python_operator.py
[2024-02-26T13:53:54.544+0000] {processor.py:830} INFO - Processing file /usr/local/lib/python3.10/dist-packages/airflow/example_dags/example_python_operator.py for tasks to queue
[2024-02-26T13:53:54.545+0000] {logging_mixin.py:188} INFO - [2024-02-26T13:53:54.545+0000] {dagbag.py:540} INFO - Filling up the DagBag from /usr/local/lib/python3.10/dist-packages/airflow/example_dags/example_python_operator.py
[2024-02-26T13:53:54.557+0000] {processor.py:840} INFO - DAG(s) 'example_python_operator' retrieved from /usr/local/lib/python3.10/dist-packages/airflow/example_dags/example_python_operator.py
[2024-02-26T13:53:54.659+0000] {logging_mixin.py:188} INFO - [2024-02-26T13:53:54.658+0000] {dag.py:3047} INFO - Sync 1 DAGs
[2024-02-26T13:53:54.765+0000] {logging_mixin.py:188} INFO - [2024-02-26T13:53:54.764+0000] {dag.py:3834} INFO - Setting next_dagrun for example_python_operator to None, run_after=None
[2024-02-26T13:53:54.786+0000] {processor.py:183} INFO - Processing /usr/local/lib/python3.10/dist-packages/airflow/example_dags/example_python_operator.py took 0.247 seconds
[2024-02-26T13:54:47.477+0000] {processor.py:161} INFO - Started process (PID=4454) to work on /usr/local/lib/python3.10/dist-packages/airflow/example_dags/example_python_operator.py
[2024-02-26T13:54:47.479+0000] {processor.py:830} INFO - Processing file /usr/local/lib/python3.10/dist-packages/airflow/example_dags/example_python_operator.py for tasks to queue
[2024-02-26T13:54:47.480+0000] {logging_mixin.py:188} INFO - [2024-02-26T13:54:47.479+0000] {dagbag.py:540} INFO - Filling up the DagBag from /usr/local/lib/python3.10/dist-packages/airflow/example_dags/example_python_operator.py
[2024-02-26T13:54:47.492+0000] {processor.py:840} INFO - DAG(s) 'example_python_operator' retrieved from /usr/local/lib/python3.10/dist-packages/airflow/example_dags/example_python_operator.py
[2024-02-26T13:54:47.512+0000] {logging_mixin.py:188} INFO - [2024-02-26T13:54:47.512+0000] {dag.py:3047} INFO - Sync 1 DAGs
[2024-02-26T13:54:47.525+0000] {logging_mixin.py:188} INFO - [2024-02-26T13:54:47.524+0000] {dag.py:3834} INFO - Setting next_dagrun for example_python_operator to None, run_after=None
[2024-02-26T13:54:47.548+0000] {processor.py:183} INFO - Processing /usr/local/lib/python3.10/dist-packages/airflow/example_dags/example_python_operator.py took 0.075 seconds
[2024-02-26T13:55:51.313+0000] {processor.py:161} INFO - Started process (PID=4514) to work on /usr/local/lib/python3.10/dist-packages/airflow/example_dags/example_python_operator.py
[2024-02-26T13:55:51.314+0000] {processor.py:830} INFO - Processing file /usr/local/lib/python3.10/dist-packages/airflow/example_dags/example_python_operator.py for tasks to queue
[2024-02-26T13:55:51.315+0000] {logging_mixin.py:188} INFO - [2024-02-26T13:55:51.315+0000] {dagbag.py:540} INFO - Filling up the DagBag from /usr/local/lib/python3.10/dist-packages/airflow/example_dags/example_python_operator.py
[2024-02-26T13:55:51.328+0000] {processor.py:840} INFO - DAG(s) 'example_python_operator' retrieved from /usr/local/lib/python3.10/dist-packages/airflow/example_dags/example_python_operator.py
[2024-02-26T13:55:51.348+0000] {logging_mixin.py:188} INFO - [2024-02-26T13:55:51.348+0000] {dag.py:3047} INFO - Sync 1 DAGs
[2024-02-26T13:55:51.477+0000] {logging_mixin.py:188} INFO - [2024-02-26T13:55:51.477+0000] {dag.py:3834} INFO - Setting next_dagrun for example_python_operator to None, run_after=None
[2024-02-26T13:55:51.499+0000] {processor.py:183} INFO - Processing /usr/local/lib/python3.10/dist-packages/airflow/example_dags/example_python_operator.py took 0.190 seconds
[2024-02-26T13:56:48.830+0000] {processor.py:161} INFO - Started process (PID=4571) to work on /usr/local/lib/python3.10/dist-packages/airflow/example_dags/example_python_operator.py
[2024-02-26T13:56:48.831+0000] {processor.py:830} INFO - Processing file /usr/local/lib/python3.10/dist-packages/airflow/example_dags/example_python_operator.py for tasks to queue
[2024-02-26T13:56:48.832+0000] {logging_mixin.py:188} INFO - [2024-02-26T13:56:48.832+0000] {dagbag.py:540} INFO - Filling up the DagBag from /usr/local/lib/python3.10/dist-packages/airflow/example_dags/example_python_operator.py
[2024-02-26T13:56:48.844+0000] {processor.py:840} INFO - DAG(s) 'example_python_operator' retrieved from /usr/local/lib/python3.10/dist-packages/airflow/example_dags/example_python_operator.py
[2024-02-26T13:56:48.864+0000] {logging_mixin.py:188} INFO - [2024-02-26T13:56:48.864+0000] {dag.py:3047} INFO - Sync 1 DAGs
[2024-02-26T13:56:48.876+0000] {logging_mixin.py:188} INFO - [2024-02-26T13:56:48.876+0000] {dag.py:3834} INFO - Setting next_dagrun for example_python_operator to None, run_after=None
[2024-02-26T13:56:48.899+0000] {processor.py:183} INFO - Processing /usr/local/lib/python3.10/dist-packages/airflow/example_dags/example_python_operator.py took 0.073 seconds
[2024-02-26T13:57:37.511+0000] {processor.py:161} INFO - Started process (PID=4622) to work on /usr/local/lib/python3.10/dist-packages/airflow/example_dags/example_python_operator.py
[2024-02-26T13:57:37.512+0000] {processor.py:830} INFO - Processing file /usr/local/lib/python3.10/dist-packages/airflow/example_dags/example_python_operator.py for tasks to queue
[2024-02-26T13:57:37.513+0000] {logging_mixin.py:188} INFO - [2024-02-26T13:57:37.513+0000] {dagbag.py:540} INFO - Filling up the DagBag from /usr/local/lib/python3.10/dist-packages/airflow/example_dags/example_python_operator.py
[2024-02-26T13:57:37.526+0000] {processor.py:840} INFO - DAG(s) 'example_python_operator' retrieved from /usr/local/lib/python3.10/dist-packages/airflow/example_dags/example_python_operator.py
[2024-02-26T13:57:37.547+0000] {logging_mixin.py:188} INFO - [2024-02-26T13:57:37.546+0000] {dag.py:3047} INFO - Sync 1 DAGs
[2024-02-26T13:57:37.559+0000] {logging_mixin.py:188} INFO - [2024-02-26T13:57:37.559+0000] {dag.py:3834} INFO - Setting next_dagrun for example_python_operator to None, run_after=None
[2024-02-26T13:57:37.583+0000] {processor.py:183} INFO - Processing /usr/local/lib/python3.10/dist-packages/airflow/example_dags/example_python_operator.py took 0.076 seconds
[2024-02-26T13:58:25.418+0000] {processor.py:161} INFO - Started process (PID=4685) to work on /usr/local/lib/python3.10/dist-packages/airflow/example_dags/example_python_operator.py
[2024-02-26T13:58:25.419+0000] {processor.py:830} INFO - Processing file /usr/local/lib/python3.10/dist-packages/airflow/example_dags/example_python_operator.py for tasks to queue
[2024-02-26T13:58:25.420+0000] {logging_mixin.py:188} INFO - [2024-02-26T13:58:25.420+0000] {dagbag.py:540} INFO - Filling up the DagBag from /usr/local/lib/python3.10/dist-packages/airflow/example_dags/example_python_operator.py
[2024-02-26T13:58:25.432+0000] {processor.py:840} INFO - DAG(s) 'example_python_operator' retrieved from /usr/local/lib/python3.10/dist-packages/airflow/example_dags/example_python_operator.py
[2024-02-26T13:58:25.537+0000] {logging_mixin.py:188} INFO - [2024-02-26T13:58:25.536+0000] {dag.py:3047} INFO - Sync 1 DAGs
[2024-02-26T13:58:25.658+0000] {logging_mixin.py:188} INFO - [2024-02-26T13:58:25.658+0000] {dag.py:3834} INFO - Setting next_dagrun for example_python_operator to None, run_after=None
[2024-02-26T13:58:25.682+0000] {processor.py:183} INFO - Processing /usr/local/lib/python3.10/dist-packages/airflow/example_dags/example_python_operator.py took 0.268 seconds
[2024-02-26T13:59:20.633+0000] {processor.py:161} INFO - Started process (PID=4734) to work on /usr/local/lib/python3.10/dist-packages/airflow/example_dags/example_python_operator.py
[2024-02-26T13:59:20.635+0000] {processor.py:830} INFO - Processing file /usr/local/lib/python3.10/dist-packages/airflow/example_dags/example_python_operator.py for tasks to queue
[2024-02-26T13:59:20.636+0000] {logging_mixin.py:188} INFO - [2024-02-26T13:59:20.635+0000] {dagbag.py:540} INFO - Filling up the DagBag from /usr/local/lib/python3.10/dist-packages/airflow/example_dags/example_python_operator.py
[2024-02-26T13:59:20.648+0000] {processor.py:840} INFO - DAG(s) 'example_python_operator' retrieved from /usr/local/lib/python3.10/dist-packages/airflow/example_dags/example_python_operator.py
[2024-02-26T13:59:20.667+0000] {logging_mixin.py:188} INFO - [2024-02-26T13:59:20.667+0000] {dag.py:3047} INFO - Sync 1 DAGs
[2024-02-26T13:59:20.707+0000] {logging_mixin.py:188} INFO - [2024-02-26T13:59:20.707+0000] {dag.py:3834} INFO - Setting next_dagrun for example_python_operator to None, run_after=None
[2024-02-26T13:59:20.767+0000] {processor.py:183} INFO - Processing /usr/local/lib/python3.10/dist-packages/airflow/example_dags/example_python_operator.py took 0.138 seconds
