[2024-02-26T13:34:18.231+0000] {processor.py:161} INFO - Started process (PID=3642) to work on /usr/local/lib/python3.10/dist-packages/airflow/example_dags/example_task_group.py
[2024-02-26T13:34:18.232+0000] {processor.py:830} INFO - Processing file /usr/local/lib/python3.10/dist-packages/airflow/example_dags/example_task_group.py for tasks to queue
[2024-02-26T13:34:18.233+0000] {logging_mixin.py:188} INFO - [2024-02-26T13:34:18.233+0000] {dagbag.py:540} INFO - Filling up the DagBag from /usr/local/lib/python3.10/dist-packages/airflow/example_dags/example_task_group.py
[2024-02-26T13:34:18.247+0000] {processor.py:840} INFO - DAG(s) 'example_task_group' retrieved from /usr/local/lib/python3.10/dist-packages/airflow/example_dags/example_task_group.py
[2024-02-26T13:34:18.364+0000] {logging_mixin.py:188} INFO - [2024-02-26T13:34:18.364+0000] {override.py:1769} INFO - Created Permission View: can delete on DAG:example_task_group
[2024-02-26T13:34:18.377+0000] {logging_mixin.py:188} INFO - [2024-02-26T13:34:18.377+0000] {override.py:1769} INFO - Created Permission View: can edit on DAG:example_task_group
[2024-02-26T13:34:18.387+0000] {logging_mixin.py:188} INFO - [2024-02-26T13:34:18.386+0000] {override.py:1769} INFO - Created Permission View: can read on DAG:example_task_group
[2024-02-26T13:34:18.387+0000] {logging_mixin.py:188} INFO - [2024-02-26T13:34:18.387+0000] {dag.py:3047} INFO - Sync 1 DAGs
[2024-02-26T13:34:18.398+0000] {logging_mixin.py:188} INFO - [2024-02-26T13:34:18.398+0000] {dag.py:3069} INFO - Creating ORM DAG for example_task_group
[2024-02-26T13:34:18.408+0000] {logging_mixin.py:188} INFO - [2024-02-26T13:34:18.408+0000] {dag.py:3834} INFO - Setting next_dagrun for example_task_group to 2024-02-25 00:00:00+00:00, run_after=2024-02-26 00:00:00+00:00
[2024-02-26T13:34:18.431+0000] {processor.py:183} INFO - Processing /usr/local/lib/python3.10/dist-packages/airflow/example_dags/example_task_group.py took 0.203 seconds
[2024-02-26T13:35:13.306+0000] {processor.py:161} INFO - Started process (PID=3690) to work on /usr/local/lib/python3.10/dist-packages/airflow/example_dags/example_task_group.py
[2024-02-26T13:35:13.307+0000] {processor.py:830} INFO - Processing file /usr/local/lib/python3.10/dist-packages/airflow/example_dags/example_task_group.py for tasks to queue
[2024-02-26T13:35:13.308+0000] {logging_mixin.py:188} INFO - [2024-02-26T13:35:13.308+0000] {dagbag.py:540} INFO - Filling up the DagBag from /usr/local/lib/python3.10/dist-packages/airflow/example_dags/example_task_group.py
[2024-02-26T13:35:13.318+0000] {processor.py:840} INFO - DAG(s) 'example_task_group' retrieved from /usr/local/lib/python3.10/dist-packages/airflow/example_dags/example_task_group.py
[2024-02-26T13:35:13.337+0000] {logging_mixin.py:188} INFO - [2024-02-26T13:35:13.336+0000] {dag.py:3047} INFO - Sync 1 DAGs
[2024-02-26T13:35:13.358+0000] {logging_mixin.py:188} INFO - [2024-02-26T13:35:13.358+0000] {dag.py:3834} INFO - Setting next_dagrun for example_task_group to 2024-02-25 00:00:00+00:00, run_after=2024-02-26 00:00:00+00:00
[2024-02-26T13:35:13.381+0000] {processor.py:183} INFO - Processing /usr/local/lib/python3.10/dist-packages/airflow/example_dags/example_task_group.py took 0.079 seconds
[2024-02-26T13:35:55.123+0000] {processor.py:161} INFO - Started process (PID=3732) to work on /usr/local/lib/python3.10/dist-packages/airflow/example_dags/example_task_group.py
[2024-02-26T13:35:55.124+0000] {processor.py:830} INFO - Processing file /usr/local/lib/python3.10/dist-packages/airflow/example_dags/example_task_group.py for tasks to queue
[2024-02-26T13:35:55.125+0000] {logging_mixin.py:188} INFO - [2024-02-26T13:35:55.125+0000] {dagbag.py:540} INFO - Filling up the DagBag from /usr/local/lib/python3.10/dist-packages/airflow/example_dags/example_task_group.py
[2024-02-26T13:35:55.134+0000] {processor.py:840} INFO - DAG(s) 'example_task_group' retrieved from /usr/local/lib/python3.10/dist-packages/airflow/example_dags/example_task_group.py
[2024-02-26T13:35:55.152+0000] {logging_mixin.py:188} INFO - [2024-02-26T13:35:55.152+0000] {dag.py:3047} INFO - Sync 1 DAGs
[2024-02-26T13:35:55.172+0000] {logging_mixin.py:188} INFO - [2024-02-26T13:35:55.172+0000] {dag.py:3834} INFO - Setting next_dagrun for example_task_group to 2024-02-25 00:00:00+00:00, run_after=2024-02-26 00:00:00+00:00
[2024-02-26T13:35:55.194+0000] {processor.py:183} INFO - Processing /usr/local/lib/python3.10/dist-packages/airflow/example_dags/example_task_group.py took 0.075 seconds
[2024-02-26T13:36:33.689+0000] {processor.py:161} INFO - Started process (PID=3770) to work on /usr/local/lib/python3.10/dist-packages/airflow/example_dags/example_task_group.py
[2024-02-26T13:36:33.690+0000] {processor.py:830} INFO - Processing file /usr/local/lib/python3.10/dist-packages/airflow/example_dags/example_task_group.py for tasks to queue
[2024-02-26T13:36:33.691+0000] {logging_mixin.py:188} INFO - [2024-02-26T13:36:33.691+0000] {dagbag.py:540} INFO - Filling up the DagBag from /usr/local/lib/python3.10/dist-packages/airflow/example_dags/example_task_group.py
[2024-02-26T13:36:33.700+0000] {processor.py:840} INFO - DAG(s) 'example_task_group' retrieved from /usr/local/lib/python3.10/dist-packages/airflow/example_dags/example_task_group.py
[2024-02-26T13:36:33.720+0000] {logging_mixin.py:188} INFO - [2024-02-26T13:36:33.719+0000] {dag.py:3047} INFO - Sync 1 DAGs
[2024-02-26T13:36:33.742+0000] {logging_mixin.py:188} INFO - [2024-02-26T13:36:33.742+0000] {dag.py:3834} INFO - Setting next_dagrun for example_task_group to 2024-02-25 00:00:00+00:00, run_after=2024-02-26 00:00:00+00:00
[2024-02-26T13:36:33.872+0000] {processor.py:183} INFO - Processing /usr/local/lib/python3.10/dist-packages/airflow/example_dags/example_task_group.py took 0.187 seconds
[2024-02-26T13:37:22.502+0000] {processor.py:161} INFO - Started process (PID=3822) to work on /usr/local/lib/python3.10/dist-packages/airflow/example_dags/example_task_group.py
[2024-02-26T13:37:22.503+0000] {processor.py:830} INFO - Processing file /usr/local/lib/python3.10/dist-packages/airflow/example_dags/example_task_group.py for tasks to queue
[2024-02-26T13:37:22.504+0000] {logging_mixin.py:188} INFO - [2024-02-26T13:37:22.504+0000] {dagbag.py:540} INFO - Filling up the DagBag from /usr/local/lib/python3.10/dist-packages/airflow/example_dags/example_task_group.py
[2024-02-26T13:37:22.517+0000] {processor.py:840} INFO - DAG(s) 'example_task_group' retrieved from /usr/local/lib/python3.10/dist-packages/airflow/example_dags/example_task_group.py
[2024-02-26T13:37:22.525+0000] {logging_mixin.py:188} INFO - [2024-02-26T13:37:22.525+0000] {dag.py:3047} INFO - Sync 1 DAGs
[2024-02-26T13:37:22.547+0000] {logging_mixin.py:188} INFO - [2024-02-26T13:37:22.547+0000] {dag.py:3834} INFO - Setting next_dagrun for example_task_group to 2024-02-25 00:00:00+00:00, run_after=2024-02-26 00:00:00+00:00
[2024-02-26T13:37:22.571+0000] {processor.py:183} INFO - Processing /usr/local/lib/python3.10/dist-packages/airflow/example_dags/example_task_group.py took 0.072 seconds
[2024-02-26T13:38:11.214+0000] {processor.py:161} INFO - Started process (PID=3871) to work on /usr/local/lib/python3.10/dist-packages/airflow/example_dags/example_task_group.py
[2024-02-26T13:38:11.216+0000] {processor.py:830} INFO - Processing file /usr/local/lib/python3.10/dist-packages/airflow/example_dags/example_task_group.py for tasks to queue
[2024-02-26T13:38:11.217+0000] {logging_mixin.py:188} INFO - [2024-02-26T13:38:11.216+0000] {dagbag.py:540} INFO - Filling up the DagBag from /usr/local/lib/python3.10/dist-packages/airflow/example_dags/example_task_group.py
[2024-02-26T13:38:11.226+0000] {processor.py:840} INFO - DAG(s) 'example_task_group' retrieved from /usr/local/lib/python3.10/dist-packages/airflow/example_dags/example_task_group.py
[2024-02-26T13:38:11.446+0000] {logging_mixin.py:188} INFO - [2024-02-26T13:38:11.446+0000] {dag.py:3047} INFO - Sync 1 DAGs
[2024-02-26T13:38:11.463+0000] {logging_mixin.py:188} INFO - [2024-02-26T13:38:11.463+0000] {dag.py:3834} INFO - Setting next_dagrun for example_task_group to 2024-02-25 00:00:00+00:00, run_after=2024-02-26 00:00:00+00:00
[2024-02-26T13:38:11.485+0000] {processor.py:183} INFO - Processing /usr/local/lib/python3.10/dist-packages/airflow/example_dags/example_task_group.py took 0.275 seconds
[2024-02-26T13:39:00.180+0000] {processor.py:161} INFO - Started process (PID=3918) to work on /usr/local/lib/python3.10/dist-packages/airflow/example_dags/example_task_group.py
[2024-02-26T13:39:00.181+0000] {processor.py:830} INFO - Processing file /usr/local/lib/python3.10/dist-packages/airflow/example_dags/example_task_group.py for tasks to queue
[2024-02-26T13:39:00.182+0000] {logging_mixin.py:188} INFO - [2024-02-26T13:39:00.182+0000] {dagbag.py:540} INFO - Filling up the DagBag from /usr/local/lib/python3.10/dist-packages/airflow/example_dags/example_task_group.py
[2024-02-26T13:39:00.191+0000] {processor.py:840} INFO - DAG(s) 'example_task_group' retrieved from /usr/local/lib/python3.10/dist-packages/airflow/example_dags/example_task_group.py
[2024-02-26T13:39:00.210+0000] {logging_mixin.py:188} INFO - [2024-02-26T13:39:00.209+0000] {dag.py:3047} INFO - Sync 1 DAGs
[2024-02-26T13:39:00.231+0000] {logging_mixin.py:188} INFO - [2024-02-26T13:39:00.231+0000] {dag.py:3834} INFO - Setting next_dagrun for example_task_group to 2024-02-25 00:00:00+00:00, run_after=2024-02-26 00:00:00+00:00
[2024-02-26T13:39:00.255+0000] {processor.py:183} INFO - Processing /usr/local/lib/python3.10/dist-packages/airflow/example_dags/example_task_group.py took 0.079 seconds
[2024-02-26T13:39:41.259+0000] {processor.py:161} INFO - Started process (PID=3958) to work on /usr/local/lib/python3.10/dist-packages/airflow/example_dags/example_task_group.py
[2024-02-26T13:39:41.260+0000] {processor.py:830} INFO - Processing file /usr/local/lib/python3.10/dist-packages/airflow/example_dags/example_task_group.py for tasks to queue
[2024-02-26T13:39:41.261+0000] {logging_mixin.py:188} INFO - [2024-02-26T13:39:41.261+0000] {dagbag.py:540} INFO - Filling up the DagBag from /usr/local/lib/python3.10/dist-packages/airflow/example_dags/example_task_group.py
[2024-02-26T13:39:41.270+0000] {processor.py:840} INFO - DAG(s) 'example_task_group' retrieved from /usr/local/lib/python3.10/dist-packages/airflow/example_dags/example_task_group.py
[2024-02-26T13:39:41.289+0000] {logging_mixin.py:188} INFO - [2024-02-26T13:39:41.289+0000] {dag.py:3047} INFO - Sync 1 DAGs
[2024-02-26T13:39:41.426+0000] {logging_mixin.py:188} INFO - [2024-02-26T13:39:41.426+0000] {dag.py:3834} INFO - Setting next_dagrun for example_task_group to 2024-02-25 00:00:00+00:00, run_after=2024-02-26 00:00:00+00:00
[2024-02-26T13:39:41.448+0000] {processor.py:183} INFO - Processing /usr/local/lib/python3.10/dist-packages/airflow/example_dags/example_task_group.py took 0.193 seconds
[2024-02-26T13:40:23.155+0000] {processor.py:161} INFO - Started process (PID=3998) to work on /usr/local/lib/python3.10/dist-packages/airflow/example_dags/example_task_group.py
[2024-02-26T13:40:23.156+0000] {processor.py:830} INFO - Processing file /usr/local/lib/python3.10/dist-packages/airflow/example_dags/example_task_group.py for tasks to queue
[2024-02-26T13:40:23.157+0000] {logging_mixin.py:188} INFO - [2024-02-26T13:40:23.156+0000] {dagbag.py:540} INFO - Filling up the DagBag from /usr/local/lib/python3.10/dist-packages/airflow/example_dags/example_task_group.py
[2024-02-26T13:40:23.166+0000] {processor.py:840} INFO - DAG(s) 'example_task_group' retrieved from /usr/local/lib/python3.10/dist-packages/airflow/example_dags/example_task_group.py
[2024-02-26T13:40:23.185+0000] {logging_mixin.py:188} INFO - [2024-02-26T13:40:23.185+0000] {dag.py:3047} INFO - Sync 1 DAGs
[2024-02-26T13:40:23.207+0000] {logging_mixin.py:188} INFO - [2024-02-26T13:40:23.207+0000] {dag.py:3834} INFO - Setting next_dagrun for example_task_group to 2024-02-25 00:00:00+00:00, run_after=2024-02-26 00:00:00+00:00
[2024-02-26T13:40:23.230+0000] {processor.py:183} INFO - Processing /usr/local/lib/python3.10/dist-packages/airflow/example_dags/example_task_group.py took 0.079 seconds
[2024-02-26T13:41:01.447+0000] {processor.py:161} INFO - Started process (PID=4037) to work on /usr/local/lib/python3.10/dist-packages/airflow/example_dags/example_task_group.py
[2024-02-26T13:41:01.448+0000] {processor.py:830} INFO - Processing file /usr/local/lib/python3.10/dist-packages/airflow/example_dags/example_task_group.py for tasks to queue
[2024-02-26T13:41:01.449+0000] {logging_mixin.py:188} INFO - [2024-02-26T13:41:01.449+0000] {dagbag.py:540} INFO - Filling up the DagBag from /usr/local/lib/python3.10/dist-packages/airflow/example_dags/example_task_group.py
[2024-02-26T13:41:01.459+0000] {processor.py:840} INFO - DAG(s) 'example_task_group' retrieved from /usr/local/lib/python3.10/dist-packages/airflow/example_dags/example_task_group.py
[2024-02-26T13:41:01.479+0000] {logging_mixin.py:188} INFO - [2024-02-26T13:41:01.478+0000] {dag.py:3047} INFO - Sync 1 DAGs
[2024-02-26T13:41:01.502+0000] {logging_mixin.py:188} INFO - [2024-02-26T13:41:01.501+0000] {dag.py:3834} INFO - Setting next_dagrun for example_task_group to 2024-02-25 00:00:00+00:00, run_after=2024-02-26 00:00:00+00:00
[2024-02-26T13:41:01.528+0000] {processor.py:183} INFO - Processing /usr/local/lib/python3.10/dist-packages/airflow/example_dags/example_task_group.py took 0.084 seconds
[2024-02-26T13:41:47.082+0000] {processor.py:161} INFO - Started process (PID=4085) to work on /usr/local/lib/python3.10/dist-packages/airflow/example_dags/example_task_group.py
[2024-02-26T13:41:47.083+0000] {processor.py:830} INFO - Processing file /usr/local/lib/python3.10/dist-packages/airflow/example_dags/example_task_group.py for tasks to queue
[2024-02-26T13:41:47.084+0000] {logging_mixin.py:188} INFO - [2024-02-26T13:41:47.083+0000] {dagbag.py:540} INFO - Filling up the DagBag from /usr/local/lib/python3.10/dist-packages/airflow/example_dags/example_task_group.py
[2024-02-26T13:41:47.093+0000] {processor.py:840} INFO - DAG(s) 'example_task_group' retrieved from /usr/local/lib/python3.10/dist-packages/airflow/example_dags/example_task_group.py
[2024-02-26T13:41:47.111+0000] {logging_mixin.py:188} INFO - [2024-02-26T13:41:47.111+0000] {dag.py:3047} INFO - Sync 1 DAGs
[2024-02-26T13:41:47.132+0000] {logging_mixin.py:188} INFO - [2024-02-26T13:41:47.132+0000] {dag.py:3834} INFO - Setting next_dagrun for example_task_group to 2024-02-25 00:00:00+00:00, run_after=2024-02-26 00:00:00+00:00
[2024-02-26T13:41:47.155+0000] {processor.py:183} INFO - Processing /usr/local/lib/python3.10/dist-packages/airflow/example_dags/example_task_group.py took 0.077 seconds
[2024-02-26T13:42:22.186+0000] {processor.py:161} INFO - Started process (PID=4121) to work on /usr/local/lib/python3.10/dist-packages/airflow/example_dags/example_task_group.py
[2024-02-26T13:42:22.187+0000] {processor.py:830} INFO - Processing file /usr/local/lib/python3.10/dist-packages/airflow/example_dags/example_task_group.py for tasks to queue
[2024-02-26T13:42:22.188+0000] {logging_mixin.py:188} INFO - [2024-02-26T13:42:22.188+0000] {dagbag.py:540} INFO - Filling up the DagBag from /usr/local/lib/python3.10/dist-packages/airflow/example_dags/example_task_group.py
[2024-02-26T13:42:22.198+0000] {processor.py:840} INFO - DAG(s) 'example_task_group' retrieved from /usr/local/lib/python3.10/dist-packages/airflow/example_dags/example_task_group.py
[2024-02-26T13:42:22.217+0000] {logging_mixin.py:188} INFO - [2024-02-26T13:42:22.217+0000] {dag.py:3047} INFO - Sync 1 DAGs
[2024-02-26T13:42:22.240+0000] {logging_mixin.py:188} INFO - [2024-02-26T13:42:22.240+0000] {dag.py:3834} INFO - Setting next_dagrun for example_task_group to 2024-02-25 00:00:00+00:00, run_after=2024-02-26 00:00:00+00:00
[2024-02-26T13:42:22.264+0000] {processor.py:183} INFO - Processing /usr/local/lib/python3.10/dist-packages/airflow/example_dags/example_task_group.py took 0.081 seconds
[2024-02-26T13:42:58.171+0000] {processor.py:161} INFO - Started process (PID=4157) to work on /usr/local/lib/python3.10/dist-packages/airflow/example_dags/example_task_group.py
[2024-02-26T13:42:58.172+0000] {processor.py:830} INFO - Processing file /usr/local/lib/python3.10/dist-packages/airflow/example_dags/example_task_group.py for tasks to queue
[2024-02-26T13:42:58.173+0000] {logging_mixin.py:188} INFO - [2024-02-26T13:42:58.173+0000] {dagbag.py:540} INFO - Filling up the DagBag from /usr/local/lib/python3.10/dist-packages/airflow/example_dags/example_task_group.py
[2024-02-26T13:42:58.183+0000] {processor.py:840} INFO - DAG(s) 'example_task_group' retrieved from /usr/local/lib/python3.10/dist-packages/airflow/example_dags/example_task_group.py
[2024-02-26T13:42:58.201+0000] {logging_mixin.py:188} INFO - [2024-02-26T13:42:58.201+0000] {dag.py:3047} INFO - Sync 1 DAGs
[2024-02-26T13:42:58.223+0000] {logging_mixin.py:188} INFO - [2024-02-26T13:42:58.223+0000] {dag.py:3834} INFO - Setting next_dagrun for example_task_group to 2024-02-25 00:00:00+00:00, run_after=2024-02-26 00:00:00+00:00
[2024-02-26T13:42:58.246+0000] {processor.py:183} INFO - Processing /usr/local/lib/python3.10/dist-packages/airflow/example_dags/example_task_group.py took 0.079 seconds
[2024-02-26T13:44:11.082+0000] {processor.py:161} INFO - Started process (PID=4204) to work on /usr/local/lib/python3.10/dist-packages/airflow/example_dags/example_task_group.py
[2024-02-26T13:44:11.083+0000] {processor.py:830} INFO - Processing file /usr/local/lib/python3.10/dist-packages/airflow/example_dags/example_task_group.py for tasks to queue
[2024-02-26T13:44:11.084+0000] {logging_mixin.py:188} INFO - [2024-02-26T13:44:11.084+0000] {dagbag.py:540} INFO - Filling up the DagBag from /usr/local/lib/python3.10/dist-packages/airflow/example_dags/example_task_group.py
[2024-02-26T13:44:11.097+0000] {processor.py:840} INFO - DAG(s) 'example_task_group' retrieved from /usr/local/lib/python3.10/dist-packages/airflow/example_dags/example_task_group.py
[2024-02-26T13:44:11.106+0000] {logging_mixin.py:188} INFO - [2024-02-26T13:44:11.105+0000] {dag.py:3047} INFO - Sync 1 DAGs
[2024-02-26T13:44:11.127+0000] {logging_mixin.py:188} INFO - [2024-02-26T13:44:11.127+0000] {dag.py:3834} INFO - Setting next_dagrun for example_task_group to 2024-02-25 00:00:00+00:00, run_after=2024-02-26 00:00:00+00:00
[2024-02-26T13:44:11.148+0000] {processor.py:183} INFO - Processing /usr/local/lib/python3.10/dist-packages/airflow/example_dags/example_task_group.py took 0.069 seconds
[2024-02-26T13:47:19.816+0000] {processor.py:161} INFO - Started process (PID=4270) to work on /usr/local/lib/python3.10/dist-packages/airflow/example_dags/example_task_group.py
[2024-02-26T13:47:19.818+0000] {processor.py:830} INFO - Processing file /usr/local/lib/python3.10/dist-packages/airflow/example_dags/example_task_group.py for tasks to queue
[2024-02-26T13:47:19.819+0000] {logging_mixin.py:188} INFO - [2024-02-26T13:47:19.818+0000] {dagbag.py:540} INFO - Filling up the DagBag from /usr/local/lib/python3.10/dist-packages/airflow/example_dags/example_task_group.py
[2024-02-26T13:47:19.832+0000] {processor.py:840} INFO - DAG(s) 'example_task_group' retrieved from /usr/local/lib/python3.10/dist-packages/airflow/example_dags/example_task_group.py
[2024-02-26T13:47:19.841+0000] {logging_mixin.py:188} INFO - [2024-02-26T13:47:19.841+0000] {dag.py:3047} INFO - Sync 1 DAGs
[2024-02-26T13:47:19.864+0000] {logging_mixin.py:188} INFO - [2024-02-26T13:47:19.863+0000] {dag.py:3834} INFO - Setting next_dagrun for example_task_group to 2024-02-25 00:00:00+00:00, run_after=2024-02-26 00:00:00+00:00
[2024-02-26T13:47:19.887+0000] {processor.py:183} INFO - Processing /usr/local/lib/python3.10/dist-packages/airflow/example_dags/example_task_group.py took 0.074 seconds
[2024-02-26T13:53:22.410+0000] {processor.py:161} INFO - Started process (PID=4374) to work on /usr/local/lib/python3.10/dist-packages/airflow/example_dags/example_task_group.py
[2024-02-26T13:53:22.412+0000] {processor.py:830} INFO - Processing file /usr/local/lib/python3.10/dist-packages/airflow/example_dags/example_task_group.py for tasks to queue
[2024-02-26T13:53:22.413+0000] {logging_mixin.py:188} INFO - [2024-02-26T13:53:22.413+0000] {dagbag.py:540} INFO - Filling up the DagBag from /usr/local/lib/python3.10/dist-packages/airflow/example_dags/example_task_group.py
[2024-02-26T13:53:22.428+0000] {processor.py:840} INFO - DAG(s) 'example_task_group' retrieved from /usr/local/lib/python3.10/dist-packages/airflow/example_dags/example_task_group.py
[2024-02-26T13:53:22.437+0000] {logging_mixin.py:188} INFO - [2024-02-26T13:53:22.437+0000] {dag.py:3047} INFO - Sync 1 DAGs
[2024-02-26T13:53:22.460+0000] {logging_mixin.py:188} INFO - [2024-02-26T13:53:22.459+0000] {dag.py:3834} INFO - Setting next_dagrun for example_task_group to 2024-02-25 00:00:00+00:00, run_after=2024-02-26 00:00:00+00:00
[2024-02-26T13:53:22.486+0000] {processor.py:183} INFO - Processing /usr/local/lib/python3.10/dist-packages/airflow/example_dags/example_task_group.py took 0.079 seconds
[2024-02-26T13:54:12.979+0000] {processor.py:161} INFO - Started process (PID=4422) to work on /usr/local/lib/python3.10/dist-packages/airflow/example_dags/example_task_group.py
[2024-02-26T13:54:12.981+0000] {processor.py:830} INFO - Processing file /usr/local/lib/python3.10/dist-packages/airflow/example_dags/example_task_group.py for tasks to queue
[2024-02-26T13:54:12.982+0000] {logging_mixin.py:188} INFO - [2024-02-26T13:54:12.981+0000] {dagbag.py:540} INFO - Filling up the DagBag from /usr/local/lib/python3.10/dist-packages/airflow/example_dags/example_task_group.py
[2024-02-26T13:54:12.990+0000] {processor.py:840} INFO - DAG(s) 'example_task_group' retrieved from /usr/local/lib/python3.10/dist-packages/airflow/example_dags/example_task_group.py
[2024-02-26T13:54:13.203+0000] {logging_mixin.py:188} INFO - [2024-02-26T13:54:13.203+0000] {dag.py:3047} INFO - Sync 1 DAGs
[2024-02-26T13:54:13.221+0000] {logging_mixin.py:188} INFO - [2024-02-26T13:54:13.221+0000] {dag.py:3834} INFO - Setting next_dagrun for example_task_group to 2024-02-25 00:00:00+00:00, run_after=2024-02-26 00:00:00+00:00
[2024-02-26T13:54:13.243+0000] {processor.py:183} INFO - Processing /usr/local/lib/python3.10/dist-packages/airflow/example_dags/example_task_group.py took 0.267 seconds
[2024-02-26T13:55:00.446+0000] {processor.py:161} INFO - Started process (PID=4467) to work on /usr/local/lib/python3.10/dist-packages/airflow/example_dags/example_task_group.py
[2024-02-26T13:55:00.447+0000] {processor.py:830} INFO - Processing file /usr/local/lib/python3.10/dist-packages/airflow/example_dags/example_task_group.py for tasks to queue
[2024-02-26T13:55:00.448+0000] {logging_mixin.py:188} INFO - [2024-02-26T13:55:00.448+0000] {dagbag.py:540} INFO - Filling up the DagBag from /usr/local/lib/python3.10/dist-packages/airflow/example_dags/example_task_group.py
[2024-02-26T13:55:00.457+0000] {processor.py:840} INFO - DAG(s) 'example_task_group' retrieved from /usr/local/lib/python3.10/dist-packages/airflow/example_dags/example_task_group.py
[2024-02-26T13:55:00.477+0000] {logging_mixin.py:188} INFO - [2024-02-26T13:55:00.476+0000] {dag.py:3047} INFO - Sync 1 DAGs
[2024-02-26T13:55:00.499+0000] {logging_mixin.py:188} INFO - [2024-02-26T13:55:00.498+0000] {dag.py:3834} INFO - Setting next_dagrun for example_task_group to 2024-02-25 00:00:00+00:00, run_after=2024-02-26 00:00:00+00:00
[2024-02-26T13:55:00.523+0000] {processor.py:183} INFO - Processing /usr/local/lib/python3.10/dist-packages/airflow/example_dags/example_task_group.py took 0.081 seconds
[2024-02-26T13:55:42.797+0000] {processor.py:161} INFO - Started process (PID=4506) to work on /usr/local/lib/python3.10/dist-packages/airflow/example_dags/example_task_group.py
[2024-02-26T13:55:42.798+0000] {processor.py:830} INFO - Processing file /usr/local/lib/python3.10/dist-packages/airflow/example_dags/example_task_group.py for tasks to queue
[2024-02-26T13:55:42.799+0000] {logging_mixin.py:188} INFO - [2024-02-26T13:55:42.799+0000] {dagbag.py:540} INFO - Filling up the DagBag from /usr/local/lib/python3.10/dist-packages/airflow/example_dags/example_task_group.py
[2024-02-26T13:55:42.808+0000] {processor.py:840} INFO - DAG(s) 'example_task_group' retrieved from /usr/local/lib/python3.10/dist-packages/airflow/example_dags/example_task_group.py
[2024-02-26T13:55:42.827+0000] {logging_mixin.py:188} INFO - [2024-02-26T13:55:42.827+0000] {dag.py:3047} INFO - Sync 1 DAGs
[2024-02-26T13:55:42.944+0000] {logging_mixin.py:188} INFO - [2024-02-26T13:55:42.944+0000] {dag.py:3834} INFO - Setting next_dagrun for example_task_group to 2024-02-25 00:00:00+00:00, run_after=2024-02-26 00:00:00+00:00
[2024-02-26T13:55:42.966+0000] {processor.py:183} INFO - Processing /usr/local/lib/python3.10/dist-packages/airflow/example_dags/example_task_group.py took 0.172 seconds
[2024-02-26T13:56:25.006+0000] {processor.py:161} INFO - Started process (PID=4547) to work on /usr/local/lib/python3.10/dist-packages/airflow/example_dags/example_task_group.py
[2024-02-26T13:56:25.008+0000] {processor.py:830} INFO - Processing file /usr/local/lib/python3.10/dist-packages/airflow/example_dags/example_task_group.py for tasks to queue
[2024-02-26T13:56:25.009+0000] {logging_mixin.py:188} INFO - [2024-02-26T13:56:25.008+0000] {dagbag.py:540} INFO - Filling up the DagBag from /usr/local/lib/python3.10/dist-packages/airflow/example_dags/example_task_group.py
[2024-02-26T13:56:25.018+0000] {processor.py:840} INFO - DAG(s) 'example_task_group' retrieved from /usr/local/lib/python3.10/dist-packages/airflow/example_dags/example_task_group.py
[2024-02-26T13:56:25.038+0000] {logging_mixin.py:188} INFO - [2024-02-26T13:56:25.037+0000] {dag.py:3047} INFO - Sync 1 DAGs
[2024-02-26T13:56:25.060+0000] {logging_mixin.py:188} INFO - [2024-02-26T13:56:25.059+0000] {dag.py:3834} INFO - Setting next_dagrun for example_task_group to 2024-02-25 00:00:00+00:00, run_after=2024-02-26 00:00:00+00:00
[2024-02-26T13:56:25.083+0000] {processor.py:183} INFO - Processing /usr/local/lib/python3.10/dist-packages/airflow/example_dags/example_task_group.py took 0.080 seconds
[2024-02-26T13:57:10.406+0000] {processor.py:161} INFO - Started process (PID=4595) to work on /usr/local/lib/python3.10/dist-packages/airflow/example_dags/example_task_group.py
[2024-02-26T13:57:10.407+0000] {processor.py:830} INFO - Processing file /usr/local/lib/python3.10/dist-packages/airflow/example_dags/example_task_group.py for tasks to queue
[2024-02-26T13:57:10.408+0000] {logging_mixin.py:188} INFO - [2024-02-26T13:57:10.408+0000] {dagbag.py:540} INFO - Filling up the DagBag from /usr/local/lib/python3.10/dist-packages/airflow/example_dags/example_task_group.py
[2024-02-26T13:57:10.417+0000] {processor.py:840} INFO - DAG(s) 'example_task_group' retrieved from /usr/local/lib/python3.10/dist-packages/airflow/example_dags/example_task_group.py
[2024-02-26T13:57:10.436+0000] {logging_mixin.py:188} INFO - [2024-02-26T13:57:10.436+0000] {dag.py:3047} INFO - Sync 1 DAGs
[2024-02-26T13:57:10.459+0000] {logging_mixin.py:188} INFO - [2024-02-26T13:57:10.458+0000] {dag.py:3834} INFO - Setting next_dagrun for example_task_group to 2024-02-25 00:00:00+00:00, run_after=2024-02-26 00:00:00+00:00
[2024-02-26T13:57:10.481+0000] {processor.py:183} INFO - Processing /usr/local/lib/python3.10/dist-packages/airflow/example_dags/example_task_group.py took 0.078 seconds
[2024-02-26T13:57:54.319+0000] {processor.py:161} INFO - Started process (PID=4653) to work on /usr/local/lib/python3.10/dist-packages/airflow/example_dags/example_task_group.py
[2024-02-26T13:57:54.320+0000] {processor.py:830} INFO - Processing file /usr/local/lib/python3.10/dist-packages/airflow/example_dags/example_task_group.py for tasks to queue
[2024-02-26T13:57:54.321+0000] {logging_mixin.py:188} INFO - [2024-02-26T13:57:54.321+0000] {dagbag.py:540} INFO - Filling up the DagBag from /usr/local/lib/python3.10/dist-packages/airflow/example_dags/example_task_group.py
[2024-02-26T13:57:54.335+0000] {processor.py:840} INFO - DAG(s) 'example_task_group' retrieved from /usr/local/lib/python3.10/dist-packages/airflow/example_dags/example_task_group.py
[2024-02-26T13:57:54.344+0000] {logging_mixin.py:188} INFO - [2024-02-26T13:57:54.344+0000] {dag.py:3047} INFO - Sync 1 DAGs
[2024-02-26T13:57:54.367+0000] {logging_mixin.py:188} INFO - [2024-02-26T13:57:54.367+0000] {dag.py:3834} INFO - Setting next_dagrun for example_task_group to 2024-02-25 00:00:00+00:00, run_after=2024-02-26 00:00:00+00:00
[2024-02-26T13:57:54.390+0000] {processor.py:183} INFO - Processing /usr/local/lib/python3.10/dist-packages/airflow/example_dags/example_task_group.py took 0.075 seconds
[2024-02-26T13:58:42.812+0000] {processor.py:161} INFO - Started process (PID=4701) to work on /usr/local/lib/python3.10/dist-packages/airflow/example_dags/example_task_group.py
[2024-02-26T13:58:42.813+0000] {processor.py:830} INFO - Processing file /usr/local/lib/python3.10/dist-packages/airflow/example_dags/example_task_group.py for tasks to queue
[2024-02-26T13:58:42.814+0000] {logging_mixin.py:188} INFO - [2024-02-26T13:58:42.814+0000] {dagbag.py:540} INFO - Filling up the DagBag from /usr/local/lib/python3.10/dist-packages/airflow/example_dags/example_task_group.py
[2024-02-26T13:58:42.823+0000] {processor.py:840} INFO - DAG(s) 'example_task_group' retrieved from /usr/local/lib/python3.10/dist-packages/airflow/example_dags/example_task_group.py
[2024-02-26T13:58:43.036+0000] {logging_mixin.py:188} INFO - [2024-02-26T13:58:43.036+0000] {dag.py:3047} INFO - Sync 1 DAGs
[2024-02-26T13:58:43.054+0000] {logging_mixin.py:188} INFO - [2024-02-26T13:58:43.053+0000] {dag.py:3834} INFO - Setting next_dagrun for example_task_group to 2024-02-25 00:00:00+00:00, run_after=2024-02-26 00:00:00+00:00
[2024-02-26T13:58:43.075+0000] {processor.py:183} INFO - Processing /usr/local/lib/python3.10/dist-packages/airflow/example_dags/example_task_group.py took 0.267 seconds
[2024-02-26T13:59:47.101+0000] {processor.py:161} INFO - Started process (PID=4768) to work on /usr/local/lib/python3.10/dist-packages/airflow/example_dags/example_task_group.py
[2024-02-26T13:59:47.103+0000] {processor.py:830} INFO - Processing file /usr/local/lib/python3.10/dist-packages/airflow/example_dags/example_task_group.py for tasks to queue
[2024-02-26T13:59:47.105+0000] {logging_mixin.py:188} INFO - [2024-02-26T13:59:47.104+0000] {dagbag.py:540} INFO - Filling up the DagBag from /usr/local/lib/python3.10/dist-packages/airflow/example_dags/example_task_group.py
[2024-02-26T13:59:47.118+0000] {processor.py:840} INFO - DAG(s) 'example_task_group' retrieved from /usr/local/lib/python3.10/dist-packages/airflow/example_dags/example_task_group.py
[2024-02-26T13:59:47.132+0000] {logging_mixin.py:188} INFO - [2024-02-26T13:59:47.132+0000] {dag.py:3047} INFO - Sync 1 DAGs
[2024-02-26T13:59:47.176+0000] {logging_mixin.py:188} INFO - [2024-02-26T13:59:47.176+0000] {dag.py:3834} INFO - Setting next_dagrun for example_task_group to 2024-02-25 00:00:00+00:00, run_after=2024-02-26 00:00:00+00:00
[2024-02-26T13:59:47.218+0000] {processor.py:183} INFO - Processing /usr/local/lib/python3.10/dist-packages/airflow/example_dags/example_task_group.py took 0.125 seconds
