[2024-02-26T13:34:25.019+0000] {processor.py:161} INFO - Started process (PID=3648) to work on /usr/local/lib/python3.10/dist-packages/airflow/example_dags/example_xcom.py
[2024-02-26T13:34:25.020+0000] {processor.py:830} INFO - Processing file /usr/local/lib/python3.10/dist-packages/airflow/example_dags/example_xcom.py for tasks to queue
[2024-02-26T13:34:25.021+0000] {logging_mixin.py:188} INFO - [2024-02-26T13:34:25.021+0000] {dagbag.py:540} INFO - Filling up the DagBag from /usr/local/lib/python3.10/dist-packages/airflow/example_dags/example_xcom.py
[2024-02-26T13:34:25.034+0000] {processor.py:840} INFO - DAG(s) 'example_xcom' retrieved from /usr/local/lib/python3.10/dist-packages/airflow/example_dags/example_xcom.py
[2024-02-26T13:34:25.151+0000] {logging_mixin.py:188} INFO - [2024-02-26T13:34:25.150+0000] {override.py:1769} INFO - Created Permission View: can delete on DAG:example_xcom
[2024-02-26T13:34:25.163+0000] {logging_mixin.py:188} INFO - [2024-02-26T13:34:25.163+0000] {override.py:1769} INFO - Created Permission View: can edit on DAG:example_xcom
[2024-02-26T13:34:25.173+0000] {logging_mixin.py:188} INFO - [2024-02-26T13:34:25.173+0000] {override.py:1769} INFO - Created Permission View: can read on DAG:example_xcom
[2024-02-26T13:34:25.173+0000] {logging_mixin.py:188} INFO - [2024-02-26T13:34:25.173+0000] {dag.py:3047} INFO - Sync 1 DAGs
[2024-02-26T13:34:25.184+0000] {logging_mixin.py:188} INFO - [2024-02-26T13:34:25.184+0000] {dag.py:3069} INFO - Creating ORM DAG for example_xcom
[2024-02-26T13:34:25.193+0000] {logging_mixin.py:188} INFO - [2024-02-26T13:34:25.193+0000] {dag.py:3834} INFO - Setting next_dagrun for example_xcom to 2021-01-01 00:00:00+00:00, run_after=2021-01-01 00:00:00+00:00
[2024-02-26T13:34:25.216+0000] {processor.py:183} INFO - Processing /usr/local/lib/python3.10/dist-packages/airflow/example_dags/example_xcom.py took 0.201 seconds
[2024-02-26T13:35:19.074+0000] {processor.py:161} INFO - Started process (PID=3696) to work on /usr/local/lib/python3.10/dist-packages/airflow/example_dags/example_xcom.py
[2024-02-26T13:35:19.075+0000] {processor.py:830} INFO - Processing file /usr/local/lib/python3.10/dist-packages/airflow/example_dags/example_xcom.py for tasks to queue
[2024-02-26T13:35:19.076+0000] {logging_mixin.py:188} INFO - [2024-02-26T13:35:19.075+0000] {dagbag.py:540} INFO - Filling up the DagBag from /usr/local/lib/python3.10/dist-packages/airflow/example_dags/example_xcom.py
[2024-02-26T13:35:19.084+0000] {processor.py:840} INFO - DAG(s) 'example_xcom' retrieved from /usr/local/lib/python3.10/dist-packages/airflow/example_dags/example_xcom.py
[2024-02-26T13:35:19.103+0000] {logging_mixin.py:188} INFO - [2024-02-26T13:35:19.103+0000] {dag.py:3047} INFO - Sync 1 DAGs
[2024-02-26T13:35:19.125+0000] {logging_mixin.py:188} INFO - [2024-02-26T13:35:19.124+0000] {dag.py:3834} INFO - Setting next_dagrun for example_xcom to 2021-01-01 00:00:00+00:00, run_after=2021-01-01 00:00:00+00:00
[2024-02-26T13:35:19.148+0000] {processor.py:183} INFO - Processing /usr/local/lib/python3.10/dist-packages/airflow/example_dags/example_xcom.py took 0.078 seconds
[2024-02-26T13:36:01.421+0000] {processor.py:161} INFO - Started process (PID=3738) to work on /usr/local/lib/python3.10/dist-packages/airflow/example_dags/example_xcom.py
[2024-02-26T13:36:01.423+0000] {processor.py:830} INFO - Processing file /usr/local/lib/python3.10/dist-packages/airflow/example_dags/example_xcom.py for tasks to queue
[2024-02-26T13:36:01.424+0000] {logging_mixin.py:188} INFO - [2024-02-26T13:36:01.423+0000] {dagbag.py:540} INFO - Filling up the DagBag from /usr/local/lib/python3.10/dist-packages/airflow/example_dags/example_xcom.py
[2024-02-26T13:36:01.433+0000] {processor.py:840} INFO - DAG(s) 'example_xcom' retrieved from /usr/local/lib/python3.10/dist-packages/airflow/example_dags/example_xcom.py
[2024-02-26T13:36:01.452+0000] {logging_mixin.py:188} INFO - [2024-02-26T13:36:01.451+0000] {dag.py:3047} INFO - Sync 1 DAGs
[2024-02-26T13:36:01.474+0000] {logging_mixin.py:188} INFO - [2024-02-26T13:36:01.473+0000] {dag.py:3834} INFO - Setting next_dagrun for example_xcom to 2021-01-01 00:00:00+00:00, run_after=2021-01-01 00:00:00+00:00
[2024-02-26T13:36:01.496+0000] {processor.py:183} INFO - Processing /usr/local/lib/python3.10/dist-packages/airflow/example_dags/example_xcom.py took 0.078 seconds
[2024-02-26T13:36:52.008+0000] {processor.py:161} INFO - Started process (PID=3786) to work on /usr/local/lib/python3.10/dist-packages/airflow/example_dags/example_xcom.py
[2024-02-26T13:36:52.009+0000] {processor.py:830} INFO - Processing file /usr/local/lib/python3.10/dist-packages/airflow/example_dags/example_xcom.py for tasks to queue
[2024-02-26T13:36:52.010+0000] {logging_mixin.py:188} INFO - [2024-02-26T13:36:52.010+0000] {dagbag.py:540} INFO - Filling up the DagBag from /usr/local/lib/python3.10/dist-packages/airflow/example_dags/example_xcom.py
[2024-02-26T13:36:52.019+0000] {processor.py:840} INFO - DAG(s) 'example_xcom' retrieved from /usr/local/lib/python3.10/dist-packages/airflow/example_dags/example_xcom.py
[2024-02-26T13:36:52.037+0000] {logging_mixin.py:188} INFO - [2024-02-26T13:36:52.037+0000] {dag.py:3047} INFO - Sync 1 DAGs
[2024-02-26T13:36:52.164+0000] {logging_mixin.py:188} INFO - [2024-02-26T13:36:52.164+0000] {dag.py:3834} INFO - Setting next_dagrun for example_xcom to 2021-01-01 00:00:00+00:00, run_after=2021-01-01 00:00:00+00:00
[2024-02-26T13:36:52.185+0000] {processor.py:183} INFO - Processing /usr/local/lib/python3.10/dist-packages/airflow/example_dags/example_xcom.py took 0.181 seconds
[2024-02-26T13:37:27.651+0000] {processor.py:161} INFO - Started process (PID=3828) to work on /usr/local/lib/python3.10/dist-packages/airflow/example_dags/example_xcom.py
[2024-02-26T13:37:27.652+0000] {processor.py:830} INFO - Processing file /usr/local/lib/python3.10/dist-packages/airflow/example_dags/example_xcom.py for tasks to queue
[2024-02-26T13:37:27.653+0000] {logging_mixin.py:188} INFO - [2024-02-26T13:37:27.653+0000] {dagbag.py:540} INFO - Filling up the DagBag from /usr/local/lib/python3.10/dist-packages/airflow/example_dags/example_xcom.py
[2024-02-26T13:37:27.664+0000] {processor.py:840} INFO - DAG(s) 'example_xcom' retrieved from /usr/local/lib/python3.10/dist-packages/airflow/example_dags/example_xcom.py
[2024-02-26T13:37:27.672+0000] {logging_mixin.py:188} INFO - [2024-02-26T13:37:27.672+0000] {dag.py:3047} INFO - Sync 1 DAGs
[2024-02-26T13:37:27.694+0000] {logging_mixin.py:188} INFO - [2024-02-26T13:37:27.694+0000] {dag.py:3834} INFO - Setting next_dagrun for example_xcom to 2021-01-01 00:00:00+00:00, run_after=2021-01-01 00:00:00+00:00
[2024-02-26T13:37:27.720+0000] {processor.py:183} INFO - Processing /usr/local/lib/python3.10/dist-packages/airflow/example_dags/example_xcom.py took 0.073 seconds
[2024-02-26T13:38:18.130+0000] {processor.py:161} INFO - Started process (PID=3877) to work on /usr/local/lib/python3.10/dist-packages/airflow/example_dags/example_xcom.py
[2024-02-26T13:38:18.131+0000] {processor.py:830} INFO - Processing file /usr/local/lib/python3.10/dist-packages/airflow/example_dags/example_xcom.py for tasks to queue
[2024-02-26T13:38:18.132+0000] {logging_mixin.py:188} INFO - [2024-02-26T13:38:18.132+0000] {dagbag.py:540} INFO - Filling up the DagBag from /usr/local/lib/python3.10/dist-packages/airflow/example_dags/example_xcom.py
[2024-02-26T13:38:18.141+0000] {processor.py:840} INFO - DAG(s) 'example_xcom' retrieved from /usr/local/lib/python3.10/dist-packages/airflow/example_dags/example_xcom.py
[2024-02-26T13:38:18.353+0000] {logging_mixin.py:188} INFO - [2024-02-26T13:38:18.353+0000] {dag.py:3047} INFO - Sync 1 DAGs
[2024-02-26T13:38:18.370+0000] {logging_mixin.py:188} INFO - [2024-02-26T13:38:18.369+0000] {dag.py:3834} INFO - Setting next_dagrun for example_xcom to 2021-01-01 00:00:00+00:00, run_after=2021-01-01 00:00:00+00:00
[2024-02-26T13:38:18.391+0000] {processor.py:183} INFO - Processing /usr/local/lib/python3.10/dist-packages/airflow/example_dags/example_xcom.py took 0.265 seconds
[2024-02-26T13:39:06.012+0000] {processor.py:161} INFO - Started process (PID=3924) to work on /usr/local/lib/python3.10/dist-packages/airflow/example_dags/example_xcom.py
[2024-02-26T13:39:06.013+0000] {processor.py:830} INFO - Processing file /usr/local/lib/python3.10/dist-packages/airflow/example_dags/example_xcom.py for tasks to queue
[2024-02-26T13:39:06.014+0000] {logging_mixin.py:188} INFO - [2024-02-26T13:39:06.014+0000] {dagbag.py:540} INFO - Filling up the DagBag from /usr/local/lib/python3.10/dist-packages/airflow/example_dags/example_xcom.py
[2024-02-26T13:39:06.024+0000] {processor.py:840} INFO - DAG(s) 'example_xcom' retrieved from /usr/local/lib/python3.10/dist-packages/airflow/example_dags/example_xcom.py
[2024-02-26T13:39:06.042+0000] {logging_mixin.py:188} INFO - [2024-02-26T13:39:06.042+0000] {dag.py:3047} INFO - Sync 1 DAGs
[2024-02-26T13:39:06.063+0000] {logging_mixin.py:188} INFO - [2024-02-26T13:39:06.062+0000] {dag.py:3834} INFO - Setting next_dagrun for example_xcom to 2021-01-01 00:00:00+00:00, run_after=2021-01-01 00:00:00+00:00
[2024-02-26T13:39:06.087+0000] {processor.py:183} INFO - Processing /usr/local/lib/python3.10/dist-packages/airflow/example_dags/example_xcom.py took 0.078 seconds
[2024-02-26T13:39:56.475+0000] {processor.py:161} INFO - Started process (PID=3972) to work on /usr/local/lib/python3.10/dist-packages/airflow/example_dags/example_xcom.py
[2024-02-26T13:39:56.477+0000] {processor.py:830} INFO - Processing file /usr/local/lib/python3.10/dist-packages/airflow/example_dags/example_xcom.py for tasks to queue
[2024-02-26T13:39:56.478+0000] {logging_mixin.py:188} INFO - [2024-02-26T13:39:56.477+0000] {dagbag.py:540} INFO - Filling up the DagBag from /usr/local/lib/python3.10/dist-packages/airflow/example_dags/example_xcom.py
[2024-02-26T13:39:56.486+0000] {processor.py:840} INFO - DAG(s) 'example_xcom' retrieved from /usr/local/lib/python3.10/dist-packages/airflow/example_dags/example_xcom.py
[2024-02-26T13:39:56.600+0000] {logging_mixin.py:188} INFO - [2024-02-26T13:39:56.599+0000] {dag.py:3047} INFO - Sync 1 DAGs
[2024-02-26T13:39:56.617+0000] {logging_mixin.py:188} INFO - [2024-02-26T13:39:56.616+0000] {dag.py:3834} INFO - Setting next_dagrun for example_xcom to 2021-01-01 00:00:00+00:00, run_after=2021-01-01 00:00:00+00:00
[2024-02-26T13:39:56.637+0000] {processor.py:183} INFO - Processing /usr/local/lib/python3.10/dist-packages/airflow/example_dags/example_xcom.py took 0.166 seconds
[2024-02-26T13:40:37.860+0000] {processor.py:161} INFO - Started process (PID=4013) to work on /usr/local/lib/python3.10/dist-packages/airflow/example_dags/example_xcom.py
[2024-02-26T13:40:37.861+0000] {processor.py:830} INFO - Processing file /usr/local/lib/python3.10/dist-packages/airflow/example_dags/example_xcom.py for tasks to queue
[2024-02-26T13:40:37.862+0000] {logging_mixin.py:188} INFO - [2024-02-26T13:40:37.862+0000] {dagbag.py:540} INFO - Filling up the DagBag from /usr/local/lib/python3.10/dist-packages/airflow/example_dags/example_xcom.py
[2024-02-26T13:40:37.871+0000] {processor.py:840} INFO - DAG(s) 'example_xcom' retrieved from /usr/local/lib/python3.10/dist-packages/airflow/example_dags/example_xcom.py
[2024-02-26T13:40:37.889+0000] {logging_mixin.py:188} INFO - [2024-02-26T13:40:37.889+0000] {dag.py:3047} INFO - Sync 1 DAGs
[2024-02-26T13:40:37.910+0000] {logging_mixin.py:188} INFO - [2024-02-26T13:40:37.909+0000] {dag.py:3834} INFO - Setting next_dagrun for example_xcom to 2021-01-01 00:00:00+00:00, run_after=2021-01-01 00:00:00+00:00
[2024-02-26T13:40:37.933+0000] {processor.py:183} INFO - Processing /usr/local/lib/python3.10/dist-packages/airflow/example_dags/example_xcom.py took 0.076 seconds
[2024-02-26T13:41:15.327+0000] {processor.py:161} INFO - Started process (PID=4052) to work on /usr/local/lib/python3.10/dist-packages/airflow/example_dags/example_xcom.py
[2024-02-26T13:41:15.328+0000] {processor.py:830} INFO - Processing file /usr/local/lib/python3.10/dist-packages/airflow/example_dags/example_xcom.py for tasks to queue
[2024-02-26T13:41:15.329+0000] {logging_mixin.py:188} INFO - [2024-02-26T13:41:15.328+0000] {dagbag.py:540} INFO - Filling up the DagBag from /usr/local/lib/python3.10/dist-packages/airflow/example_dags/example_xcom.py
[2024-02-26T13:41:15.338+0000] {processor.py:840} INFO - DAG(s) 'example_xcom' retrieved from /usr/local/lib/python3.10/dist-packages/airflow/example_dags/example_xcom.py
[2024-02-26T13:41:15.357+0000] {logging_mixin.py:188} INFO - [2024-02-26T13:41:15.356+0000] {dag.py:3047} INFO - Sync 1 DAGs
[2024-02-26T13:41:15.378+0000] {logging_mixin.py:188} INFO - [2024-02-26T13:41:15.377+0000] {dag.py:3834} INFO - Setting next_dagrun for example_xcom to 2021-01-01 00:00:00+00:00, run_after=2021-01-01 00:00:00+00:00
[2024-02-26T13:41:15.400+0000] {processor.py:183} INFO - Processing /usr/local/lib/python3.10/dist-packages/airflow/example_dags/example_xcom.py took 0.077 seconds
[2024-02-26T13:41:52.232+0000] {processor.py:161} INFO - Started process (PID=4091) to work on /usr/local/lib/python3.10/dist-packages/airflow/example_dags/example_xcom.py
[2024-02-26T13:41:52.233+0000] {processor.py:830} INFO - Processing file /usr/local/lib/python3.10/dist-packages/airflow/example_dags/example_xcom.py for tasks to queue
[2024-02-26T13:41:52.234+0000] {logging_mixin.py:188} INFO - [2024-02-26T13:41:52.234+0000] {dagbag.py:540} INFO - Filling up the DagBag from /usr/local/lib/python3.10/dist-packages/airflow/example_dags/example_xcom.py
[2024-02-26T13:41:52.244+0000] {processor.py:840} INFO - DAG(s) 'example_xcom' retrieved from /usr/local/lib/python3.10/dist-packages/airflow/example_dags/example_xcom.py
[2024-02-26T13:41:52.263+0000] {logging_mixin.py:188} INFO - [2024-02-26T13:41:52.263+0000] {dag.py:3047} INFO - Sync 1 DAGs
[2024-02-26T13:41:52.285+0000] {logging_mixin.py:188} INFO - [2024-02-26T13:41:52.284+0000] {dag.py:3834} INFO - Setting next_dagrun for example_xcom to 2021-01-01 00:00:00+00:00, run_after=2021-01-01 00:00:00+00:00
[2024-02-26T13:41:52.308+0000] {processor.py:183} INFO - Processing /usr/local/lib/python3.10/dist-packages/airflow/example_dags/example_xcom.py took 0.080 seconds
[2024-02-26T13:42:43.872+0000] {processor.py:161} INFO - Started process (PID=4142) to work on /usr/local/lib/python3.10/dist-packages/airflow/example_dags/example_xcom.py
[2024-02-26T13:42:43.873+0000] {processor.py:830} INFO - Processing file /usr/local/lib/python3.10/dist-packages/airflow/example_dags/example_xcom.py for tasks to queue
[2024-02-26T13:42:43.874+0000] {logging_mixin.py:188} INFO - [2024-02-26T13:42:43.874+0000] {dagbag.py:540} INFO - Filling up the DagBag from /usr/local/lib/python3.10/dist-packages/airflow/example_dags/example_xcom.py
[2024-02-26T13:42:43.883+0000] {processor.py:840} INFO - DAG(s) 'example_xcom' retrieved from /usr/local/lib/python3.10/dist-packages/airflow/example_dags/example_xcom.py
[2024-02-26T13:42:43.902+0000] {logging_mixin.py:188} INFO - [2024-02-26T13:42:43.901+0000] {dag.py:3047} INFO - Sync 1 DAGs
[2024-02-26T13:42:43.923+0000] {logging_mixin.py:188} INFO - [2024-02-26T13:42:43.922+0000] {dag.py:3834} INFO - Setting next_dagrun for example_xcom to 2021-01-01 00:00:00+00:00, run_after=2021-01-01 00:00:00+00:00
[2024-02-26T13:42:43.946+0000] {processor.py:183} INFO - Processing /usr/local/lib/python3.10/dist-packages/airflow/example_dags/example_xcom.py took 0.078 seconds
[2024-02-26T13:44:17.365+0000] {processor.py:161} INFO - Started process (PID=4210) to work on /usr/local/lib/python3.10/dist-packages/airflow/example_dags/example_xcom.py
[2024-02-26T13:44:17.367+0000] {processor.py:830} INFO - Processing file /usr/local/lib/python3.10/dist-packages/airflow/example_dags/example_xcom.py for tasks to queue
[2024-02-26T13:44:17.368+0000] {logging_mixin.py:188} INFO - [2024-02-26T13:44:17.368+0000] {dagbag.py:540} INFO - Filling up the DagBag from /usr/local/lib/python3.10/dist-packages/airflow/example_dags/example_xcom.py
[2024-02-26T13:44:17.379+0000] {processor.py:840} INFO - DAG(s) 'example_xcom' retrieved from /usr/local/lib/python3.10/dist-packages/airflow/example_dags/example_xcom.py
[2024-02-26T13:44:17.388+0000] {logging_mixin.py:188} INFO - [2024-02-26T13:44:17.388+0000] {dag.py:3047} INFO - Sync 1 DAGs
[2024-02-26T13:44:17.410+0000] {logging_mixin.py:188} INFO - [2024-02-26T13:44:17.410+0000] {dag.py:3834} INFO - Setting next_dagrun for example_xcom to 2021-01-01 00:00:00+00:00, run_after=2021-01-01 00:00:00+00:00
[2024-02-26T13:44:17.434+0000] {processor.py:183} INFO - Processing /usr/local/lib/python3.10/dist-packages/airflow/example_dags/example_xcom.py took 0.072 seconds
[2024-02-26T13:47:25.974+0000] {processor.py:161} INFO - Started process (PID=4276) to work on /usr/local/lib/python3.10/dist-packages/airflow/example_dags/example_xcom.py
[2024-02-26T13:47:25.975+0000] {processor.py:830} INFO - Processing file /usr/local/lib/python3.10/dist-packages/airflow/example_dags/example_xcom.py for tasks to queue
[2024-02-26T13:47:25.976+0000] {logging_mixin.py:188} INFO - [2024-02-26T13:47:25.976+0000] {dagbag.py:540} INFO - Filling up the DagBag from /usr/local/lib/python3.10/dist-packages/airflow/example_dags/example_xcom.py
[2024-02-26T13:47:25.987+0000] {processor.py:840} INFO - DAG(s) 'example_xcom' retrieved from /usr/local/lib/python3.10/dist-packages/airflow/example_dags/example_xcom.py
[2024-02-26T13:47:25.996+0000] {logging_mixin.py:188} INFO - [2024-02-26T13:47:25.995+0000] {dag.py:3047} INFO - Sync 1 DAGs
[2024-02-26T13:47:26.018+0000] {logging_mixin.py:188} INFO - [2024-02-26T13:47:26.018+0000] {dag.py:3834} INFO - Setting next_dagrun for example_xcom to 2021-01-01 00:00:00+00:00, run_after=2021-01-01 00:00:00+00:00
[2024-02-26T13:47:26.040+0000] {processor.py:183} INFO - Processing /usr/local/lib/python3.10/dist-packages/airflow/example_dags/example_xcom.py took 0.070 seconds
[2024-02-26T13:53:28.563+0000] {processor.py:161} INFO - Started process (PID=4380) to work on /usr/local/lib/python3.10/dist-packages/airflow/example_dags/example_xcom.py
[2024-02-26T13:53:28.564+0000] {processor.py:830} INFO - Processing file /usr/local/lib/python3.10/dist-packages/airflow/example_dags/example_xcom.py for tasks to queue
[2024-02-26T13:53:28.565+0000] {logging_mixin.py:188} INFO - [2024-02-26T13:53:28.565+0000] {dagbag.py:540} INFO - Filling up the DagBag from /usr/local/lib/python3.10/dist-packages/airflow/example_dags/example_xcom.py
[2024-02-26T13:53:28.577+0000] {processor.py:840} INFO - DAG(s) 'example_xcom' retrieved from /usr/local/lib/python3.10/dist-packages/airflow/example_dags/example_xcom.py
[2024-02-26T13:53:28.586+0000] {logging_mixin.py:188} INFO - [2024-02-26T13:53:28.585+0000] {dag.py:3047} INFO - Sync 1 DAGs
[2024-02-26T13:53:28.608+0000] {logging_mixin.py:188} INFO - [2024-02-26T13:53:28.608+0000] {dag.py:3834} INFO - Setting next_dagrun for example_xcom to 2021-01-01 00:00:00+00:00, run_after=2021-01-01 00:00:00+00:00
[2024-02-26T13:53:28.631+0000] {processor.py:183} INFO - Processing /usr/local/lib/python3.10/dist-packages/airflow/example_dags/example_xcom.py took 0.071 seconds
[2024-02-26T13:54:18.337+0000] {processor.py:161} INFO - Started process (PID=4428) to work on /usr/local/lib/python3.10/dist-packages/airflow/example_dags/example_xcom.py
[2024-02-26T13:54:18.338+0000] {processor.py:830} INFO - Processing file /usr/local/lib/python3.10/dist-packages/airflow/example_dags/example_xcom.py for tasks to queue
[2024-02-26T13:54:18.339+0000] {logging_mixin.py:188} INFO - [2024-02-26T13:54:18.339+0000] {dagbag.py:540} INFO - Filling up the DagBag from /usr/local/lib/python3.10/dist-packages/airflow/example_dags/example_xcom.py
[2024-02-26T13:54:18.348+0000] {processor.py:840} INFO - DAG(s) 'example_xcom' retrieved from /usr/local/lib/python3.10/dist-packages/airflow/example_dags/example_xcom.py
[2024-02-26T13:54:18.551+0000] {logging_mixin.py:188} INFO - [2024-02-26T13:54:18.551+0000] {dag.py:3047} INFO - Sync 1 DAGs
[2024-02-26T13:54:18.568+0000] {logging_mixin.py:188} INFO - [2024-02-26T13:54:18.567+0000] {dag.py:3834} INFO - Setting next_dagrun for example_xcom to 2021-01-01 00:00:00+00:00, run_after=2021-01-01 00:00:00+00:00
[2024-02-26T13:54:18.589+0000] {processor.py:183} INFO - Processing /usr/local/lib/python3.10/dist-packages/airflow/example_dags/example_xcom.py took 0.255 seconds
[2024-02-26T13:55:06.746+0000] {processor.py:161} INFO - Started process (PID=4473) to work on /usr/local/lib/python3.10/dist-packages/airflow/example_dags/example_xcom.py
[2024-02-26T13:55:06.748+0000] {processor.py:830} INFO - Processing file /usr/local/lib/python3.10/dist-packages/airflow/example_dags/example_xcom.py for tasks to queue
[2024-02-26T13:55:06.749+0000] {logging_mixin.py:188} INFO - [2024-02-26T13:55:06.748+0000] {dagbag.py:540} INFO - Filling up the DagBag from /usr/local/lib/python3.10/dist-packages/airflow/example_dags/example_xcom.py
[2024-02-26T13:55:06.758+0000] {processor.py:840} INFO - DAG(s) 'example_xcom' retrieved from /usr/local/lib/python3.10/dist-packages/airflow/example_dags/example_xcom.py
[2024-02-26T13:55:06.777+0000] {logging_mixin.py:188} INFO - [2024-02-26T13:55:06.776+0000] {dag.py:3047} INFO - Sync 1 DAGs
[2024-02-26T13:55:06.798+0000] {logging_mixin.py:188} INFO - [2024-02-26T13:55:06.798+0000] {dag.py:3834} INFO - Setting next_dagrun for example_xcom to 2021-01-01 00:00:00+00:00, run_after=2021-01-01 00:00:00+00:00
[2024-02-26T13:55:06.822+0000] {processor.py:183} INFO - Processing /usr/local/lib/python3.10/dist-packages/airflow/example_dags/example_xcom.py took 0.079 seconds
[2024-02-26T13:55:58.654+0000] {processor.py:161} INFO - Started process (PID=4521) to work on /usr/local/lib/python3.10/dist-packages/airflow/example_dags/example_xcom.py
[2024-02-26T13:55:58.655+0000] {processor.py:830} INFO - Processing file /usr/local/lib/python3.10/dist-packages/airflow/example_dags/example_xcom.py for tasks to queue
[2024-02-26T13:55:58.656+0000] {logging_mixin.py:188} INFO - [2024-02-26T13:55:58.656+0000] {dagbag.py:540} INFO - Filling up the DagBag from /usr/local/lib/python3.10/dist-packages/airflow/example_dags/example_xcom.py
[2024-02-26T13:55:58.665+0000] {processor.py:840} INFO - DAG(s) 'example_xcom' retrieved from /usr/local/lib/python3.10/dist-packages/airflow/example_dags/example_xcom.py
[2024-02-26T13:55:58.783+0000] {logging_mixin.py:188} INFO - [2024-02-26T13:55:58.782+0000] {dag.py:3047} INFO - Sync 1 DAGs
[2024-02-26T13:55:58.800+0000] {logging_mixin.py:188} INFO - [2024-02-26T13:55:58.800+0000] {dag.py:3834} INFO - Setting next_dagrun for example_xcom to 2021-01-01 00:00:00+00:00, run_after=2021-01-01 00:00:00+00:00
[2024-02-26T13:55:58.820+0000] {processor.py:183} INFO - Processing /usr/local/lib/python3.10/dist-packages/airflow/example_dags/example_xcom.py took 0.170 seconds
[2024-02-26T13:56:37.791+0000] {processor.py:161} INFO - Started process (PID=4560) to work on /usr/local/lib/python3.10/dist-packages/airflow/example_dags/example_xcom.py
[2024-02-26T13:56:37.792+0000] {processor.py:830} INFO - Processing file /usr/local/lib/python3.10/dist-packages/airflow/example_dags/example_xcom.py for tasks to queue
[2024-02-26T13:56:37.793+0000] {logging_mixin.py:188} INFO - [2024-02-26T13:56:37.793+0000] {dagbag.py:540} INFO - Filling up the DagBag from /usr/local/lib/python3.10/dist-packages/airflow/example_dags/example_xcom.py
[2024-02-26T13:56:37.802+0000] {processor.py:840} INFO - DAG(s) 'example_xcom' retrieved from /usr/local/lib/python3.10/dist-packages/airflow/example_dags/example_xcom.py
[2024-02-26T13:56:37.820+0000] {logging_mixin.py:188} INFO - [2024-02-26T13:56:37.820+0000] {dag.py:3047} INFO - Sync 1 DAGs
[2024-02-26T13:56:37.841+0000] {logging_mixin.py:188} INFO - [2024-02-26T13:56:37.840+0000] {dag.py:3834} INFO - Setting next_dagrun for example_xcom to 2021-01-01 00:00:00+00:00, run_after=2021-01-01 00:00:00+00:00
[2024-02-26T13:56:37.864+0000] {processor.py:183} INFO - Processing /usr/local/lib/python3.10/dist-packages/airflow/example_dags/example_xcom.py took 0.076 seconds
[2024-02-26T13:57:16.410+0000] {processor.py:161} INFO - Started process (PID=4601) to work on /usr/local/lib/python3.10/dist-packages/airflow/example_dags/example_xcom.py
[2024-02-26T13:57:16.412+0000] {processor.py:830} INFO - Processing file /usr/local/lib/python3.10/dist-packages/airflow/example_dags/example_xcom.py for tasks to queue
[2024-02-26T13:57:16.413+0000] {logging_mixin.py:188} INFO - [2024-02-26T13:57:16.413+0000] {dagbag.py:540} INFO - Filling up the DagBag from /usr/local/lib/python3.10/dist-packages/airflow/example_dags/example_xcom.py
[2024-02-26T13:57:16.423+0000] {processor.py:840} INFO - DAG(s) 'example_xcom' retrieved from /usr/local/lib/python3.10/dist-packages/airflow/example_dags/example_xcom.py
[2024-02-26T13:57:16.442+0000] {logging_mixin.py:188} INFO - [2024-02-26T13:57:16.442+0000] {dag.py:3047} INFO - Sync 1 DAGs
[2024-02-26T13:57:16.464+0000] {logging_mixin.py:188} INFO - [2024-02-26T13:57:16.464+0000] {dag.py:3834} INFO - Setting next_dagrun for example_xcom to 2021-01-01 00:00:00+00:00, run_after=2021-01-01 00:00:00+00:00
[2024-02-26T13:57:16.487+0000] {processor.py:183} INFO - Processing /usr/local/lib/python3.10/dist-packages/airflow/example_dags/example_xcom.py took 0.081 seconds
[2024-02-26T13:57:59.468+0000] {processor.py:161} INFO - Started process (PID=4659) to work on /usr/local/lib/python3.10/dist-packages/airflow/example_dags/example_xcom.py
[2024-02-26T13:57:59.469+0000] {processor.py:830} INFO - Processing file /usr/local/lib/python3.10/dist-packages/airflow/example_dags/example_xcom.py for tasks to queue
[2024-02-26T13:57:59.470+0000] {logging_mixin.py:188} INFO - [2024-02-26T13:57:59.469+0000] {dagbag.py:540} INFO - Filling up the DagBag from /usr/local/lib/python3.10/dist-packages/airflow/example_dags/example_xcom.py
[2024-02-26T13:57:59.481+0000] {processor.py:840} INFO - DAG(s) 'example_xcom' retrieved from /usr/local/lib/python3.10/dist-packages/airflow/example_dags/example_xcom.py
[2024-02-26T13:57:59.490+0000] {logging_mixin.py:188} INFO - [2024-02-26T13:57:59.490+0000] {dag.py:3047} INFO - Sync 1 DAGs
[2024-02-26T13:57:59.512+0000] {logging_mixin.py:188} INFO - [2024-02-26T13:57:59.512+0000] {dag.py:3834} INFO - Setting next_dagrun for example_xcom to 2021-01-01 00:00:00+00:00, run_after=2021-01-01 00:00:00+00:00
[2024-02-26T13:57:59.535+0000] {processor.py:183} INFO - Processing /usr/local/lib/python3.10/dist-packages/airflow/example_dags/example_xcom.py took 0.071 seconds
[2024-02-26T13:58:50.146+0000] {processor.py:161} INFO - Started process (PID=4707) to work on /usr/local/lib/python3.10/dist-packages/airflow/example_dags/example_xcom.py
[2024-02-26T13:58:50.147+0000] {processor.py:830} INFO - Processing file /usr/local/lib/python3.10/dist-packages/airflow/example_dags/example_xcom.py for tasks to queue
[2024-02-26T13:58:50.148+0000] {logging_mixin.py:188} INFO - [2024-02-26T13:58:50.148+0000] {dagbag.py:540} INFO - Filling up the DagBag from /usr/local/lib/python3.10/dist-packages/airflow/example_dags/example_xcom.py
[2024-02-26T13:58:50.157+0000] {processor.py:840} INFO - DAG(s) 'example_xcom' retrieved from /usr/local/lib/python3.10/dist-packages/airflow/example_dags/example_xcom.py
[2024-02-26T13:58:50.364+0000] {logging_mixin.py:188} INFO - [2024-02-26T13:58:50.364+0000] {dag.py:3047} INFO - Sync 1 DAGs
[2024-02-26T13:58:50.380+0000] {logging_mixin.py:188} INFO - [2024-02-26T13:58:50.380+0000] {dag.py:3834} INFO - Setting next_dagrun for example_xcom to 2021-01-01 00:00:00+00:00, run_after=2021-01-01 00:00:00+00:00
[2024-02-26T13:58:50.403+0000] {processor.py:183} INFO - Processing /usr/local/lib/python3.10/dist-packages/airflow/example_dags/example_xcom.py took 0.260 seconds
[2024-02-26T13:59:53.224+0000] {processor.py:161} INFO - Started process (PID=4774) to work on /usr/local/lib/python3.10/dist-packages/airflow/example_dags/example_xcom.py
[2024-02-26T13:59:53.225+0000] {processor.py:830} INFO - Processing file /usr/local/lib/python3.10/dist-packages/airflow/example_dags/example_xcom.py for tasks to queue
[2024-02-26T13:59:53.226+0000] {logging_mixin.py:188} INFO - [2024-02-26T13:59:53.226+0000] {dagbag.py:540} INFO - Filling up the DagBag from /usr/local/lib/python3.10/dist-packages/airflow/example_dags/example_xcom.py
[2024-02-26T13:59:53.237+0000] {processor.py:840} INFO - DAG(s) 'example_xcom' retrieved from /usr/local/lib/python3.10/dist-packages/airflow/example_dags/example_xcom.py
[2024-02-26T13:59:53.246+0000] {logging_mixin.py:188} INFO - [2024-02-26T13:59:53.246+0000] {dag.py:3047} INFO - Sync 1 DAGs
[2024-02-26T13:59:53.268+0000] {logging_mixin.py:188} INFO - [2024-02-26T13:59:53.268+0000] {dag.py:3834} INFO - Setting next_dagrun for example_xcom to 2021-01-01 00:00:00+00:00, run_after=2021-01-01 00:00:00+00:00
[2024-02-26T13:59:53.290+0000] {processor.py:183} INFO - Processing /usr/local/lib/python3.10/dist-packages/airflow/example_dags/example_xcom.py took 0.069 seconds
