[2024-02-26T13:34:42.195+0000] {processor.py:161} INFO - Started process (PID=3663) to work on /usr/local/lib/python3.10/dist-packages/airflow/example_dags/example_external_task_marker_dag.py
[2024-02-26T13:34:42.196+0000] {processor.py:830} INFO - Processing file /usr/local/lib/python3.10/dist-packages/airflow/example_dags/example_external_task_marker_dag.py for tasks to queue
[2024-02-26T13:34:42.197+0000] {logging_mixin.py:188} INFO - [2024-02-26T13:34:42.197+0000] {dagbag.py:540} INFO - Filling up the DagBag from /usr/local/lib/python3.10/dist-packages/airflow/example_dags/example_external_task_marker_dag.py
[2024-02-26T13:34:42.204+0000] {processor.py:840} INFO - DAG(s) 'example_external_task_marker_child', 'example_external_task_marker_parent' retrieved from /usr/local/lib/python3.10/dist-packages/airflow/example_dags/example_external_task_marker_dag.py
[2024-02-26T13:34:42.315+0000] {logging_mixin.py:188} INFO - [2024-02-26T13:34:42.315+0000] {override.py:1769} INFO - Created Permission View: can delete on DAG:example_external_task_marker_child
[2024-02-26T13:34:42.329+0000] {logging_mixin.py:188} INFO - [2024-02-26T13:34:42.328+0000] {override.py:1769} INFO - Created Permission View: can edit on DAG:example_external_task_marker_child
[2024-02-26T13:34:42.339+0000] {logging_mixin.py:188} INFO - [2024-02-26T13:34:42.339+0000] {override.py:1769} INFO - Created Permission View: can read on DAG:example_external_task_marker_child
[2024-02-26T13:34:42.361+0000] {logging_mixin.py:188} INFO - [2024-02-26T13:34:42.360+0000] {override.py:1769} INFO - Created Permission View: can delete on DAG:example_external_task_marker_parent
[2024-02-26T13:34:42.370+0000] {logging_mixin.py:188} INFO - [2024-02-26T13:34:42.370+0000] {override.py:1769} INFO - Created Permission View: can edit on DAG:example_external_task_marker_parent
[2024-02-26T13:34:42.380+0000] {logging_mixin.py:188} INFO - [2024-02-26T13:34:42.379+0000] {override.py:1769} INFO - Created Permission View: can read on DAG:example_external_task_marker_parent
[2024-02-26T13:34:42.380+0000] {logging_mixin.py:188} INFO - [2024-02-26T13:34:42.380+0000] {dag.py:3047} INFO - Sync 2 DAGs
[2024-02-26T13:34:42.392+0000] {logging_mixin.py:188} INFO - [2024-02-26T13:34:42.392+0000] {dag.py:3069} INFO - Creating ORM DAG for example_external_task_marker_parent
[2024-02-26T13:34:42.392+0000] {logging_mixin.py:188} INFO - [2024-02-26T13:34:42.392+0000] {dag.py:3069} INFO - Creating ORM DAG for example_external_task_marker_child
[2024-02-26T13:34:42.393+0000] {logging_mixin.py:188} INFO - [2024-02-26T13:34:42.393+0000] {dag.py:3834} INFO - Setting next_dagrun for example_external_task_marker_child to None, run_after=None
[2024-02-26T13:34:42.394+0000] {logging_mixin.py:188} INFO - [2024-02-26T13:34:42.394+0000] {dag.py:3834} INFO - Setting next_dagrun for example_external_task_marker_parent to None, run_after=None
[2024-02-26T13:34:42.418+0000] {processor.py:183} INFO - Processing /usr/local/lib/python3.10/dist-packages/airflow/example_dags/example_external_task_marker_dag.py took 0.227 seconds
[2024-02-26T13:35:33.892+0000] {processor.py:161} INFO - Started process (PID=3711) to work on /usr/local/lib/python3.10/dist-packages/airflow/example_dags/example_external_task_marker_dag.py
[2024-02-26T13:35:33.893+0000] {processor.py:830} INFO - Processing file /usr/local/lib/python3.10/dist-packages/airflow/example_dags/example_external_task_marker_dag.py for tasks to queue
[2024-02-26T13:35:33.894+0000] {logging_mixin.py:188} INFO - [2024-02-26T13:35:33.894+0000] {dagbag.py:540} INFO - Filling up the DagBag from /usr/local/lib/python3.10/dist-packages/airflow/example_dags/example_external_task_marker_dag.py
[2024-02-26T13:35:33.901+0000] {processor.py:840} INFO - DAG(s) 'example_external_task_marker_parent', 'example_external_task_marker_child' retrieved from /usr/local/lib/python3.10/dist-packages/airflow/example_dags/example_external_task_marker_dag.py
[2024-02-26T13:35:33.921+0000] {logging_mixin.py:188} INFO - [2024-02-26T13:35:33.921+0000] {dag.py:3047} INFO - Sync 2 DAGs
[2024-02-26T13:35:33.934+0000] {logging_mixin.py:188} INFO - [2024-02-26T13:35:33.933+0000] {dag.py:3834} INFO - Setting next_dagrun for example_external_task_marker_child to None, run_after=None
[2024-02-26T13:35:33.937+0000] {logging_mixin.py:188} INFO - [2024-02-26T13:35:33.937+0000] {dag.py:3834} INFO - Setting next_dagrun for example_external_task_marker_parent to None, run_after=None
[2024-02-26T13:35:33.958+0000] {processor.py:183} INFO - Processing /usr/local/lib/python3.10/dist-packages/airflow/example_dags/example_external_task_marker_dag.py took 0.069 seconds
[2024-02-26T13:36:22.407+0000] {processor.py:161} INFO - Started process (PID=3759) to work on /usr/local/lib/python3.10/dist-packages/airflow/example_dags/example_external_task_marker_dag.py
[2024-02-26T13:36:22.408+0000] {processor.py:830} INFO - Processing file /usr/local/lib/python3.10/dist-packages/airflow/example_dags/example_external_task_marker_dag.py for tasks to queue
[2024-02-26T13:36:22.409+0000] {logging_mixin.py:188} INFO - [2024-02-26T13:36:22.409+0000] {dagbag.py:540} INFO - Filling up the DagBag from /usr/local/lib/python3.10/dist-packages/airflow/example_dags/example_external_task_marker_dag.py
[2024-02-26T13:36:22.416+0000] {processor.py:840} INFO - DAG(s) 'example_external_task_marker_child', 'example_external_task_marker_parent' retrieved from /usr/local/lib/python3.10/dist-packages/airflow/example_dags/example_external_task_marker_dag.py
[2024-02-26T13:36:22.437+0000] {logging_mixin.py:188} INFO - [2024-02-26T13:36:22.437+0000] {dag.py:3047} INFO - Sync 2 DAGs
[2024-02-26T13:36:22.450+0000] {logging_mixin.py:188} INFO - [2024-02-26T13:36:22.450+0000] {dag.py:3834} INFO - Setting next_dagrun for example_external_task_marker_child to None, run_after=None
[2024-02-26T13:36:22.454+0000] {logging_mixin.py:188} INFO - [2024-02-26T13:36:22.454+0000] {dag.py:3834} INFO - Setting next_dagrun for example_external_task_marker_parent to None, run_after=None
[2024-02-26T13:36:22.474+0000] {processor.py:183} INFO - Processing /usr/local/lib/python3.10/dist-packages/airflow/example_dags/example_external_task_marker_dag.py took 0.071 seconds
[2024-02-26T13:37:41.583+0000] {processor.py:161} INFO - Started process (PID=3844) to work on /usr/local/lib/python3.10/dist-packages/airflow/example_dags/example_external_task_marker_dag.py
[2024-02-26T13:37:41.585+0000] {processor.py:830} INFO - Processing file /usr/local/lib/python3.10/dist-packages/airflow/example_dags/example_external_task_marker_dag.py for tasks to queue
[2024-02-26T13:37:41.586+0000] {logging_mixin.py:188} INFO - [2024-02-26T13:37:41.585+0000] {dagbag.py:540} INFO - Filling up the DagBag from /usr/local/lib/python3.10/dist-packages/airflow/example_dags/example_external_task_marker_dag.py
[2024-02-26T13:37:41.593+0000] {processor.py:840} INFO - DAG(s) 'example_external_task_marker_parent', 'example_external_task_marker_child' retrieved from /usr/local/lib/python3.10/dist-packages/airflow/example_dags/example_external_task_marker_dag.py
[2024-02-26T13:37:41.602+0000] {logging_mixin.py:188} INFO - [2024-02-26T13:37:41.602+0000] {dag.py:3047} INFO - Sync 2 DAGs
[2024-02-26T13:37:41.616+0000] {logging_mixin.py:188} INFO - [2024-02-26T13:37:41.616+0000] {dag.py:3834} INFO - Setting next_dagrun for example_external_task_marker_child to None, run_after=None
[2024-02-26T13:37:41.620+0000] {logging_mixin.py:188} INFO - [2024-02-26T13:37:41.620+0000] {dag.py:3834} INFO - Setting next_dagrun for example_external_task_marker_parent to None, run_after=None
[2024-02-26T13:37:41.641+0000] {processor.py:183} INFO - Processing /usr/local/lib/python3.10/dist-packages/airflow/example_dags/example_external_task_marker_dag.py took 0.061 seconds
[2024-02-26T13:38:37.414+0000] {processor.py:161} INFO - Started process (PID=3895) to work on /usr/local/lib/python3.10/dist-packages/airflow/example_dags/example_external_task_marker_dag.py
[2024-02-26T13:38:37.415+0000] {processor.py:830} INFO - Processing file /usr/local/lib/python3.10/dist-packages/airflow/example_dags/example_external_task_marker_dag.py for tasks to queue
[2024-02-26T13:38:37.416+0000] {logging_mixin.py:188} INFO - [2024-02-26T13:38:37.416+0000] {dagbag.py:540} INFO - Filling up the DagBag from /usr/local/lib/python3.10/dist-packages/airflow/example_dags/example_external_task_marker_dag.py
[2024-02-26T13:38:37.424+0000] {processor.py:840} INFO - DAG(s) 'example_external_task_marker_child', 'example_external_task_marker_parent' retrieved from /usr/local/lib/python3.10/dist-packages/airflow/example_dags/example_external_task_marker_dag.py
[2024-02-26T13:38:37.636+0000] {logging_mixin.py:188} INFO - [2024-02-26T13:38:37.635+0000] {dag.py:3047} INFO - Sync 2 DAGs
[2024-02-26T13:38:37.645+0000] {logging_mixin.py:188} INFO - [2024-02-26T13:38:37.645+0000] {dag.py:3834} INFO - Setting next_dagrun for example_external_task_marker_child to None, run_after=None
[2024-02-26T13:38:37.648+0000] {logging_mixin.py:188} INFO - [2024-02-26T13:38:37.648+0000] {dag.py:3834} INFO - Setting next_dagrun for example_external_task_marker_parent to None, run_after=None
[2024-02-26T13:38:37.668+0000] {processor.py:183} INFO - Processing /usr/local/lib/python3.10/dist-packages/airflow/example_dags/example_external_task_marker_dag.py took 0.258 seconds
[2024-02-26T13:39:26.836+0000] {processor.py:161} INFO - Started process (PID=3944) to work on /usr/local/lib/python3.10/dist-packages/airflow/example_dags/example_external_task_marker_dag.py
[2024-02-26T13:39:26.838+0000] {processor.py:830} INFO - Processing file /usr/local/lib/python3.10/dist-packages/airflow/example_dags/example_external_task_marker_dag.py for tasks to queue
[2024-02-26T13:39:26.839+0000] {logging_mixin.py:188} INFO - [2024-02-26T13:39:26.839+0000] {dagbag.py:540} INFO - Filling up the DagBag from /usr/local/lib/python3.10/dist-packages/airflow/example_dags/example_external_task_marker_dag.py
[2024-02-26T13:39:26.846+0000] {processor.py:840} INFO - DAG(s) 'example_external_task_marker_parent', 'example_external_task_marker_child' retrieved from /usr/local/lib/python3.10/dist-packages/airflow/example_dags/example_external_task_marker_dag.py
[2024-02-26T13:39:26.866+0000] {logging_mixin.py:188} INFO - [2024-02-26T13:39:26.866+0000] {dag.py:3047} INFO - Sync 2 DAGs
[2024-02-26T13:39:26.879+0000] {logging_mixin.py:188} INFO - [2024-02-26T13:39:26.878+0000] {dag.py:3834} INFO - Setting next_dagrun for example_external_task_marker_child to None, run_after=None
[2024-02-26T13:39:26.882+0000] {logging_mixin.py:188} INFO - [2024-02-26T13:39:26.882+0000] {dag.py:3834} INFO - Setting next_dagrun for example_external_task_marker_parent to None, run_after=None
[2024-02-26T13:39:26.903+0000] {processor.py:183} INFO - Processing /usr/local/lib/python3.10/dist-packages/airflow/example_dags/example_external_task_marker_dag.py took 0.070 seconds
[2024-02-26T13:40:29.070+0000] {processor.py:161} INFO - Started process (PID=4004) to work on /usr/local/lib/python3.10/dist-packages/airflow/example_dags/example_external_task_marker_dag.py
[2024-02-26T13:40:29.072+0000] {processor.py:830} INFO - Processing file /usr/local/lib/python3.10/dist-packages/airflow/example_dags/example_external_task_marker_dag.py for tasks to queue
[2024-02-26T13:40:29.073+0000] {logging_mixin.py:188} INFO - [2024-02-26T13:40:29.072+0000] {dagbag.py:540} INFO - Filling up the DagBag from /usr/local/lib/python3.10/dist-packages/airflow/example_dags/example_external_task_marker_dag.py
[2024-02-26T13:40:29.080+0000] {processor.py:840} INFO - DAG(s) 'example_external_task_marker_parent', 'example_external_task_marker_child' retrieved from /usr/local/lib/python3.10/dist-packages/airflow/example_dags/example_external_task_marker_dag.py
[2024-02-26T13:40:29.101+0000] {logging_mixin.py:188} INFO - [2024-02-26T13:40:29.101+0000] {dag.py:3047} INFO - Sync 2 DAGs
[2024-02-26T13:40:29.114+0000] {logging_mixin.py:188} INFO - [2024-02-26T13:40:29.114+0000] {dag.py:3834} INFO - Setting next_dagrun for example_external_task_marker_child to None, run_after=None
[2024-02-26T13:40:29.118+0000] {logging_mixin.py:188} INFO - [2024-02-26T13:40:29.117+0000] {dag.py:3834} INFO - Setting next_dagrun for example_external_task_marker_parent to None, run_after=None
[2024-02-26T13:40:29.139+0000] {processor.py:183} INFO - Processing /usr/local/lib/python3.10/dist-packages/airflow/example_dags/example_external_task_marker_dag.py took 0.072 seconds
[2024-02-26T13:41:20.592+0000] {processor.py:161} INFO - Started process (PID=4058) to work on /usr/local/lib/python3.10/dist-packages/airflow/example_dags/example_external_task_marker_dag.py
[2024-02-26T13:41:20.593+0000] {processor.py:830} INFO - Processing file /usr/local/lib/python3.10/dist-packages/airflow/example_dags/example_external_task_marker_dag.py for tasks to queue
[2024-02-26T13:41:20.595+0000] {logging_mixin.py:188} INFO - [2024-02-26T13:41:20.594+0000] {dagbag.py:540} INFO - Filling up the DagBag from /usr/local/lib/python3.10/dist-packages/airflow/example_dags/example_external_task_marker_dag.py
[2024-02-26T13:41:20.602+0000] {processor.py:840} INFO - DAG(s) 'example_external_task_marker_parent', 'example_external_task_marker_child' retrieved from /usr/local/lib/python3.10/dist-packages/airflow/example_dags/example_external_task_marker_dag.py
[2024-02-26T13:41:20.623+0000] {logging_mixin.py:188} INFO - [2024-02-26T13:41:20.623+0000] {dag.py:3047} INFO - Sync 2 DAGs
[2024-02-26T13:41:20.636+0000] {logging_mixin.py:188} INFO - [2024-02-26T13:41:20.636+0000] {dag.py:3834} INFO - Setting next_dagrun for example_external_task_marker_child to None, run_after=None
[2024-02-26T13:41:20.640+0000] {logging_mixin.py:188} INFO - [2024-02-26T13:41:20.639+0000] {dag.py:3834} INFO - Setting next_dagrun for example_external_task_marker_parent to None, run_after=None
[2024-02-26T13:41:20.661+0000] {processor.py:183} INFO - Processing /usr/local/lib/python3.10/dist-packages/airflow/example_dags/example_external_task_marker_dag.py took 0.072 seconds
[2024-02-26T13:42:11.151+0000] {processor.py:161} INFO - Started process (PID=4109) to work on /usr/local/lib/python3.10/dist-packages/airflow/example_dags/example_external_task_marker_dag.py
[2024-02-26T13:42:11.152+0000] {processor.py:830} INFO - Processing file /usr/local/lib/python3.10/dist-packages/airflow/example_dags/example_external_task_marker_dag.py for tasks to queue
[2024-02-26T13:42:11.153+0000] {logging_mixin.py:188} INFO - [2024-02-26T13:42:11.153+0000] {dagbag.py:540} INFO - Filling up the DagBag from /usr/local/lib/python3.10/dist-packages/airflow/example_dags/example_external_task_marker_dag.py
[2024-02-26T13:42:11.161+0000] {processor.py:840} INFO - DAG(s) 'example_external_task_marker_child', 'example_external_task_marker_parent' retrieved from /usr/local/lib/python3.10/dist-packages/airflow/example_dags/example_external_task_marker_dag.py
[2024-02-26T13:42:11.181+0000] {logging_mixin.py:188} INFO - [2024-02-26T13:42:11.181+0000] {dag.py:3047} INFO - Sync 2 DAGs
[2024-02-26T13:42:11.194+0000] {logging_mixin.py:188} INFO - [2024-02-26T13:42:11.194+0000] {dag.py:3834} INFO - Setting next_dagrun for example_external_task_marker_child to None, run_after=None
[2024-02-26T13:42:11.198+0000] {logging_mixin.py:188} INFO - [2024-02-26T13:42:11.197+0000] {dag.py:3834} INFO - Setting next_dagrun for example_external_task_marker_parent to None, run_after=None
[2024-02-26T13:42:11.219+0000] {processor.py:183} INFO - Processing /usr/local/lib/python3.10/dist-packages/airflow/example_dags/example_external_task_marker_dag.py took 0.072 seconds
[2024-02-26T13:44:30.525+0000] {processor.py:161} INFO - Started process (PID=4225) to work on /usr/local/lib/python3.10/dist-packages/airflow/example_dags/example_external_task_marker_dag.py
[2024-02-26T13:44:30.526+0000] {processor.py:830} INFO - Processing file /usr/local/lib/python3.10/dist-packages/airflow/example_dags/example_external_task_marker_dag.py for tasks to queue
[2024-02-26T13:44:30.527+0000] {logging_mixin.py:188} INFO - [2024-02-26T13:44:30.527+0000] {dagbag.py:540} INFO - Filling up the DagBag from /usr/local/lib/python3.10/dist-packages/airflow/example_dags/example_external_task_marker_dag.py
[2024-02-26T13:44:30.534+0000] {processor.py:840} INFO - DAG(s) 'example_external_task_marker_child', 'example_external_task_marker_parent' retrieved from /usr/local/lib/python3.10/dist-packages/airflow/example_dags/example_external_task_marker_dag.py
[2024-02-26T13:44:30.544+0000] {logging_mixin.py:188} INFO - [2024-02-26T13:44:30.544+0000] {dag.py:3047} INFO - Sync 2 DAGs
[2024-02-26T13:44:30.558+0000] {logging_mixin.py:188} INFO - [2024-02-26T13:44:30.558+0000] {dag.py:3834} INFO - Setting next_dagrun for example_external_task_marker_child to None, run_after=None
[2024-02-26T13:44:30.561+0000] {logging_mixin.py:188} INFO - [2024-02-26T13:44:30.561+0000] {dag.py:3834} INFO - Setting next_dagrun for example_external_task_marker_parent to None, run_after=None
[2024-02-26T13:44:30.581+0000] {processor.py:183} INFO - Processing /usr/local/lib/python3.10/dist-packages/airflow/example_dags/example_external_task_marker_dag.py took 0.060 seconds
[2024-02-26T13:47:39.130+0000] {processor.py:161} INFO - Started process (PID=4291) to work on /usr/local/lib/python3.10/dist-packages/airflow/example_dags/example_external_task_marker_dag.py
[2024-02-26T13:47:39.131+0000] {processor.py:830} INFO - Processing file /usr/local/lib/python3.10/dist-packages/airflow/example_dags/example_external_task_marker_dag.py for tasks to queue
[2024-02-26T13:47:39.132+0000] {logging_mixin.py:188} INFO - [2024-02-26T13:47:39.132+0000] {dagbag.py:540} INFO - Filling up the DagBag from /usr/local/lib/python3.10/dist-packages/airflow/example_dags/example_external_task_marker_dag.py
[2024-02-26T13:47:39.139+0000] {processor.py:840} INFO - DAG(s) 'example_external_task_marker_child', 'example_external_task_marker_parent' retrieved from /usr/local/lib/python3.10/dist-packages/airflow/example_dags/example_external_task_marker_dag.py
[2024-02-26T13:47:39.149+0000] {logging_mixin.py:188} INFO - [2024-02-26T13:47:39.149+0000] {dag.py:3047} INFO - Sync 2 DAGs
[2024-02-26T13:47:39.163+0000] {logging_mixin.py:188} INFO - [2024-02-26T13:47:39.163+0000] {dag.py:3834} INFO - Setting next_dagrun for example_external_task_marker_child to None, run_after=None
[2024-02-26T13:47:39.170+0000] {logging_mixin.py:188} INFO - [2024-02-26T13:47:39.169+0000] {dag.py:3834} INFO - Setting next_dagrun for example_external_task_marker_parent to None, run_after=None
[2024-02-26T13:47:39.191+0000] {processor.py:183} INFO - Processing /usr/local/lib/python3.10/dist-packages/airflow/example_dags/example_external_task_marker_dag.py took 0.064 seconds
[2024-02-26T13:53:41.723+0000] {processor.py:161} INFO - Started process (PID=4395) to work on /usr/local/lib/python3.10/dist-packages/airflow/example_dags/example_external_task_marker_dag.py
[2024-02-26T13:53:41.725+0000] {processor.py:830} INFO - Processing file /usr/local/lib/python3.10/dist-packages/airflow/example_dags/example_external_task_marker_dag.py for tasks to queue
[2024-02-26T13:53:41.726+0000] {logging_mixin.py:188} INFO - [2024-02-26T13:53:41.725+0000] {dagbag.py:540} INFO - Filling up the DagBag from /usr/local/lib/python3.10/dist-packages/airflow/example_dags/example_external_task_marker_dag.py
[2024-02-26T13:53:41.733+0000] {processor.py:840} INFO - DAG(s) 'example_external_task_marker_parent', 'example_external_task_marker_child' retrieved from /usr/local/lib/python3.10/dist-packages/airflow/example_dags/example_external_task_marker_dag.py
[2024-02-26T13:53:41.743+0000] {logging_mixin.py:188} INFO - [2024-02-26T13:53:41.742+0000] {dag.py:3047} INFO - Sync 2 DAGs
[2024-02-26T13:53:41.757+0000] {logging_mixin.py:188} INFO - [2024-02-26T13:53:41.757+0000] {dag.py:3834} INFO - Setting next_dagrun for example_external_task_marker_child to None, run_after=None
[2024-02-26T13:53:41.764+0000] {logging_mixin.py:188} INFO - [2024-02-26T13:53:41.764+0000] {dag.py:3834} INFO - Setting next_dagrun for example_external_task_marker_parent to None, run_after=None
[2024-02-26T13:53:41.784+0000] {processor.py:183} INFO - Processing /usr/local/lib/python3.10/dist-packages/airflow/example_dags/example_external_task_marker_dag.py took 0.065 seconds
[2024-02-26T13:54:37.085+0000] {processor.py:161} INFO - Started process (PID=4443) to work on /usr/local/lib/python3.10/dist-packages/airflow/example_dags/example_external_task_marker_dag.py
[2024-02-26T13:54:37.086+0000] {processor.py:830} INFO - Processing file /usr/local/lib/python3.10/dist-packages/airflow/example_dags/example_external_task_marker_dag.py for tasks to queue
[2024-02-26T13:54:37.087+0000] {logging_mixin.py:188} INFO - [2024-02-26T13:54:37.087+0000] {dagbag.py:540} INFO - Filling up the DagBag from /usr/local/lib/python3.10/dist-packages/airflow/example_dags/example_external_task_marker_dag.py
[2024-02-26T13:54:37.095+0000] {processor.py:840} INFO - DAG(s) 'example_external_task_marker_parent', 'example_external_task_marker_child' retrieved from /usr/local/lib/python3.10/dist-packages/airflow/example_dags/example_external_task_marker_dag.py
[2024-02-26T13:54:37.306+0000] {logging_mixin.py:188} INFO - [2024-02-26T13:54:37.306+0000] {dag.py:3047} INFO - Sync 2 DAGs
[2024-02-26T13:54:37.316+0000] {logging_mixin.py:188} INFO - [2024-02-26T13:54:37.315+0000] {dag.py:3834} INFO - Setting next_dagrun for example_external_task_marker_child to None, run_after=None
[2024-02-26T13:54:37.318+0000] {logging_mixin.py:188} INFO - [2024-02-26T13:54:37.318+0000] {dag.py:3834} INFO - Setting next_dagrun for example_external_task_marker_parent to None, run_after=None
[2024-02-26T13:54:37.338+0000] {processor.py:183} INFO - Processing /usr/local/lib/python3.10/dist-packages/airflow/example_dags/example_external_task_marker_dag.py took 0.257 seconds
[2024-02-26T13:55:26.168+0000] {processor.py:161} INFO - Started process (PID=4491) to work on /usr/local/lib/python3.10/dist-packages/airflow/example_dags/example_external_task_marker_dag.py
[2024-02-26T13:55:26.169+0000] {processor.py:830} INFO - Processing file /usr/local/lib/python3.10/dist-packages/airflow/example_dags/example_external_task_marker_dag.py for tasks to queue
[2024-02-26T13:55:26.170+0000] {logging_mixin.py:188} INFO - [2024-02-26T13:55:26.169+0000] {dagbag.py:540} INFO - Filling up the DagBag from /usr/local/lib/python3.10/dist-packages/airflow/example_dags/example_external_task_marker_dag.py
[2024-02-26T13:55:26.177+0000] {processor.py:840} INFO - DAG(s) 'example_external_task_marker_parent', 'example_external_task_marker_child' retrieved from /usr/local/lib/python3.10/dist-packages/airflow/example_dags/example_external_task_marker_dag.py
[2024-02-26T13:55:26.197+0000] {logging_mixin.py:188} INFO - [2024-02-26T13:55:26.197+0000] {dag.py:3047} INFO - Sync 2 DAGs
[2024-02-26T13:55:26.210+0000] {logging_mixin.py:188} INFO - [2024-02-26T13:55:26.210+0000] {dag.py:3834} INFO - Setting next_dagrun for example_external_task_marker_child to None, run_after=None
[2024-02-26T13:55:26.213+0000] {logging_mixin.py:188} INFO - [2024-02-26T13:55:26.213+0000] {dag.py:3834} INFO - Setting next_dagrun for example_external_task_marker_parent to None, run_after=None
[2024-02-26T13:55:26.234+0000] {processor.py:183} INFO - Processing /usr/local/lib/python3.10/dist-packages/airflow/example_dags/example_external_task_marker_dag.py took 0.070 seconds
[2024-02-26T13:56:14.707+0000] {processor.py:161} INFO - Started process (PID=4536) to work on /usr/local/lib/python3.10/dist-packages/airflow/example_dags/example_external_task_marker_dag.py
[2024-02-26T13:56:14.708+0000] {processor.py:830} INFO - Processing file /usr/local/lib/python3.10/dist-packages/airflow/example_dags/example_external_task_marker_dag.py for tasks to queue
[2024-02-26T13:56:14.709+0000] {logging_mixin.py:188} INFO - [2024-02-26T13:56:14.709+0000] {dagbag.py:540} INFO - Filling up the DagBag from /usr/local/lib/python3.10/dist-packages/airflow/example_dags/example_external_task_marker_dag.py
[2024-02-26T13:56:14.825+0000] {processor.py:840} INFO - DAG(s) 'example_external_task_marker_child', 'example_external_task_marker_parent' retrieved from /usr/local/lib/python3.10/dist-packages/airflow/example_dags/example_external_task_marker_dag.py
[2024-02-26T13:56:14.840+0000] {logging_mixin.py:188} INFO - [2024-02-26T13:56:14.840+0000] {dag.py:3047} INFO - Sync 2 DAGs
[2024-02-26T13:56:14.851+0000] {logging_mixin.py:188} INFO - [2024-02-26T13:56:14.850+0000] {dag.py:3834} INFO - Setting next_dagrun for example_external_task_marker_child to None, run_after=None
[2024-02-26T13:56:14.854+0000] {logging_mixin.py:188} INFO - [2024-02-26T13:56:14.854+0000] {dag.py:3834} INFO - Setting next_dagrun for example_external_task_marker_parent to None, run_after=None
[2024-02-26T13:56:14.873+0000] {processor.py:183} INFO - Processing /usr/local/lib/python3.10/dist-packages/airflow/example_dags/example_external_task_marker_dag.py took 0.169 seconds
[2024-02-26T13:57:06.406+0000] {processor.py:161} INFO - Started process (PID=4590) to work on /usr/local/lib/python3.10/dist-packages/airflow/example_dags/example_external_task_marker_dag.py
[2024-02-26T13:57:06.408+0000] {processor.py:830} INFO - Processing file /usr/local/lib/python3.10/dist-packages/airflow/example_dags/example_external_task_marker_dag.py for tasks to queue
[2024-02-26T13:57:06.409+0000] {logging_mixin.py:188} INFO - [2024-02-26T13:57:06.408+0000] {dagbag.py:540} INFO - Filling up the DagBag from /usr/local/lib/python3.10/dist-packages/airflow/example_dags/example_external_task_marker_dag.py
[2024-02-26T13:57:06.416+0000] {processor.py:840} INFO - DAG(s) 'example_external_task_marker_parent', 'example_external_task_marker_child' retrieved from /usr/local/lib/python3.10/dist-packages/airflow/example_dags/example_external_task_marker_dag.py
[2024-02-26T13:57:06.438+0000] {logging_mixin.py:188} INFO - [2024-02-26T13:57:06.437+0000] {dag.py:3047} INFO - Sync 2 DAGs
[2024-02-26T13:57:06.451+0000] {logging_mixin.py:188} INFO - [2024-02-26T13:57:06.451+0000] {dag.py:3834} INFO - Setting next_dagrun for example_external_task_marker_child to None, run_after=None
[2024-02-26T13:57:06.455+0000] {logging_mixin.py:188} INFO - [2024-02-26T13:57:06.455+0000] {dag.py:3834} INFO - Setting next_dagrun for example_external_task_marker_parent to None, run_after=None
[2024-02-26T13:57:06.482+0000] {processor.py:183} INFO - Processing /usr/local/lib/python3.10/dist-packages/airflow/example_dags/example_external_task_marker_dag.py took 0.079 seconds
[2024-02-26T13:58:13.391+0000] {processor.py:161} INFO - Started process (PID=4674) to work on /usr/local/lib/python3.10/dist-packages/airflow/example_dags/example_external_task_marker_dag.py
[2024-02-26T13:58:13.393+0000] {processor.py:830} INFO - Processing file /usr/local/lib/python3.10/dist-packages/airflow/example_dags/example_external_task_marker_dag.py for tasks to queue
[2024-02-26T13:58:13.394+0000] {logging_mixin.py:188} INFO - [2024-02-26T13:58:13.393+0000] {dagbag.py:540} INFO - Filling up the DagBag from /usr/local/lib/python3.10/dist-packages/airflow/example_dags/example_external_task_marker_dag.py
[2024-02-26T13:58:13.401+0000] {processor.py:840} INFO - DAG(s) 'example_external_task_marker_child', 'example_external_task_marker_parent' retrieved from /usr/local/lib/python3.10/dist-packages/airflow/example_dags/example_external_task_marker_dag.py
[2024-02-26T13:58:13.410+0000] {logging_mixin.py:188} INFO - [2024-02-26T13:58:13.410+0000] {dag.py:3047} INFO - Sync 2 DAGs
[2024-02-26T13:58:13.425+0000] {logging_mixin.py:188} INFO - [2024-02-26T13:58:13.425+0000] {dag.py:3834} INFO - Setting next_dagrun for example_external_task_marker_child to None, run_after=None
[2024-02-26T13:58:13.432+0000] {logging_mixin.py:188} INFO - [2024-02-26T13:58:13.432+0000] {dag.py:3834} INFO - Setting next_dagrun for example_external_task_marker_parent to None, run_after=None
[2024-02-26T13:58:13.453+0000] {processor.py:183} INFO - Processing /usr/local/lib/python3.10/dist-packages/airflow/example_dags/example_external_task_marker_dag.py took 0.065 seconds
[2024-02-26T13:59:09.208+0000] {processor.py:161} INFO - Started process (PID=4723) to work on /usr/local/lib/python3.10/dist-packages/airflow/example_dags/example_external_task_marker_dag.py
[2024-02-26T13:59:09.210+0000] {processor.py:830} INFO - Processing file /usr/local/lib/python3.10/dist-packages/airflow/example_dags/example_external_task_marker_dag.py for tasks to queue
[2024-02-26T13:59:09.211+0000] {logging_mixin.py:188} INFO - [2024-02-26T13:59:09.210+0000] {dagbag.py:540} INFO - Filling up the DagBag from /usr/local/lib/python3.10/dist-packages/airflow/example_dags/example_external_task_marker_dag.py
[2024-02-26T13:59:09.218+0000] {processor.py:840} INFO - DAG(s) 'example_external_task_marker_child', 'example_external_task_marker_parent' retrieved from /usr/local/lib/python3.10/dist-packages/airflow/example_dags/example_external_task_marker_dag.py
[2024-02-26T13:59:09.427+0000] {logging_mixin.py:188} INFO - [2024-02-26T13:59:09.427+0000] {dag.py:3047} INFO - Sync 2 DAGs
[2024-02-26T13:59:09.437+0000] {logging_mixin.py:188} INFO - [2024-02-26T13:59:09.436+0000] {dag.py:3834} INFO - Setting next_dagrun for example_external_task_marker_child to None, run_after=None
[2024-02-26T13:59:09.439+0000] {logging_mixin.py:188} INFO - [2024-02-26T13:59:09.439+0000] {dag.py:3834} INFO - Setting next_dagrun for example_external_task_marker_parent to None, run_after=None
[2024-02-26T13:59:09.459+0000] {processor.py:183} INFO - Processing /usr/local/lib/python3.10/dist-packages/airflow/example_dags/example_external_task_marker_dag.py took 0.254 seconds
[2024-02-26T14:00:06.386+0000] {processor.py:161} INFO - Started process (PID=4789) to work on /usr/local/lib/python3.10/dist-packages/airflow/example_dags/example_external_task_marker_dag.py
[2024-02-26T14:00:06.387+0000] {processor.py:830} INFO - Processing file /usr/local/lib/python3.10/dist-packages/airflow/example_dags/example_external_task_marker_dag.py for tasks to queue
[2024-02-26T14:00:06.388+0000] {logging_mixin.py:188} INFO - [2024-02-26T14:00:06.388+0000] {dagbag.py:540} INFO - Filling up the DagBag from /usr/local/lib/python3.10/dist-packages/airflow/example_dags/example_external_task_marker_dag.py
[2024-02-26T14:00:06.396+0000] {processor.py:840} INFO - DAG(s) 'example_external_task_marker_child', 'example_external_task_marker_parent' retrieved from /usr/local/lib/python3.10/dist-packages/airflow/example_dags/example_external_task_marker_dag.py
[2024-02-26T14:00:06.406+0000] {logging_mixin.py:188} INFO - [2024-02-26T14:00:06.405+0000] {dag.py:3047} INFO - Sync 2 DAGs
[2024-02-26T14:00:06.420+0000] {logging_mixin.py:188} INFO - [2024-02-26T14:00:06.420+0000] {dag.py:3834} INFO - Setting next_dagrun for example_external_task_marker_child to None, run_after=None
[2024-02-26T14:00:06.424+0000] {logging_mixin.py:188} INFO - [2024-02-26T14:00:06.424+0000] {dag.py:3834} INFO - Setting next_dagrun for example_external_task_marker_parent to None, run_after=None
[2024-02-26T14:00:06.446+0000] {processor.py:183} INFO - Processing /usr/local/lib/python3.10/dist-packages/airflow/example_dags/example_external_task_marker_dag.py took 0.064 seconds
