[2024-02-26T13:34:54.070+0000] {processor.py:161} INFO - Started process (PID=3672) to work on /usr/local/lib/python3.10/dist-packages/airflow/example_dags/example_sensor_decorator.py
[2024-02-26T13:34:54.071+0000] {processor.py:830} INFO - Processing file /usr/local/lib/python3.10/dist-packages/airflow/example_dags/example_sensor_decorator.py for tasks to queue
[2024-02-26T13:34:54.072+0000] {logging_mixin.py:188} INFO - [2024-02-26T13:34:54.072+0000] {dagbag.py:540} INFO - Filling up the DagBag from /usr/local/lib/python3.10/dist-packages/airflow/example_dags/example_sensor_decorator.py
[2024-02-26T13:34:54.079+0000] {processor.py:840} INFO - DAG(s) 'example_sensor_decorator' retrieved from /usr/local/lib/python3.10/dist-packages/airflow/example_dags/example_sensor_decorator.py
[2024-02-26T13:34:54.187+0000] {logging_mixin.py:188} INFO - [2024-02-26T13:34:54.187+0000] {override.py:1769} INFO - Created Permission View: can delete on DAG:example_sensor_decorator
[2024-02-26T13:34:54.199+0000] {logging_mixin.py:188} INFO - [2024-02-26T13:34:54.199+0000] {override.py:1769} INFO - Created Permission View: can edit on DAG:example_sensor_decorator
[2024-02-26T13:34:54.209+0000] {logging_mixin.py:188} INFO - [2024-02-26T13:34:54.209+0000] {override.py:1769} INFO - Created Permission View: can read on DAG:example_sensor_decorator
[2024-02-26T13:34:54.210+0000] {logging_mixin.py:188} INFO - [2024-02-26T13:34:54.209+0000] {dag.py:3047} INFO - Sync 1 DAGs
[2024-02-26T13:34:54.222+0000] {logging_mixin.py:188} INFO - [2024-02-26T13:34:54.222+0000] {dag.py:3069} INFO - Creating ORM DAG for example_sensor_decorator
[2024-02-26T13:34:54.223+0000] {logging_mixin.py:188} INFO - [2024-02-26T13:34:54.222+0000] {dag.py:3834} INFO - Setting next_dagrun for example_sensor_decorator to None, run_after=None
[2024-02-26T13:34:54.352+0000] {processor.py:183} INFO - Processing /usr/local/lib/python3.10/dist-packages/airflow/example_dags/example_sensor_decorator.py took 0.285 seconds
[2024-02-26T13:35:42.891+0000] {processor.py:161} INFO - Started process (PID=3720) to work on /usr/local/lib/python3.10/dist-packages/airflow/example_dags/example_sensor_decorator.py
[2024-02-26T13:35:42.892+0000] {processor.py:830} INFO - Processing file /usr/local/lib/python3.10/dist-packages/airflow/example_dags/example_sensor_decorator.py for tasks to queue
[2024-02-26T13:35:42.893+0000] {logging_mixin.py:188} INFO - [2024-02-26T13:35:42.893+0000] {dagbag.py:540} INFO - Filling up the DagBag from /usr/local/lib/python3.10/dist-packages/airflow/example_dags/example_sensor_decorator.py
[2024-02-26T13:35:42.900+0000] {processor.py:840} INFO - DAG(s) 'example_sensor_decorator' retrieved from /usr/local/lib/python3.10/dist-packages/airflow/example_dags/example_sensor_decorator.py
[2024-02-26T13:35:42.917+0000] {logging_mixin.py:188} INFO - [2024-02-26T13:35:42.917+0000] {dag.py:3047} INFO - Sync 1 DAGs
[2024-02-26T13:35:42.930+0000] {logging_mixin.py:188} INFO - [2024-02-26T13:35:42.929+0000] {dag.py:3834} INFO - Setting next_dagrun for example_sensor_decorator to None, run_after=None
[2024-02-26T13:35:42.951+0000] {processor.py:183} INFO - Processing /usr/local/lib/python3.10/dist-packages/airflow/example_dags/example_sensor_decorator.py took 0.064 seconds
[2024-02-26T13:36:41.779+0000] {processor.py:161} INFO - Started process (PID=3777) to work on /usr/local/lib/python3.10/dist-packages/airflow/example_dags/example_sensor_decorator.py
[2024-02-26T13:36:41.781+0000] {processor.py:830} INFO - Processing file /usr/local/lib/python3.10/dist-packages/airflow/example_dags/example_sensor_decorator.py for tasks to queue
[2024-02-26T13:36:41.782+0000] {logging_mixin.py:188} INFO - [2024-02-26T13:36:41.781+0000] {dagbag.py:540} INFO - Filling up the DagBag from /usr/local/lib/python3.10/dist-packages/airflow/example_dags/example_sensor_decorator.py
[2024-02-26T13:36:41.789+0000] {processor.py:840} INFO - DAG(s) 'example_sensor_decorator' retrieved from /usr/local/lib/python3.10/dist-packages/airflow/example_dags/example_sensor_decorator.py
[2024-02-26T13:36:41.808+0000] {logging_mixin.py:188} INFO - [2024-02-26T13:36:41.808+0000] {dag.py:3047} INFO - Sync 1 DAGs
[2024-02-26T13:36:41.940+0000] {logging_mixin.py:188} INFO - [2024-02-26T13:36:41.939+0000] {dag.py:3834} INFO - Setting next_dagrun for example_sensor_decorator to None, run_after=None
[2024-02-26T13:36:41.962+0000] {processor.py:183} INFO - Processing /usr/local/lib/python3.10/dist-packages/airflow/example_dags/example_sensor_decorator.py took 0.186 seconds
[2024-02-26T13:37:49.891+0000] {processor.py:161} INFO - Started process (PID=3853) to work on /usr/local/lib/python3.10/dist-packages/airflow/example_dags/example_sensor_decorator.py
[2024-02-26T13:37:49.893+0000] {processor.py:830} INFO - Processing file /usr/local/lib/python3.10/dist-packages/airflow/example_dags/example_sensor_decorator.py for tasks to queue
[2024-02-26T13:37:49.894+0000] {logging_mixin.py:188} INFO - [2024-02-26T13:37:49.894+0000] {dagbag.py:540} INFO - Filling up the DagBag from /usr/local/lib/python3.10/dist-packages/airflow/example_dags/example_sensor_decorator.py
[2024-02-26T13:37:49.902+0000] {processor.py:840} INFO - DAG(s) 'example_sensor_decorator' retrieved from /usr/local/lib/python3.10/dist-packages/airflow/example_dags/example_sensor_decorator.py
[2024-02-26T13:37:50.002+0000] {logging_mixin.py:188} INFO - [2024-02-26T13:37:50.001+0000] {dag.py:3047} INFO - Sync 1 DAGs
[2024-02-26T13:37:50.126+0000] {logging_mixin.py:188} INFO - [2024-02-26T13:37:50.125+0000] {dag.py:3834} INFO - Setting next_dagrun for example_sensor_decorator to None, run_after=None
[2024-02-26T13:37:50.148+0000] {processor.py:183} INFO - Processing /usr/local/lib/python3.10/dist-packages/airflow/example_dags/example_sensor_decorator.py took 0.260 seconds
[2024-02-26T13:38:47.471+0000] {processor.py:161} INFO - Started process (PID=3905) to work on /usr/local/lib/python3.10/dist-packages/airflow/example_dags/example_sensor_decorator.py
[2024-02-26T13:38:47.472+0000] {processor.py:830} INFO - Processing file /usr/local/lib/python3.10/dist-packages/airflow/example_dags/example_sensor_decorator.py for tasks to queue
[2024-02-26T13:38:47.473+0000] {logging_mixin.py:188} INFO - [2024-02-26T13:38:47.473+0000] {dagbag.py:540} INFO - Filling up the DagBag from /usr/local/lib/python3.10/dist-packages/airflow/example_dags/example_sensor_decorator.py
[2024-02-26T13:38:47.480+0000] {processor.py:840} INFO - DAG(s) 'example_sensor_decorator' retrieved from /usr/local/lib/python3.10/dist-packages/airflow/example_dags/example_sensor_decorator.py
[2024-02-26T13:38:47.497+0000] {logging_mixin.py:188} INFO - [2024-02-26T13:38:47.496+0000] {dag.py:3047} INFO - Sync 1 DAGs
[2024-02-26T13:38:47.508+0000] {logging_mixin.py:188} INFO - [2024-02-26T13:38:47.508+0000] {dag.py:3834} INFO - Setting next_dagrun for example_sensor_decorator to None, run_after=None
[2024-02-26T13:38:47.530+0000] {processor.py:183} INFO - Processing /usr/local/lib/python3.10/dist-packages/airflow/example_dags/example_sensor_decorator.py took 0.062 seconds
[2024-02-26T13:39:48.134+0000] {processor.py:161} INFO - Started process (PID=3965) to work on /usr/local/lib/python3.10/dist-packages/airflow/example_dags/example_sensor_decorator.py
[2024-02-26T13:39:48.135+0000] {processor.py:830} INFO - Processing file /usr/local/lib/python3.10/dist-packages/airflow/example_dags/example_sensor_decorator.py for tasks to queue
[2024-02-26T13:39:48.136+0000] {logging_mixin.py:188} INFO - [2024-02-26T13:39:48.136+0000] {dagbag.py:540} INFO - Filling up the DagBag from /usr/local/lib/python3.10/dist-packages/airflow/example_dags/example_sensor_decorator.py
[2024-02-26T13:39:48.143+0000] {processor.py:840} INFO - DAG(s) 'example_sensor_decorator' retrieved from /usr/local/lib/python3.10/dist-packages/airflow/example_dags/example_sensor_decorator.py
[2024-02-26T13:39:48.160+0000] {logging_mixin.py:188} INFO - [2024-02-26T13:39:48.160+0000] {dag.py:3047} INFO - Sync 1 DAGs
[2024-02-26T13:39:48.276+0000] {logging_mixin.py:188} INFO - [2024-02-26T13:39:48.276+0000] {dag.py:3834} INFO - Setting next_dagrun for example_sensor_decorator to None, run_after=None
[2024-02-26T13:39:48.297+0000] {processor.py:183} INFO - Processing /usr/local/lib/python3.10/dist-packages/airflow/example_dags/example_sensor_decorator.py took 0.167 seconds
[2024-02-26T13:40:48.888+0000] {processor.py:161} INFO - Started process (PID=4024) to work on /usr/local/lib/python3.10/dist-packages/airflow/example_dags/example_sensor_decorator.py
[2024-02-26T13:40:48.889+0000] {processor.py:830} INFO - Processing file /usr/local/lib/python3.10/dist-packages/airflow/example_dags/example_sensor_decorator.py for tasks to queue
[2024-02-26T13:40:48.890+0000] {logging_mixin.py:188} INFO - [2024-02-26T13:40:48.890+0000] {dagbag.py:540} INFO - Filling up the DagBag from /usr/local/lib/python3.10/dist-packages/airflow/example_dags/example_sensor_decorator.py
[2024-02-26T13:40:48.898+0000] {processor.py:840} INFO - DAG(s) 'example_sensor_decorator' retrieved from /usr/local/lib/python3.10/dist-packages/airflow/example_dags/example_sensor_decorator.py
[2024-02-26T13:40:48.916+0000] {logging_mixin.py:188} INFO - [2024-02-26T13:40:48.915+0000] {dag.py:3047} INFO - Sync 1 DAGs
[2024-02-26T13:40:48.929+0000] {logging_mixin.py:188} INFO - [2024-02-26T13:40:48.928+0000] {dag.py:3834} INFO - Setting next_dagrun for example_sensor_decorator to None, run_after=None
[2024-02-26T13:40:48.955+0000] {processor.py:183} INFO - Processing /usr/local/lib/python3.10/dist-packages/airflow/example_dags/example_sensor_decorator.py took 0.070 seconds
[2024-02-26T13:41:39.207+0000] {processor.py:161} INFO - Started process (PID=4077) to work on /usr/local/lib/python3.10/dist-packages/airflow/example_dags/example_sensor_decorator.py
[2024-02-26T13:41:39.208+0000] {processor.py:830} INFO - Processing file /usr/local/lib/python3.10/dist-packages/airflow/example_dags/example_sensor_decorator.py for tasks to queue
[2024-02-26T13:41:39.209+0000] {logging_mixin.py:188} INFO - [2024-02-26T13:41:39.209+0000] {dagbag.py:540} INFO - Filling up the DagBag from /usr/local/lib/python3.10/dist-packages/airflow/example_dags/example_sensor_decorator.py
[2024-02-26T13:41:39.217+0000] {processor.py:840} INFO - DAG(s) 'example_sensor_decorator' retrieved from /usr/local/lib/python3.10/dist-packages/airflow/example_dags/example_sensor_decorator.py
[2024-02-26T13:41:39.235+0000] {logging_mixin.py:188} INFO - [2024-02-26T13:41:39.235+0000] {dag.py:3047} INFO - Sync 1 DAGs
[2024-02-26T13:41:39.247+0000] {logging_mixin.py:188} INFO - [2024-02-26T13:41:39.247+0000] {dag.py:3834} INFO - Setting next_dagrun for example_sensor_decorator to None, run_after=None
[2024-02-26T13:41:39.270+0000] {processor.py:183} INFO - Processing /usr/local/lib/python3.10/dist-packages/airflow/example_dags/example_sensor_decorator.py took 0.067 seconds
[2024-02-26T13:42:30.762+0000] {processor.py:161} INFO - Started process (PID=4129) to work on /usr/local/lib/python3.10/dist-packages/airflow/example_dags/example_sensor_decorator.py
[2024-02-26T13:42:30.763+0000] {processor.py:830} INFO - Processing file /usr/local/lib/python3.10/dist-packages/airflow/example_dags/example_sensor_decorator.py for tasks to queue
[2024-02-26T13:42:30.764+0000] {logging_mixin.py:188} INFO - [2024-02-26T13:42:30.763+0000] {dagbag.py:540} INFO - Filling up the DagBag from /usr/local/lib/python3.10/dist-packages/airflow/example_dags/example_sensor_decorator.py
[2024-02-26T13:42:30.771+0000] {processor.py:840} INFO - DAG(s) 'example_sensor_decorator' retrieved from /usr/local/lib/python3.10/dist-packages/airflow/example_dags/example_sensor_decorator.py
[2024-02-26T13:42:30.788+0000] {logging_mixin.py:188} INFO - [2024-02-26T13:42:30.788+0000] {dag.py:3047} INFO - Sync 1 DAGs
[2024-02-26T13:42:30.800+0000] {logging_mixin.py:188} INFO - [2024-02-26T13:42:30.800+0000] {dag.py:3834} INFO - Setting next_dagrun for example_sensor_decorator to None, run_after=None
[2024-02-26T13:42:30.822+0000] {processor.py:183} INFO - Processing /usr/local/lib/python3.10/dist-packages/airflow/example_dags/example_sensor_decorator.py took 0.064 seconds
[2024-02-26T13:47:49.252+0000] {processor.py:161} INFO - Started process (PID=4300) to work on /usr/local/lib/python3.10/dist-packages/airflow/example_dags/example_sensor_decorator.py
[2024-02-26T13:47:49.253+0000] {processor.py:830} INFO - Processing file /usr/local/lib/python3.10/dist-packages/airflow/example_dags/example_sensor_decorator.py for tasks to queue
[2024-02-26T13:47:49.254+0000] {logging_mixin.py:188} INFO - [2024-02-26T13:47:49.254+0000] {dagbag.py:540} INFO - Filling up the DagBag from /usr/local/lib/python3.10/dist-packages/airflow/example_dags/example_sensor_decorator.py
[2024-02-26T13:47:49.261+0000] {processor.py:840} INFO - DAG(s) 'example_sensor_decorator' retrieved from /usr/local/lib/python3.10/dist-packages/airflow/example_dags/example_sensor_decorator.py
[2024-02-26T13:47:49.362+0000] {logging_mixin.py:188} INFO - [2024-02-26T13:47:49.361+0000] {dag.py:3047} INFO - Sync 1 DAGs
[2024-02-26T13:47:49.488+0000] {logging_mixin.py:188} INFO - [2024-02-26T13:47:49.488+0000] {dag.py:3834} INFO - Setting next_dagrun for example_sensor_decorator to None, run_after=None
[2024-02-26T13:47:49.510+0000] {processor.py:183} INFO - Processing /usr/local/lib/python3.10/dist-packages/airflow/example_dags/example_sensor_decorator.py took 0.261 seconds
[2024-02-26T13:53:51.850+0000] {processor.py:161} INFO - Started process (PID=4404) to work on /usr/local/lib/python3.10/dist-packages/airflow/example_dags/example_sensor_decorator.py
[2024-02-26T13:53:51.852+0000] {processor.py:830} INFO - Processing file /usr/local/lib/python3.10/dist-packages/airflow/example_dags/example_sensor_decorator.py for tasks to queue
[2024-02-26T13:53:51.853+0000] {logging_mixin.py:188} INFO - [2024-02-26T13:53:51.852+0000] {dagbag.py:540} INFO - Filling up the DagBag from /usr/local/lib/python3.10/dist-packages/airflow/example_dags/example_sensor_decorator.py
[2024-02-26T13:53:51.860+0000] {processor.py:840} INFO - DAG(s) 'example_sensor_decorator' retrieved from /usr/local/lib/python3.10/dist-packages/airflow/example_dags/example_sensor_decorator.py
[2024-02-26T13:53:51.959+0000] {logging_mixin.py:188} INFO - [2024-02-26T13:53:51.959+0000] {dag.py:3047} INFO - Sync 1 DAGs
[2024-02-26T13:53:52.087+0000] {logging_mixin.py:188} INFO - [2024-02-26T13:53:52.087+0000] {dag.py:3834} INFO - Setting next_dagrun for example_sensor_decorator to None, run_after=None
[2024-02-26T13:53:52.108+0000] {processor.py:183} INFO - Processing /usr/local/lib/python3.10/dist-packages/airflow/example_dags/example_sensor_decorator.py took 0.262 seconds
[2024-02-26T13:54:46.144+0000] {processor.py:161} INFO - Started process (PID=4452) to work on /usr/local/lib/python3.10/dist-packages/airflow/example_dags/example_sensor_decorator.py
[2024-02-26T13:54:46.146+0000] {processor.py:830} INFO - Processing file /usr/local/lib/python3.10/dist-packages/airflow/example_dags/example_sensor_decorator.py for tasks to queue
[2024-02-26T13:54:46.147+0000] {logging_mixin.py:188} INFO - [2024-02-26T13:54:46.146+0000] {dagbag.py:540} INFO - Filling up the DagBag from /usr/local/lib/python3.10/dist-packages/airflow/example_dags/example_sensor_decorator.py
[2024-02-26T13:54:46.154+0000] {processor.py:840} INFO - DAG(s) 'example_sensor_decorator' retrieved from /usr/local/lib/python3.10/dist-packages/airflow/example_dags/example_sensor_decorator.py
[2024-02-26T13:54:46.171+0000] {logging_mixin.py:188} INFO - [2024-02-26T13:54:46.171+0000] {dag.py:3047} INFO - Sync 1 DAGs
[2024-02-26T13:54:46.184+0000] {logging_mixin.py:188} INFO - [2024-02-26T13:54:46.183+0000] {dag.py:3834} INFO - Setting next_dagrun for example_sensor_decorator to None, run_after=None
[2024-02-26T13:54:46.207+0000] {processor.py:183} INFO - Processing /usr/local/lib/python3.10/dist-packages/airflow/example_dags/example_sensor_decorator.py took 0.066 seconds
[2024-02-26T13:55:48.827+0000] {processor.py:161} INFO - Started process (PID=4512) to work on /usr/local/lib/python3.10/dist-packages/airflow/example_dags/example_sensor_decorator.py
[2024-02-26T13:55:48.829+0000] {processor.py:830} INFO - Processing file /usr/local/lib/python3.10/dist-packages/airflow/example_dags/example_sensor_decorator.py for tasks to queue
[2024-02-26T13:55:48.830+0000] {logging_mixin.py:188} INFO - [2024-02-26T13:55:48.829+0000] {dagbag.py:540} INFO - Filling up the DagBag from /usr/local/lib/python3.10/dist-packages/airflow/example_dags/example_sensor_decorator.py
[2024-02-26T13:55:48.837+0000] {processor.py:840} INFO - DAG(s) 'example_sensor_decorator' retrieved from /usr/local/lib/python3.10/dist-packages/airflow/example_dags/example_sensor_decorator.py
[2024-02-26T13:55:48.855+0000] {logging_mixin.py:188} INFO - [2024-02-26T13:55:48.855+0000] {dag.py:3047} INFO - Sync 1 DAGs
[2024-02-26T13:55:48.965+0000] {logging_mixin.py:188} INFO - [2024-02-26T13:55:48.965+0000] {dag.py:3834} INFO - Setting next_dagrun for example_sensor_decorator to None, run_after=None
[2024-02-26T13:55:48.985+0000] {processor.py:183} INFO - Processing /usr/local/lib/python3.10/dist-packages/airflow/example_dags/example_sensor_decorator.py took 0.161 seconds
[2024-02-26T13:56:46.742+0000] {processor.py:161} INFO - Started process (PID=4569) to work on /usr/local/lib/python3.10/dist-packages/airflow/example_dags/example_sensor_decorator.py
[2024-02-26T13:56:46.744+0000] {processor.py:830} INFO - Processing file /usr/local/lib/python3.10/dist-packages/airflow/example_dags/example_sensor_decorator.py for tasks to queue
[2024-02-26T13:56:46.745+0000] {logging_mixin.py:188} INFO - [2024-02-26T13:56:46.744+0000] {dagbag.py:540} INFO - Filling up the DagBag from /usr/local/lib/python3.10/dist-packages/airflow/example_dags/example_sensor_decorator.py
[2024-02-26T13:56:46.752+0000] {processor.py:840} INFO - DAG(s) 'example_sensor_decorator' retrieved from /usr/local/lib/python3.10/dist-packages/airflow/example_dags/example_sensor_decorator.py
[2024-02-26T13:56:46.770+0000] {logging_mixin.py:188} INFO - [2024-02-26T13:56:46.769+0000] {dag.py:3047} INFO - Sync 1 DAGs
[2024-02-26T13:56:46.782+0000] {logging_mixin.py:188} INFO - [2024-02-26T13:56:46.782+0000] {dag.py:3834} INFO - Setting next_dagrun for example_sensor_decorator to None, run_after=None
[2024-02-26T13:56:46.804+0000] {processor.py:183} INFO - Processing /usr/local/lib/python3.10/dist-packages/airflow/example_dags/example_sensor_decorator.py took 0.065 seconds
[2024-02-26T13:57:35.411+0000] {processor.py:161} INFO - Started process (PID=4620) to work on /usr/local/lib/python3.10/dist-packages/airflow/example_dags/example_sensor_decorator.py
[2024-02-26T13:57:35.413+0000] {processor.py:830} INFO - Processing file /usr/local/lib/python3.10/dist-packages/airflow/example_dags/example_sensor_decorator.py for tasks to queue
[2024-02-26T13:57:35.414+0000] {logging_mixin.py:188} INFO - [2024-02-26T13:57:35.413+0000] {dagbag.py:540} INFO - Filling up the DagBag from /usr/local/lib/python3.10/dist-packages/airflow/example_dags/example_sensor_decorator.py
[2024-02-26T13:57:35.421+0000] {processor.py:840} INFO - DAG(s) 'example_sensor_decorator' retrieved from /usr/local/lib/python3.10/dist-packages/airflow/example_dags/example_sensor_decorator.py
[2024-02-26T13:57:35.439+0000] {logging_mixin.py:188} INFO - [2024-02-26T13:57:35.439+0000] {dag.py:3047} INFO - Sync 1 DAGs
[2024-02-26T13:57:35.452+0000] {logging_mixin.py:188} INFO - [2024-02-26T13:57:35.451+0000] {dag.py:3834} INFO - Setting next_dagrun for example_sensor_decorator to None, run_after=None
[2024-02-26T13:57:35.474+0000] {processor.py:183} INFO - Processing /usr/local/lib/python3.10/dist-packages/airflow/example_dags/example_sensor_decorator.py took 0.066 seconds
[2024-02-26T13:58:22.855+0000] {processor.py:161} INFO - Started process (PID=4683) to work on /usr/local/lib/python3.10/dist-packages/airflow/example_dags/example_sensor_decorator.py
[2024-02-26T13:58:22.856+0000] {processor.py:830} INFO - Processing file /usr/local/lib/python3.10/dist-packages/airflow/example_dags/example_sensor_decorator.py for tasks to queue
[2024-02-26T13:58:22.857+0000] {logging_mixin.py:188} INFO - [2024-02-26T13:58:22.857+0000] {dagbag.py:540} INFO - Filling up the DagBag from /usr/local/lib/python3.10/dist-packages/airflow/example_dags/example_sensor_decorator.py
[2024-02-26T13:58:22.865+0000] {processor.py:840} INFO - DAG(s) 'example_sensor_decorator' retrieved from /usr/local/lib/python3.10/dist-packages/airflow/example_dags/example_sensor_decorator.py
[2024-02-26T13:58:22.968+0000] {logging_mixin.py:188} INFO - [2024-02-26T13:58:22.968+0000] {dag.py:3047} INFO - Sync 1 DAGs
[2024-02-26T13:58:23.090+0000] {logging_mixin.py:188} INFO - [2024-02-26T13:58:23.089+0000] {dag.py:3834} INFO - Setting next_dagrun for example_sensor_decorator to None, run_after=None
[2024-02-26T13:58:23.111+0000] {processor.py:183} INFO - Processing /usr/local/lib/python3.10/dist-packages/airflow/example_dags/example_sensor_decorator.py took 0.260 seconds
[2024-02-26T13:59:18.681+0000] {processor.py:161} INFO - Started process (PID=4732) to work on /usr/local/lib/python3.10/dist-packages/airflow/example_dags/example_sensor_decorator.py
[2024-02-26T13:59:18.683+0000] {processor.py:830} INFO - Processing file /usr/local/lib/python3.10/dist-packages/airflow/example_dags/example_sensor_decorator.py for tasks to queue
[2024-02-26T13:59:18.684+0000] {logging_mixin.py:188} INFO - [2024-02-26T13:59:18.683+0000] {dagbag.py:540} INFO - Filling up the DagBag from /usr/local/lib/python3.10/dist-packages/airflow/example_dags/example_sensor_decorator.py
[2024-02-26T13:59:18.691+0000] {processor.py:840} INFO - DAG(s) 'example_sensor_decorator' retrieved from /usr/local/lib/python3.10/dist-packages/airflow/example_dags/example_sensor_decorator.py
[2024-02-26T13:59:18.708+0000] {logging_mixin.py:188} INFO - [2024-02-26T13:59:18.708+0000] {dag.py:3047} INFO - Sync 1 DAGs
[2024-02-26T13:59:18.720+0000] {logging_mixin.py:188} INFO - [2024-02-26T13:59:18.720+0000] {dag.py:3834} INFO - Setting next_dagrun for example_sensor_decorator to None, run_after=None
[2024-02-26T13:59:18.742+0000] {processor.py:183} INFO - Processing /usr/local/lib/python3.10/dist-packages/airflow/example_dags/example_sensor_decorator.py took 0.064 seconds
[2024-02-26T14:00:16.625+0000] {processor.py:161} INFO - Started process (PID=4798) to work on /usr/local/lib/python3.10/dist-packages/airflow/example_dags/example_sensor_decorator.py
[2024-02-26T14:00:16.626+0000] {processor.py:830} INFO - Processing file /usr/local/lib/python3.10/dist-packages/airflow/example_dags/example_sensor_decorator.py for tasks to queue
[2024-02-26T14:00:16.627+0000] {logging_mixin.py:188} INFO - [2024-02-26T14:00:16.627+0000] {dagbag.py:540} INFO - Filling up the DagBag from /usr/local/lib/python3.10/dist-packages/airflow/example_dags/example_sensor_decorator.py
[2024-02-26T14:00:16.635+0000] {processor.py:840} INFO - DAG(s) 'example_sensor_decorator' retrieved from /usr/local/lib/python3.10/dist-packages/airflow/example_dags/example_sensor_decorator.py
[2024-02-26T14:00:16.739+0000] {logging_mixin.py:188} INFO - [2024-02-26T14:00:16.738+0000] {dag.py:3047} INFO - Sync 1 DAGs
[2024-02-26T14:00:16.864+0000] {logging_mixin.py:188} INFO - [2024-02-26T14:00:16.864+0000] {dag.py:3834} INFO - Setting next_dagrun for example_sensor_decorator to None, run_after=None
[2024-02-26T14:00:16.886+0000] {processor.py:183} INFO - Processing /usr/local/lib/python3.10/dist-packages/airflow/example_dags/example_sensor_decorator.py took 0.264 seconds
