[2024-02-26T13:34:14.219+0000] {processor.py:161} INFO - Started process (PID=3633) to work on /usr/local/lib/python3.10/dist-packages/airflow/example_dags/subdags/subdag.py
[2024-02-26T13:34:14.220+0000] {processor.py:830} INFO - Processing file /usr/local/lib/python3.10/dist-packages/airflow/example_dags/subdags/subdag.py for tasks to queue
[2024-02-26T13:34:14.221+0000] {logging_mixin.py:188} INFO - [2024-02-26T13:34:14.221+0000] {dagbag.py:540} INFO - Filling up the DagBag from /usr/local/lib/python3.10/dist-packages/airflow/example_dags/subdags/subdag.py
[2024-02-26T13:34:14.223+0000] {processor.py:842} WARNING - No viable dags retrieved from /usr/local/lib/python3.10/dist-packages/airflow/example_dags/subdags/subdag.py
[2024-02-26T13:34:14.235+0000] {processor.py:183} INFO - Processing /usr/local/lib/python3.10/dist-packages/airflow/example_dags/subdags/subdag.py took 0.020 seconds
[2024-02-26T13:35:10.688+0000] {processor.py:161} INFO - Started process (PID=3687) to work on /usr/local/lib/python3.10/dist-packages/airflow/example_dags/subdags/subdag.py
[2024-02-26T13:35:10.690+0000] {processor.py:830} INFO - Processing file /usr/local/lib/python3.10/dist-packages/airflow/example_dags/subdags/subdag.py for tasks to queue
[2024-02-26T13:35:10.691+0000] {logging_mixin.py:188} INFO - [2024-02-26T13:35:10.690+0000] {dagbag.py:540} INFO - Filling up the DagBag from /usr/local/lib/python3.10/dist-packages/airflow/example_dags/subdags/subdag.py
[2024-02-26T13:35:10.693+0000] {processor.py:842} WARNING - No viable dags retrieved from /usr/local/lib/python3.10/dist-packages/airflow/example_dags/subdags/subdag.py
[2024-02-26T13:35:10.706+0000] {processor.py:183} INFO - Processing /usr/local/lib/python3.10/dist-packages/airflow/example_dags/subdags/subdag.py took 0.021 seconds
[2024-02-26T13:35:52.262+0000] {processor.py:161} INFO - Started process (PID=3729) to work on /usr/local/lib/python3.10/dist-packages/airflow/example_dags/subdags/subdag.py
[2024-02-26T13:35:52.263+0000] {processor.py:830} INFO - Processing file /usr/local/lib/python3.10/dist-packages/airflow/example_dags/subdags/subdag.py for tasks to queue
[2024-02-26T13:35:52.264+0000] {logging_mixin.py:188} INFO - [2024-02-26T13:35:52.264+0000] {dagbag.py:540} INFO - Filling up the DagBag from /usr/local/lib/python3.10/dist-packages/airflow/example_dags/subdags/subdag.py
[2024-02-26T13:35:52.267+0000] {processor.py:842} WARNING - No viable dags retrieved from /usr/local/lib/python3.10/dist-packages/airflow/example_dags/subdags/subdag.py
[2024-02-26T13:35:52.279+0000] {processor.py:183} INFO - Processing /usr/local/lib/python3.10/dist-packages/airflow/example_dags/subdags/subdag.py took 0.020 seconds
[2024-02-26T13:36:30.926+0000] {processor.py:161} INFO - Started process (PID=3767) to work on /usr/local/lib/python3.10/dist-packages/airflow/example_dags/subdags/subdag.py
[2024-02-26T13:36:30.928+0000] {processor.py:830} INFO - Processing file /usr/local/lib/python3.10/dist-packages/airflow/example_dags/subdags/subdag.py for tasks to queue
[2024-02-26T13:36:30.929+0000] {logging_mixin.py:188} INFO - [2024-02-26T13:36:30.928+0000] {dagbag.py:540} INFO - Filling up the DagBag from /usr/local/lib/python3.10/dist-packages/airflow/example_dags/subdags/subdag.py
[2024-02-26T13:36:30.931+0000] {processor.py:842} WARNING - No viable dags retrieved from /usr/local/lib/python3.10/dist-packages/airflow/example_dags/subdags/subdag.py
[2024-02-26T13:36:30.944+0000] {processor.py:183} INFO - Processing /usr/local/lib/python3.10/dist-packages/airflow/example_dags/subdags/subdag.py took 0.021 seconds
[2024-02-26T13:37:19.855+0000] {processor.py:161} INFO - Started process (PID=3819) to work on /usr/local/lib/python3.10/dist-packages/airflow/example_dags/subdags/subdag.py
[2024-02-26T13:37:19.856+0000] {processor.py:830} INFO - Processing file /usr/local/lib/python3.10/dist-packages/airflow/example_dags/subdags/subdag.py for tasks to queue
[2024-02-26T13:37:19.857+0000] {logging_mixin.py:188} INFO - [2024-02-26T13:37:19.857+0000] {dagbag.py:540} INFO - Filling up the DagBag from /usr/local/lib/python3.10/dist-packages/airflow/example_dags/subdags/subdag.py
[2024-02-26T13:37:19.860+0000] {processor.py:842} WARNING - No viable dags retrieved from /usr/local/lib/python3.10/dist-packages/airflow/example_dags/subdags/subdag.py
[2024-02-26T13:37:19.872+0000] {processor.py:183} INFO - Processing /usr/local/lib/python3.10/dist-packages/airflow/example_dags/subdags/subdag.py took 0.020 seconds
[2024-02-26T13:38:07.947+0000] {processor.py:161} INFO - Started process (PID=3868) to work on /usr/local/lib/python3.10/dist-packages/airflow/example_dags/subdags/subdag.py
[2024-02-26T13:38:07.948+0000] {processor.py:830} INFO - Processing file /usr/local/lib/python3.10/dist-packages/airflow/example_dags/subdags/subdag.py for tasks to queue
[2024-02-26T13:38:07.949+0000] {logging_mixin.py:188} INFO - [2024-02-26T13:38:07.949+0000] {dagbag.py:540} INFO - Filling up the DagBag from /usr/local/lib/python3.10/dist-packages/airflow/example_dags/subdags/subdag.py
[2024-02-26T13:38:07.952+0000] {processor.py:842} WARNING - No viable dags retrieved from /usr/local/lib/python3.10/dist-packages/airflow/example_dags/subdags/subdag.py
[2024-02-26T13:38:07.964+0000] {processor.py:183} INFO - Processing /usr/local/lib/python3.10/dist-packages/airflow/example_dags/subdags/subdag.py took 0.021 seconds
[2024-02-26T13:38:56.861+0000] {processor.py:161} INFO - Started process (PID=3915) to work on /usr/local/lib/python3.10/dist-packages/airflow/example_dags/subdags/subdag.py
[2024-02-26T13:38:56.863+0000] {processor.py:830} INFO - Processing file /usr/local/lib/python3.10/dist-packages/airflow/example_dags/subdags/subdag.py for tasks to queue
[2024-02-26T13:38:56.864+0000] {logging_mixin.py:188} INFO - [2024-02-26T13:38:56.863+0000] {dagbag.py:540} INFO - Filling up the DagBag from /usr/local/lib/python3.10/dist-packages/airflow/example_dags/subdags/subdag.py
[2024-02-26T13:38:56.866+0000] {processor.py:842} WARNING - No viable dags retrieved from /usr/local/lib/python3.10/dist-packages/airflow/example_dags/subdags/subdag.py
[2024-02-26T13:38:56.878+0000] {processor.py:183} INFO - Processing /usr/local/lib/python3.10/dist-packages/airflow/example_dags/subdags/subdag.py took 0.020 seconds
[2024-02-26T13:39:38.286+0000] {processor.py:161} INFO - Started process (PID=3955) to work on /usr/local/lib/python3.10/dist-packages/airflow/example_dags/subdags/subdag.py
[2024-02-26T13:39:38.287+0000] {processor.py:830} INFO - Processing file /usr/local/lib/python3.10/dist-packages/airflow/example_dags/subdags/subdag.py for tasks to queue
[2024-02-26T13:39:38.288+0000] {logging_mixin.py:188} INFO - [2024-02-26T13:39:38.288+0000] {dagbag.py:540} INFO - Filling up the DagBag from /usr/local/lib/python3.10/dist-packages/airflow/example_dags/subdags/subdag.py
[2024-02-26T13:39:38.291+0000] {processor.py:842} WARNING - No viable dags retrieved from /usr/local/lib/python3.10/dist-packages/airflow/example_dags/subdags/subdag.py
[2024-02-26T13:39:38.302+0000] {processor.py:183} INFO - Processing /usr/local/lib/python3.10/dist-packages/airflow/example_dags/subdags/subdag.py took 0.020 seconds
[2024-02-26T13:40:19.732+0000] {processor.py:161} INFO - Started process (PID=3995) to work on /usr/local/lib/python3.10/dist-packages/airflow/example_dags/subdags/subdag.py
[2024-02-26T13:40:19.734+0000] {processor.py:830} INFO - Processing file /usr/local/lib/python3.10/dist-packages/airflow/example_dags/subdags/subdag.py for tasks to queue
[2024-02-26T13:40:19.734+0000] {logging_mixin.py:188} INFO - [2024-02-26T13:40:19.734+0000] {dagbag.py:540} INFO - Filling up the DagBag from /usr/local/lib/python3.10/dist-packages/airflow/example_dags/subdags/subdag.py
[2024-02-26T13:40:19.737+0000] {processor.py:842} WARNING - No viable dags retrieved from /usr/local/lib/python3.10/dist-packages/airflow/example_dags/subdags/subdag.py
[2024-02-26T13:40:19.749+0000] {processor.py:183} INFO - Processing /usr/local/lib/python3.10/dist-packages/airflow/example_dags/subdags/subdag.py took 0.020 seconds
[2024-02-26T13:40:59.297+0000] {processor.py:161} INFO - Started process (PID=4034) to work on /usr/local/lib/python3.10/dist-packages/airflow/example_dags/subdags/subdag.py
[2024-02-26T13:40:59.299+0000] {processor.py:830} INFO - Processing file /usr/local/lib/python3.10/dist-packages/airflow/example_dags/subdags/subdag.py for tasks to queue
[2024-02-26T13:40:59.300+0000] {logging_mixin.py:188} INFO - [2024-02-26T13:40:59.299+0000] {dagbag.py:540} INFO - Filling up the DagBag from /usr/local/lib/python3.10/dist-packages/airflow/example_dags/subdags/subdag.py
[2024-02-26T13:40:59.302+0000] {processor.py:842} WARNING - No viable dags retrieved from /usr/local/lib/python3.10/dist-packages/airflow/example_dags/subdags/subdag.py
[2024-02-26T13:40:59.314+0000] {processor.py:183} INFO - Processing /usr/local/lib/python3.10/dist-packages/airflow/example_dags/subdags/subdag.py took 0.020 seconds
[2024-02-26T13:41:32.924+0000] {processor.py:161} INFO - Started process (PID=4070) to work on /usr/local/lib/python3.10/dist-packages/airflow/example_dags/subdags/subdag.py
[2024-02-26T13:41:32.925+0000] {processor.py:830} INFO - Processing file /usr/local/lib/python3.10/dist-packages/airflow/example_dags/subdags/subdag.py for tasks to queue
[2024-02-26T13:41:32.926+0000] {logging_mixin.py:188} INFO - [2024-02-26T13:41:32.926+0000] {dagbag.py:540} INFO - Filling up the DagBag from /usr/local/lib/python3.10/dist-packages/airflow/example_dags/subdags/subdag.py
[2024-02-26T13:41:32.929+0000] {processor.py:842} WARNING - No viable dags retrieved from /usr/local/lib/python3.10/dist-packages/airflow/example_dags/subdags/subdag.py
[2024-02-26T13:41:32.941+0000] {processor.py:183} INFO - Processing /usr/local/lib/python3.10/dist-packages/airflow/example_dags/subdags/subdag.py took 0.021 seconds
[2024-02-26T13:42:19.660+0000] {processor.py:161} INFO - Started process (PID=4118) to work on /usr/local/lib/python3.10/dist-packages/airflow/example_dags/subdags/subdag.py
[2024-02-26T13:42:19.662+0000] {processor.py:830} INFO - Processing file /usr/local/lib/python3.10/dist-packages/airflow/example_dags/subdags/subdag.py for tasks to queue
[2024-02-26T13:42:19.663+0000] {logging_mixin.py:188} INFO - [2024-02-26T13:42:19.662+0000] {dagbag.py:540} INFO - Filling up the DagBag from /usr/local/lib/python3.10/dist-packages/airflow/example_dags/subdags/subdag.py
[2024-02-26T13:42:19.665+0000] {processor.py:842} WARNING - No viable dags retrieved from /usr/local/lib/python3.10/dist-packages/airflow/example_dags/subdags/subdag.py
[2024-02-26T13:42:19.678+0000] {processor.py:183} INFO - Processing /usr/local/lib/python3.10/dist-packages/airflow/example_dags/subdags/subdag.py took 0.021 seconds
[2024-02-26T13:42:55.312+0000] {processor.py:161} INFO - Started process (PID=4154) to work on /usr/local/lib/python3.10/dist-packages/airflow/example_dags/subdags/subdag.py
[2024-02-26T13:42:55.314+0000] {processor.py:830} INFO - Processing file /usr/local/lib/python3.10/dist-packages/airflow/example_dags/subdags/subdag.py for tasks to queue
[2024-02-26T13:42:55.315+0000] {logging_mixin.py:188} INFO - [2024-02-26T13:42:55.314+0000] {dagbag.py:540} INFO - Filling up the DagBag from /usr/local/lib/python3.10/dist-packages/airflow/example_dags/subdags/subdag.py
[2024-02-26T13:42:55.317+0000] {processor.py:842} WARNING - No viable dags retrieved from /usr/local/lib/python3.10/dist-packages/airflow/example_dags/subdags/subdag.py
[2024-02-26T13:42:55.329+0000] {processor.py:183} INFO - Processing /usr/local/lib/python3.10/dist-packages/airflow/example_dags/subdags/subdag.py took 0.020 seconds
[2024-02-26T13:44:08.435+0000] {processor.py:161} INFO - Started process (PID=4201) to work on /usr/local/lib/python3.10/dist-packages/airflow/example_dags/subdags/subdag.py
[2024-02-26T13:44:08.436+0000] {processor.py:830} INFO - Processing file /usr/local/lib/python3.10/dist-packages/airflow/example_dags/subdags/subdag.py for tasks to queue
[2024-02-26T13:44:08.437+0000] {logging_mixin.py:188} INFO - [2024-02-26T13:44:08.437+0000] {dagbag.py:540} INFO - Filling up the DagBag from /usr/local/lib/python3.10/dist-packages/airflow/example_dags/subdags/subdag.py
[2024-02-26T13:44:08.439+0000] {processor.py:842} WARNING - No viable dags retrieved from /usr/local/lib/python3.10/dist-packages/airflow/example_dags/subdags/subdag.py
[2024-02-26T13:44:08.451+0000] {processor.py:183} INFO - Processing /usr/local/lib/python3.10/dist-packages/airflow/example_dags/subdags/subdag.py took 0.019 seconds
[2024-02-26T13:47:17.226+0000] {processor.py:161} INFO - Started process (PID=4267) to work on /usr/local/lib/python3.10/dist-packages/airflow/example_dags/subdags/subdag.py
[2024-02-26T13:47:17.227+0000] {processor.py:830} INFO - Processing file /usr/local/lib/python3.10/dist-packages/airflow/example_dags/subdags/subdag.py for tasks to queue
[2024-02-26T13:47:17.228+0000] {logging_mixin.py:188} INFO - [2024-02-26T13:47:17.228+0000] {dagbag.py:540} INFO - Filling up the DagBag from /usr/local/lib/python3.10/dist-packages/airflow/example_dags/subdags/subdag.py
[2024-02-26T13:47:17.230+0000] {processor.py:842} WARNING - No viable dags retrieved from /usr/local/lib/python3.10/dist-packages/airflow/example_dags/subdags/subdag.py
[2024-02-26T13:47:17.242+0000] {processor.py:183} INFO - Processing /usr/local/lib/python3.10/dist-packages/airflow/example_dags/subdags/subdag.py took 0.019 seconds
[2024-02-26T13:53:19.838+0000] {processor.py:161} INFO - Started process (PID=4371) to work on /usr/local/lib/python3.10/dist-packages/airflow/example_dags/subdags/subdag.py
[2024-02-26T13:53:19.840+0000] {processor.py:830} INFO - Processing file /usr/local/lib/python3.10/dist-packages/airflow/example_dags/subdags/subdag.py for tasks to queue
[2024-02-26T13:53:19.841+0000] {logging_mixin.py:188} INFO - [2024-02-26T13:53:19.840+0000] {dagbag.py:540} INFO - Filling up the DagBag from /usr/local/lib/python3.10/dist-packages/airflow/example_dags/subdags/subdag.py
[2024-02-26T13:53:19.843+0000] {processor.py:842} WARNING - No viable dags retrieved from /usr/local/lib/python3.10/dist-packages/airflow/example_dags/subdags/subdag.py
[2024-02-26T13:53:19.855+0000] {processor.py:183} INFO - Processing /usr/local/lib/python3.10/dist-packages/airflow/example_dags/subdags/subdag.py took 0.019 seconds
[2024-02-26T13:54:09.157+0000] {processor.py:161} INFO - Started process (PID=4419) to work on /usr/local/lib/python3.10/dist-packages/airflow/example_dags/subdags/subdag.py
[2024-02-26T13:54:09.158+0000] {processor.py:830} INFO - Processing file /usr/local/lib/python3.10/dist-packages/airflow/example_dags/subdags/subdag.py for tasks to queue
[2024-02-26T13:54:09.159+0000] {logging_mixin.py:188} INFO - [2024-02-26T13:54:09.159+0000] {dagbag.py:540} INFO - Filling up the DagBag from /usr/local/lib/python3.10/dist-packages/airflow/example_dags/subdags/subdag.py
[2024-02-26T13:54:09.162+0000] {processor.py:842} WARNING - No viable dags retrieved from /usr/local/lib/python3.10/dist-packages/airflow/example_dags/subdags/subdag.py
[2024-02-26T13:54:09.173+0000] {processor.py:183} INFO - Processing /usr/local/lib/python3.10/dist-packages/airflow/example_dags/subdags/subdag.py took 0.020 seconds
[2024-02-26T13:54:57.586+0000] {processor.py:161} INFO - Started process (PID=4464) to work on /usr/local/lib/python3.10/dist-packages/airflow/example_dags/subdags/subdag.py
[2024-02-26T13:54:57.587+0000] {processor.py:830} INFO - Processing file /usr/local/lib/python3.10/dist-packages/airflow/example_dags/subdags/subdag.py for tasks to queue
[2024-02-26T13:54:57.588+0000] {logging_mixin.py:188} INFO - [2024-02-26T13:54:57.588+0000] {dagbag.py:540} INFO - Filling up the DagBag from /usr/local/lib/python3.10/dist-packages/airflow/example_dags/subdags/subdag.py
[2024-02-26T13:54:57.591+0000] {processor.py:842} WARNING - No viable dags retrieved from /usr/local/lib/python3.10/dist-packages/airflow/example_dags/subdags/subdag.py
[2024-02-26T13:54:57.602+0000] {processor.py:183} INFO - Processing /usr/local/lib/python3.10/dist-packages/airflow/example_dags/subdags/subdag.py took 0.020 seconds
[2024-02-26T13:55:39.828+0000] {processor.py:161} INFO - Started process (PID=4503) to work on /usr/local/lib/python3.10/dist-packages/airflow/example_dags/subdags/subdag.py
[2024-02-26T13:55:39.830+0000] {processor.py:830} INFO - Processing file /usr/local/lib/python3.10/dist-packages/airflow/example_dags/subdags/subdag.py for tasks to queue
[2024-02-26T13:55:39.831+0000] {logging_mixin.py:188} INFO - [2024-02-26T13:55:39.830+0000] {dagbag.py:540} INFO - Filling up the DagBag from /usr/local/lib/python3.10/dist-packages/airflow/example_dags/subdags/subdag.py
[2024-02-26T13:55:39.833+0000] {processor.py:842} WARNING - No viable dags retrieved from /usr/local/lib/python3.10/dist-packages/airflow/example_dags/subdags/subdag.py
[2024-02-26T13:55:39.845+0000] {processor.py:183} INFO - Processing /usr/local/lib/python3.10/dist-packages/airflow/example_dags/subdags/subdag.py took 0.020 seconds
[2024-02-26T13:56:21.788+0000] {processor.py:161} INFO - Started process (PID=4544) to work on /usr/local/lib/python3.10/dist-packages/airflow/example_dags/subdags/subdag.py
[2024-02-26T13:56:21.789+0000] {processor.py:830} INFO - Processing file /usr/local/lib/python3.10/dist-packages/airflow/example_dags/subdags/subdag.py for tasks to queue
[2024-02-26T13:56:21.790+0000] {logging_mixin.py:188} INFO - [2024-02-26T13:56:21.790+0000] {dagbag.py:540} INFO - Filling up the DagBag from /usr/local/lib/python3.10/dist-packages/airflow/example_dags/subdags/subdag.py
[2024-02-26T13:56:21.793+0000] {processor.py:842} WARNING - No viable dags retrieved from /usr/local/lib/python3.10/dist-packages/airflow/example_dags/subdags/subdag.py
[2024-02-26T13:56:21.805+0000] {processor.py:183} INFO - Processing /usr/local/lib/python3.10/dist-packages/airflow/example_dags/subdags/subdag.py took 0.020 seconds
[2024-02-26T13:56:58.180+0000] {processor.py:161} INFO - Started process (PID=4581) to work on /usr/local/lib/python3.10/dist-packages/airflow/example_dags/subdags/subdag.py
[2024-02-26T13:56:58.181+0000] {processor.py:830} INFO - Processing file /usr/local/lib/python3.10/dist-packages/airflow/example_dags/subdags/subdag.py for tasks to queue
[2024-02-26T13:56:58.182+0000] {logging_mixin.py:188} INFO - [2024-02-26T13:56:58.182+0000] {dagbag.py:540} INFO - Filling up the DagBag from /usr/local/lib/python3.10/dist-packages/airflow/example_dags/subdags/subdag.py
[2024-02-26T13:56:58.185+0000] {processor.py:842} WARNING - No viable dags retrieved from /usr/local/lib/python3.10/dist-packages/airflow/example_dags/subdags/subdag.py
[2024-02-26T13:56:58.197+0000] {processor.py:183} INFO - Processing /usr/local/lib/python3.10/dist-packages/airflow/example_dags/subdags/subdag.py took 0.021 seconds
[2024-02-26T13:57:51.684+0000] {processor.py:161} INFO - Started process (PID=4650) to work on /usr/local/lib/python3.10/dist-packages/airflow/example_dags/subdags/subdag.py
[2024-02-26T13:57:51.685+0000] {processor.py:830} INFO - Processing file /usr/local/lib/python3.10/dist-packages/airflow/example_dags/subdags/subdag.py for tasks to queue
[2024-02-26T13:57:51.686+0000] {logging_mixin.py:188} INFO - [2024-02-26T13:57:51.686+0000] {dagbag.py:540} INFO - Filling up the DagBag from /usr/local/lib/python3.10/dist-packages/airflow/example_dags/subdags/subdag.py
[2024-02-26T13:57:51.688+0000] {processor.py:842} WARNING - No viable dags retrieved from /usr/local/lib/python3.10/dist-packages/airflow/example_dags/subdags/subdag.py
[2024-02-26T13:57:51.700+0000] {processor.py:183} INFO - Processing /usr/local/lib/python3.10/dist-packages/airflow/example_dags/subdags/subdag.py took 0.020 seconds
[2024-02-26T13:58:39.939+0000] {processor.py:161} INFO - Started process (PID=4698) to work on /usr/local/lib/python3.10/dist-packages/airflow/example_dags/subdags/subdag.py
[2024-02-26T13:58:39.941+0000] {processor.py:830} INFO - Processing file /usr/local/lib/python3.10/dist-packages/airflow/example_dags/subdags/subdag.py for tasks to queue
[2024-02-26T13:58:39.942+0000] {logging_mixin.py:188} INFO - [2024-02-26T13:58:39.941+0000] {dagbag.py:540} INFO - Filling up the DagBag from /usr/local/lib/python3.10/dist-packages/airflow/example_dags/subdags/subdag.py
[2024-02-26T13:58:39.944+0000] {processor.py:842} WARNING - No viable dags retrieved from /usr/local/lib/python3.10/dist-packages/airflow/example_dags/subdags/subdag.py
[2024-02-26T13:58:39.956+0000] {processor.py:183} INFO - Processing /usr/local/lib/python3.10/dist-packages/airflow/example_dags/subdags/subdag.py took 0.019 seconds
[2024-02-26T13:59:44.489+0000] {processor.py:161} INFO - Started process (PID=4765) to work on /usr/local/lib/python3.10/dist-packages/airflow/example_dags/subdags/subdag.py
[2024-02-26T13:59:44.490+0000] {processor.py:830} INFO - Processing file /usr/local/lib/python3.10/dist-packages/airflow/example_dags/subdags/subdag.py for tasks to queue
[2024-02-26T13:59:44.491+0000] {logging_mixin.py:188} INFO - [2024-02-26T13:59:44.491+0000] {dagbag.py:540} INFO - Filling up the DagBag from /usr/local/lib/python3.10/dist-packages/airflow/example_dags/subdags/subdag.py
[2024-02-26T13:59:44.494+0000] {processor.py:842} WARNING - No viable dags retrieved from /usr/local/lib/python3.10/dist-packages/airflow/example_dags/subdags/subdag.py
[2024-02-26T13:59:44.505+0000] {processor.py:183} INFO - Processing /usr/local/lib/python3.10/dist-packages/airflow/example_dags/subdags/subdag.py took 0.020 seconds
